#
# A fatal error has been detected by the Java Runtime Environment:
#
#  SIGSEGV (0xb) at pc=0x00007ff5bcba722d, pid=75604, tid=75630
#
# JRE version: OpenJDK Runtime Environment (18.0.1+10) (build 18.0.1+10)
# Java VM: OpenJDK 64-Bit Server VM (18.0.1+10, mixed mode, tiered, compressed oops, compressed class ptrs, g1 gc, linux-amd64)
# Problematic frame:
# V  [libjvm.so+0xe2822d]
#
# Core dump will be written. Default location: Core dumps may be processed with "/usr/lib/systemd/systemd-coredump %P %u %g %s %t %c %h" (or dumping to /home/mvonkeil/Projects/AemContentHub/de.enithing.contenthub.generator.core/core.75604)
#
# If you would like to submit a bug report, please visit:
#   https://bugreport.java.com/bugreport/crash.jsp
#

---------------  S U M M A R Y ------------

Command Line: -XX:+ShowCodeDetailsInExceptionMessages -agentlib:jdwp=transport=dt_socket,suspend=y,address=localhost:37403 -ea -javaagent:/home/mvonkeil/Dev/eclipse/modelling/eclipse/configuration/org.eclipse.osgi/577/0/.cp/lib/javaagent-shaded.jar -Dfile.encoding=UTF-8 org.eclipse.jdt.internal.junit.runner.RemoteTestRunner -version 3 -port 44213 -testLoaderClass org.eclipse.jdt.internal.junit5.runner.JUnit5TestLoader -loaderpluginname org.eclipse.jdt.junit5.runtime -classNames de.enithing.contenthub.generator.GeneratorTest

Host: Intel(R) Core(TM) i7-8700K CPU @ 3.70GHz, 12 cores, 31G, Arch Linux
Time: Mon Apr 25 13:07:23 2022 CEST elapsed time: 47.949523 seconds (0d 0h 0m 47s)

---------------  T H R E A D  ---------------

Current thread (0x00007ff5b429d090):  JavaThread "JDWP Transport Listener: dt_socket" daemon [_thread_in_vm, id=75630, stack(0x00007ff57d7b6000,0x00007ff57d8b6000)]

Stack: [0x00007ff57d7b6000,0x00007ff57d8b6000],  sp=0x00007ff57d8b4920,  free space=1018k
Native frames: (J=compiled Java code, j=interpreted, Vv=VM code, C=native code)
V  [libjvm.so+0xe2822d]
V  [libjvm.so+0xa3f2d2]
V  [libjvm.so+0x9f508a]
C  [libjdwp.so+0x2ea48]
C  [libjdwp.so+0x84e1]
C  [libjdwp.so+0x142b9]
C  [libjdwp.so+0x2817c]
V  [libjvm.so+0xa5f935]
V  [libjvm.so+0xe80d45]
V  [libjvm.so+0xe85157]
V  [libjvm.so+0xc510ee]


siginfo: si_signo: 11 (SIGSEGV), si_code: 1 (SEGV_MAPERR), si_addr: 0x0000000001010104

Register to memory mapping:

RAX=0x0000000000000102 is an unknown value
RBX=0x0000000800292e18 is a pointer to class: 
de.enithing.contenthub.generator.contentfragment.instance.ContentFragmentGenerator {0x0000000800292e18}
 - instance size:     2
 - klass size:        99
 - access:            public synchronized 
 - state:             fully_initialized
 - name:              'de/enithing/contenthub/generator/contentfragment/instance/ContentFragmentGenerator'
 - super:             'java/lang/Object'
 - sub:               
 - arrays:            NULL
 - methods:           Array<T>(0x00007ff575471788)
 - method ordering:   Array<T>(0x00007ff5754720b0)
 - default_methods:   Array<T>(0x00007ff57546f518)
 - default vtable indices:   Array<T>(0x00007ff57546f560)
 - local interfaces:  Array<T>(0x00007ff57546ebb0)
 - trans. interfaces: Array<T>(0x00007ff57546f4d0)
 - constants:         constant pool [260] {0x00007ff575473370} for 'de/enithing/contenthub/generator/contentfragment/instance/ContentFragmentGenerator' cache=0x00007ff575473ca0
 - class loader data:  loader data: 0x00007ff5b4246a70 for instance a 'jdk/internal/loader/ClassLoaders$AppClassLoader'{0x000000060b41f400}
 - source file:       'ContentFragmentGenerator.java'
 - source debug extension:       SMAP
ContentFragmentGenerator.java
Java
*S jdt
*F
1 ContentFragmentGenerator.java
2 file:/home/mvonkeil/Projects/AemContentHub/de.enithing.contenthub.generator.core/target/classes/
*L
*E

 - class annotations:       Array<T>(0x0000000000000000)
 - class type annotations:  Array<T>(0x0000000000000000)
 - field annotations:       Array<T>(0x0000000000000000)
 - field type annotations:  Array<T>(0x0000000000000000)
 - previous version:  constant pool [246] {0x00007ff57546e2f8} for 'de/enithing/contenthub/generator/contentfragment/instance/ContentFragmentGenerator' (extra) cache=0x00007ff57546f588
 - generic signature: '
[error occurred during error reporting (printing register info), id 0xb, SIGSEGV (0xb) at pc=0x00007ff5bcba8229]

Registers:
RAX=0x0000000000000102, RBX=0x0000000800292e18, RCX=0x00007ff575473370, RDX=0x000000000000000c
RSP=0x00007ff57d8b4920, RBP=0x00007ff57d8b4930, RSI=0x0000000000000000, RDI=0x0000000001010100
R8 =0x0000000800292e18, R9 =0x003b726f74617265, R10=0x0000000000000053, R11=0xecb8974171ff2dad
R12=0x00007ff558001338, R13=0x0000000800292e18, R14=0x00007ff5580012d0, R15=0x00007ff5b429a8e0
RIP=0x00007ff5bcba722d, EFLAGS=0x0000000000010246, CSGSFS=0x002b000000000033, ERR=0x0000000000000004
  TRAPNO=0x000000000000000e

Top of Stack: (sp=0x00007ff57d8b4920)
0x00007ff57d8b4920:   0000000800292e18 00007ff558001338
0x00007ff57d8b4930:   00007ff57d8b49b0 00007ff5bc7be2d2
0x00007ff57d8b4940:   00007ff57d8b4960 0000000800292e18
0x00007ff57d8b4950:   00000000000003d8 00007ff5b4005db0 

Instructions: (pc=0x00007ff5bcba722d)
0x00007ff5bcba712d:   c0 10 48 39 f0 75 ec 89 d6 83 e6 f0 89 f0 39 f2
0x00007ff5bcba713d:   0f 84 9f 00 00 00 89 d7 29 f7 44 8d 4f ff 41 83
0x00007ff5bcba714d:   f9 06 76 14 4c 8b 4c 31 06 4d 89 0c 30 89 fe 83
0x00007ff5bcba715d:   e6 f8 01 f0 39 f7 74 7d 48 63 f0 0f b6 7c 31 06
0x00007ff5bcba716d:   41 88 3c 30 8d 70 01 39 f2 7e 6a 48 63 f6 0f b6
0x00007ff5bcba717d:   7c 31 06 41 88 3c 30 8d 70 02 39 f2 7e 57 48 63
0x00007ff5bcba718d:   f6 0f b6 7c 31 06 41 88 3c 30 8d 70 03 39 f2 7e
0x00007ff5bcba719d:   44 48 63 f6 0f b6 7c 31 06 41 88 3c 30 8d 70 04
0x00007ff5bcba71ad:   39 f2 7e 31 48 63 f6 0f b6 7c 31 06 41 88 3c 30
0x00007ff5bcba71bd:   8d 70 05 39 f2 7e 1e 48 63 f6 83 c0 06 0f b6 7c
0x00007ff5bcba71cd:   31 06 41 88 3c 30 39 c2 7e 0b 48 98 0f b6 4c 01
0x00007ff5bcba71dd:   06 41 88 0c 00 48 63 d2 41 c6 04 10 00 4c 89 c0
0x00007ff5bcba71ed:   c3 66 90 89 d7 31 c0 0f 1f 40 00 0f b6 74 01 06
0x00007ff5bcba71fd:   41 88 34 00 48 83 c0 01 48 39 f8 75 ee 48 63 d2
0x00007ff5bcba720d:   41 c6 04 10 00 eb d6 31 f6 31 c0 e9 34 ff ff ff
0x00007ff5bcba721d:   90 66 90 f3 0f 1e fa 55 31 f6 48 89 e5 41 54 53
0x00007ff5bcba722d:   44 0f b7 67 04 48 89 fb 41 8d 7c 24 01 48 63 ff
0x00007ff5bcba723d:   67 e8 8d 69 ec ff 0f b7 53 04 49 89 c0 44 39 e2
0x00007ff5bcba724d:   41 0f 4f d4 85 d2 0f 84 f7 00 00 00 48 8d 7b 07
0x00007ff5bcba725d:   4c 89 c1 8d 42 ff 89 d6 48 29 f9 48 83 f9 0e 0f
0x00007ff5bcba726d:   86 ee 00 00 00 83 f8 06 0f 86 e5 00 00 00 83 f8
0x00007ff5bcba727d:   0e 0f 86 06 01 00 00 89 d1 31 c0 c1 e9 04 48 c1
0x00007ff5bcba728d:   e1 04 90 f3 0f 6f 44 03 06 41 0f 11 04 00 48 83
0x00007ff5bcba729d:   c0 10 48 39 c8 75 ec 89 d1 83 e1 f0 89 c8 39 ca
0x00007ff5bcba72ad:   0f 84 9d 00 00 00 89 d6 29 ce 8d 7e ff 83 ff 06
0x00007ff5bcba72bd:   76 14 48 8b 7c 0b 06 49 89 3c 08 89 f1 83 e1 f8
0x00007ff5bcba72cd:   01 c8 39 ce 74 7d 48 63 c8 0f b6 74 0b 06 41 88
0x00007ff5bcba72dd:   34 08 8d 48 01 39 ca 7e 6a 48 63 c9 0f b6 74 0b
0x00007ff5bcba72ed:   06 41 88 34 08 8d 48 02 39 ca 7e 57 48 63 c9 0f
0x00007ff5bcba72fd:   b6 74 0b 06 41 88 34 08 8d 48 03 39 ca 7e 44 48
0x00007ff5bcba730d:   63 c9 0f b6 74 0b 06 41 88 34 08 8d 48 04 39 ca
0x00007ff5bcba731d:   7e 31 48 63 c9 0f b6 74 0b 06 41 88 34 08 8d 48 


Stack slot to memory mapping:
stack at sp + 0 slots: 0x0000000800292e18 is a pointer to class: 
de.enithing.contenthub.generator.contentfragment.instance.ContentFragmentGenerator {0x0000000800292e18}
 - instance size:     2
 - klass size:        99
 - access:            public synchronized 
 - state:             fully_initialized
 - name:              'de/enithing/contenthub/generator/contentfragment/instance/ContentFragmentGenerator'
 - super:             'java/lang/Object'
 - sub:               
 - arrays:            NULL
 - methods:           Array<T>(0x00007ff575471788)
 - method ordering:   Array<T>(0x00007ff5754720b0)
 - default_methods:   Array<T>(0x00007ff57546f518)
 - default vtable indices:   Array<T>(0x00007ff57546f560)
 - local interfaces:  Array<T>(0x00007ff57546ebb0)
 - trans. interfaces: Array<T>(0x00007ff57546f4d0)
 - constants:         constant pool [260] {0x00007ff575473370} for 'de/enithing/contenthub/generator/contentfragment/instance/ContentFragmentGenerator' cache=0x00007ff575473ca0
 - class loader data:  loader data: 0x00007ff5b4246a70 for instance a 'jdk/internal/loader/ClassLoaders$AppClassLoader'{0x000000060b41f400}
 - source file:       'ContentFragmentGenerator.java'
 - source debug extension:       SMAP
ContentFragmentGenerator.java
Java
*S jdt
*F
1 ContentFragmentGenerator.java
2 file:/home/mvonkeil/Projects/AemContentHub/de.enithing.contenthub.generator.core/target/classes/
*L
*E

 - class annotations:       Array<T>(0x0000000000000000)
 - class type annotations:  Array<T>(0x0000000000000000)
 - field annotations:       Array<T>(0x0000000000000000)
 - field type annotations:  Array<T>(0x0000000000000000)
 - previous version:  constant pool [246] {0x00007ff57546e2f8} for 'de/enithing/contenthub/generator/contentfragment/instance/ContentFragmentGenerator' (extra) cache=0x00007ff57546f588
 - generic signature: '
[error occurred during error reporting (inspecting top of stack), id 0xb, SIGSEGV (0xb) at pc=0x00007ff5bcba8229]


---------------  P R O C E S S  ---------------

Threads class SMR info:
_java_thread_list=0x00007ff534236e00, length=17, elements={
0x00007ff5b4017080, 0x00007ff5b413f4b0, 0x00007ff5b4140b40, 0x00007ff5b4174a10,
0x00007ff5b4175db0, 0x00007ff5b41696a0, 0x00007ff5b416aba0, 0x00007ff5b416c070,
0x00007ff5b416d4d0, 0x00007ff5b42316a0, 0x00007ff5b429d090, 0x00007ff5b429f3d0,
0x00007ff548001120, 0x00007ff5b4573460, 0x00007ff5b4632430, 0x00007ff5b478a820,
0x00007ff5b4ae0690
}

Java Threads: ( => current thread )
  0x00007ff5b4017080 JavaThread "main" [_thread_blocked, id=75612, stack(0x00007ff5bb956000,0x00007ff5bba56000)]
  0x00007ff5b413f4b0 JavaThread "Reference Handler" daemon [_thread_blocked, id=75620, stack(0x00007ff58c491000,0x00007ff58c591000)]
  0x00007ff5b4140b40 JavaThread "Finalizer" daemon [_thread_blocked, id=75621, stack(0x00007ff58c391000,0x00007ff58c491000)]
  0x00007ff5b4174a10 JavaThread "Signal Dispatcher" daemon [_thread_blocked, id=75622, stack(0x00007ff57df00000,0x00007ff57e000000)]
  0x00007ff5b4175db0 JavaThread "Service Thread" daemon [_thread_blocked, id=75623, stack(0x00007ff57de00000,0x00007ff57df00000)]
  0x00007ff5b41696a0 JavaThread "Monitor Deflation Thread" daemon [_thread_blocked, id=75624, stack(0x00007ff57dd00000,0x00007ff57de00000)]
  0x00007ff5b416aba0 JavaThread "C2 CompilerThread0" daemon [_thread_blocked, id=75625, stack(0x00007ff57dc00000,0x00007ff57dd00000)]
  0x00007ff5b416c070 JavaThread "C1 CompilerThread0" daemon [_thread_blocked, id=75626, stack(0x00007ff57db00000,0x00007ff57dc00000)]
  0x00007ff5b416d4d0 JavaThread "Sweeper thread" daemon [_thread_blocked, id=75627, stack(0x00007ff57da00000,0x00007ff57db00000)]
  0x00007ff5b42316a0 JavaThread "Common-Cleaner" daemon [_thread_blocked, id=75628, stack(0x00007ff57d900000,0x00007ff57da00000)]
=>0x00007ff5b429d090 JavaThread "JDWP Transport Listener: dt_socket" daemon [_thread_in_vm, id=75630, stack(0x00007ff57d7b6000,0x00007ff57d8b6000)]
  0x00007ff5b429f3d0 JavaThread "JDWP Event Helper Thread" daemon [_thread_blocked, id=75632, stack(0x00007ff57d6b6000,0x00007ff57d7b6000)]
  0x00007ff548001120 JavaThread "JDWP Command Reader" daemon [_thread_in_native, id=75634, stack(0x00007ff57d5b6000,0x00007ff57d6b6000)]
  0x00007ff5b4573460 JavaThread "Notification Thread" daemon [_thread_blocked, id=75638, stack(0x00007ff57d3a5000,0x00007ff57d4a5000)]
  0x00007ff5b4632430 JavaThread "ReaderThread" [_thread_in_native, id=75640, stack(0x00007ff57d193000,0x00007ff57d293000)]
  0x00007ff5b478a820 JavaThread "EMF Reference Cleaner" daemon [_thread_blocked, id=75650, stack(0x00007ff57c781000,0x00007ff57c881000)]
  0x00007ff5b4ae0690 JavaThread "org.apache.commons.vfs2.cache.SoftRefFilesCache$ReleaseThread" daemon [_thread_blocked, id=75652, stack(0x00007ff57c681000,0x00007ff57c781000)]

Other Threads:
  0x00007ff5b4131990 VMThread "VM Thread" [stack: 0x00007ff58c593000,0x00007ff58c693000] [id=75619]
  0x00007ff5b4019b10 WatcherThread "VM Periodic Task Thread" [stack: 0x00007ff57d2a5000,0x00007ff57d3a5000] [id=75639]
  0x00007ff5b4049d10 WorkerThread "GC Thread#0" [stack: 0x00007ff5b8bc0000,0x00007ff5b8cc0000] [id=75614]
  0x00007ff56c007f90 WorkerThread "GC Thread#1" [stack: 0x00007ff57d093000,0x00007ff57d193000] [id=75641]
  0x00007ff56c0089e0 WorkerThread "GC Thread#2" [stack: 0x00007ff57cf91000,0x00007ff57d091000] [id=75642]
  0x00007ff56c009820 WorkerThread "GC Thread#3" [stack: 0x00007ff57ce8f000,0x00007ff57cf8f000] [id=75643]
  0x00007ff56c00a660 WorkerThread "GC Thread#4" [stack: 0x00007ff57cd8d000,0x00007ff57ce8d000] [id=75644]
  0x00007ff56c00b4a0 WorkerThread "GC Thread#5" [stack: 0x00007ff57cc8b000,0x00007ff57cd8b000] [id=75645]
  0x00007ff56c00c2e0 WorkerThread "GC Thread#6" [stack: 0x00007ff57cb89000,0x00007ff57cc89000] [id=75646]
  0x00007ff56c00d120 WorkerThread "GC Thread#7" [stack: 0x00007ff57ca87000,0x00007ff57cb87000] [id=75647]
  0x00007ff56c00df80 WorkerThread "GC Thread#8" [stack: 0x00007ff57c985000,0x00007ff57ca85000] [id=75648]
  0x00007ff56c00ee00 WorkerThread "GC Thread#9" [stack: 0x00007ff57c883000,0x00007ff57c983000] [id=75649]
  0x00007ff5b405ad80 ConcurrentGCThread "G1 Main Marker" [stack: 0x00007ff5b8abe000,0x00007ff5b8bbe000] [id=75615]
  0x00007ff5b405bc80 WorkerThread "G1 Conc#0" [stack: 0x00007ff5b89bc000,0x00007ff5b8abc000] [id=75616]
  0x00007ff580000d60 WorkerThread "G1 Conc#1" [stack: 0x00007ff57c581000,0x00007ff57c681000] [id=75653]
  0x00007ff5800017c0 WorkerThread "G1 Conc#2" [stack: 0x00007ff57c47f000,0x00007ff57c57f000] [id=75654]
  0x00007ff5b40afef0 ConcurrentGCThread "G1 Refine#0" [stack: 0x00007ff58c8e9000,0x00007ff58c9e9000] [id=75617]
  0x00007ff5b40b0dc0 ConcurrentGCThread "G1 Service" [stack: 0x00007ff58c7e7000,0x00007ff58c8e7000] [id=75618]

Threads with active compile tasks:

VM state: not at safepoint (normal execution)

VM Mutex/Monitor currently owned by a thread: None

Heap address: 0x000000060b400000, size: 8012 MB, Compressed Oops mode: Zero based, Oop shift amount: 3

CDS archive(s) not mapped
Compressed class space mapped at: 0x0000000800000000-0x0000000840000000, reserved size: 1073741824
Narrow klass base: 0x0000000800000000, Narrow klass shift: 0, Narrow klass range: 0x40000000

GC Precious Log:
 CardTable entry size: 512
 Card Set container configuration: InlinePtr #cards 4 size 8 Array Of Cards #cards 32 size 80 Howl #buckets 8 coarsen threshold 7372 Howl Bitmap #cards 1024 size 144 coarsen threshold 921 Card regions per heap region 1 cards per card region 8192
 CPUs: 12 total, 12 available
 Memory: 32046M
 Large Page Support: Disabled
 NUMA Support: Disabled
 Compressed Oops: Enabled (Zero based)
 Heap Region Size: 4M
 Heap Min Capacity: 8M
 Heap Initial Capacity: 504M
 Heap Max Capacity: 8012M
 Pre-touch: Disabled
 Parallel Workers: 10
 Concurrent Workers: 3
 Concurrent Refinement Workers: 10
 Periodic GC: Disabled

Heap:
 garbage-first heap   total 69632K, used 21552K [0x000000060b400000, 0x0000000800000000)
  region size 4096K, 6 young (24576K), 2 survivors (8192K)
 Metaspace       used 23812K, committed 24064K, reserved 1114112K
  class space    used 2515K, committed 2624K, reserved 1048576K

Heap Regions: E=young(eden), S=young(survivor), O=old, HS=humongous(starts), HC=humongous(continues), CS=collection set, F=free, OA=open archive, CA=closed archive, TAMS=top-at-mark-start (previous, next)
|   0|0x000000060b400000, 0x000000060b800000, 0x000000060b800000|100%| O|  |TAMS 0x000000060b800000, 0x000000060b400000| Untracked 
|   1|0x000000060b800000, 0x000000060b81c200, 0x000000060bc00000|  2%| O|  |TAMS 0x000000060b81c200, 0x000000060b800000| Complete 
|   2|0x000000060bc00000, 0x000000060bc00000, 0x000000060c000000|  0%| F|  |TAMS 0x000000060bc00000, 0x000000060bc00000| Untracked 
|   3|0x000000060c000000, 0x000000060c000000, 0x000000060c400000|  0%| F|  |TAMS 0x000000060c000000, 0x000000060c000000| Untracked 
|   4|0x000000060c400000, 0x000000060c400000, 0x000000060c800000|  0%| F|  |TAMS 0x000000060c400000, 0x000000060c400000| Untracked 
|   5|0x000000060c800000, 0x000000060c800000, 0x000000060cc00000|  0%| F|  |TAMS 0x000000060c800000, 0x000000060c800000| Untracked 
|   6|0x000000060cc00000, 0x000000060cc00000, 0x000000060d000000|  0%| F|  |TAMS 0x000000060cc00000, 0x000000060cc00000| Untracked 
|   7|0x000000060d000000, 0x000000060d000000, 0x000000060d400000|  0%| F|  |TAMS 0x000000060d000000, 0x000000060d000000| Untracked 
|   8|0x000000060d400000, 0x000000060d400000, 0x000000060d800000|  0%| F|  |TAMS 0x000000060d400000, 0x000000060d400000| Untracked 
|   9|0x000000060d800000, 0x000000060d800000, 0x000000060dc00000|  0%| F|  |TAMS 0x000000060d800000, 0x000000060d800000| Untracked 
|  10|0x000000060dc00000, 0x000000060dc00000, 0x000000060e000000|  0%| F|  |TAMS 0x000000060dc00000, 0x000000060dc00000| Untracked 
|  11|0x000000060e000000, 0x000000060e1a2d60, 0x000000060e400000| 40%| E|  |TAMS 0x000000060e000000, 0x000000060e000000| Complete 
|  12|0x000000060e400000, 0x000000060e800000, 0x000000060e800000|100%| E|CS|TAMS 0x000000060e400000, 0x000000060e400000| Complete 
|  13|0x000000060e800000, 0x000000060ec00000, 0x000000060ec00000|100%| E|CS|TAMS 0x000000060e800000, 0x000000060e800000| Complete 
| 113|0x0000000627800000, 0x00000006278efe88, 0x0000000627c00000| 23%| S|CS|TAMS 0x0000000627800000, 0x0000000627800000| Complete 
| 114|0x0000000627c00000, 0x0000000628000000, 0x0000000628000000|100%| S|CS|TAMS 0x0000000627c00000, 0x0000000627c00000| Complete 
| 125|0x000000062a800000, 0x000000062ac00000, 0x000000062ac00000|100%| E|CS|TAMS 0x000000062a800000, 0x000000062a800000| Complete 

Card table byte_map: [0x00007ff5b8d81000,0x00007ff5b9d27000] _byte_map_base: 0x00007ff5b5d27000

Marking Bits (Prev, Next): (CMBitMap*) 0x00007ff5b404a7c0, (CMBitMap*) 0x00007ff5b404a780
 Prev Bits: [0x00007ff58caea000, 0x00007ff59481a000)
 Next Bits: [0x00007ff59481a000, 0x00007ff59c54a000)

Polling page: 0x00007ff5bd335000

Metaspace:

Usage:
  Non-class:     20.80 MB used.
      Class:      2.46 MB used.
       Both:     23.25 MB used.

Virtual space:
  Non-class space:       64.00 MB reserved,      20.94 MB ( 33%) committed,  1 nodes.
      Class space:        1.00 GB reserved,       2.56 MB ( <1%) committed,  1 nodes.
             Both:        1.06 GB reserved,      23.50 MB (  2%) committed. 

Chunk freelists:
   Non-Class:  2.53 MB
       Class:  1.42 MB
        Both:  3.95 MB

MaxMetaspaceSize: unlimited
CompressedClassSpaceSize: 1.00 GB
Initial GC threshold: 21.00 MB
Current GC threshold: 35.25 MB
CDS: off
MetaspaceReclaimPolicy: balanced
 - commit_granule_bytes: 65536.
 - commit_granule_words: 8192.
 - virtual_space_node_default_size: 8388608.
 - enlarge_chunks_in_place: 1.
 - new_chunks_are_fully_committed: 0.
 - uncommit_free_chunks: 1.
 - use_allocation_guard: 0.


Internal statistics:

num_allocs_failed_limit: 3.
num_arena_births: 192.
num_arena_deaths: 0.
num_vsnodes_births: 2.
num_vsnodes_deaths: 0.
num_space_committed: 376.
num_space_uncommitted: 0.
num_chunks_returned_to_freelist: 3.
num_chunks_taken_from_freelist: 626.
num_chunk_merges: 3.
num_chunk_splits: 404.
num_chunks_enlarged: 290.
num_inconsistent_stats: 0.

CodeHeap 'non-profiled nmethods': size=120028Kb used=1201Kb max_used=1201Kb free=118826Kb
 bounds [0x00007ff5a4fb9000, 0x00007ff5a5229000, 0x00007ff5ac4f0000]
CodeHeap 'profiled nmethods': size=120028Kb used=4807Kb max_used=4807Kb free=115220Kb
 bounds [0x00007ff59da82000, 0x00007ff59df42000, 0x00007ff5a4fb9000]
CodeHeap 'non-nmethods': size=5704Kb used=1286Kb max_used=1363Kb free=4417Kb
 bounds [0x00007ff59d4f0000, 0x00007ff59d760000, 0x00007ff59da82000]
 total_blobs=2826 nmethods=2300 adapters=438
 compilation: enabled
              stopped_count=0, restarted_count=0
 full_count=0

Compilation events (20 events):
Event: 0.989 Thread 0x00007ff5b416c070 nmethod 2292 0x00007ff59df2fb10 code [0x00007ff59df2fca0, 0x00007ff59df2fdb0]
Event: 0.989 Thread 0x00007ff5b416c070 2293       1       de.enithing.contenthub.model.contenthub.impl.PackageImpl::getName (5 bytes)
Event: 0.989 Thread 0x00007ff5b416c070 nmethod 2293 0x00007ff5a50cea10 code [0x00007ff5a50ceba0, 0x00007ff5a50cec70]
Event: 0.989 Thread 0x00007ff5b416c070 2294       3       java.util.stream.StreamOpFlag::fromCharacteristics (37 bytes)
Event: 0.989 Thread 0x00007ff5b416c070 nmethod 2294 0x00007ff59df2fe10 code [0x00007ff59df2ffe0, 0x00007ff59df30310]
Event: 0.989 Thread 0x00007ff5b416c070 2295       3       java.util.stream.AbstractPipeline::<init> (55 bytes)
Event: 0.989 Thread 0x00007ff5b416c070 nmethod 2295 0x00007ff59df30410 code [0x00007ff59df305c0, 0x00007ff59df308b0]
Event: 0.989 Thread 0x00007ff5b416c070 2296       3       de.enithing.contenthub.generator.util.PathUtils::getRootLeaf (31 bytes)
Event: 0.990 Thread 0x00007ff5b416c070 nmethod 2296 0x00007ff59df30990 code [0x00007ff59df30c20, 0x00007ff59df31830]
Event: 0.990 Thread 0x00007ff5b416c070 2297       3       java.lang.Throwable::<init> (34 bytes)
Event: 0.990 Thread 0x00007ff5b416c070 nmethod 2297 0x00007ff59df31c90 code [0x00007ff59df31e60, 0x00007ff59df32240]
Event: 0.990 Thread 0x00007ff5b416aba0 nmethod 2280 0x00007ff5a50ced10 code [0x00007ff5a50ceec0, 0x00007ff5a50cf4f8]
Event: 0.992 Thread 0x00007ff5b416c070 2298       3       java.util.Vector::elementData (7 bytes)
Event: 0.993 Thread 0x00007ff5b416c070 nmethod 2298 0x00007ff59df32310 code [0x00007ff59df324a0, 0x00007ff59df325d0]
Event: 0.993 Thread 0x00007ff5b416c070 2299  s    3       java.util.Vector::addElement (24 bytes)
Event: 0.993 Thread 0x00007ff5b416c070 nmethod 2299 0x00007ff59df32690 code [0x00007ff59df32860, 0x00007ff59df32d60]
Event: 0.993 Thread 0x00007ff5b416c070 2300       3       org.apache.velocity.runtime.parser.ParserTokenManager::SkipLexicalActions (177 bytes)
Event: 0.994 Thread 0x00007ff5b416c070 nmethod 2300 0x00007ff59df32f90 code [0x00007ff59df33240, 0x00007ff59df33b50]
Event: 1.017 Thread 0x00007ff54c08bb70 nmethod 2226 0x00007ff5a50cf810 code [0x00007ff5a50cfc20, 0x00007ff5a50d3868]
Event: 1.156 Thread 0x00007ff54c454670 nmethod 2205 0x00007ff5a50d5890 code [0x00007ff5a50d6400, 0x00007ff5a50e0230]

GC Heap History (6 events):
Event: 0.372 GC heap before
{Heap before GC invocations=0 (full 0):
 garbage-first heap   total 516096K, used 20480K [0x000000060b400000, 0x0000000800000000)
  region size 4096K, 6 young (24576K), 0 survivors (0K)
 Metaspace       used 12552K, committed 12736K, reserved 1114112K
  class space    used 1112K, committed 1216K, reserved 1048576K
}
Event: 0.375 GC heap after
{Heap after GC invocations=1 (full 0):
 garbage-first heap   total 516096K, used 4221K [0x000000060b400000, 0x0000000800000000)
  region size 4096K, 1 young (4096K), 1 survivors (4096K)
 Metaspace       used 12552K, committed 12736K, reserved 1114112K
  class space    used 1112K, committed 1216K, reserved 1048576K
}
Event: 0.562 GC heap before
{Heap before GC invocations=1 (full 0):
 garbage-first heap   total 516096K, used 28797K [0x000000060b400000, 0x0000000800000000)
  region size 4096K, 7 young (28672K), 1 survivors (4096K)
 Metaspace       used 16066K, committed 16256K, reserved 1114112K
  class space    used 1597K, committed 1664K, reserved 1048576K
}
Event: 0.565 GC heap after
{Heap after GC invocations=2 (full 0):
 garbage-first heap   total 516096K, used 5834K [0x000000060b400000, 0x0000000800000000)
  region size 4096K, 1 young (4096K), 1 survivors (4096K)
 Metaspace       used 16066K, committed 16256K, reserved 1114112K
  class space    used 1597K, committed 1664K, reserved 1048576K
}
Event: 0.810 GC heap before
{Heap before GC invocations=2 (full 0):
 garbage-first heap   total 516096K, used 38602K [0x000000060b400000, 0x0000000800000000)
  region size 4096K, 11 young (45056K), 1 survivors (4096K)
 Metaspace       used 21282K, committed 21504K, reserved 1114112K
  class space    used 2257K, committed 2368K, reserved 1048576K
}
Event: 0.812 GC heap after
{Heap after GC invocations=3 (full 0):
 garbage-first heap   total 516096K, used 9264K [0x000000060b400000, 0x0000000800000000)
  region size 4096K, 2 young (8192K), 2 survivors (8192K)
 Metaspace       used 21282K, committed 21504K, reserved 1114112K
  class space    used 2257K, committed 2368K, reserved 1048576K
}

Deoptimization events (20 events):
Event: 0.993 Thread 0x00007ff5b4017080 DEOPT PACKING pc=0x00007ff59dec60bc sp=0x00007ff5bba51460
Event: 0.993 Thread 0x00007ff5b4017080 DEOPT UNPACKING pc=0x00007ff59d54282f sp=0x00007ff5bba50940 mode 1
Event: 0.993 Thread 0x00007ff5b4017080 DEOPT PACKING pc=0x00007ff5a509b1a8 sp=0x00007ff5bba514d0
Event: 0.993 Thread 0x00007ff5b4017080 DEOPT UNPACKING pc=0x00007ff59d54282f sp=0x00007ff5bba50988 mode 1
Event: 0.993 Thread 0x00007ff5b4017080 DEOPT PACKING pc=0x00007ff59deb1d44 sp=0x00007ff5bba51510
Event: 0.993 Thread 0x00007ff5b4017080 DEOPT UNPACKING pc=0x00007ff59d54282f sp=0x00007ff5bba509e0 mode 1
Event: 0.993 Thread 0x00007ff5b4017080 DEOPT PACKING pc=0x00007ff59dec6259 sp=0x00007ff5bba51180
Event: 0.993 Thread 0x00007ff5b4017080 DEOPT UNPACKING pc=0x00007ff59d54282f sp=0x00007ff5bba50660 mode 1
Event: 0.993 Thread 0x00007ff5b4017080 DEOPT PACKING pc=0x00007ff5a509b1a8 sp=0x00007ff5bba511f0
Event: 0.993 Thread 0x00007ff5b4017080 DEOPT UNPACKING pc=0x00007ff59d54282f sp=0x00007ff5bba506a8 mode 1
Event: 0.993 Thread 0x00007ff5b4017080 DEOPT PACKING pc=0x00007ff59de79214 sp=0x00007ff5bba51230
Event: 0.993 Thread 0x00007ff5b4017080 DEOPT UNPACKING pc=0x00007ff59d54282f sp=0x00007ff5bba50778 mode 1
Event: 0.994 Thread 0x00007ff5b4017080 DEOPT PACKING pc=0x00007ff59de863cc sp=0x00007ff5bba51380
Event: 0.994 Thread 0x00007ff5b4017080 DEOPT UNPACKING pc=0x00007ff59d54282f sp=0x00007ff5bba50840 mode 1
Event: 0.994 Thread 0x00007ff5b4017080 DEOPT PACKING pc=0x00007ff59dec60bc sp=0x00007ff5bba51460
Event: 0.994 Thread 0x00007ff5b4017080 DEOPT UNPACKING pc=0x00007ff59d54282f sp=0x00007ff5bba50940 mode 1
Event: 0.994 Thread 0x00007ff5b4017080 DEOPT PACKING pc=0x00007ff5a509b1a8 sp=0x00007ff5bba514d0
Event: 0.994 Thread 0x00007ff5b4017080 DEOPT UNPACKING pc=0x00007ff59d54282f sp=0x00007ff5bba50988 mode 1
Event: 0.994 Thread 0x00007ff5b4017080 DEOPT PACKING pc=0x00007ff59deb1d44 sp=0x00007ff5bba51510
Event: 0.994 Thread 0x00007ff5b4017080 DEOPT UNPACKING pc=0x00007ff59d54282f sp=0x00007ff5bba509e0 mode 1

Classes loaded (20 events):
Event: 0.951 Loading class org/xml/sax/Locator
Event: 0.951 Loading class org/xml/sax/Locator done
Event: 0.951 Loading class org/xml/sax/ext/Locator2 done
Event: 0.951 Loading class com/sun/org/apache/xerces/internal/parsers/AbstractSAXParser$LocatorProxy done
Event: 0.951 Loading class com/sun/org/apache/xerces/internal/impl/XMLScanner$NameType
Event: 0.951 Loading class com/sun/org/apache/xerces/internal/impl/XMLScanner$NameType done
Event: 0.951 Loading class com/sun/org/apache/xerces/internal/impl/Constants
Event: 0.951 Loading class com/sun/org/apache/xerces/internal/impl/Constants done
Event: 0.952 Loading class com/sun/org/apache/xerces/internal/impl/Constants$ArrayEnumeration
Event: 0.952 Loading class com/sun/org/apache/xerces/internal/impl/Constants$ArrayEnumeration done
Event: 0.952 Loading class java/io/InvalidObjectException
Event: 0.952 Loading class java/io/ObjectStreamException
Event: 0.952 Loading class java/io/ObjectStreamException done
Event: 0.952 Loading class java/io/InvalidObjectException done
Event: 0.960 Loading class com/sun/org/apache/xerces/internal/impl/io/MalformedByteSequenceException
Event: 0.960 Loading class java/io/CharConversionException
Event: 0.960 Loading class java/io/CharConversionException done
Event: 0.960 Loading class com/sun/org/apache/xerces/internal/impl/io/MalformedByteSequenceException done
Event: 0.964 Loading class java/lang/NoSuchFieldError
Event: 0.964 Loading class java/lang/NoSuchFieldError done

Classes unloaded (0 events):
No events

Classes redefined (1 events):
Event: 47.744 Thread 0x00007ff5b4131990 redefined class name=de.enithing.contenthub.generator.contentfragment.instance.ContentFragmentGenerator, count=1

Internal exceptions (20 events):
Event: 0.449 Thread 0x00007ff5b4017080 Exception <a 'java/lang/NoSuchMethodError'{0x000000062a035660}: 'java.lang.Object java.lang.invoke.DirectMethodHandle$Holder.invokeStaticInit(java.lang.Object)'> (0x000000062a035660) 
thrown [src/hotspot/share/interpreter/linkResolver.cpp, line 765]
Event: 0.451 Thread 0x00007ff5b4017080 Exception <a 'java/lang/NoSuchMethodError'{0x000000062a099f40}: 'int java.lang.invoke.DirectMethodHandle$Holder.invokeStatic(java.lang.Object, java.lang.Object, java.lang.Object, java.lang.Object)'> (0x000000062a099f40) 
thrown [src/hotspot/share/interpreter/linkResolver.cpp, line 765]
Event: 0.451 Thread 0x00007ff5b4017080 Exception <a 'java/lang/NoSuchMethodError'{0x000000062a09d8c0}: 'java.lang.Object java.lang.invoke.Invokers$Holder.invokeExact_MT(java.lang.Object, java.lang.Object, java.lang.Object, java.lang.Object, java.lang.Object, java.lang.Object)'> (0x000000062a09d8c0) 
thrown [src/hotspot/share/interpreter/linkResolver.cpp, line 765]
Event: 0.452 Thread 0x00007ff5b4017080 Exception <a 'java/lang/NoSuchMethodError'{0x000000062a0ada38}: 'int java.lang.invoke.DirectMethodHandle$Holder.invokeStatic(java.lang.Object, java.lang.Object, java.lang.Object, java.lang.Object, java.lang.Object)'> (0x000000062a0ada38) 
thrown [src/hotspot/share/interpreter/linkResolver.cpp, line 765]
Event: 0.457 Thread 0x00007ff5b4017080 Exception <a 'java/lang/NoSuchMethodError'{0x000000062a13b2f0}: 'void java.lang.invoke.DirectMethodHandle$Holder.invokeStaticInit(java.lang.Object)'> (0x000000062a13b2f0) 
thrown [src/hotspot/share/interpreter/linkResolver.cpp, line 765]
Event: 0.470 Thread 0x00007ff5b4017080 Exception <a 'java/lang/NoSuchMethodError'{0x000000062a35dc88}: 'int java.lang.invoke.DirectMethodHandle$Holder.invokeStaticInit(java.lang.Object, java.lang.Object)'> (0x000000062a35dc88) 
thrown [src/hotspot/share/interpreter/linkResolver.cpp, line 765]
Event: 0.484 Thread 0x00007ff5b4017080 Exception <a 'java/lang/NoSuchMethodError'{0x0000000629c957c0}: 'java.lang.Object java.lang.invoke.DirectMethodHandle$Holder.newInvokeSpecial(java.lang.Object, java.lang.Object, java.lang.Object, java.lang.Object, java.lang.Object, java.lang.Object, java.lang.Object)'> (0x0000000629c957c0) 
thrown [src/hotspot/share/interpreter/linkResolver.cpp, line 765]
Event: 0.484 Thread 0x00007ff5b4017080 Exception <a 'java/lang/NoSuchMethodError'{0x0000000629c9a380}: 'java.lang.Object java.lang.invoke.Invokers$Holder.linkToTargetMethod(java.lang.Object, java.lang.Object, java.lang.Object, java.lang.Object, java.lang.Object, java.lang.Object, java.lang.Object)'> (0x0000000629c9a380) 
thrown [src/hotspot/share/interpreter/linkResolver.cpp, line 765]
Event: 0.485 Thread 0x00007ff5b4017080 Exception <a 'java/lang/NoSuchMethodError'{0x0000000629ca09a8}: 'java.lang.Object java.lang.invoke.DirectMethodHandle$Holder.invokeInterface(java.lang.Object, java.lang.Object, java.lang.Object, java.lang.Object, java.lang.Object)'> (0x0000000629ca09a8) 
thrown [src/hotspot/share/interpreter/linkResolver.cpp, line 765]
Event: 0.485 Thread 0x00007ff5b4017080 Exception <a 'java/lang/IncompatibleClassChangeError'{0x0000000629ca47a0}: Found class java.lang.Object, but interface was expected> (0x0000000629ca47a0) 
thrown [src/hotspot/share/interpreter/linkResolver.cpp, line 833]
Event: 0.495 Thread 0x00007ff5b4017080 Exception <a 'java/lang/NoSuchMethodError'{0x0000000629dbea40}: 'void java.lang.invoke.DirectMethodHandle$Holder.invokeVirtual(java.lang.Object, java.lang.Object)'> (0x0000000629dbea40) 
thrown [src/hotspot/share/interpreter/linkResolver.cpp, line 765]
Event: 0.568 Thread 0x00007ff5b4017080 Exception <a 'java/lang/NoSuchMethodError'{0x000000062a8586c0}: 'void java.lang.invoke.Invokers$Holder.invokeExact_MT(java.lang.Object, java.lang.Object, java.lang.Object)'> (0x000000062a8586c0) 
thrown [src/hotspot/share/interpreter/linkResolver.cpp, line 765]
Event: 0.714 Thread 0x00007ff5b4017080 Exception <a 'java/lang/NoClassDefFoundError'{0x0000000629693290}: org/apache/log4j/Priority> (0x0000000629693290) 
thrown [src/hotspot/share/classfile/systemDictionary.cpp, line 244]
Event: 0.756 Thread 0x00007ff5b4017080 Exception <a 'java/lang/NoSuchMethodError'{0x00000006289ee7e8}: 'int java.lang.invoke.DirectMethodHandle$Holder.invokeSpecial(java.lang.Object, java.lang.Object, java.lang.Object, int)'> (0x00000006289ee7e8) 
thrown [src/hotspot/share/interpreter/linkResolver.cpp, line 765]
Event: 0.757 Thread 0x00007ff5b4017080 Exception <a 'java/lang/NoSuchMethodError'{0x0000000628a03ae8}: 'java.lang.Object java.lang.invoke.DirectMethodHandle$Holder.invokeStatic(java.lang.Object, java.lang.Object, java.lang.Object, java.lang.Object, int)'> (0x0000000628a03ae8) 
thrown [src/hotspot/share/interpreter/linkResolver.cpp, line 765]
Event: 0.758 Thread 0x00007ff5b4017080 Exception <a 'java/lang/NoSuchMethodError'{0x0000000628a13288}: 'float java.lang.invoke.DelegatingMethodHandle$Holder.reinvoke_L(java.lang.Object, java.lang.Object, int)'> (0x0000000628a13288) 
thrown [src/hotspot/share/interpreter/linkResolver.cpp, line 765]
Event: 0.758 Thread 0x00007ff5b4017080 Exception <a 'java/lang/NoSuchMethodError'{0x0000000628a1de58}: 'java.lang.Object java.lang.invoke.DelegatingMethodHandle$Holder.reinvoke_L(java.lang.Object, int, float, int)'> (0x0000000628a1de58) 
thrown [src/hotspot/share/interpreter/linkResolver.cpp, line 765]
Event: 0.768 Thread 0x00007ff5b4017080 Exception <a 'java/lang/NoClassDefFoundError'{0x0000000628ad3c58}: org/apache/log/format/Formatter> (0x0000000628ad3c58) 
thrown [src/hotspot/share/classfile/systemDictionary.cpp, line 244]
Event: 0.768 Thread 0x00007ff5b4017080 Exception <a 'java/lang/NoClassDefFoundError'{0x0000000628ae9ed8}: org/apache/log4j/Appender> (0x0000000628ae9ed8) 
thrown [src/hotspot/share/classfile/systemDictionary.cpp, line 244]
Event: 0.817 Thread 0x00007ff5b4017080 Exception <a 'java/lang/NoSuchMethodError'{0x000000062a8ae780}: 'java.lang.Object java.lang.invoke.DirectMethodHandle$Holder.invokeVirtual(java.lang.Object, java.lang.Object, java.lang.Object, java.lang.Object)'> (0x000000062a8ae780) 
thrown [src/hotspot/share/interpreter/linkResolver.cpp, line 765]

VM Operations (20 events):
Event: 1.297 Executing VM operation: get/set locals
Event: 1.297 Executing VM operation: get/set locals done
Event: 39.964 Executing VM operation: get/set locals
Event: 39.964 Executing VM operation: get/set locals done
Event: 45.769 Executing VM operation: get/set locals
Event: 45.769 Executing VM operation: get/set locals done
Event: 47.737 Executing VM operation: ChangeSingleStep
Event: 47.737 Executing VM operation: ChangeSingleStep done
Event: 47.737 Executing VM operation: ChangeSingleStep
Event: 47.737 Executing VM operation: ChangeSingleStep done
Event: 47.741 Executing VM operation: RedefineClasses
Event: 47.748 Executing VM operation: RedefineClasses done
Event: 47.754 Executing VM operation: ChangeBreakpoints
Event: 47.754 Executing VM operation: ChangeBreakpoints done
Event: 47.757 Executing VM operation: ChangeSingleStep
Event: 47.757 Executing VM operation: ChangeSingleStep done
Event: 47.757 Executing VM operation: get/set locals
Event: 47.757 Executing VM operation: get/set locals done
Event: 47.758 Executing VM operation: ChangeSingleStep
Event: 47.758 Executing VM operation: ChangeSingleStep done

Events (20 events):
Event: 0.116 Loaded shared library /usr/lib/jvm/java-18-openjdk/lib/libnio.so
Event: 0.121 Loaded shared library /usr/lib/jvm/java-18-openjdk/lib/libzip.so
Event: 0.131 Thread 0x00007ff54c08bb70 Thread added: 0x00007ff54c08bb70
Event: 0.131 Protecting memory [0x00007ff57d4a5000,0x00007ff57d4a9000] with protection modes 0
Event: 0.182 Loaded shared library /usr/lib/jvm/java-18-openjdk/lib/libjimage.so
Event: 0.231 Thread 0x00007ff5b4573460 Thread added: 0x00007ff5b4573460
Event: 0.231 Protecting memory [0x00007ff57d3a5000,0x00007ff57d3a9000] with protection modes 0
Event: 0.233 Loaded shared library /usr/lib/jvm/java-18-openjdk/lib/libverify.so
Event: 0.300 Loaded shared library /usr/lib/jvm/java-18-openjdk/lib/libnet.so
Event: 0.304 Loaded shared library /usr/lib/jvm/java-18-openjdk/lib/libextnet.so
Event: 0.307 Thread 0x00007ff5b4632430 Thread added: 0x00007ff5b4632430
Event: 0.307 Protecting memory [0x00007ff57d193000,0x00007ff57d197000] with protection modes 0
Event: 0.528 Thread 0x00007ff5b478a820 Thread added: 0x00007ff5b478a820
Event: 0.528 Protecting memory [0x00007ff57c781000,0x00007ff57c785000] with protection modes 0
Event: 0.625 Thread 0x00007ff54c454670 Thread added: 0x00007ff54c454670
Event: 0.625 Protecting memory [0x00007ff57c334000,0x00007ff57c338000] with protection modes 0
Event: 0.730 Thread 0x00007ff5b4ae0690 Thread added: 0x00007ff5b4ae0690
Event: 0.730 Protecting memory [0x00007ff57c681000,0x00007ff57c685000] with protection modes 0
Event: 6.157 Thread 0x00007ff54c454670 Thread exited: 0x00007ff54c454670
Event: 11.017 Thread 0x00007ff54c08bb70 Thread exited: 0x00007ff54c08bb70


Dynamic libraries:
60b400000-60ec00000 rw-p 00000000 00:00 0 
60ec00000-627800000 ---p 00000000 00:00 0 
627800000-628000000 rw-p 00000000 00:00 0 
628000000-62a800000 ---p 00000000 00:00 0 
62a800000-62ac00000 rw-p 00000000 00:00 0 
62ac00000-800000000 ---p 00000000 00:00 0 
800000000-800020000 rw-p 00000000 00:00 0 
800020000-800040000 rw-p 00000000 00:00 0 
800040000-8000c0000 rw-p 00000000 00:00 0 
8000c0000-8000e0000 rw-p 00000000 00:00 0 
8000e0000-800140000 rw-p 00000000 00:00 0 
800140000-800180000 rw-p 00000000 00:00 0 
800180000-800240000 rw-p 00000000 00:00 0 
800240000-800270000 rw-p 00000000 00:00 0 
800270000-800280000 ---p 00000000 00:00 0 
800280000-8002a0000 rw-p 00000000 00:00 0 
8002a0000-840000000 ---p 00000000 00:00 0 
5583ba538000-5583ba539000 r--p 00000000 fe:00 3154289                    /usr/lib/jvm/java-18-openjdk/bin/java
5583ba539000-5583ba53a000 r-xp 00001000 fe:00 3154289                    /usr/lib/jvm/java-18-openjdk/bin/java
5583ba53a000-5583ba53b000 r--p 00002000 fe:00 3154289                    /usr/lib/jvm/java-18-openjdk/bin/java
5583ba53b000-5583ba53c000 r--p 00002000 fe:00 3154289                    /usr/lib/jvm/java-18-openjdk/bin/java
5583ba53c000-5583ba53d000 rw-p 00003000 fe:00 3154289                    /usr/lib/jvm/java-18-openjdk/bin/java
5583bc069000-5583bc0b1000 rw-p 00000000 00:00 0                          [heap]
7ff4ec000000-7ff4ec021000 rw-p 00000000 00:00 0 
7ff4ec021000-7ff4f0000000 ---p 00000000 00:00 0 
7ff4f4000000-7ff4f4021000 rw-p 00000000 00:00 0 
7ff4f4021000-7ff4f8000000 ---p 00000000 00:00 0 
7ff4fc000000-7ff4fcf9a000 rw-p 00000000 00:00 0 
7ff4fcf9a000-7ff500000000 ---p 00000000 00:00 0 
7ff500000000-7ff500021000 rw-p 00000000 00:00 0 
7ff500021000-7ff504000000 ---p 00000000 00:00 0 
7ff504000000-7ff504021000 rw-p 00000000 00:00 0 
7ff504021000-7ff508000000 ---p 00000000 00:00 0 
7ff508000000-7ff508021000 rw-p 00000000 00:00 0 
7ff508021000-7ff50c000000 ---p 00000000 00:00 0 
7ff50c000000-7ff50c021000 rw-p 00000000 00:00 0 
7ff50c021000-7ff510000000 ---p 00000000 00:00 0 
7ff510000000-7ff510021000 rw-p 00000000 00:00 0 
7ff510021000-7ff514000000 ---p 00000000 00:00 0 
7ff514000000-7ff514021000 rw-p 00000000 00:00 0 
7ff514021000-7ff518000000 ---p 00000000 00:00 0 
7ff518000000-7ff518021000 rw-p 00000000 00:00 0 
7ff518021000-7ff51c000000 ---p 00000000 00:00 0 
7ff51c000000-7ff51c021000 rw-p 00000000 00:00 0 
7ff51c021000-7ff520000000 ---p 00000000 00:00 0 
7ff520000000-7ff520021000 rw-p 00000000 00:00 0 
7ff520021000-7ff524000000 ---p 00000000 00:00 0 
7ff524000000-7ff524021000 rw-p 00000000 00:00 0 
7ff524021000-7ff528000000 ---p 00000000 00:00 0 
7ff528000000-7ff528021000 rw-p 00000000 00:00 0 
7ff528021000-7ff52c000000 ---p 00000000 00:00 0 
7ff52c000000-7ff52c021000 rw-p 00000000 00:00 0 
7ff52c021000-7ff530000000 ---p 00000000 00:00 0 
7ff530000000-7ff530021000 rw-p 00000000 00:00 0 
7ff530021000-7ff534000000 ---p 00000000 00:00 0 
7ff534000000-7ff535096000 rw-p 00000000 00:00 0 
7ff535096000-7ff538000000 ---p 00000000 00:00 0 
7ff538000000-7ff538021000 rw-p 00000000 00:00 0 
7ff538021000-7ff53c000000 ---p 00000000 00:00 0 
7ff53c000000-7ff53c021000 rw-p 00000000 00:00 0 
7ff53c021000-7ff540000000 ---p 00000000 00:00 0 
7ff540000000-7ff540021000 rw-p 00000000 00:00 0 
7ff540021000-7ff544000000 ---p 00000000 00:00 0 
7ff544000000-7ff544021000 rw-p 00000000 00:00 0 
7ff544021000-7ff548000000 ---p 00000000 00:00 0 
7ff548000000-7ff5480b9000 rw-p 00000000 00:00 0 
7ff5480b9000-7ff54c000000 ---p 00000000 00:00 0 
7ff54c000000-7ff54c985000 rw-p 00000000 00:00 0 
7ff54c985000-7ff550000000 ---p 00000000 00:00 0 
7ff550000000-7ff550021000 rw-p 00000000 00:00 0 
7ff550021000-7ff554000000 ---p 00000000 00:00 0 
7ff554000000-7ff554021000 rw-p 00000000 00:00 0 
7ff554021000-7ff558000000 ---p 00000000 00:00 0 
7ff558000000-7ff55933f000 rw-p 00000000 00:00 0 
7ff55933f000-7ff55c000000 ---p 00000000 00:00 0 
7ff55c000000-7ff55c021000 rw-p 00000000 00:00 0 
7ff55c021000-7ff560000000 ---p 00000000 00:00 0 
7ff560000000-7ff560021000 rw-p 00000000 00:00 0 
7ff560021000-7ff564000000 ---p 00000000 00:00 0 
7ff564000000-7ff564021000 rw-p 00000000 00:00 0 
7ff564021000-7ff568000000 ---p 00000000 00:00 0 
7ff568000000-7ff568021000 rw-p 00000000 00:00 0 
7ff568021000-7ff56c000000 ---p 00000000 00:00 0 
7ff56c000000-7ff56c021000 rw-p 00000000 00:00 0 
7ff56c021000-7ff570000000 ---p 00000000 00:00 0 
7ff570000000-7ff570021000 rw-p 00000000 00:00 0 
7ff570021000-7ff574000000 ---p 00000000 00:00 0 
7ff574000000-7ff574420000 rw-p 00000000 00:00 0 
7ff574420000-7ff574440000 rw-p 00000000 00:00 0 
7ff574440000-7ff574480000 rw-p 00000000 00:00 0 
7ff574480000-7ff574500000 rw-p 00000000 00:00 0 
7ff574500000-7ff574700000 rw-p 00000000 00:00 0 
7ff574700000-7ff574720000 rw-p 00000000 00:00 0 
7ff574720000-7ff574740000 rw-p 00000000 00:00 0 
7ff574740000-7ff574780000 rw-p 00000000 00:00 0 
7ff574780000-7ff574900000 rw-p 00000000 00:00 0 
7ff574900000-7ff574980000 rw-p 00000000 00:00 0 
7ff574980000-7ff574a00000 rw-p 00000000 00:00 0 
7ff574a00000-7ff574b00000 rw-p 00000000 00:00 0 
7ff574b00000-7ff574c00000 rw-p 00000000 00:00 0 
7ff574c00000-7ff574d00000 rw-p 00000000 00:00 0 
7ff574d00000-7ff574f00000 rw-p 00000000 00:00 0 
7ff574f00000-7ff575000000 rw-p 00000000 00:00 0 
7ff575000000-7ff575300000 rw-p 00000000 00:00 0 
7ff575300000-7ff575400000 rw-p 00000000 00:00 0 
7ff575400000-7ff575480000 rw-p 00000000 00:00 0 
7ff575480000-7ff575500000 ---p 00000000 00:00 0 
7ff575500000-7ff575570000 rw-p 00000000 00:00 0 
7ff575570000-7ff578000000 ---p 00000000 00:00 0 
7ff578000000-7ff578021000 rw-p 00000000 00:00 0 
7ff578021000-7ff57c000000 ---p 00000000 00:00 0 
7ff57c334000-7ff57c338000 ---p 00000000 00:00 0 
7ff57c338000-7ff57c434000 rw-p 00000000 00:00 0 
7ff57c47d000-7ff57c47e000 ---p 00000000 00:00 0 
7ff57c47e000-7ff57c57f000 rw-p 00000000 00:00 0 
7ff57c57f000-7ff57c580000 ---p 00000000 00:00 0 
7ff57c580000-7ff57c681000 rw-p 00000000 00:00 0 
7ff57c681000-7ff57c685000 ---p 00000000 00:00 0 
7ff57c685000-7ff57c781000 rw-p 00000000 00:00 0 
7ff57c781000-7ff57c785000 ---p 00000000 00:00 0 
7ff57c785000-7ff57c881000 rw-p 00000000 00:00 0 
7ff57c881000-7ff57c882000 ---p 00000000 00:00 0 
7ff57c882000-7ff57c983000 rw-p 00000000 00:00 0 
7ff57c983000-7ff57c984000 ---p 00000000 00:00 0 
7ff57c984000-7ff57ca85000 rw-p 00000000 00:00 0 
7ff57ca85000-7ff57ca86000 ---p 00000000 00:00 0 
7ff57ca86000-7ff57cb87000 rw-p 00000000 00:00 0 
7ff57cb87000-7ff57cb88000 ---p 00000000 00:00 0 
7ff57cb88000-7ff57cc89000 rw-p 00000000 00:00 0 
7ff57cc89000-7ff57cc8a000 ---p 00000000 00:00 0 
7ff57cc8a000-7ff57cd8b000 rw-p 00000000 00:00 0 
7ff57cd8b000-7ff57cd8c000 ---p 00000000 00:00 0 
7ff57cd8c000-7ff57ce8d000 rw-p 00000000 00:00 0 
7ff57ce8d000-7ff57ce8e000 ---p 00000000 00:00 0 
7ff57ce8e000-7ff57cf8f000 rw-p 00000000 00:00 0 
7ff57cf8f000-7ff57cf90000 ---p 00000000 00:00 0 
7ff57cf90000-7ff57d091000 rw-p 00000000 00:00 0 
7ff57d091000-7ff57d092000 ---p 00000000 00:00 0 
7ff57d092000-7ff57d193000 rw-p 00000000 00:00 0 
7ff57d193000-7ff57d197000 ---p 00000000 00:00 0 
7ff57d197000-7ff57d293000 rw-p 00000000 00:00 0 
7ff57d293000-7ff57d297000 r--p 00000000 fe:00 3154810                    /usr/lib/jvm/java-18-openjdk/lib/libverify.so
7ff57d297000-7ff57d29e000 r-xp 00004000 fe:00 3154810                    /usr/lib/jvm/java-18-openjdk/lib/libverify.so
7ff57d29e000-7ff57d2a0000 r--p 0000b000 fe:00 3154810                    /usr/lib/jvm/java-18-openjdk/lib/libverify.so
7ff57d2a0000-7ff57d2a2000 r--p 0000c000 fe:00 3154810                    /usr/lib/jvm/java-18-openjdk/lib/libverify.so
7ff57d2a2000-7ff57d2a3000 rw-p 0000e000 fe:00 3154810                    /usr/lib/jvm/java-18-openjdk/lib/libverify.so
7ff57d2a3000-7ff57d2a4000 ---p 00000000 00:00 0 
7ff57d2a4000-7ff57d3a5000 rw-p 00000000 00:00 0 
7ff57d3a5000-7ff57d3a9000 ---p 00000000 00:00 0 
7ff57d3a9000-7ff57d4a5000 rw-p 00000000 00:00 0 
7ff57d4a5000-7ff57d4a9000 ---p 00000000 00:00 0 
7ff57d4a9000-7ff57d5a5000 rw-p 00000000 00:00 0 
7ff57d5a5000-7ff57d5a8000 r--p 00000000 fe:00 3154373                    /usr/lib/jvm/java-18-openjdk/lib/libnet.so
7ff57d5a8000-7ff57d5b1000 r-xp 00003000 fe:00 3154373                    /usr/lib/jvm/java-18-openjdk/lib/libnet.so
7ff57d5b1000-7ff57d5b3000 r--p 0000c000 fe:00 3154373                    /usr/lib/jvm/java-18-openjdk/lib/libnet.so
7ff57d5b3000-7ff57d5b4000 ---p 0000e000 fe:00 3154373                    /usr/lib/jvm/java-18-openjdk/lib/libnet.so
7ff57d5b4000-7ff57d5b5000 r--p 0000e000 fe:00 3154373                    /usr/lib/jvm/java-18-openjdk/lib/libnet.so
7ff57d5b5000-7ff57d5b6000 rw-p 0000f000 fe:00 3154373                    /usr/lib/jvm/java-18-openjdk/lib/libnet.so
7ff57d5b6000-7ff57d5ba000 ---p 00000000 00:00 0 
7ff57d5ba000-7ff57d6b6000 rw-p 00000000 00:00 0 
7ff57d6b6000-7ff57d6ba000 ---p 00000000 00:00 0 
7ff57d6ba000-7ff57d7b6000 rw-p 00000000 00:00 0 
7ff57d7b6000-7ff57d7ba000 ---p 00000000 00:00 0 
7ff57d7ba000-7ff57d8b6000 rw-p 00000000 00:00 0 
7ff57d8b6000-7ff57d8ba000 r--p 00000000 fe:00 1455726                    /usr/lib/libnss_myhostname.so.2
7ff57d8ba000-7ff57d8c9000 r-xp 00004000 fe:00 1455726                    /usr/lib/libnss_myhostname.so.2
7ff57d8c9000-7ff57d8d5000 r--p 00013000 fe:00 1455726                    /usr/lib/libnss_myhostname.so.2
7ff57d8d5000-7ff57d8d6000 ---p 0001f000 fe:00 1455726                    /usr/lib/libnss_myhostname.so.2
7ff57d8d6000-7ff57d8db000 r--p 0001f000 fe:00 1455726                    /usr/lib/libnss_myhostname.so.2
7ff57d8db000-7ff57d8dc000 rw-p 00024000 fe:00 1455726                    /usr/lib/libnss_myhostname.so.2
7ff57d8dc000-7ff57d8df000 r--p 00000000 fe:00 1455729                    /usr/lib/libnss_resolve.so.2
7ff57d8df000-7ff57d8f6000 r-xp 00003000 fe:00 1455729                    /usr/lib/libnss_resolve.so.2
7ff57d8f6000-7ff57d8fd000 r--p 0001a000 fe:00 1455729                    /usr/lib/libnss_resolve.so.2
7ff57d8fd000-7ff57d8fe000 ---p 00021000 fe:00 1455729                    /usr/lib/libnss_resolve.so.2
7ff57d8fe000-7ff57d8ff000 r--p 00021000 fe:00 1455729                    /usr/lib/libnss_resolve.so.2
7ff57d8ff000-7ff57d900000 rw-p 00022000 fe:00 1455729                    /usr/lib/libnss_resolve.so.2
7ff57d900000-7ff57d904000 ---p 00000000 00:00 0 
7ff57d904000-7ff57da00000 rw-p 00000000 00:00 0 
7ff57da00000-7ff57da04000 ---p 00000000 00:00 0 
7ff57da04000-7ff57db00000 rw-p 00000000 00:00 0 
7ff57db00000-7ff57db04000 ---p 00000000 00:00 0 
7ff57db04000-7ff57dc00000 rw-p 00000000 00:00 0 
7ff57dc00000-7ff57dc04000 ---p 00000000 00:00 0 
7ff57dc04000-7ff57dd00000 rw-p 00000000 00:00 0 
7ff57dd00000-7ff57dd04000 ---p 00000000 00:00 0 
7ff57dd04000-7ff57de00000 rw-p 00000000 00:00 0 
7ff57de00000-7ff57de04000 ---p 00000000 00:00 0 
7ff57de04000-7ff57df00000 rw-p 00000000 00:00 0 
7ff57df00000-7ff57df04000 ---p 00000000 00:00 0 
7ff57df04000-7ff580000000 rw-p 00000000 00:00 0 
7ff580000000-7ff580021000 rw-p 00000000 00:00 0 
7ff580021000-7ff584000000 ---p 00000000 00:00 0 
7ff584000000-7ff584021000 rw-p 00000000 00:00 0 
7ff584021000-7ff588000000 ---p 00000000 00:00 0 
7ff588000000-7ff588021000 rw-p 00000000 00:00 0 
7ff588021000-7ff58c000000 ---p 00000000 00:00 0 
7ff58c00c000-7ff58c010000 r--p 00000000 fe:00 1445279                    /usr/lib/libresolv.so.2
7ff58c010000-7ff58c019000 r-xp 00004000 fe:00 1445279                    /usr/lib/libresolv.so.2
7ff58c019000-7ff58c01b000 r--p 0000d000 fe:00 1445279                    /usr/lib/libresolv.so.2
7ff58c01b000-7ff58c01c000 ---p 0000f000 fe:00 1445279                    /usr/lib/libresolv.so.2
7ff58c01c000-7ff58c01d000 r--p 0000f000 fe:00 1445279                    /usr/lib/libresolv.so.2
7ff58c01d000-7ff58c01e000 rw-p 00010000 fe:00 1445279                    /usr/lib/libresolv.so.2
7ff58c01e000-7ff58c020000 rw-p 00000000 00:00 0 
7ff58c020000-7ff58c021000 r--p 00000000 fe:00 1506654                    /usr/lib/libnss_mdns_minimal.so.2
7ff58c021000-7ff58c023000 r-xp 00001000 fe:00 1506654                    /usr/lib/libnss_mdns_minimal.so.2
7ff58c023000-7ff58c024000 r--p 00003000 fe:00 1506654                    /usr/lib/libnss_mdns_minimal.so.2
7ff58c024000-7ff58c025000 r--p 00003000 fe:00 1506654                    /usr/lib/libnss_mdns_minimal.so.2
7ff58c025000-7ff58c026000 rw-p 00004000 fe:00 1506654                    /usr/lib/libnss_mdns_minimal.so.2
7ff58c026000-7ff58c02d000 r--p 00000000 fe:00 1455727                    /usr/lib/libnss_mymachines.so.2
7ff58c02d000-7ff58c063000 r-xp 00007000 fe:00 1455727                    /usr/lib/libnss_mymachines.so.2
7ff58c063000-7ff58c076000 r--p 0003d000 fe:00 1455727                    /usr/lib/libnss_mymachines.so.2
7ff58c076000-7ff58c077000 ---p 00050000 fe:00 1455727                    /usr/lib/libnss_mymachines.so.2
7ff58c077000-7ff58c07a000 r--p 00050000 fe:00 1455727                    /usr/lib/libnss_mymachines.so.2
7ff58c07a000-7ff58c07b000 rw-p 00053000 fe:00 1455727                    /usr/lib/libnss_mymachines.so.2
7ff58c07b000-7ff58c07c000 rw-p 00000000 00:00 0 
7ff58c083000-7ff58c084000 r--p 00000000 fe:00 3154324                    /usr/lib/jvm/java-18-openjdk/lib/libextnet.so
7ff58c084000-7ff58c085000 r-xp 00001000 fe:00 3154324                    /usr/lib/jvm/java-18-openjdk/lib/libextnet.so
7ff58c085000-7ff58c086000 r--p 00002000 fe:00 3154324                    /usr/lib/jvm/java-18-openjdk/lib/libextnet.so
7ff58c086000-7ff58c087000 r--p 00002000 fe:00 3154324                    /usr/lib/jvm/java-18-openjdk/lib/libextnet.so
7ff58c087000-7ff58c088000 rw-p 00003000 fe:00 3154324                    /usr/lib/jvm/java-18-openjdk/lib/libextnet.so
7ff58c088000-7ff58c08f000 r--p 00000000 fe:00 3154376                    /usr/lib/jvm/java-18-openjdk/lib/libnio.so
7ff58c08f000-7ff58c097000 r-xp 00007000 fe:00 3154376                    /usr/lib/jvm/java-18-openjdk/lib/libnio.so
7ff58c097000-7ff58c09b000 r--p 0000f000 fe:00 3154376                    /usr/lib/jvm/java-18-openjdk/lib/libnio.so
7ff58c09b000-7ff58c09c000 ---p 00013000 fe:00 3154376                    /usr/lib/jvm/java-18-openjdk/lib/libnio.so
7ff58c09c000-7ff58c09d000 r--p 00013000 fe:00 3154376                    /usr/lib/jvm/java-18-openjdk/lib/libnio.so
7ff58c09d000-7ff58c09e000 rw-p 00014000 fe:00 3154376                    /usr/lib/jvm/java-18-openjdk/lib/libnio.so
7ff58c09e000-7ff58c0a0000 r--p 00000000 fe:00 3154812                    /usr/lib/jvm/java-18-openjdk/lib/libzip.so
7ff58c0a0000-7ff58c0a4000 r-xp 00002000 fe:00 3154812                    /usr/lib/jvm/java-18-openjdk/lib/libzip.so
7ff58c0a4000-7ff58c0a6000 r--p 00006000 fe:00 3154812                    /usr/lib/jvm/java-18-openjdk/lib/libzip.so
7ff58c0a6000-7ff58c0a7000 r--p 00007000 fe:00 3154812                    /usr/lib/jvm/java-18-openjdk/lib/libzip.so
7ff58c0a7000-7ff58c0a8000 rw-p 00008000 fe:00 3154812                    /usr/lib/jvm/java-18-openjdk/lib/libzip.so
7ff58c0a8000-7ff58c391000 r--p 00000000 fe:00 1504614                    /usr/lib/locale/locale-archive
7ff58c391000-7ff58c395000 ---p 00000000 00:00 0 
7ff58c395000-7ff58c491000 rw-p 00000000 00:00 0 
7ff58c491000-7ff58c495000 ---p 00000000 00:00 0 
7ff58c495000-7ff58c591000 rw-p 00000000 00:00 0 
7ff58c591000-7ff58c592000 ---p 00000000 00:00 0 
7ff58c592000-7ff58c693000 rw-p 00000000 00:00 0 
7ff58c693000-7ff58c698000 r--p 00000000 fe:00 3154357                    /usr/lib/jvm/java-18-openjdk/lib/libjsvml.so
7ff58c698000-7ff58c6d9000 r-xp 00005000 fe:00 3154357                    /usr/lib/jvm/java-18-openjdk/lib/libjsvml.so
7ff58c6d9000-7ff58c762000 r--p 00046000 fe:00 3154357                    /usr/lib/jvm/java-18-openjdk/lib/libjsvml.so
7ff58c762000-7ff58c763000 r--p 000ce000 fe:00 3154357                    /usr/lib/jvm/java-18-openjdk/lib/libjsvml.so
7ff58c763000-7ff58c764000 rw-p 000cf000 fe:00 3154357                    /usr/lib/jvm/java-18-openjdk/lib/libjsvml.so
7ff58c764000-7ff58c7e5000 rw-p 00000000 00:00 0 
7ff58c7e5000-7ff58c7e6000 ---p 00000000 00:00 0 
7ff58c7e6000-7ff58c8e7000 rw-p 00000000 00:00 0 
7ff58c8e7000-7ff58c8e8000 ---p 00000000 00:00 0 
7ff58c8e8000-7ff58cbca000 rw-p 00000000 00:00 0 
7ff58cbca000-7ff58d1fa000 ---p 00000000 00:00 0 
7ff58d1fa000-7ff58d21a000 rw-p 00000000 00:00 0 
7ff58d21a000-7ff58d2ba000 ---p 00000000 00:00 0 
7ff58d2ba000-7ff58d2ca000 rw-p 00000000 00:00 0 
7ff58d2ca000-7ff59481a000 ---p 00000000 00:00 0 
7ff59481a000-7ff5948fa000 rw-p 00000000 00:00 0 
7ff5948fa000-7ff594f2a000 ---p 00000000 00:00 0 
7ff594f2a000-7ff594f4a000 rw-p 00000000 00:00 0 
7ff594f4a000-7ff594fea000 ---p 00000000 00:00 0 
7ff594fea000-7ff594ffa000 rw-p 00000000 00:00 0 
7ff594ffa000-7ff59c54a000 ---p 00000000 00:00 0 
7ff59c54a000-7ff59c566000 rw-p 00000000 00:00 0 
7ff59c566000-7ff59c62c000 ---p 00000000 00:00 0 
7ff59c62c000-7ff59c630000 rw-p 00000000 00:00 0 
7ff59c630000-7ff59c644000 ---p 00000000 00:00 0 
7ff59c644000-7ff59c646000 rw-p 00000000 00:00 0 
7ff59c646000-7ff59d4f0000 ---p 00000000 00:00 0 
7ff59d4f0000-7ff59d760000 rwxp 00000000 00:00 0 
7ff59d760000-7ff59da82000 ---p 00000000 00:00 0 
7ff59da82000-7ff59df42000 rwxp 00000000 00:00 0 
7ff59df42000-7ff5a4fb9000 ---p 00000000 00:00 0 
7ff5a4fb9000-7ff5a5229000 rwxp 00000000 00:00 0 
7ff5a5229000-7ff5ac4f0000 ---p 00000000 00:00 0 
7ff5ac4f0000-7ff5b4000000 r--s 00000000 fe:00 3154813                    /usr/lib/jvm/java-18-openjdk/lib/modules
7ff5b4000000-7ff5b4ea9000 rw-p 00000000 00:00 0 
7ff5b4ea9000-7ff5b8000000 ---p 00000000 00:00 0 
7ff5b8000000-7ff5b8003000 r--p 00000000 fe:00 1454687                    /usr/lib/libcap.so.2.64
7ff5b8003000-7ff5b8008000 r-xp 00003000 fe:00 1454687                    /usr/lib/libcap.so.2.64
7ff5b8008000-7ff5b800a000 r--p 00008000 fe:00 1454687                    /usr/lib/libcap.so.2.64
7ff5b800a000-7ff5b800b000 r--p 00009000 fe:00 1454687                    /usr/lib/libcap.so.2.64
7ff5b800b000-7ff5b800c000 rw-p 0000a000 fe:00 1454687                    /usr/lib/libcap.so.2.64
7ff5b800c000-7ff5b800e000 r--p 00000000 fe:00 3154321                    /usr/lib/jvm/java-18-openjdk/lib/libdt_socket.so
7ff5b800e000-7ff5b8011000 r-xp 00002000 fe:00 3154321                    /usr/lib/jvm/java-18-openjdk/lib/libdt_socket.so
7ff5b8011000-7ff5b8012000 r--p 00005000 fe:00 3154321                    /usr/lib/jvm/java-18-openjdk/lib/libdt_socket.so
7ff5b8012000-7ff5b8013000 ---p 00006000 fe:00 3154321                    /usr/lib/jvm/java-18-openjdk/lib/libdt_socket.so
7ff5b8013000-7ff5b8014000 r--p 00006000 fe:00 3154321                    /usr/lib/jvm/java-18-openjdk/lib/libdt_socket.so
7ff5b8014000-7ff5b8015000 rw-p 00007000 fe:00 3154321                    /usr/lib/jvm/java-18-openjdk/lib/libdt_socket.so
7ff5b8015000-7ff5b89ba000 rw-p 00000000 00:00 0 
7ff5b89ba000-7ff5b89bb000 ---p 00000000 00:00 0 
7ff5b89bb000-7ff5b8abc000 rw-p 00000000 00:00 0 
7ff5b8abc000-7ff5b8abd000 ---p 00000000 00:00 0 
7ff5b8abd000-7ff5b8bbe000 rw-p 00000000 00:00 0 
7ff5b8bbe000-7ff5b8bbf000 ---p 00000000 00:00 0 
7ff5b8bbf000-7ff5b8d9d000 rw-p 00000000 00:00 0 
7ff5b8d9d000-7ff5b8e63000 ---p 00000000 00:00 0 
7ff5b8e63000-7ff5b8e67000 rw-p 00000000 00:00 0 
7ff5b8e67000-7ff5b8e7b000 ---p 00000000 00:00 0 
7ff5b8e7b000-7ff5b8e7d000 rw-p 00000000 00:00 0 
7ff5b8e7d000-7ff5b9d27000 ---p 00000000 00:00 0 
7ff5b9d27000-7ff5b9d43000 rw-p 00000000 00:00 0 
7ff5b9d43000-7ff5b9e09000 ---p 00000000 00:00 0 
7ff5b9e09000-7ff5b9e0d000 rw-p 00000000 00:00 0 
7ff5b9e0d000-7ff5b9e21000 ---p 00000000 00:00 0 
7ff5b9e21000-7ff5b9e23000 rw-p 00000000 00:00 0 
7ff5b9e23000-7ff5baccd000 ---p 00000000 00:00 0 
7ff5baccd000-7ff5bb71b000 rw-p 00000000 00:00 0 
7ff5bb71b000-7ff5bb801000 ---p 00000000 00:00 0 
7ff5bb801000-7ff5bb80b000 rw-p 00000000 00:00 0 
7ff5bb80b000-7ff5bb8ec000 ---p 00000000 00:00 0 
7ff5bb8ec000-7ff5bb8f8000 r--p 00000000 fe:00 3154342                    /usr/lib/jvm/java-18-openjdk/lib/libjava.so
7ff5bb8f8000-7ff5bb90a000 r-xp 0000c000 fe:00 3154342                    /usr/lib/jvm/java-18-openjdk/lib/libjava.so
7ff5bb90a000-7ff5bb910000 r--p 0001e000 fe:00 3154342                    /usr/lib/jvm/java-18-openjdk/lib/libjava.so
7ff5bb910000-7ff5bb911000 r--p 00023000 fe:00 3154342                    /usr/lib/jvm/java-18-openjdk/lib/libjava.so
7ff5bb911000-7ff5bb912000 rw-p 00024000 fe:00 3154342                    /usr/lib/jvm/java-18-openjdk/lib/libjava.so
7ff5bb912000-7ff5bb913000 rw-p 00000000 00:00 0 
7ff5bb913000-7ff5bb916000 r--p 00000000 fe:00 3154346                    /usr/lib/jvm/java-18-openjdk/lib/libjdwp.so
7ff5bb916000-7ff5bb945000 r-xp 00003000 fe:00 3154346                    /usr/lib/jvm/java-18-openjdk/lib/libjdwp.so
7ff5bb945000-7ff5bb953000 r--p 00032000 fe:00 3154346                    /usr/lib/jvm/java-18-openjdk/lib/libjdwp.so
7ff5bb953000-7ff5bb954000 r--p 0003f000 fe:00 3154346                    /usr/lib/jvm/java-18-openjdk/lib/libjdwp.so
7ff5bb954000-7ff5bb955000 rw-p 00040000 fe:00 3154346                    /usr/lib/jvm/java-18-openjdk/lib/libjdwp.so
7ff5bb955000-7ff5bb956000 rw-p 00000000 00:00 0 
7ff5bb956000-7ff5bb95a000 ---p 00000000 00:00 0 
7ff5bb95a000-7ff5bba56000 rw-p 00000000 00:00 0 
7ff5bba56000-7ff5bba59000 r--p 00000000 fe:00 1446015                    /usr/lib/libgcc_s.so.1
7ff5bba59000-7ff5bba6b000 r-xp 00003000 fe:00 1446015                    /usr/lib/libgcc_s.so.1
7ff5bba6b000-7ff5bba6e000 r--p 00015000 fe:00 1446015                    /usr/lib/libgcc_s.so.1
7ff5bba6e000-7ff5bba6f000 ---p 00018000 fe:00 1446015                    /usr/lib/libgcc_s.so.1
7ff5bba6f000-7ff5bba70000 r--p 00018000 fe:00 1446015                    /usr/lib/libgcc_s.so.1
7ff5bba70000-7ff5bba71000 rw-p 00019000 fe:00 1446015                    /usr/lib/libgcc_s.so.1
7ff5bba71000-7ff5bba81000 r--p 00000000 fe:00 1445252                    /usr/lib/libm.so.6
7ff5bba81000-7ff5bbafb000 r-xp 00010000 fe:00 1445252                    /usr/lib/libm.so.6
7ff5bbafb000-7ff5bbb57000 r--p 0008a000 fe:00 1445252                    /usr/lib/libm.so.6
7ff5bbb57000-7ff5bbb58000 r--p 000e5000 fe:00 1445252                    /usr/lib/libm.so.6
7ff5bbb58000-7ff5bbb59000 rw-p 000e6000 fe:00 1445252                    /usr/lib/libm.so.6
7ff5bbb59000-7ff5bbbf2000 r--p 00000000 fe:00 1446047                    /usr/lib/libstdc++.so.6.0.29
7ff5bbbf2000-7ff5bbcfb000 r-xp 00099000 fe:00 1446047                    /usr/lib/libstdc++.so.6.0.29
7ff5bbcfb000-7ff5bbd6d000 r--p 001a2000 fe:00 1446047                    /usr/lib/libstdc++.so.6.0.29
7ff5bbd6d000-7ff5bbd6e000 ---p 00214000 fe:00 1446047                    /usr/lib/libstdc++.so.6.0.29
7ff5bbd6e000-7ff5bbd7b000 r--p 00214000 fe:00 1446047                    /usr/lib/libstdc++.so.6.0.29
7ff5bbd7b000-7ff5bbd7c000 rw-p 00221000 fe:00 1446047                    /usr/lib/libstdc++.so.6.0.29
7ff5bbd7c000-7ff5bbd7f000 rw-p 00000000 00:00 0 
7ff5bbd7f000-7ff5bbfe9000 r--p 00000000 fe:00 3154824                    /usr/lib/jvm/java-18-openjdk/lib/server/libjvm.so
7ff5bbfe9000-7ff5bcd0d000 r-xp 0026a000 fe:00 3154824                    /usr/lib/jvm/java-18-openjdk/lib/server/libjvm.so
7ff5bcd0d000-7ff5bcf9d000 r--p 00f8e000 fe:00 3154824                    /usr/lib/jvm/java-18-openjdk/lib/server/libjvm.so
7ff5bcf9d000-7ff5bd05e000 r--p 0121d000 fe:00 3154824                    /usr/lib/jvm/java-18-openjdk/lib/server/libjvm.so
7ff5bd05e000-7ff5bd093000 rw-p 012de000 fe:00 3154824                    /usr/lib/jvm/java-18-openjdk/lib/server/libjvm.so
7ff5bd093000-7ff5bd0f0000 rw-p 00000000 00:00 0 
7ff5bd0f0000-7ff5bd0f3000 r--p 00000000 fe:00 1455100                    /usr/lib/libz.so.1.2.12
7ff5bd0f3000-7ff5bd101000 r-xp 00003000 fe:00 1455100                    /usr/lib/libz.so.1.2.12
7ff5bd101000-7ff5bd108000 r--p 00011000 fe:00 1455100                    /usr/lib/libz.so.1.2.12
7ff5bd108000-7ff5bd109000 r--p 00017000 fe:00 1455100                    /usr/lib/libz.so.1.2.12
7ff5bd109000-7ff5bd10a000 rw-p 00018000 fe:00 1455100                    /usr/lib/libz.so.1.2.12
7ff5bd10a000-7ff5bd136000 r--p 00000000 fe:00 1445240                    /usr/lib/libc.so.6
7ff5bd136000-7ff5bd2ac000 r-xp 0002c000 fe:00 1445240                    /usr/lib/libc.so.6
7ff5bd2ac000-7ff5bd300000 r--p 001a2000 fe:00 1445240                    /usr/lib/libc.so.6
7ff5bd300000-7ff5bd301000 ---p 001f6000 fe:00 1445240                    /usr/lib/libc.so.6
7ff5bd301000-7ff5bd304000 r--p 001f6000 fe:00 1445240                    /usr/lib/libc.so.6
7ff5bd304000-7ff5bd307000 rw-p 001f9000 fe:00 1445240                    /usr/lib/libc.so.6
7ff5bd307000-7ff5bd319000 rw-p 00000000 00:00 0 
7ff5bd319000-7ff5bd320000 ---p 00000000 00:00 0 
7ff5bd320000-7ff5bd328000 rw-s 00000000 00:23 5444                       /tmp/hsperfdata_mvonkeil/75604
7ff5bd328000-7ff5bd32a000 r--p 00000000 fe:00 3154328                    /usr/lib/jvm/java-18-openjdk/lib/libinstrument.so
7ff5bd32a000-7ff5bd330000 r-xp 00002000 fe:00 3154328                    /usr/lib/jvm/java-18-openjdk/lib/libinstrument.so
7ff5bd330000-7ff5bd333000 r--p 00008000 fe:00 3154328                    /usr/lib/jvm/java-18-openjdk/lib/libinstrument.so
7ff5bd333000-7ff5bd334000 r--p 0000a000 fe:00 3154328                    /usr/lib/jvm/java-18-openjdk/lib/libinstrument.so
7ff5bd334000-7ff5bd335000 rw-p 0000b000 fe:00 3154328                    /usr/lib/jvm/java-18-openjdk/lib/libinstrument.so
7ff5bd335000-7ff5bd336000 ---p 00000000 00:00 0 
7ff5bd336000-7ff5bd337000 r--p 00000000 00:00 0 
7ff5bd337000-7ff5bd339000 r--p 00000000 fe:00 3154349                    /usr/lib/jvm/java-18-openjdk/lib/libjimage.so
7ff5bd339000-7ff5bd33c000 r-xp 00002000 fe:00 3154349                    /usr/lib/jvm/java-18-openjdk/lib/libjimage.so
7ff5bd33c000-7ff5bd33d000 r--p 00005000 fe:00 3154349                    /usr/lib/jvm/java-18-openjdk/lib/libjimage.so
7ff5bd33d000-7ff5bd33e000 ---p 00006000 fe:00 3154349                    /usr/lib/jvm/java-18-openjdk/lib/libjimage.so
7ff5bd33e000-7ff5bd33f000 r--p 00006000 fe:00 3154349                    /usr/lib/jvm/java-18-openjdk/lib/libjimage.so
7ff5bd33f000-7ff5bd340000 rw-p 00007000 fe:00 3154349                    /usr/lib/jvm/java-18-openjdk/lib/libjimage.so
7ff5bd340000-7ff5bd342000 r--p 00000000 fe:00 3154351                    /usr/lib/jvm/java-18-openjdk/lib/libjli.so
7ff5bd342000-7ff5bd34b000 r-xp 00002000 fe:00 3154351                    /usr/lib/jvm/java-18-openjdk/lib/libjli.so
7ff5bd34b000-7ff5bd34e000 r--p 0000b000 fe:00 3154351                    /usr/lib/jvm/java-18-openjdk/lib/libjli.so
7ff5bd34e000-7ff5bd34f000 r--p 0000d000 fe:00 3154351                    /usr/lib/jvm/java-18-openjdk/lib/libjli.so
7ff5bd34f000-7ff5bd350000 rw-p 0000e000 fe:00 3154351                    /usr/lib/jvm/java-18-openjdk/lib/libjli.so
7ff5bd350000-7ff5bd352000 rw-p 00000000 00:00 0 
7ff5bd352000-7ff5bd354000 r--p 00000000 fe:00 1445230                    /usr/lib/ld-linux-x86-64.so.2
7ff5bd354000-7ff5bd37b000 r-xp 00002000 fe:00 1445230                    /usr/lib/ld-linux-x86-64.so.2
7ff5bd37b000-7ff5bd386000 r--p 00029000 fe:00 1445230                    /usr/lib/ld-linux-x86-64.so.2
7ff5bd386000-7ff5bd387000 ---p 00000000 00:00 0 
7ff5bd387000-7ff5bd389000 r--p 00034000 fe:00 1445230                    /usr/lib/ld-linux-x86-64.so.2
7ff5bd389000-7ff5bd38b000 rw-p 00036000 fe:00 1445230                    /usr/lib/ld-linux-x86-64.so.2
7ffc007b5000-7ffc007d7000 rw-p 00000000 00:00 0                          [stack]
7ffc007f2000-7ffc007f6000 r--p 00000000 00:00 0                          [vvar]
7ffc007f6000-7ffc007f8000 r-xp 00000000 00:00 0                          [vdso]
ffffffffff600000-ffffffffff601000 --xp 00000000 00:00 0                  [vsyscall]


VM Arguments:
jvm_args: -XX:+ShowCodeDetailsInExceptionMessages -agentlib:jdwp=transport=dt_socket,suspend=y,address=localhost:37403 -ea -javaagent:/home/mvonkeil/Dev/eclipse/modelling/eclipse/configuration/org.eclipse.osgi/577/0/.cp/lib/javaagent-shaded.jar -Dfile.encoding=UTF-8 
java_command: org.eclipse.jdt.internal.junit.runner.RemoteTestRunner -version 3 -port 44213 -testLoaderClass org.eclipse.jdt.internal.junit5.runner.JUnit5TestLoader -loaderpluginname org.eclipse.jdt.junit5.runtime -classNames de.enithing.contenthub.generator.GeneratorTest
java_class_path (initial): /home/mvonkeil/Projects/AemContentHub/de.enithing.contenthub.generator.core/target/test-classes:/home/mvonkeil/Projects/AemContentHub/de.enithing.contenthub.generator.core/target/classes:/home/mvonkeil/.m2/repository/org/eclipse/emf/org.eclipse.emf.ecore/2.26.0/org.eclipse.emf.ecore-2.26.0.jar:/home/mvonkeil/.m2/repository/org/eclipse/emf/org.eclipse.emf.common/2.24.0/org.eclipse.emf.common-2.24.0.jar:/home/mvonkeil/.m2/repository/org/eclipse/emf/org.eclipse.emf.ecore.xmi/2.16.0/org.eclipse.emf.ecore.xmi-2.16.0.jar:/home/mvonkeil/.m2/repository/org/apache/velocity/velocity/1.7/velocity-1.7.jar:/home/mvonkeil/.m2/repository/commons-collections/commons-collections/3.2.1/commons-collections-3.2.1.jar:/home/mvonkeil/.m2/repository/commons-lang/commons-lang/2.4/commons-lang-2.4.jar:/home/mvonkeil/.m2/repository/org/apache/commons/commons-vfs2/2.9.0/commons-vfs2-2.9.0.jar:/home/mvonkeil/.m2/repository/commons-logging/commons-logging/1.2/commons-logging-1.2.jar:/home/mvonkeil/.m2/repository/org/apache/hadoop/hadoop-hdfs-client/3.3.1/hadoop-hdfs-client-3.3.1.jar:/home/mvonkeil/.m2/repository/com/squareup/okhttp/okhttp/2.7.5/okhttp-2.7.5.jar:/home/mvonkeil/.m2/repository/com/squareup/okio/okio/1.6.0/okio-1.6.0.jar:/home/mvonkeil/.m2/repository/com/fasterxml/jackson/core/jackson-annotations/2.10.5/jackson-annotations-2.10.5.jar:/home/mvonkeil/.m2/repository/com/fasterxml/jackson/core/jackson-databind/2.10.5.1/jackson-databind-2.10.5.1.jar:/home/mvonkeil/.m2/repository/com/fasterxml/jackson/core/jackson-core/2.10.5/jackson-core-2.10.5.jar:/home/mvonkeil/.m2/repository/org/apache/commons/commons-lang3/3.12.0/commons-lang3-3.12.0.jar:/home/mvonkeil/.m2/repository/org/apache/commons/commons-text/1.9/commons-text-1.9.jar:/home/mvonkeil/.m2/repository/org/jdom/jdom/2.0.2/jdom-2.0.2.jar:/home/mvonkeil/.p2/pool/plugins/org.eclipse.core.runtime_3.24.0.v20210910-0750.jar:/home/mvonkeil/.p2/pool/plugins/org.eclipse.osgi_3.17.100.v20211104-1730.jar:/home/mvonkeil/.p2/pool/plugins/org.eclipse.osgi.compatibility.state_1.2.500.v20210730-0750.jar:/home/mvonkeil/.p2/pool/plugins/org.eclipse.equinox.common_3.15.100.v20211021-1418.jar:/home/mvonkeil/.p2/pool/plugins/org.eclipse.core.jobs_3.12.0.v20210723-1034.jar:/home/mvonkeil/.p2/pool/plugins/org.eclipse.equinox.registry_3.11.100.v20211021-1418.jar:/home/mvonkeil/.p2/pool/plugins/org.eclipse.equinox.preferences_3.9.100.v20211021-1418.jar:/home/mvonkeil/.p2/pool/plugins/org.eclipse.core.contenttype_3.8.100.v20210910-0640.jar:/home/mvonkeil/.p2/pool/plugins/org.eclipse.equinox.app_1.6.100.v20211021-1418.jar:/home/mvonkeil/.p2/pool/plugins/org.eclipse.emf.ecore_2.25.0.v20210816-0937.jar:/home/mvonkeil/.p2/pool/plugins/org.eclipse.emf.common_2.23.0.v20210924-1718.jar:/home/mvonkeil/.p2/pool/plugins/org.apache.commons.lang_2.6.0.v201404270220.jar:/home/mvonkeil/Projects/AemContentHub/de.enithing.contenthub.model/target/classes:/home/mvonkeil/.m2/repository/org/junit/jupiter/junit-jupiter/5.8.2/junit-jupiter-5.8.2.jar:/home/mvonkeil/.m2/repository/org/junit/jupiter/junit-jupiter-api/5.8.2/junit-jupiter-api-5.8.2.jar:/home/mvonkeil/.m2/repository/org/opentest4j/opentest4j/1.2.0/opentest4j-1.2.0.jar:/home/mvonkeil/.m2/repository/org/junit/platform/junit-platform-commons/1.8.2/junit-platform-commons-1.8.2.jar:/home/mvonkeil/.m2/repository/org/apiguardian/apiguardian-api/1.1.2/apiguardian-api-1.1.2.jar:/home/mvonkeil/.m2/repository/org/junit/jupiter/junit-jupiter-params/5.8.2/junit-jupiter-params-5.8.2.jar:/home/mvonkeil/.m2/repository/org/junit/jupiter/junit-jupiter-engine/5.8.2/junit-jupiter-engine-5.8.2.jar:/home/mvonkeil/.m2/repository/org/junit/platform/junit-platform-engine/1.8.2/junit-platform-engine-1.8.2.jar:/home/mvonkeil/.m2/repository/org/junit/platform/junit-platform-launcher/1.8.2/junit-platform-launcher-1.8.2.jar:/home/mvonkeil/Dev/eclipse/modelling/eclipse/configuration/org.eclipse.osgi/576/0/.cp:/home/mvonkeil/Dev/eclipse/modelling/eclipse/configuration/org.eclipse.osgi/574/0/.cp
Launcher Type: SUN_STANDARD

[Global flags]
     intx CICompilerCount                          = 4                                         {product} {ergonomic}
     uint ConcGCThreads                            = 3                                         {product} {ergonomic}
     uint G1ConcRefinementThreads                  = 10                                        {product} {ergonomic}
   size_t G1HeapRegionSize                         = 4194304                                   {product} {ergonomic}
    uintx GCDrainStackTargetSize                   = 64                                        {product} {ergonomic}
   size_t InitialHeapSize                          = 528482304                                 {product} {ergonomic}
   size_t MarkStackSize                            = 4194304                                   {product} {ergonomic}
   size_t MaxHeapSize                              = 8401190912                                {product} {ergonomic}
   size_t MaxNewSize                               = 5037359104                                {product} {ergonomic}
   size_t MinHeapDeltaBytes                        = 4194304                                   {product} {ergonomic}
   size_t MinHeapSize                              = 8388608                                   {product} {ergonomic}
    uintx NonNMethodCodeHeapSize                   = 5839372                                {pd product} {ergonomic}
    uintx NonProfiledCodeHeapSize                  = 122909434                              {pd product} {ergonomic}
    uintx ProfiledCodeHeapSize                     = 122909434                              {pd product} {ergonomic}
    uintx ReservedCodeCacheSize                    = 251658240                              {pd product} {ergonomic}
     bool SegmentedCodeCache                       = true                                      {product} {ergonomic}
     bool ShowCodeDetailsInExceptionMessages       = true                                   {manageable} {command line}
   size_t SoftMaxHeapSize                          = 8401190912                             {manageable} {ergonomic}
     bool UseCompressedClassPointers               = true                           {product lp64_product} {ergonomic}
     bool UseCompressedOops                        = true                           {product lp64_product} {ergonomic}
     bool UseG1GC                                  = true                                      {product} {ergonomic}

Logging:
Log output configuration:
 #0: stdout all=warning uptime,level,tags foldmultilines=false
 #1: stderr all=off uptime,level,tags foldmultilines=false

Environment Variables:
PATH=/home/mvonkeil/Dev/Android/Sdk/platform-tools:/home/mvonkeil/Dev/Android/Sdk/emulator:/home/mvonkeil/Dev/Android/Sdk/tools:/home/mvonkeil/.local/bin:/usr/local/sbin:/usr/local/bin:/usr/bin:/home/mvonkeil/.dotnet/tools:/usr/lib/jvm/default/bin:/usr/bin/site_perl:/usr/bin/vendor_perl:/usr/bin/core_perl
SHELL=/bin/bash
DISPLAY=:0
LANG=en_US.UTF-8

Signal Handlers:
   SIGSEGV: 0x00007ff5bcc893f0 in libjvm.so+15770608, mask=11100100010111111101111111111110, flags=SA_RESTART|SA_SIGINFO
    SIGBUS: 0x00007ff5bcc893f0 in libjvm.so+15770608, mask=11100100010111111101111111111110, flags=SA_RESTART|SA_SIGINFO
    SIGFPE: 0x00007ff5bcc893f0 in libjvm.so+15770608, mask=11100100010111111101111111111110, flags=SA_RESTART|SA_SIGINFO
   SIGPIPE: 0x00007ff5bcb2ed80 in libjvm.so+14351744, mask=11100100010111111101111111111110, flags=SA_RESTART|SA_SIGINFO
   SIGXFSZ: 0x00007ff5bcb2ed80 in libjvm.so+14351744, mask=11100100010111111101111111111110, flags=SA_RESTART|SA_SIGINFO
    SIGILL: 0x00007ff5bcc893f0 in libjvm.so+15770608, mask=11100100010111111101111111111110, flags=SA_RESTART|SA_SIGINFO
   SIGUSR2: 0x00007ff5bcb2e410 in libjvm.so+14349328, mask=00100000000000000000000000000000, flags=SA_RESTART|SA_SIGINFO
    SIGHUP: 0x00007ff5bcb2e330 in libjvm.so+14349104, mask=11100100010111111101111111111110, flags=SA_RESTART|SA_SIGINFO
    SIGINT: 0x00007ff5bcb2e330 in libjvm.so+14349104, mask=11100100010111111101111111111110, flags=SA_RESTART|SA_SIGINFO
   SIGTERM: 0x00007ff5bcb2e330 in libjvm.so+14349104, mask=11100100010111111101111111111110, flags=SA_RESTART|SA_SIGINFO
   SIGQUIT: 0x00007ff5bcb2e330 in libjvm.so+14349104, mask=11100100010111111101111111111110, flags=SA_RESTART|SA_SIGINFO
   SIGTRAP: 0x00007ff5bcc893f0 in libjvm.so+15770608, mask=11100100010111111101111111111110, flags=SA_RESTART|SA_SIGINFO


---------------  S Y S T E M  ---------------

OS:
DISTRIB_ID="Arch"
DISTRIB_RELEASE="rolling"
DISTRIB_DESCRIPTION="Arch Linux"
uname: Linux 5.16.11-arch1-1 #1 SMP PREEMPT Thu, 24 Feb 2022 02:18:20 +0000 x86_64
OS uptime: 0 days 2:25 hours
libc: glibc 2.35 NPTL 2.35 
rlimit (soft/hard): STACK 8192k/infinity , CORE infinity/infinity , NPROC 128091/128091 , NOFILE 524288/524288 , AS infinity/infinity , CPU infinity/infinity , DATA infinity/infinity , FSIZE infinity/infinity , MEMLOCK 8192k/8192k
load average: 1.31 1.47 1.60

/proc/meminfo:
MemTotal:       32815976 kB
MemFree:          497964 kB
MemAvailable:   24052448 kB
Buffers:          534296 kB
Cached:         22286032 kB
SwapCached:           44 kB
Active:         10923880 kB
Inactive:       19089864 kB
Active(anon):      57836 kB
Inactive(anon):  7306560 kB
Active(file):   10866044 kB
Inactive(file): 11783304 kB
Unevictable:        2092 kB
Mlocked:            2092 kB
SwapTotal:       4194300 kB
SwapFree:        4162556 kB
Dirty:             16312 kB
Writeback:           148 kB
AnonPages:       7195584 kB
Mapped:          2260924 kB
Shmem:            175096 kB
KReclaimable:    1373676 kB
Slab:            1686936 kB
SReclaimable:    1373676 kB
SUnreclaim:       313260 kB
KernelStack:       27792 kB
PageTables:        77964 kB
NFS_Unstable:          0 kB
Bounce:                0 kB
WritebackTmp:          0 kB
CommitLimit:    20602288 kB
Committed_AS:   25356240 kB
VmallocTotal:   34359738367 kB
VmallocUsed:      111384 kB
VmallocChunk:          0 kB
Percpu:            13248 kB
HardwareCorrupted:     0 kB
AnonHugePages:         0 kB
ShmemHugePages:        0 kB
ShmemPmdMapped:        0 kB
FileHugePages:         0 kB
FilePmdMapped:         0 kB
CmaTotal:              0 kB
CmaFree:               0 kB
HugePages_Total:       0
HugePages_Free:        0
HugePages_Rsvd:        0
HugePages_Surp:        0
Hugepagesize:       2048 kB
Hugetlb:               0 kB
DirectMap4k:     1548844 kB
DirectMap2M:    27752448 kB
DirectMap1G:     4194304 kB

/sys/kernel/mm/transparent_hugepage/enabled: always [madvise] never
/sys/kernel/mm/transparent_hugepage/defrag (defrag/compaction efforts parameter): always defer defer+madvise [madvise] never

Process Memory:
Virtual Size: 12546496K (peak: 12614580K)
Resident Set Size: 150572K (peak: 176308K) (anon: 129180K, file: 21360K, shmem: 32K)
Swapped out: 0K
C-Heap outstanding allocations: 13002K

/proc/sys/kernel/threads-max (system-wide limit on the number of threads): 256182
/proc/sys/vm/max_map_count (maximum number of memory map areas a process may have): 65530
/proc/sys/kernel/pid_max (system-wide limit on number of process identifiers): 4194304

container (cgroup) information:
container_type: cgroupv2
cpu_cpuset_cpus: not supported
cpu_memory_nodes: not supported
active_processor_count: 12
cpu_quota: not supported
cpu_period: not supported
cpu_shares: not supported
memory_limit_in_bytes: unlimited
memory_and_swap_limit_in_bytes: unlimited
memory_soft_limit_in_bytes: unlimited
memory_usage_in_bytes: 10224918528
memory_max_usage_in_bytes: not supported
maximum number of tasks: 38427
current number of tasks: 167

Steal ticks since vm start: 0
Steal ticks percentage since vm start:  0.000

CPU: total 12 (initial active 12) (6 cores per cpu, 2 threads per core) family 6 model 158 stepping 10 microcode 0xec, cx8, cmov, fxsr, ht, mmx, 3dnowpref, sse, sse2, sse3, ssse3, sse4.1, sse4.2, popcnt, lzcnt, tsc, tscinvbit, avx, avx2, aes, erms, clmul, bmi1, bmi2, adx, fma, vzeroupper, clflush, clflushopt
CPU Model and flags from /proc/cpuinfo:
model name	: Intel(R) Core(TM) i7-8700K CPU @ 3.70GHz
flags		: fpu vme de pse tsc msr pae mce cx8 apic sep mtrr pge mca cmov pat pse36 clflush dts acpi mmx fxsr sse sse2 ss ht tm pbe syscall nx pdpe1gb rdtscp lm constant_tsc art arch_perfmon pebs bts rep_good nopl xtopology nonstop_tsc cpuid aperfmperf pni pclmulqdq dtes64 monitor ds_cpl vmx smx est tm2 ssse3 sdbg fma cx16 xtpr pdcm pcid sse4_1 sse4_2 x2apic movbe popcnt tsc_deadline_timer aes xsave avx f16c rdrand lahf_lm abm 3dnowprefetch cpuid_fault invpcid_single pti ssbd ibrs ibpb stibp tpr_shadow vnmi flexpriority ept vpid ept_ad fsgsbase tsc_adjust bmi1 avx2 smep bmi2 erms invpcid mpx rdseed adx smap clflushopt intel_pt xsaveopt xsavec xgetbv1 xsaves dtherm ida arat pln pts hwp hwp_notify hwp_act_window hwp_epp md_clear flush_l1d arch_capabilities

Online cpus: 0-11
Offline cpus: 
BIOS frequency limitation: <Not Available>
Frequency switch latency (ns): 0
Available cpu frequencies: <Not Available>
Current governor: powersave
Core performance/turbo boost: <Not Available>

Memory: 4k page, physical 32815976k(497964k free), swap 4194300k(4162556k free)
Page Sizes: 4k

vm_info: OpenJDK 64-Bit Server VM (18.0.1+10) for linux-amd64 JRE (18.0.1+10), built on Apr 19 2022 23:47:19 by "builduser" with gcc 11.2.0

END.
