#
# A fatal error has been detected by the Java Runtime Environment:
#
#  SIGSEGV (0xb) at pc=0x00007f01a0d4966d, pid=7644, tid=7670
#
# JRE version: OpenJDK Runtime Environment (18.0) (build 18+0)
# Java VM: OpenJDK 64-Bit Server VM (18+0, mixed mode, tiered, compressed oops, compressed class ptrs, g1 gc, linux-amd64)
# Problematic frame:
# V  [libjvm.so+0xe2666d]
#
# Core dump will be written. Default location: Core dumps may be processed with "/usr/lib/systemd/systemd-coredump %P %u %g %s %t %c %h" (or dumping to /home/mvonkeil/Projects/AemContentHub/de.enithing.contenthub.generator.core/core.7644)
#
# If you would like to submit a bug report, please visit:
#   https://bugreport.java.com/bugreport/crash.jsp
#

---------------  S U M M A R Y ------------

Command Line: -XX:+ShowCodeDetailsInExceptionMessages -agentlib:jdwp=transport=dt_socket,suspend=y,address=localhost:42931 -ea -javaagent:/home/mvonkeil/Dev/eclipse/modelling/eclipse/configuration/org.eclipse.osgi/577/0/.cp/lib/javaagent-shaded.jar -Dfile.encoding=UTF-8 org.eclipse.jdt.internal.junit.runner.RemoteTestRunner -version 3 -port 38477 -testLoaderClass org.eclipse.jdt.internal.junit5.runner.JUnit5TestLoader -loaderpluginname org.eclipse.jdt.junit5.runtime -classNames de.enithing.contenthub.generator.GeneratorTest

Host: Intel(R) Core(TM) i7-8700K CPU @ 3.70GHz, 12 cores, 31G, Arch Linux
Time: Mon Apr 25 11:21:39 2022 CEST elapsed time: 30.360570 seconds (0d 0h 0m 30s)

---------------  T H R E A D  ---------------

Current thread (0x00007f01982a5a30):  JavaThread "JDWP Transport Listener: dt_socket" daemon [_thread_in_vm, id=7670, stack(0x00007f0161960000,0x00007f0161a60000)]

Stack: [0x00007f0161960000,0x00007f0161a60000],  sp=0x00007f0161a5e920,  free space=1018k
Native frames: (J=compiled Java code, j=interpreted, Vv=VM code, C=native code)
V  [libjvm.so+0xe2666d]
V  [libjvm.so+0xa3d862]
V  [libjvm.so+0x9f361a]
C  [libjdwp.so+0x2e9b8]
C  [libjdwp.so+0x84e1]
C  [libjdwp.so+0x142b9]
C  [libjdwp.so+0x280ec]
V  [libjvm.so+0xa5dec5]
V  [libjvm.so+0xe7f185]
V  [libjvm.so+0xe83597]
V  [libjvm.so+0xc4f52e]


siginfo: si_signo: 11 (SIGSEGV), si_code: 1 (SEGV_MAPERR), si_addr: 0x0000000000550005

Register to memory mapping:

RAX=0x0000000000000056 is an unknown value
RBX=0x0000000800291a40 is a pointer to class: 
de.enithing.contenthub.generator.contentfragment.instance.ContentFragmentGenerator {0x0000000800291a40}
 - instance size:     2
 - klass size:        99
 - access:            public synchronized 
 - state:             fully_initialized
 - name:              'de/enithing/contenthub/generator/contentfragment/instance/ContentFragmentGenerator'
 - super:             'java/lang/Object'
 - sub:               
 - arrays:            NULL
 - methods:           Array<T>(0x00007f015946a7a0)
 - method ordering:   Array<T>(0x00007f015946bdf0)
 - default_methods:   Array<T>(0x00007f015946a248)
 - default vtable indices:   Array<T>(0x00007f015946a298)
 - local interfaces:  Array<T>(0x00007f0159469c10)
 - trans. interfaces: Array<T>(0x00007f015946a208)
 - constants:         constant pool [95] {0x00007f015946c560} for 'de/enithing/contenthub/generator/contentfragment/instance/ContentFragmentGenerator' cache=0x00007f015946a568
 - class loader data:  loader data: 0x00007f01982539b0 for instance a 'jdk/internal/loader/ClassLoaders$AppClassLoader'{0x000000060b41e2e8}
 - source file:       'ContentFragmentGenerator.java'
 - source debug extension:       SMAP
ContentFragmentGenerator.java
Java
*S jdt
*F
1 ContentFragmentGenerator.java
2 file:/home/mvonkeil/Projects/AemContentHub/de.enithing.contenthub.generator.core/target/classes/
*L
*E

 - class annotations:       Array<T>(0x0000000000000000)
 - class type annotations:  Array<T>(0x0000000000000000)
 - field annotations:       Array<T>(0x0000000000000000)
 - field type annotations:  Array<T>(0x0000000000000000)
 - generic signature: '
[error occurred during error reporting (printing register info), id 0xb, SIGSEGV (0xb) at pc=0x00007f01a0d4a669]

Registers:
RAX=0x0000000000000056, RBX=0x0000000800291a40, RCX=0x00007f015946c560, RDX=0x000000000000001c
RSP=0x00007f0161a5e920, RBP=0x00007f0161a5e930, RSI=0x0000000000000000, RDI=0x0000000000550001
R8 =0x0000000800291a40, R9 =0x0000000000000052, R10=0x0000000000000053, R11=0x0a880d1e0eb33fbb
R12=0x00007f013c021ee8, R13=0x0000000800291a40, R14=0x00007f013c021e80, R15=0x00007f01982a5fb0
RIP=0x00007f01a0d4966d, EFLAGS=0x0000000000010246, CSGSFS=0x002b000000000033, ERR=0x0000000000000004
  TRAPNO=0x000000000000000e

Top of Stack: (sp=0x00007f0161a5e920)
0x00007f0161a5e920:   0000000800291a40 00007f013c021ee8
0x00007f0161a5e930:   00007f0161a5e9b0 00007f01a0960862
0x00007f0161a5e940:   00007f0161a5e960 0000000800291a40
0x00007f0161a5e950:   00000000000003d8 00007f0198005da0 

Instructions: (pc=0x00007f01a0d4966d)
0x00007f01a0d4956d:   c0 10 48 39 f0 75 ec 89 d6 83 e6 f0 89 f0 39 f2
0x00007f01a0d4957d:   0f 84 9f 00 00 00 89 d7 29 f7 44 8d 4f ff 41 83
0x00007f01a0d4958d:   f9 06 76 14 4c 8b 4c 31 06 4d 89 0c 30 89 fe 83
0x00007f01a0d4959d:   e6 f8 01 f0 39 f7 74 7d 48 63 f0 0f b6 7c 31 06
0x00007f01a0d495ad:   41 88 3c 30 8d 70 01 39 f2 7e 6a 48 63 f6 0f b6
0x00007f01a0d495bd:   7c 31 06 41 88 3c 30 8d 70 02 39 f2 7e 57 48 63
0x00007f01a0d495cd:   f6 0f b6 7c 31 06 41 88 3c 30 8d 70 03 39 f2 7e
0x00007f01a0d495dd:   44 48 63 f6 0f b6 7c 31 06 41 88 3c 30 8d 70 04
0x00007f01a0d495ed:   39 f2 7e 31 48 63 f6 0f b6 7c 31 06 41 88 3c 30
0x00007f01a0d495fd:   8d 70 05 39 f2 7e 1e 48 63 f6 83 c0 06 0f b6 7c
0x00007f01a0d4960d:   31 06 41 88 3c 30 39 c2 7e 0b 48 98 0f b6 4c 01
0x00007f01a0d4961d:   06 41 88 0c 00 48 63 d2 41 c6 04 10 00 4c 89 c0
0x00007f01a0d4962d:   c3 66 90 89 d7 31 c0 0f 1f 40 00 0f b6 74 01 06
0x00007f01a0d4963d:   41 88 34 00 48 83 c0 01 48 39 f8 75 ee 48 63 d2
0x00007f01a0d4964d:   41 c6 04 10 00 eb d6 31 f6 31 c0 e9 34 ff ff ff
0x00007f01a0d4965d:   90 66 90 f3 0f 1e fa 55 31 f6 48 89 e5 41 54 53
0x00007f01a0d4966d:   44 0f b7 67 04 48 89 fb 41 8d 7c 24 01 48 63 ff
0x00007f01a0d4967d:   67 e8 8d 69 ec ff 0f b7 53 04 49 89 c0 44 39 e2
0x00007f01a0d4968d:   41 0f 4f d4 85 d2 0f 84 f7 00 00 00 48 8d 7b 07
0x00007f01a0d4969d:   4c 89 c1 8d 42 ff 89 d6 48 29 f9 48 83 f9 0e 0f
0x00007f01a0d496ad:   86 ee 00 00 00 83 f8 06 0f 86 e5 00 00 00 83 f8
0x00007f01a0d496bd:   0e 0f 86 06 01 00 00 89 d1 31 c0 c1 e9 04 48 c1
0x00007f01a0d496cd:   e1 04 90 f3 0f 6f 44 03 06 41 0f 11 04 00 48 83
0x00007f01a0d496dd:   c0 10 48 39 c8 75 ec 89 d1 83 e1 f0 89 c8 39 ca
0x00007f01a0d496ed:   0f 84 9d 00 00 00 89 d6 29 ce 8d 7e ff 83 ff 06
0x00007f01a0d496fd:   76 14 48 8b 7c 0b 06 49 89 3c 08 89 f1 83 e1 f8
0x00007f01a0d4970d:   01 c8 39 ce 74 7d 48 63 c8 0f b6 74 0b 06 41 88
0x00007f01a0d4971d:   34 08 8d 48 01 39 ca 7e 6a 48 63 c9 0f b6 74 0b
0x00007f01a0d4972d:   06 41 88 34 08 8d 48 02 39 ca 7e 57 48 63 c9 0f
0x00007f01a0d4973d:   b6 74 0b 06 41 88 34 08 8d 48 03 39 ca 7e 44 48
0x00007f01a0d4974d:   63 c9 0f b6 74 0b 06 41 88 34 08 8d 48 04 39 ca
0x00007f01a0d4975d:   7e 31 48 63 c9 0f b6 74 0b 06 41 88 34 08 8d 48 


Stack slot to memory mapping:
stack at sp + 0 slots: 0x0000000800291a40 is a pointer to class: 
de.enithing.contenthub.generator.contentfragment.instance.ContentFragmentGenerator {0x0000000800291a40}
 - instance size:     2
 - klass size:        99
 - access:            public synchronized 
 - state:             fully_initialized
 - name:              'de/enithing/contenthub/generator/contentfragment/instance/ContentFragmentGenerator'
 - super:             'java/lang/Object'
 - sub:               
 - arrays:            NULL
 - methods:           Array<T>(0x00007f015946a7a0)
 - method ordering:   Array<T>(0x00007f015946bdf0)
 - default_methods:   Array<T>(0x00007f015946a248)
 - default vtable indices:   Array<T>(0x00007f015946a298)
 - local interfaces:  Array<T>(0x00007f0159469c10)
 - trans. interfaces: Array<T>(0x00007f015946a208)
 - constants:         constant pool [95] {0x00007f015946c560} for 'de/enithing/contenthub/generator/contentfragment/instance/ContentFragmentGenerator' cache=0x00007f015946a568
 - class loader data:  loader data: 0x00007f01982539b0 for instance a 'jdk/internal/loader/ClassLoaders$AppClassLoader'{0x000000060b41e2e8}
 - source file:       'ContentFragmentGenerator.java'
 - source debug extension:       SMAP
ContentFragmentGenerator.java
Java
*S jdt
*F
1 ContentFragmentGenerator.java
2 file:/home/mvonkeil/Projects/AemContentHub/de.enithing.contenthub.generator.core/target/classes/
*L
*E

 - class annotations:       Array<T>(0x0000000000000000)
 - class type annotations:  Array<T>(0x0000000000000000)
 - field annotations:       Array<T>(0x0000000000000000)
 - field type annotations:  Array<T>(0x0000000000000000)
 - generic signature: '
[error occurred during error reporting (inspecting top of stack), id 0xb, SIGSEGV (0xb) at pc=0x00007f01a0d4a669]


---------------  P R O C E S S  ---------------

Threads class SMR info:
_java_thread_list=0x00007f0110195270, length=17, elements={
0x00007f0198017070, 0x00007f019813f4a0, 0x00007f0198140b30, 0x00007f01981749a0,
0x00007f0198175d40, 0x00007f0198169630, 0x00007f019816ab30, 0x00007f019816c000,
0x00007f019816d460, 0x00007f0198241690, 0x00007f01982a5a30, 0x00007f01982c9330,
0x00007f012c001120, 0x00007f0198574090, 0x00007f0198662bd0, 0x00007f0198780e80,
0x00007f0198b322f0
}

Java Threads: ( => current thread )
  0x00007f0198017070 JavaThread "main" [_thread_blocked, id=7652, stack(0x00007f019fafa000,0x00007f019fbfa000)]
  0x00007f019813f4a0 JavaThread "Reference Handler" daemon [_thread_blocked, id=7660, stack(0x00007f0170646000,0x00007f0170746000)]
  0x00007f0198140b30 JavaThread "Finalizer" daemon [_thread_blocked, id=7661, stack(0x00007f0170546000,0x00007f0170646000)]
  0x00007f01981749a0 JavaThread "Signal Dispatcher" daemon [_thread_blocked, id=7662, stack(0x00007f017015d000,0x00007f017025d000)]
  0x00007f0198175d40 JavaThread "Service Thread" daemon [_thread_blocked, id=7663, stack(0x00007f017005d000,0x00007f017015d000)]
  0x00007f0198169630 JavaThread "Monitor Deflation Thread" daemon [_thread_blocked, id=7664, stack(0x00007f0161f00000,0x00007f0162000000)]
  0x00007f019816ab30 JavaThread "C2 CompilerThread0" daemon [_thread_blocked, id=7665, stack(0x00007f0161e00000,0x00007f0161f00000)]
  0x00007f019816c000 JavaThread "C1 CompilerThread0" daemon [_thread_blocked, id=7666, stack(0x00007f0161d00000,0x00007f0161e00000)]
  0x00007f019816d460 JavaThread "Sweeper thread" daemon [_thread_blocked, id=7667, stack(0x00007f0161c00000,0x00007f0161d00000)]
  0x00007f0198241690 JavaThread "Common-Cleaner" daemon [_thread_blocked, id=7668, stack(0x00007f0161b00000,0x00007f0161c00000)]
=>0x00007f01982a5a30 JavaThread "JDWP Transport Listener: dt_socket" daemon [_thread_in_vm, id=7670, stack(0x00007f0161960000,0x00007f0161a60000)]
  0x00007f01982c9330 JavaThread "JDWP Event Helper Thread" daemon [_thread_blocked, id=7672, stack(0x00007f0161860000,0x00007f0161960000)]
  0x00007f012c001120 JavaThread "JDWP Command Reader" daemon [_thread_in_native, id=7674, stack(0x00007f0161760000,0x00007f0161860000)]
  0x00007f0198574090 JavaThread "Notification Thread" daemon [_thread_blocked, id=7678, stack(0x00007f016164f000,0x00007f016174f000)]
  0x00007f0198662bd0 JavaThread "ReaderThread" [_thread_in_native, id=7681, stack(0x00007f016133d000,0x00007f016143d000)]
  0x00007f0198780e80 JavaThread "EMF Reference Cleaner" daemon [_thread_blocked, id=7691, stack(0x00007f016092b000,0x00007f0160a2b000)]
  0x00007f0198b322f0 JavaThread "org.apache.commons.vfs2.cache.SoftRefFilesCache$ReleaseThread" daemon [_thread_blocked, id=7693, stack(0x00007f01604e3000,0x00007f01605e3000)]

Other Threads:
  0x00007f0198131980 VMThread "VM Thread" [stack: 0x00007f0170748000,0x00007f0170848000] [id=7659]
  0x00007f0198019b00 WatcherThread "VM Periodic Task Thread" [stack: 0x00007f016154f000,0x00007f016164f000] [id=7679]
  0x00007f0198049d00 WorkerThread "GC Thread#0" [stack: 0x00007f019cd58000,0x00007f019ce58000] [id=7654]
  0x00007f0150007fd0 WorkerThread "GC Thread#1" [stack: 0x00007f016123d000,0x00007f016133d000] [id=7682]
  0x00007f0150008a20 WorkerThread "GC Thread#2" [stack: 0x00007f016113b000,0x00007f016123b000] [id=7683]
  0x00007f0150009470 WorkerThread "GC Thread#3" [stack: 0x00007f0161039000,0x00007f0161139000] [id=7684]
  0x00007f0150009ec0 WorkerThread "GC Thread#4" [stack: 0x00007f0160f37000,0x00007f0161037000] [id=7685]
  0x00007f015000ad00 WorkerThread "GC Thread#5" [stack: 0x00007f0160e35000,0x00007f0160f35000] [id=7686]
  0x00007f015000bb40 WorkerThread "GC Thread#6" [stack: 0x00007f0160d33000,0x00007f0160e33000] [id=7687]
  0x00007f015000c980 WorkerThread "GC Thread#7" [stack: 0x00007f0160c31000,0x00007f0160d31000] [id=7688]
  0x00007f015000d7e0 WorkerThread "GC Thread#8" [stack: 0x00007f0160b2f000,0x00007f0160c2f000] [id=7689]
  0x00007f015000e660 WorkerThread "GC Thread#9" [stack: 0x00007f0160a2d000,0x00007f0160b2d000] [id=7690]
  0x00007f019805ad70 ConcurrentGCThread "G1 Main Marker" [stack: 0x00007f019cc56000,0x00007f019cd56000] [id=7655]
  0x00007f019805bc70 WorkerThread "G1 Conc#0" [stack: 0x00007f019cb54000,0x00007f019cc54000] [id=7656]
  0x00007f0164000d60 WorkerThread "G1 Conc#1" [stack: 0x00007f016072b000,0x00007f016082b000] [id=7694]
  0x00007f01640017c0 WorkerThread "G1 Conc#2" [stack: 0x00007f0160629000,0x00007f0160729000] [id=7695]
  0x00007f01980afee0 ConcurrentGCThread "G1 Refine#0" [stack: 0x00007f019c048000,0x00007f019c148000] [id=7657]
  0x00007f01980b0db0 ConcurrentGCThread "G1 Service" [stack: 0x00007f01709f7000,0x00007f0170af7000] [id=7658]

Threads with active compile tasks:

VM state: not at safepoint (normal execution)

VM Mutex/Monitor currently owned by a thread: None

Heap address: 0x000000060b400000, size: 8012 MB, Compressed Oops mode: Zero based, Oop shift amount: 3

CDS archive(s) not mapped
Compressed class space mapped at: 0x0000000800000000-0x0000000840000000, reserved size: 1073741824
Narrow klass base: 0x0000000800000000, Narrow klass shift: 0, Narrow klass range: 0x40000000

GC Precious Log:
 CardTable entry size: 512
 Card Set container configuration: InlinePtr #cards 4 size 8 Array Of Cards #cards 32 size 80 Howl #buckets 8 coarsen threshold 7372 Howl Bitmap #cards 1024 size 144 coarsen threshold 921 Card regions per heap region 1 cards per card region 8192
 CPUs: 12 total, 12 available
 Memory: 32046M
 Large Page Support: Disabled
 NUMA Support: Disabled
 Compressed Oops: Enabled (Zero based)
 Heap Region Size: 4M
 Heap Min Capacity: 8M
 Heap Initial Capacity: 504M
 Heap Max Capacity: 8012M
 Pre-touch: Disabled
 Parallel Workers: 10
 Concurrent Workers: 3
 Concurrent Refinement Workers: 10
 Periodic GC: Disabled

Heap:
 garbage-first heap   total 69632K, used 21521K [0x000000060b400000, 0x0000000800000000)
  region size 4096K, 6 young (24576K), 2 survivors (8192K)
 Metaspace       used 23767K, committed 24000K, reserved 1114112K
  class space    used 2510K, committed 2624K, reserved 1048576K

Heap Regions: E=young(eden), S=young(survivor), O=old, HS=humongous(starts), HC=humongous(continues), CS=collection set, F=free, OA=open archive, CA=closed archive, TAMS=top-at-mark-start (previous, next)
|   0|0x000000060b400000, 0x000000060b800000, 0x000000060b800000|100%| O|  |TAMS 0x000000060b800000, 0x000000060b400000| Untracked 
|   1|0x000000060b800000, 0x000000060b819e00, 0x000000060bc00000|  2%| O|  |TAMS 0x000000060b819e00, 0x000000060b800000| Complete 
|   2|0x000000060bc00000, 0x000000060bc00000, 0x000000060c000000|  0%| F|  |TAMS 0x000000060bc00000, 0x000000060bc00000| Untracked 
|   3|0x000000060c000000, 0x000000060c000000, 0x000000060c400000|  0%| F|  |TAMS 0x000000060c000000, 0x000000060c000000| Untracked 
|   4|0x000000060c400000, 0x000000060c400000, 0x000000060c800000|  0%| F|  |TAMS 0x000000060c400000, 0x000000060c400000| Untracked 
|   5|0x000000060c800000, 0x000000060c800000, 0x000000060cc00000|  0%| F|  |TAMS 0x000000060c800000, 0x000000060c800000| Untracked 
|   6|0x000000060cc00000, 0x000000060cc00000, 0x000000060d000000|  0%| F|  |TAMS 0x000000060cc00000, 0x000000060cc00000| Untracked 
|   7|0x000000060d000000, 0x000000060d000000, 0x000000060d400000|  0%| F|  |TAMS 0x000000060d000000, 0x000000060d000000| Untracked 
|   8|0x000000060d400000, 0x000000060d400000, 0x000000060d800000|  0%| F|  |TAMS 0x000000060d400000, 0x000000060d400000| Untracked 
|   9|0x000000060d800000, 0x000000060d800000, 0x000000060dc00000|  0%| F|  |TAMS 0x000000060d800000, 0x000000060d800000| Untracked 
|  10|0x000000060dc00000, 0x000000060dc00000, 0x000000060e000000|  0%| F|  |TAMS 0x000000060dc00000, 0x000000060dc00000| Untracked 
|  11|0x000000060e000000, 0x000000060e1a24b8, 0x000000060e400000| 40%| E|  |TAMS 0x000000060e000000, 0x000000060e000000| Complete 
|  12|0x000000060e400000, 0x000000060e800000, 0x000000060e800000|100%| E|CS|TAMS 0x000000060e400000, 0x000000060e400000| Complete 
|  13|0x000000060e800000, 0x000000060ec00000, 0x000000060ec00000|100%| E|CS|TAMS 0x000000060e800000, 0x000000060e800000| Complete 
| 113|0x0000000627800000, 0x00000006278ea9f0, 0x0000000627c00000| 22%| S|CS|TAMS 0x0000000627800000, 0x0000000627800000| Complete 
| 114|0x0000000627c00000, 0x0000000628000000, 0x0000000628000000|100%| S|CS|TAMS 0x0000000627c00000, 0x0000000627c00000| Complete 
| 125|0x000000062a800000, 0x000000062ac00000, 0x000000062ac00000|100%| E|CS|TAMS 0x000000062a800000, 0x000000062a800000| Complete 

Card table byte_map: [0x00007f019cf19000,0x00007f019debf000] _byte_map_base: 0x00007f0199ebf000

Marking Bits (Prev, Next): (CMBitMap*) 0x00007f019804a7b0, (CMBitMap*) 0x00007f019804a770
 Prev Bits: [0x00007f0170af7000, 0x00007f0178827000)
 Next Bits: [0x00007f0178827000, 0x00007f0180557000)

Polling page: 0x00007f01a14d6000

Metaspace:

Usage:
  Non-class:     20.76 MB used.
      Class:      2.45 MB used.
       Both:     23.21 MB used.

Virtual space:
  Non-class space:       64.00 MB reserved,      20.88 MB ( 33%) committed,  1 nodes.
      Class space:        1.00 GB reserved,       2.56 MB ( <1%) committed,  1 nodes.
             Both:        1.06 GB reserved,      23.44 MB (  2%) committed. 

Chunk freelists:
   Non-Class:  2.56 MB
       Class:  1.42 MB
        Both:  3.98 MB

MaxMetaspaceSize: unlimited
CompressedClassSpaceSize: 1.00 GB
Initial GC threshold: 21.00 MB
Current GC threshold: 35.12 MB
CDS: off
MetaspaceReclaimPolicy: balanced
 - commit_granule_bytes: 65536.
 - commit_granule_words: 8192.
 - virtual_space_node_default_size: 8388608.
 - enlarge_chunks_in_place: 1.
 - new_chunks_are_fully_committed: 0.
 - uncommit_free_chunks: 1.
 - use_allocation_guard: 0.


Internal statistics:

num_allocs_failed_limit: 3.
num_arena_births: 192.
num_arena_deaths: 0.
num_vsnodes_births: 2.
num_vsnodes_deaths: 0.
num_space_committed: 375.
num_space_uncommitted: 0.
num_chunks_returned_to_freelist: 3.
num_chunks_taken_from_freelist: 629.
num_chunk_merges: 3.
num_chunk_splits: 403.
num_chunks_enlarged: 289.
num_inconsistent_stats: 0.

CodeHeap 'non-profiled nmethods': size=120028Kb used=1123Kb max_used=1123Kb free=118904Kb
 bounds [0x00007f0188fc6000, 0x00007f0189236000, 0x00007f01904fd000]
CodeHeap 'profiled nmethods': size=120028Kb used=4749Kb max_used=4749Kb free=115279Kb
 bounds [0x00007f0181a8f000, 0x00007f0181f3f000, 0x00007f0188fc6000]
CodeHeap 'non-nmethods': size=5704Kb used=1280Kb max_used=1355Kb free=4423Kb
 bounds [0x00007f01814fd000, 0x00007f018176d000, 0x00007f0181a8f000]
 total_blobs=2812 nmethods=2286 adapters=438
 compilation: enabled
              stopped_count=0, restarted_count=0
 full_count=0

Compilation events (20 events):
Event: 0.965 Thread 0x00007f019816c000 nmethod 2276 0x00007f0181f2de90 code [0x00007f0181f2e060, 0x00007f0181f2e550]
Event: 0.965 Thread 0x00007f019816c000 2278       3       java.util.ImmutableCollections$AbstractImmutableList::<init> (5 bytes)
Event: 0.965 Thread 0x00007f019816c000 nmethod 2278 0x00007f0181f2e710 code [0x00007f0181f2e8c0, 0x00007f0181f2eaf0]
Event: 0.965 Thread 0x00007f019816c000 2279       3       java.text.DontCareFieldPosition$1::formatted (1 bytes)
Event: 0.965 Thread 0x00007f019816c000 nmethod 2279 0x00007f0181f2ec10 code [0x00007f0181f2eda0, 0x00007f0181f2eeb0]
Event: 0.965 Thread 0x00007f019816c000 2280       3       java.io.FileDescriptor::valid (25 bytes)
Event: 0.965 Thread 0x00007f019816c000 nmethod 2280 0x00007f0181f2ef90 code [0x00007f0181f2f120, 0x00007f0181f2f2d0]
Event: 0.965 Thread 0x00007f019816c000 2281       3       com.sun.org.apache.xerces.internal.utils.XMLSecurityManager$NameMap::getOldName (18 bytes)
Event: 0.965 Thread 0x00007f019816c000 nmethod 2281 0x00007f0181f2f390 code [0x00007f0181f2f540, 0x00007f0181f2f700]
Event: 0.965 Thread 0x00007f019816c000 2282       3       com.sun.org.apache.xerces.internal.util.PropertyState::isExceptional (8 bytes)
Event: 0.965 Thread 0x00007f019816c000 nmethod 2282 0x00007f0181f2f810 code [0x00007f0181f2f9a0, 0x00007f0181f2fad0]
Event: 0.966 Thread 0x00007f019816c000 2283       3       com.sun.org.apache.xerces.internal.impl.XMLEntityScanner::normalizeNewlines (498 bytes)
Event: 0.966 Thread 0x00007f019816c000 nmethod 2283 0x00007f0181f2fb90 code [0x00007f0181f2fe00, 0x00007f0181f30b60]
Event: 0.966 Thread 0x00007f019816c000 2284       3       java.nio.ByteBuffer::arrayOffset (35 bytes)
Event: 0.966 Thread 0x00007f019816c000 nmethod 2284 0x00007f0181f31090 code [0x00007f0181f31260, 0x00007f0181f31550]
Event: 0.966 Thread 0x00007f019816c000 2286       3       sun.nio.fs.UnixPath::getRoot (5 bytes)
Event: 0.966 Thread 0x00007f019816c000 nmethod 2286 0x00007f0181f31690 code [0x00007f0181f31840, 0x00007f0181f31b50]
Event: 0.966 Thread 0x00007f019816c000 2285       3       java.nio.file.Path::of (9 bytes)
Event: 0.967 Thread 0x00007f019816c000 nmethod 2285 0x00007f0181f31c90 code [0x00007f0181f31e60, 0x00007f0181f32280]
Event: 0.993 Thread 0x00007f013022aea0 nmethod 2218 0x00007f01890d8f90 code [0x00007f01890d93a0, 0x00007f01890dcfa8]

GC Heap History (6 events):
Event: 0.355 GC heap before
{Heap before GC invocations=0 (full 0):
 garbage-first heap   total 516096K, used 24576K [0x000000060b400000, 0x0000000800000000)
  region size 4096K, 6 young (24576K), 0 survivors (0K)
 Metaspace       used 12546K, committed 12736K, reserved 1114112K
  class space    used 1113K, committed 1216K, reserved 1048576K
}
Event: 0.358 GC heap after
{Heap after GC invocations=1 (full 0):
 garbage-first heap   total 516096K, used 4216K [0x000000060b400000, 0x0000000800000000)
  region size 4096K, 1 young (4096K), 1 survivors (4096K)
 Metaspace       used 12546K, committed 12736K, reserved 1114112K
  class space    used 1113K, committed 1216K, reserved 1048576K
}
Event: 0.535 GC heap before
{Heap before GC invocations=1 (full 0):
 garbage-first heap   total 516096K, used 28792K [0x000000060b400000, 0x0000000800000000)
  region size 4096K, 7 young (28672K), 1 survivors (4096K)
 Metaspace       used 16077K, committed 16256K, reserved 1114112K
  class space    used 1597K, committed 1664K, reserved 1048576K
}
Event: 0.538 GC heap after
{Heap after GC invocations=2 (full 0):
 garbage-first heap   total 516096K, used 5777K [0x000000060b400000, 0x0000000800000000)
  region size 4096K, 1 young (4096K), 1 survivors (4096K)
 Metaspace       used 16077K, committed 16256K, reserved 1114112K
  class space    used 1597K, committed 1664K, reserved 1048576K
}
Event: 0.781 GC heap before
{Heap before GC invocations=2 (full 0):
 garbage-first heap   total 516096K, used 42641K [0x000000060b400000, 0x0000000800000000)
  region size 4096K, 11 young (45056K), 1 survivors (4096K)
 Metaspace       used 21283K, committed 21504K, reserved 1114112K
  class space    used 2254K, committed 2368K, reserved 1048576K
}
Event: 0.783 GC heap after
{Heap after GC invocations=3 (full 0):
 garbage-first heap   total 516096K, used 9233K [0x000000060b400000, 0x0000000800000000)
  region size 4096K, 2 young (8192K), 2 survivors (8192K)
 Metaspace       used 21283K, committed 21504K, reserved 1114112K
  class space    used 2254K, committed 2368K, reserved 1048576K
}

Deoptimization events (20 events):
Event: 0.966 Thread 0x00007f0198017070 DEOPT PACKING pc=0x00007f0181e9aa3c sp=0x00007f019fbf4d30
Event: 0.966 Thread 0x00007f0198017070 DEOPT UNPACKING pc=0x00007f018154f82f sp=0x00007f019fbf4210 mode 1
Event: 0.966 Thread 0x00007f0198017070 DEOPT PACKING pc=0x00007f01890acf28 sp=0x00007f019fbf4da0
Event: 0.966 Thread 0x00007f0198017070 DEOPT UNPACKING pc=0x00007f018154f82f sp=0x00007f019fbf4258 mode 1
Event: 0.966 Thread 0x00007f0198017070 DEOPT PACKING pc=0x00007f0181e9c9c4 sp=0x00007f019fbf4de0
Event: 0.966 Thread 0x00007f0198017070 DEOPT UNPACKING pc=0x00007f018154f82f sp=0x00007f019fbf42b0 mode 1
Event: 0.966 Thread 0x00007f0198017070 DEOPT PACKING pc=0x00007f0181e9abd9 sp=0x00007f019fbf5430
Event: 0.966 Thread 0x00007f0198017070 DEOPT UNPACKING pc=0x00007f018154f82f sp=0x00007f019fbf4910 mode 1
Event: 0.966 Thread 0x00007f0198017070 DEOPT PACKING pc=0x00007f01890acf28 sp=0x00007f019fbf54a0
Event: 0.966 Thread 0x00007f0198017070 DEOPT UNPACKING pc=0x00007f018154f82f sp=0x00007f019fbf4958 mode 1
Event: 0.966 Thread 0x00007f0198017070 DEOPT PACKING pc=0x00007f0181e8e994 sp=0x00007f019fbf54e0
Event: 0.966 Thread 0x00007f0198017070 DEOPT UNPACKING pc=0x00007f018154f82f sp=0x00007f019fbf4a28 mode 1
Event: 0.966 Thread 0x00007f0198017070 DEOPT PACKING pc=0x00007f0181ea0ccc sp=0x00007f019fbf5550
Event: 0.966 Thread 0x00007f0198017070 DEOPT UNPACKING pc=0x00007f018154f82f sp=0x00007f019fbf4a10 mode 1
Event: 0.966 Thread 0x00007f0198017070 DEOPT PACKING pc=0x00007f0181e9aa3c sp=0x00007f019fbf5630
Event: 0.966 Thread 0x00007f0198017070 DEOPT UNPACKING pc=0x00007f018154f82f sp=0x00007f019fbf4b10 mode 1
Event: 0.966 Thread 0x00007f0198017070 DEOPT PACKING pc=0x00007f01890acf28 sp=0x00007f019fbf56a0
Event: 0.966 Thread 0x00007f0198017070 DEOPT UNPACKING pc=0x00007f018154f82f sp=0x00007f019fbf4b58 mode 1
Event: 0.966 Thread 0x00007f0198017070 DEOPT PACKING pc=0x00007f0181e9c9c4 sp=0x00007f019fbf56e0
Event: 0.966 Thread 0x00007f0198017070 DEOPT UNPACKING pc=0x00007f018154f82f sp=0x00007f019fbf4bb0 mode 1

Classes loaded (20 events):
Event: 0.931 Loading class org/xml/sax/Locator
Event: 0.931 Loading class org/xml/sax/Locator done
Event: 0.931 Loading class org/xml/sax/ext/Locator2 done
Event: 0.931 Loading class com/sun/org/apache/xerces/internal/parsers/AbstractSAXParser$LocatorProxy done
Event: 0.931 Loading class com/sun/org/apache/xerces/internal/impl/XMLScanner$NameType
Event: 0.931 Loading class com/sun/org/apache/xerces/internal/impl/XMLScanner$NameType done
Event: 0.931 Loading class com/sun/org/apache/xerces/internal/impl/Constants
Event: 0.931 Loading class com/sun/org/apache/xerces/internal/impl/Constants done
Event: 0.931 Loading class com/sun/org/apache/xerces/internal/impl/Constants$ArrayEnumeration
Event: 0.931 Loading class com/sun/org/apache/xerces/internal/impl/Constants$ArrayEnumeration done
Event: 0.932 Loading class java/io/InvalidObjectException
Event: 0.932 Loading class java/io/ObjectStreamException
Event: 0.932 Loading class java/io/ObjectStreamException done
Event: 0.932 Loading class java/io/InvalidObjectException done
Event: 0.940 Loading class com/sun/org/apache/xerces/internal/impl/io/MalformedByteSequenceException
Event: 0.940 Loading class java/io/CharConversionException
Event: 0.940 Loading class java/io/CharConversionException done
Event: 0.940 Loading class com/sun/org/apache/xerces/internal/impl/io/MalformedByteSequenceException done
Event: 0.944 Loading class java/lang/NoSuchFieldError
Event: 0.944 Loading class java/lang/NoSuchFieldError done

Classes unloaded (0 events):
No events

Classes redefined (2 events):
Event: 25.238 Thread 0x00007f0198131980 redefined class name=de.enithing.contenthub.generator.contentfragment.instance.ContentFragmentGenerator, count=1
Event: 30.152 Thread 0x00007f0198131980 redefined class name=de.enithing.contenthub.generator.contentfragment.instance.ContentFragmentGenerator, count=2

Internal exceptions (20 events):
Event: 0.431 Thread 0x00007f0198017070 Exception <a 'java/lang/NoSuchMethodError'{0x000000062a036d38}: 'java.lang.Object java.lang.invoke.DirectMethodHandle$Holder.invokeStaticInit(java.lang.Object)'> (0x000000062a036d38) 
thrown [src/hotspot/share/interpreter/linkResolver.cpp, line 765]
Event: 0.433 Thread 0x00007f0198017070 Exception <a 'java/lang/NoSuchMethodError'{0x000000062a09b580}: 'int java.lang.invoke.DirectMethodHandle$Holder.invokeStatic(java.lang.Object, java.lang.Object, java.lang.Object, java.lang.Object)'> (0x000000062a09b580) 
thrown [src/hotspot/share/interpreter/linkResolver.cpp, line 765]
Event: 0.433 Thread 0x00007f0198017070 Exception <a 'java/lang/NoSuchMethodError'{0x000000062a09ef00}: 'java.lang.Object java.lang.invoke.Invokers$Holder.invokeExact_MT(java.lang.Object, java.lang.Object, java.lang.Object, java.lang.Object, java.lang.Object, java.lang.Object)'> (0x000000062a09ef00) 
thrown [src/hotspot/share/interpreter/linkResolver.cpp, line 765]
Event: 0.434 Thread 0x00007f0198017070 Exception <a 'java/lang/NoSuchMethodError'{0x000000062a0af078}: 'int java.lang.invoke.DirectMethodHandle$Holder.invokeStatic(java.lang.Object, java.lang.Object, java.lang.Object, java.lang.Object, java.lang.Object)'> (0x000000062a0af078) 
thrown [src/hotspot/share/interpreter/linkResolver.cpp, line 765]
Event: 0.438 Thread 0x00007f0198017070 Exception <a 'java/lang/NoSuchMethodError'{0x000000062a13ce30}: 'void java.lang.invoke.DirectMethodHandle$Holder.invokeStaticInit(java.lang.Object)'> (0x000000062a13ce30) 
thrown [src/hotspot/share/interpreter/linkResolver.cpp, line 765]
Event: 0.451 Thread 0x00007f0198017070 Exception <a 'java/lang/NoSuchMethodError'{0x000000062a35dfd0}: 'int java.lang.invoke.DirectMethodHandle$Holder.invokeStaticInit(java.lang.Object, java.lang.Object)'> (0x000000062a35dfd0) 
thrown [src/hotspot/share/interpreter/linkResolver.cpp, line 765]
Event: 0.463 Thread 0x00007f0198017070 Exception <a 'java/lang/NoSuchMethodError'{0x0000000629c958c0}: 'java.lang.Object java.lang.invoke.DirectMethodHandle$Holder.newInvokeSpecial(java.lang.Object, java.lang.Object, java.lang.Object, java.lang.Object, java.lang.Object, java.lang.Object, java.lang.Object)'> (0x0000000629c958c0) 
thrown [src/hotspot/share/interpreter/linkResolver.cpp, line 765]
Event: 0.463 Thread 0x00007f0198017070 Exception <a 'java/lang/NoSuchMethodError'{0x0000000629c9a480}: 'java.lang.Object java.lang.invoke.Invokers$Holder.linkToTargetMethod(java.lang.Object, java.lang.Object, java.lang.Object, java.lang.Object, java.lang.Object, java.lang.Object, java.lang.Object)'> (0x0000000629c9a480) 
thrown [src/hotspot/share/interpreter/linkResolver.cpp, line 765]
Event: 0.463 Thread 0x00007f0198017070 Exception <a 'java/lang/NoSuchMethodError'{0x0000000629ca0aa8}: 'java.lang.Object java.lang.invoke.DirectMethodHandle$Holder.invokeInterface(java.lang.Object, java.lang.Object, java.lang.Object, java.lang.Object, java.lang.Object)'> (0x0000000629ca0aa8) 
thrown [src/hotspot/share/interpreter/linkResolver.cpp, line 765]
Event: 0.463 Thread 0x00007f0198017070 Exception <a 'java/lang/IncompatibleClassChangeError'{0x0000000629ca48a0}: Found class java.lang.Object, but interface was expected> (0x0000000629ca48a0) 
thrown [src/hotspot/share/interpreter/linkResolver.cpp, line 833]
Event: 0.473 Thread 0x00007f0198017070 Exception <a 'java/lang/NoSuchMethodError'{0x0000000629dbe9c0}: 'void java.lang.invoke.DirectMethodHandle$Holder.invokeVirtual(java.lang.Object, java.lang.Object)'> (0x0000000629dbe9c0) 
thrown [src/hotspot/share/interpreter/linkResolver.cpp, line 765]
Event: 0.541 Thread 0x00007f0198017070 Exception <a 'java/lang/NoSuchMethodError'{0x000000062a859c40}: 'void java.lang.invoke.Invokers$Holder.invokeExact_MT(java.lang.Object, java.lang.Object, java.lang.Object)'> (0x000000062a859c40) 
thrown [src/hotspot/share/interpreter/linkResolver.cpp, line 765]
Event: 0.682 Thread 0x00007f0198017070 Exception <a 'java/lang/NoClassDefFoundError'{0x00000006296386d0}: org/apache/log4j/Priority> (0x00000006296386d0) 
thrown [src/hotspot/share/classfile/systemDictionary.cpp, line 244]
Event: 0.733 Thread 0x00007f0198017070 Exception <a 'java/lang/NoSuchMethodError'{0x0000000628994d50}: 'int java.lang.invoke.DirectMethodHandle$Holder.invokeSpecial(java.lang.Object, java.lang.Object, java.lang.Object, int)'> (0x0000000628994d50) 
thrown [src/hotspot/share/interpreter/linkResolver.cpp, line 765]
Event: 0.734 Thread 0x00007f0198017070 Exception <a 'java/lang/NoSuchMethodError'{0x00000006289aa050}: 'java.lang.Object java.lang.invoke.DirectMethodHandle$Holder.invokeStatic(java.lang.Object, java.lang.Object, java.lang.Object, java.lang.Object, int)'> (0x00000006289aa050) 
thrown [src/hotspot/share/interpreter/linkResolver.cpp, line 765]
Event: 0.735 Thread 0x00007f0198017070 Exception <a 'java/lang/NoSuchMethodError'{0x00000006289b97f0}: 'float java.lang.invoke.DelegatingMethodHandle$Holder.reinvoke_L(java.lang.Object, java.lang.Object, int)'> (0x00000006289b97f0) 
thrown [src/hotspot/share/interpreter/linkResolver.cpp, line 765]
Event: 0.736 Thread 0x00007f0198017070 Exception <a 'java/lang/NoSuchMethodError'{0x00000006289c43c0}: 'java.lang.Object java.lang.invoke.DelegatingMethodHandle$Holder.reinvoke_L(java.lang.Object, int, float, int)'> (0x00000006289c43c0) 
thrown [src/hotspot/share/interpreter/linkResolver.cpp, line 765]
Event: 0.743 Thread 0x00007f0198017070 Exception <a 'java/lang/NoClassDefFoundError'{0x0000000628a7a408}: org/apache/log/format/Formatter> (0x0000000628a7a408) 
thrown [src/hotspot/share/classfile/systemDictionary.cpp, line 244]
Event: 0.744 Thread 0x00007f0198017070 Exception <a 'java/lang/NoClassDefFoundError'{0x0000000628a905a0}: org/apache/log4j/Layout> (0x0000000628a905a0) 
thrown [src/hotspot/share/classfile/systemDictionary.cpp, line 244]
Event: 0.791 Thread 0x00007f0198017070 Exception <a 'java/lang/NoSuchMethodError'{0x000000062a8a5240}: 'java.lang.Object java.lang.invoke.DirectMethodHandle$Holder.invokeVirtual(java.lang.Object, java.lang.Object, java.lang.Object, java.lang.Object)'> (0x000000062a8a5240) 
thrown [src/hotspot/share/interpreter/linkResolver.cpp, line 765]

VM Operations (20 events):
Event: 25.603 Executing VM operation: get/set locals
Event: 25.603 Executing VM operation: get/set locals done
Event: 25.603 Executing VM operation: get/set locals
Event: 25.603 Executing VM operation: get/set locals done
Event: 25.603 Executing VM operation: get/set locals
Event: 25.603 Executing VM operation: get/set locals done
Event: 30.147 Executing VM operation: ChangeSingleStep
Event: 30.147 Executing VM operation: ChangeSingleStep done
Event: 30.147 Executing VM operation: ChangeSingleStep
Event: 30.147 Executing VM operation: ChangeSingleStep done
Event: 30.150 Executing VM operation: RedefineClasses
Event: 30.157 Executing VM operation: RedefineClasses done
Event: 30.160 Executing VM operation: ChangeBreakpoints
Event: 30.161 Executing VM operation: ChangeBreakpoints done
Event: 30.162 Executing VM operation: ChangeSingleStep
Event: 30.162 Executing VM operation: ChangeSingleStep done
Event: 30.162 Executing VM operation: get/set locals
Event: 30.162 Executing VM operation: get/set locals done
Event: 30.163 Executing VM operation: ChangeSingleStep
Event: 30.163 Executing VM operation: ChangeSingleStep done

Events (20 events):
Event: 0.117 Loaded shared library /usr/lib/jvm/java-18-openjdk/lib/libnio.so
Event: 0.123 Loaded shared library /usr/lib/jvm/java-18-openjdk/lib/libzip.so
Event: 0.186 Loaded shared library /usr/lib/jvm/java-18-openjdk/lib/libjimage.so
Event: 0.225 Thread 0x00007f0198574090 Thread added: 0x00007f0198574090
Event: 0.225 Protecting memory [0x00007f016164f000,0x00007f0161653000] with protection modes 0
Event: 0.228 Loaded shared library /usr/lib/jvm/java-18-openjdk/lib/libverify.so
Event: 0.237 Thread 0x00007f01301b7720 Thread added: 0x00007f01301b7720
Event: 0.237 Protecting memory [0x00007f016143d000,0x00007f0161441000] with protection modes 0
Event: 0.288 Loaded shared library /usr/lib/jvm/java-18-openjdk/lib/libnet.so
Event: 0.292 Loaded shared library /usr/lib/jvm/java-18-openjdk/lib/libextnet.so
Event: 0.294 Thread 0x00007f0198662bd0 Thread added: 0x00007f0198662bd0
Event: 0.295 Protecting memory [0x00007f016133d000,0x00007f0161341000] with protection modes 0
Event: 0.505 Thread 0x00007f0198780e80 Thread added: 0x00007f0198780e80
Event: 0.505 Protecting memory [0x00007f016092b000,0x00007f016092f000] with protection modes 0
Event: 0.535 Thread 0x00007f013022aea0 Thread added: 0x00007f013022aea0
Event: 0.535 Protecting memory [0x00007f016082b000,0x00007f016082f000] with protection modes 0
Event: 0.704 Thread 0x00007f0198b322f0 Thread added: 0x00007f0198b322f0
Event: 0.704 Protecting memory [0x00007f01604e3000,0x00007f01604e7000] with protection modes 0
Event: 5.993 Thread 0x00007f013022aea0 Thread exited: 0x00007f013022aea0
Event: 10.967 Thread 0x00007f01301b7720 Thread exited: 0x00007f01301b7720


Dynamic libraries:
60b400000-60ec00000 rw-p 00000000 00:00 0 
60ec00000-627800000 ---p 00000000 00:00 0 
627800000-628000000 rw-p 00000000 00:00 0 
628000000-62a800000 ---p 00000000 00:00 0 
62a800000-62ac00000 rw-p 00000000 00:00 0 
62ac00000-800000000 ---p 00000000 00:00 0 
800000000-800020000 rw-p 00000000 00:00 0 
800020000-800040000 rw-p 00000000 00:00 0 
800040000-8000c0000 rw-p 00000000 00:00 0 
8000c0000-8000e0000 rw-p 00000000 00:00 0 
8000e0000-800140000 rw-p 00000000 00:00 0 
800140000-800180000 rw-p 00000000 00:00 0 
800180000-800240000 rw-p 00000000 00:00 0 
800240000-800270000 rw-p 00000000 00:00 0 
800270000-800280000 ---p 00000000 00:00 0 
800280000-8002a0000 rw-p 00000000 00:00 0 
8002a0000-840000000 ---p 00000000 00:00 0 
5574399e6000-5574399e7000 r--p 00000000 fe:00 3154288                    /usr/lib/jvm/java-18-openjdk/bin/java
5574399e7000-5574399e8000 r-xp 00001000 fe:00 3154288                    /usr/lib/jvm/java-18-openjdk/bin/java
5574399e8000-5574399e9000 r--p 00002000 fe:00 3154288                    /usr/lib/jvm/java-18-openjdk/bin/java
5574399e9000-5574399ea000 r--p 00002000 fe:00 3154288                    /usr/lib/jvm/java-18-openjdk/bin/java
5574399ea000-5574399eb000 rw-p 00003000 fe:00 3154288                    /usr/lib/jvm/java-18-openjdk/bin/java
55743b126000-55743b16e000 rw-p 00000000 00:00 0                          [heap]
7f00d8000000-7f00d8021000 rw-p 00000000 00:00 0 
7f00d8021000-7f00dc000000 ---p 00000000 00:00 0 
7f00dc000000-7f00dc021000 rw-p 00000000 00:00 0 
7f00dc021000-7f00e0000000 ---p 00000000 00:00 0 
7f00e0000000-7f00e0dea000 rw-p 00000000 00:00 0 
7f00e0dea000-7f00e4000000 ---p 00000000 00:00 0 
7f00e4000000-7f00e4021000 rw-p 00000000 00:00 0 
7f00e4021000-7f00e8000000 ---p 00000000 00:00 0 
7f00e8000000-7f00e8021000 rw-p 00000000 00:00 0 
7f00e8021000-7f00ec000000 ---p 00000000 00:00 0 
7f00ec000000-7f00ec021000 rw-p 00000000 00:00 0 
7f00ec021000-7f00f0000000 ---p 00000000 00:00 0 
7f00f0000000-7f00f0021000 rw-p 00000000 00:00 0 
7f00f0021000-7f00f4000000 ---p 00000000 00:00 0 
7f00f4000000-7f00f4021000 rw-p 00000000 00:00 0 
7f00f4021000-7f00f8000000 ---p 00000000 00:00 0 
7f00f8000000-7f00f8021000 rw-p 00000000 00:00 0 
7f00f8021000-7f00fc000000 ---p 00000000 00:00 0 
7f00fc000000-7f00fc021000 rw-p 00000000 00:00 0 
7f00fc021000-7f0100000000 ---p 00000000 00:00 0 
7f0100000000-7f0100021000 rw-p 00000000 00:00 0 
7f0100021000-7f0104000000 ---p 00000000 00:00 0 
7f0104000000-7f0104021000 rw-p 00000000 00:00 0 
7f0104021000-7f0108000000 ---p 00000000 00:00 0 
7f0108000000-7f0108021000 rw-p 00000000 00:00 0 
7f0108021000-7f010c000000 ---p 00000000 00:00 0 
7f010c000000-7f010c021000 rw-p 00000000 00:00 0 
7f010c021000-7f0110000000 ---p 00000000 00:00 0 
7f0110000000-7f0111535000 rw-p 00000000 00:00 0 
7f0111535000-7f0114000000 ---p 00000000 00:00 0 
7f0114000000-7f0114021000 rw-p 00000000 00:00 0 
7f0114021000-7f0118000000 ---p 00000000 00:00 0 
7f0118000000-7f0118021000 rw-p 00000000 00:00 0 
7f0118021000-7f011c000000 ---p 00000000 00:00 0 
7f011c000000-7f011c021000 rw-p 00000000 00:00 0 
7f011c021000-7f0120000000 ---p 00000000 00:00 0 
7f0120000000-7f0120021000 rw-p 00000000 00:00 0 
7f0120021000-7f0124000000 ---p 00000000 00:00 0 
7f0124000000-7f0124021000 rw-p 00000000 00:00 0 
7f0124021000-7f0128000000 ---p 00000000 00:00 0 
7f0128000000-7f0128021000 rw-p 00000000 00:00 0 
7f0128021000-7f012c000000 ---p 00000000 00:00 0 
7f012c000000-7f012c195000 rw-p 00000000 00:00 0 
7f012c195000-7f0130000000 ---p 00000000 00:00 0 
7f0130000000-7f0130936000 rw-p 00000000 00:00 0 
7f0130936000-7f0134000000 ---p 00000000 00:00 0 
7f0134000000-7f0134021000 rw-p 00000000 00:00 0 
7f0134021000-7f0138000000 ---p 00000000 00:00 0 
7f0138000000-7f0138021000 rw-p 00000000 00:00 0 
7f0138021000-7f013c000000 ---p 00000000 00:00 0 
7f013c000000-7f013d110000 rw-p 00000000 00:00 0 
7f013d110000-7f0140000000 ---p 00000000 00:00 0 
7f0140000000-7f0140021000 rw-p 00000000 00:00 0 
7f0140021000-7f0144000000 ---p 00000000 00:00 0 
7f0144000000-7f0144021000 rw-p 00000000 00:00 0 
7f0144021000-7f0148000000 ---p 00000000 00:00 0 
7f0148000000-7f0148021000 rw-p 00000000 00:00 0 
7f0148021000-7f014c000000 ---p 00000000 00:00 0 
7f014c000000-7f014c021000 rw-p 00000000 00:00 0 
7f014c021000-7f0150000000 ---p 00000000 00:00 0 
7f0150000000-7f0150021000 rw-p 00000000 00:00 0 
7f0150021000-7f0154000000 ---p 00000000 00:00 0 
7f0154000000-7f0154021000 rw-p 00000000 00:00 0 
7f0154021000-7f0158000000 ---p 00000000 00:00 0 
7f0158000000-7f0158420000 rw-p 00000000 00:00 0 
7f0158420000-7f0158440000 rw-p 00000000 00:00 0 
7f0158440000-7f0158480000 rw-p 00000000 00:00 0 
7f0158480000-7f0158500000 rw-p 00000000 00:00 0 
7f0158500000-7f0158700000 rw-p 00000000 00:00 0 
7f0158700000-7f0158720000 rw-p 00000000 00:00 0 
7f0158720000-7f0158740000 rw-p 00000000 00:00 0 
7f0158740000-7f0158780000 rw-p 00000000 00:00 0 
7f0158780000-7f0158900000 rw-p 00000000 00:00 0 
7f0158900000-7f0158980000 rw-p 00000000 00:00 0 
7f0158980000-7f0158a00000 rw-p 00000000 00:00 0 
7f0158a00000-7f0158b00000 rw-p 00000000 00:00 0 
7f0158b00000-7f0158c00000 rw-p 00000000 00:00 0 
7f0158c00000-7f0158d00000 rw-p 00000000 00:00 0 
7f0158d00000-7f0158f00000 rw-p 00000000 00:00 0 
7f0158f00000-7f0159000000 rw-p 00000000 00:00 0 
7f0159000000-7f0159300000 rw-p 00000000 00:00 0 
7f0159300000-7f0159400000 rw-p 00000000 00:00 0 
7f0159400000-7f0159470000 rw-p 00000000 00:00 0 
7f0159470000-7f0159500000 ---p 00000000 00:00 0 
7f0159500000-7f0159570000 rw-p 00000000 00:00 0 
7f0159570000-7f015c000000 ---p 00000000 00:00 0 
7f015c000000-7f015c021000 rw-p 00000000 00:00 0 
7f015c021000-7f0160000000 ---p 00000000 00:00 0 
7f01604e3000-7f01604e7000 ---p 00000000 00:00 0 
7f01604e7000-7f01605e3000 rw-p 00000000 00:00 0 
7f0160627000-7f0160628000 ---p 00000000 00:00 0 
7f0160628000-7f0160729000 rw-p 00000000 00:00 0 
7f0160729000-7f016072a000 ---p 00000000 00:00 0 
7f016072a000-7f016082b000 rw-p 00000000 00:00 0 
7f016082b000-7f016082f000 ---p 00000000 00:00 0 
7f016082f000-7f016092b000 rw-p 00000000 00:00 0 
7f016092b000-7f016092f000 ---p 00000000 00:00 0 
7f016092f000-7f0160a2b000 rw-p 00000000 00:00 0 
7f0160a2b000-7f0160a2c000 ---p 00000000 00:00 0 
7f0160a2c000-7f0160b2d000 rw-p 00000000 00:00 0 
7f0160b2d000-7f0160b2e000 ---p 00000000 00:00 0 
7f0160b2e000-7f0160c2f000 rw-p 00000000 00:00 0 
7f0160c2f000-7f0160c30000 ---p 00000000 00:00 0 
7f0160c30000-7f0160d31000 rw-p 00000000 00:00 0 
7f0160d31000-7f0160d32000 ---p 00000000 00:00 0 
7f0160d32000-7f0160e33000 rw-p 00000000 00:00 0 
7f0160e33000-7f0160e34000 ---p 00000000 00:00 0 
7f0160e34000-7f0160f35000 rw-p 00000000 00:00 0 
7f0160f35000-7f0160f36000 ---p 00000000 00:00 0 
7f0160f36000-7f0161037000 rw-p 00000000 00:00 0 
7f0161037000-7f0161038000 ---p 00000000 00:00 0 
7f0161038000-7f0161139000 rw-p 00000000 00:00 0 
7f0161139000-7f016113a000 ---p 00000000 00:00 0 
7f016113a000-7f016123b000 rw-p 00000000 00:00 0 
7f016123b000-7f016123c000 ---p 00000000 00:00 0 
7f016123c000-7f016133d000 rw-p 00000000 00:00 0 
7f016133d000-7f0161341000 ---p 00000000 00:00 0 
7f0161341000-7f016143d000 rw-p 00000000 00:00 0 
7f016143d000-7f0161441000 ---p 00000000 00:00 0 
7f0161441000-7f016153d000 rw-p 00000000 00:00 0 
7f016153d000-7f0161541000 r--p 00000000 fe:00 3154368                    /usr/lib/jvm/java-18-openjdk/lib/libverify.so
7f0161541000-7f0161548000 r-xp 00004000 fe:00 3154368                    /usr/lib/jvm/java-18-openjdk/lib/libverify.so
7f0161548000-7f016154a000 r--p 0000b000 fe:00 3154368                    /usr/lib/jvm/java-18-openjdk/lib/libverify.so
7f016154a000-7f016154c000 r--p 0000c000 fe:00 3154368                    /usr/lib/jvm/java-18-openjdk/lib/libverify.so
7f016154c000-7f016154d000 rw-p 0000e000 fe:00 3154368                    /usr/lib/jvm/java-18-openjdk/lib/libverify.so
7f016154d000-7f016154e000 ---p 00000000 00:00 0 
7f016154e000-7f016164f000 rw-p 00000000 00:00 0 
7f016164f000-7f0161653000 ---p 00000000 00:00 0 
7f0161653000-7f016174f000 rw-p 00000000 00:00 0 
7f016174f000-7f0161752000 r--p 00000000 fe:00 3154356                    /usr/lib/jvm/java-18-openjdk/lib/libnet.so
7f0161752000-7f016175b000 r-xp 00003000 fe:00 3154356                    /usr/lib/jvm/java-18-openjdk/lib/libnet.so
7f016175b000-7f016175d000 r--p 0000c000 fe:00 3154356                    /usr/lib/jvm/java-18-openjdk/lib/libnet.so
7f016175d000-7f016175e000 ---p 0000e000 fe:00 3154356                    /usr/lib/jvm/java-18-openjdk/lib/libnet.so
7f016175e000-7f016175f000 r--p 0000e000 fe:00 3154356                    /usr/lib/jvm/java-18-openjdk/lib/libnet.so
7f016175f000-7f0161760000 rw-p 0000f000 fe:00 3154356                    /usr/lib/jvm/java-18-openjdk/lib/libnet.so
7f0161760000-7f0161764000 ---p 00000000 00:00 0 
7f0161764000-7f0161860000 rw-p 00000000 00:00 0 
7f0161860000-7f0161864000 ---p 00000000 00:00 0 
7f0161864000-7f0161960000 rw-p 00000000 00:00 0 
7f0161960000-7f0161964000 ---p 00000000 00:00 0 
7f0161964000-7f0161a60000 rw-p 00000000 00:00 0 
7f0161a60000-7f0161a64000 r--p 00000000 fe:00 1455722                    /usr/lib/libnss_myhostname.so.2
7f0161a64000-7f0161a73000 r-xp 00004000 fe:00 1455722                    /usr/lib/libnss_myhostname.so.2
7f0161a73000-7f0161a7f000 r--p 00013000 fe:00 1455722                    /usr/lib/libnss_myhostname.so.2
7f0161a7f000-7f0161a80000 ---p 0001f000 fe:00 1455722                    /usr/lib/libnss_myhostname.so.2
7f0161a80000-7f0161a85000 r--p 0001f000 fe:00 1455722                    /usr/lib/libnss_myhostname.so.2
7f0161a85000-7f0161a86000 rw-p 00024000 fe:00 1455722                    /usr/lib/libnss_myhostname.so.2
7f0161a86000-7f0161a89000 r--p 00000000 fe:00 1455724                    /usr/lib/libnss_resolve.so.2
7f0161a89000-7f0161aa0000 r-xp 00003000 fe:00 1455724                    /usr/lib/libnss_resolve.so.2
7f0161aa0000-7f0161aa7000 r--p 0001a000 fe:00 1455724                    /usr/lib/libnss_resolve.so.2
7f0161aa7000-7f0161aa8000 ---p 00021000 fe:00 1455724                    /usr/lib/libnss_resolve.so.2
7f0161aa8000-7f0161aa9000 r--p 00021000 fe:00 1455724                    /usr/lib/libnss_resolve.so.2
7f0161aa9000-7f0161aaa000 rw-p 00022000 fe:00 1455724                    /usr/lib/libnss_resolve.so.2
7f0161aaa000-7f0161ab1000 r--p 00000000 fe:00 1455723                    /usr/lib/libnss_mymachines.so.2
7f0161ab1000-7f0161ae7000 r-xp 00007000 fe:00 1455723                    /usr/lib/libnss_mymachines.so.2
7f0161ae7000-7f0161afb000 r--p 0003d000 fe:00 1455723                    /usr/lib/libnss_mymachines.so.2
7f0161afb000-7f0161afe000 r--p 00050000 fe:00 1455723                    /usr/lib/libnss_mymachines.so.2
7f0161afe000-7f0161aff000 rw-p 00053000 fe:00 1455723                    /usr/lib/libnss_mymachines.so.2
7f0161aff000-7f0161b00000 rw-p 00000000 00:00 0 
7f0161b00000-7f0161b04000 ---p 00000000 00:00 0 
7f0161b04000-7f0161c00000 rw-p 00000000 00:00 0 
7f0161c00000-7f0161c04000 ---p 00000000 00:00 0 
7f0161c04000-7f0161d00000 rw-p 00000000 00:00 0 
7f0161d00000-7f0161d04000 ---p 00000000 00:00 0 
7f0161d04000-7f0161e00000 rw-p 00000000 00:00 0 
7f0161e00000-7f0161e04000 ---p 00000000 00:00 0 
7f0161e04000-7f0161f00000 rw-p 00000000 00:00 0 
7f0161f00000-7f0161f04000 ---p 00000000 00:00 0 
7f0161f04000-7f0164000000 rw-p 00000000 00:00 0 
7f0164000000-7f0164021000 rw-p 00000000 00:00 0 
7f0164021000-7f0168000000 ---p 00000000 00:00 0 
7f0168000000-7f0168021000 rw-p 00000000 00:00 0 
7f0168021000-7f016c000000 ---p 00000000 00:00 0 
7f016c000000-7f016c021000 rw-p 00000000 00:00 0 
7f016c021000-7f0170000000 ---p 00000000 00:00 0 
7f0170007000-7f017000b000 r--p 00000000 fe:00 1445268                    /usr/lib/libresolv.so.2
7f017000b000-7f0170014000 r-xp 00004000 fe:00 1445268                    /usr/lib/libresolv.so.2
7f0170014000-7f0170016000 r--p 0000d000 fe:00 1445268                    /usr/lib/libresolv.so.2
7f0170016000-7f0170017000 ---p 0000f000 fe:00 1445268                    /usr/lib/libresolv.so.2
7f0170017000-7f0170018000 r--p 0000f000 fe:00 1445268                    /usr/lib/libresolv.so.2
7f0170018000-7f0170019000 rw-p 00010000 fe:00 1445268                    /usr/lib/libresolv.so.2
7f0170019000-7f017001b000 rw-p 00000000 00:00 0 
7f017001b000-7f017001c000 r--p 00000000 fe:00 1506654                    /usr/lib/libnss_mdns_minimal.so.2
7f017001c000-7f017001e000 r-xp 00001000 fe:00 1506654                    /usr/lib/libnss_mdns_minimal.so.2
7f017001e000-7f017001f000 r--p 00003000 fe:00 1506654                    /usr/lib/libnss_mdns_minimal.so.2
7f017001f000-7f0170020000 r--p 00003000 fe:00 1506654                    /usr/lib/libnss_mdns_minimal.so.2
7f0170020000-7f0170021000 rw-p 00004000 fe:00 1506654                    /usr/lib/libnss_mdns_minimal.so.2
7f0170021000-7f0170022000 r--p 00000000 fe:00 1445265                    /usr/lib/libpthread.so.0
7f0170022000-7f0170023000 r-xp 00001000 fe:00 1445265                    /usr/lib/libpthread.so.0
7f0170023000-7f0170024000 r--p 00002000 fe:00 1445265                    /usr/lib/libpthread.so.0
7f0170024000-7f0170025000 r--p 00002000 fe:00 1445265                    /usr/lib/libpthread.so.0
7f0170025000-7f0170026000 rw-p 00003000 fe:00 1445265                    /usr/lib/libpthread.so.0
7f0170026000-7f0170029000 r--p 00000000 fe:00 1454686                    /usr/lib/libcap.so.2.63
7f0170029000-7f017002e000 r-xp 00003000 fe:00 1454686                    /usr/lib/libcap.so.2.63
7f017002e000-7f0170030000 r--p 00008000 fe:00 1454686                    /usr/lib/libcap.so.2.63
7f0170030000-7f0170031000 r--p 00009000 fe:00 1454686                    /usr/lib/libcap.so.2.63
7f0170031000-7f0170032000 rw-p 0000a000 fe:00 1454686                    /usr/lib/libcap.so.2.63
7f0170038000-7f0170039000 r--p 00000000 fe:00 3154319                    /usr/lib/jvm/java-18-openjdk/lib/libextnet.so
7f0170039000-7f017003a000 r-xp 00001000 fe:00 3154319                    /usr/lib/jvm/java-18-openjdk/lib/libextnet.so
7f017003a000-7f017003b000 r--p 00002000 fe:00 3154319                    /usr/lib/jvm/java-18-openjdk/lib/libextnet.so
7f017003b000-7f017003c000 r--p 00002000 fe:00 3154319                    /usr/lib/jvm/java-18-openjdk/lib/libextnet.so
7f017003c000-7f017003d000 rw-p 00003000 fe:00 3154319                    /usr/lib/jvm/java-18-openjdk/lib/libextnet.so
7f017003d000-7f0170044000 r--p 00000000 fe:00 3154358                    /usr/lib/jvm/java-18-openjdk/lib/libnio.so
7f0170044000-7f017004c000 r-xp 00007000 fe:00 3154358                    /usr/lib/jvm/java-18-openjdk/lib/libnio.so
7f017004c000-7f0170050000 r--p 0000f000 fe:00 3154358                    /usr/lib/jvm/java-18-openjdk/lib/libnio.so
7f0170050000-7f0170051000 ---p 00013000 fe:00 3154358                    /usr/lib/jvm/java-18-openjdk/lib/libnio.so
7f0170051000-7f0170052000 r--p 00013000 fe:00 3154358                    /usr/lib/jvm/java-18-openjdk/lib/libnio.so
7f0170052000-7f0170053000 rw-p 00014000 fe:00 3154358                    /usr/lib/jvm/java-18-openjdk/lib/libnio.so
7f0170053000-7f0170055000 r--p 00000000 fe:00 3154370                    /usr/lib/jvm/java-18-openjdk/lib/libzip.so
7f0170055000-7f0170059000 r-xp 00002000 fe:00 3154370                    /usr/lib/jvm/java-18-openjdk/lib/libzip.so
7f0170059000-7f017005b000 r--p 00006000 fe:00 3154370                    /usr/lib/jvm/java-18-openjdk/lib/libzip.so
7f017005b000-7f017005c000 r--p 00007000 fe:00 3154370                    /usr/lib/jvm/java-18-openjdk/lib/libzip.so
7f017005c000-7f017005d000 rw-p 00008000 fe:00 3154370                    /usr/lib/jvm/java-18-openjdk/lib/libzip.so
7f017005d000-7f0170061000 ---p 00000000 00:00 0 
7f0170061000-7f017015d000 rw-p 00000000 00:00 0 
7f017015d000-7f0170161000 ---p 00000000 00:00 0 
7f0170161000-7f017025d000 rw-p 00000000 00:00 0 
7f017025d000-7f0170546000 r--p 00000000 fe:00 1464330                    /usr/lib/locale/locale-archive
7f0170546000-7f017054a000 ---p 00000000 00:00 0 
7f017054a000-7f0170646000 rw-p 00000000 00:00 0 
7f0170646000-7f017064a000 ---p 00000000 00:00 0 
7f017064a000-7f0170746000 rw-p 00000000 00:00 0 
7f0170746000-7f0170747000 ---p 00000000 00:00 0 
7f0170747000-7f0170848000 rw-p 00000000 00:00 0 
7f0170848000-7f017084d000 r--p 00000000 fe:00 3154344                    /usr/lib/jvm/java-18-openjdk/lib/libjsvml.so
7f017084d000-7f017088e000 r-xp 00005000 fe:00 3154344                    /usr/lib/jvm/java-18-openjdk/lib/libjsvml.so
7f017088e000-7f0170917000 r--p 00046000 fe:00 3154344                    /usr/lib/jvm/java-18-openjdk/lib/libjsvml.so
7f0170917000-7f0170918000 r--p 000ce000 fe:00 3154344                    /usr/lib/jvm/java-18-openjdk/lib/libjsvml.so
7f0170918000-7f0170919000 rw-p 000cf000 fe:00 3154344                    /usr/lib/jvm/java-18-openjdk/lib/libjsvml.so
7f0170919000-7f01709f5000 rw-p 00000000 00:00 0 
7f01709f5000-7f01709f6000 ---p 00000000 00:00 0 
7f01709f6000-7f0170bd7000 rw-p 00000000 00:00 0 
7f0170bd7000-7f0171207000 ---p 00000000 00:00 0 
7f0171207000-7f0171227000 rw-p 00000000 00:00 0 
7f0171227000-7f01712c7000 ---p 00000000 00:00 0 
7f01712c7000-7f01712d7000 rw-p 00000000 00:00 0 
7f01712d7000-7f0178827000 ---p 00000000 00:00 0 
7f0178827000-7f0178907000 rw-p 00000000 00:00 0 
7f0178907000-7f0178f37000 ---p 00000000 00:00 0 
7f0178f37000-7f0178f57000 rw-p 00000000 00:00 0 
7f0178f57000-7f0178ff7000 ---p 00000000 00:00 0 
7f0178ff7000-7f0179007000 rw-p 00000000 00:00 0 
7f0179007000-7f0180557000 ---p 00000000 00:00 0 
7f0180557000-7f0180573000 rw-p 00000000 00:00 0 
7f0180573000-7f0180639000 ---p 00000000 00:00 0 
7f0180639000-7f018063d000 rw-p 00000000 00:00 0 
7f018063d000-7f0180651000 ---p 00000000 00:00 0 
7f0180651000-7f0180653000 rw-p 00000000 00:00 0 
7f0180653000-7f01814fd000 ---p 00000000 00:00 0 
7f01814fd000-7f018176d000 rwxp 00000000 00:00 0 
7f018176d000-7f0181a8f000 ---p 00000000 00:00 0 
7f0181a8f000-7f0181f3f000 rwxp 00000000 00:00 0 
7f0181f3f000-7f0188fc6000 ---p 00000000 00:00 0 
7f0188fc6000-7f0189236000 rwxp 00000000 00:00 0 
7f0189236000-7f01904fd000 ---p 00000000 00:00 0 
7f01904fd000-7f0198000000 r--s 00000000 fe:00 3154371                    /usr/lib/jvm/java-18-openjdk/lib/modules
7f0198000000-7f0198ee0000 rw-p 00000000 00:00 0 
7f0198ee0000-7f019c000000 ---p 00000000 00:00 0 
7f019c000000-7f019c001000 r--p 00000000 fe:00 1445270                    /usr/lib/librt.so.1
7f019c001000-7f019c002000 r-xp 00001000 fe:00 1445270                    /usr/lib/librt.so.1
7f019c002000-7f019c003000 r--p 00002000 fe:00 1445270                    /usr/lib/librt.so.1
7f019c003000-7f019c004000 r--p 00002000 fe:00 1445270                    /usr/lib/librt.so.1
7f019c004000-7f019c005000 rw-p 00003000 fe:00 1445270                    /usr/lib/librt.so.1
7f019c005000-7f019c046000 rw-p 00000000 00:00 0 
7f019c046000-7f019c047000 ---p 00000000 00:00 0 
7f019c047000-7f019cb52000 rw-p 00000000 00:00 0 
7f019cb52000-7f019cb53000 ---p 00000000 00:00 0 
7f019cb53000-7f019cc54000 rw-p 00000000 00:00 0 
7f019cc54000-7f019cc55000 ---p 00000000 00:00 0 
7f019cc55000-7f019cd56000 rw-p 00000000 00:00 0 
7f019cd56000-7f019cd57000 ---p 00000000 00:00 0 
7f019cd57000-7f019cf35000 rw-p 00000000 00:00 0 
7f019cf35000-7f019cffb000 ---p 00000000 00:00 0 
7f019cffb000-7f019cfff000 rw-p 00000000 00:00 0 
7f019cfff000-7f019d013000 ---p 00000000 00:00 0 
7f019d013000-7f019d015000 rw-p 00000000 00:00 0 
7f019d015000-7f019debf000 ---p 00000000 00:00 0 
7f019debf000-7f019dedb000 rw-p 00000000 00:00 0 
7f019dedb000-7f019dfa1000 ---p 00000000 00:00 0 
7f019dfa1000-7f019dfa5000 rw-p 00000000 00:00 0 
7f019dfa5000-7f019dfb9000 ---p 00000000 00:00 0 
7f019dfb9000-7f019dfbb000 rw-p 00000000 00:00 0 
7f019dfbb000-7f019ee65000 ---p 00000000 00:00 0 
7f019ee65000-7f019f8b3000 rw-p 00000000 00:00 0 
7f019f8b3000-7f019f999000 ---p 00000000 00:00 0 
7f019f999000-7f019f9a3000 rw-p 00000000 00:00 0 
7f019f9a3000-7f019fa84000 ---p 00000000 00:00 0 
7f019fa84000-7f019fa89000 rw-p 00000000 00:00 0 
7f019fa89000-7f019fa90000 ---p 00000000 00:00 0 
7f019fa90000-7f019fa9c000 r--p 00000000 fe:00 3154333                    /usr/lib/jvm/java-18-openjdk/lib/libjava.so
7f019fa9c000-7f019faae000 r-xp 0000c000 fe:00 3154333                    /usr/lib/jvm/java-18-openjdk/lib/libjava.so
7f019faae000-7f019fab4000 r--p 0001e000 fe:00 3154333                    /usr/lib/jvm/java-18-openjdk/lib/libjava.so
7f019fab4000-7f019fab5000 r--p 00023000 fe:00 3154333                    /usr/lib/jvm/java-18-openjdk/lib/libjava.so
7f019fab5000-7f019fab6000 rw-p 00024000 fe:00 3154333                    /usr/lib/jvm/java-18-openjdk/lib/libjava.so
7f019fab6000-7f019fab7000 rw-p 00000000 00:00 0 
7f019fab7000-7f019faba000 r--p 00000000 fe:00 3154336                    /usr/lib/jvm/java-18-openjdk/lib/libjdwp.so
7f019faba000-7f019fae9000 r-xp 00003000 fe:00 3154336                    /usr/lib/jvm/java-18-openjdk/lib/libjdwp.so
7f019fae9000-7f019faf7000 r--p 00032000 fe:00 3154336                    /usr/lib/jvm/java-18-openjdk/lib/libjdwp.so
7f019faf7000-7f019faf8000 r--p 0003f000 fe:00 3154336                    /usr/lib/jvm/java-18-openjdk/lib/libjdwp.so
7f019faf8000-7f019faf9000 rw-p 00040000 fe:00 3154336                    /usr/lib/jvm/java-18-openjdk/lib/libjdwp.so
7f019faf9000-7f019fafa000 rw-p 00000000 00:00 0 
7f019fafa000-7f019fafe000 ---p 00000000 00:00 0 
7f019fafe000-7f019fbfa000 rw-p 00000000 00:00 0 
7f019fbfa000-7f019fbfd000 r--p 00000000 fe:00 1446013                    /usr/lib/libgcc_s.so.1
7f019fbfd000-7f019fc0f000 r-xp 00003000 fe:00 1446013                    /usr/lib/libgcc_s.so.1
7f019fc0f000-7f019fc12000 r--p 00015000 fe:00 1446013                    /usr/lib/libgcc_s.so.1
7f019fc12000-7f019fc13000 ---p 00018000 fe:00 1446013                    /usr/lib/libgcc_s.so.1
7f019fc13000-7f019fc14000 r--p 00018000 fe:00 1446013                    /usr/lib/libgcc_s.so.1
7f019fc14000-7f019fc15000 rw-p 00019000 fe:00 1446013                    /usr/lib/libgcc_s.so.1
7f019fc15000-7f019fc25000 r--p 00000000 fe:00 1445248                    /usr/lib/libm.so.6
7f019fc25000-7f019fc9f000 r-xp 00010000 fe:00 1445248                    /usr/lib/libm.so.6
7f019fc9f000-7f019fcfb000 r--p 0008a000 fe:00 1445248                    /usr/lib/libm.so.6
7f019fcfb000-7f019fcfc000 r--p 000e5000 fe:00 1445248                    /usr/lib/libm.so.6
7f019fcfc000-7f019fcfd000 rw-p 000e6000 fe:00 1445248                    /usr/lib/libm.so.6
7f019fcfd000-7f019fd96000 r--p 00000000 fe:00 1446043                    /usr/lib/libstdc++.so.6.0.29
7f019fd96000-7f019fe9f000 r-xp 00099000 fe:00 1446043                    /usr/lib/libstdc++.so.6.0.29
7f019fe9f000-7f019ff11000 r--p 001a2000 fe:00 1446043                    /usr/lib/libstdc++.so.6.0.29
7f019ff11000-7f019ff12000 ---p 00214000 fe:00 1446043                    /usr/lib/libstdc++.so.6.0.29
7f019ff12000-7f019ff1f000 r--p 00214000 fe:00 1446043                    /usr/lib/libstdc++.so.6.0.29
7f019ff1f000-7f019ff20000 rw-p 00221000 fe:00 1446043                    /usr/lib/libstdc++.so.6.0.29
7f019ff20000-7f019ff23000 rw-p 00000000 00:00 0 
7f019ff23000-7f01a018d000 r--p 00000000 fe:00 3154384                    /usr/lib/jvm/java-18-openjdk/lib/server/libjvm.so
7f01a018d000-7f01a0eaf000 r-xp 0026a000 fe:00 3154384                    /usr/lib/jvm/java-18-openjdk/lib/server/libjvm.so
7f01a0eaf000-7f01a113f000 r--p 00f8c000 fe:00 3154384                    /usr/lib/jvm/java-18-openjdk/lib/server/libjvm.so
7f01a113f000-7f01a1200000 r--p 0121b000 fe:00 3154384                    /usr/lib/jvm/java-18-openjdk/lib/server/libjvm.so
7f01a1200000-7f01a1235000 rw-p 012dc000 fe:00 3154384                    /usr/lib/jvm/java-18-openjdk/lib/server/libjvm.so
7f01a1235000-7f01a1292000 rw-p 00000000 00:00 0 
7f01a1292000-7f01a1295000 r--p 00000000 fe:00 1455099                    /usr/lib/libz.so.1.2.11
7f01a1295000-7f01a12a3000 r-xp 00003000 fe:00 1455099                    /usr/lib/libz.so.1.2.11
7f01a12a3000-7f01a12a9000 r--p 00011000 fe:00 1455099                    /usr/lib/libz.so.1.2.11
7f01a12a9000-7f01a12aa000 ---p 00017000 fe:00 1455099                    /usr/lib/libz.so.1.2.11
7f01a12aa000-7f01a12ab000 r--p 00017000 fe:00 1455099                    /usr/lib/libz.so.1.2.11
7f01a12ab000-7f01a12ac000 rw-p 00018000 fe:00 1455099                    /usr/lib/libz.so.1.2.11
7f01a12ac000-7f01a12d8000 r--p 00000000 fe:00 1445238                    /usr/lib/libc.so.6
7f01a12d8000-7f01a144e000 r-xp 0002c000 fe:00 1445238                    /usr/lib/libc.so.6
7f01a144e000-7f01a14a2000 r--p 001a2000 fe:00 1445238                    /usr/lib/libc.so.6
7f01a14a2000-7f01a14a3000 ---p 001f6000 fe:00 1445238                    /usr/lib/libc.so.6
7f01a14a3000-7f01a14a6000 r--p 001f6000 fe:00 1445238                    /usr/lib/libc.so.6
7f01a14a6000-7f01a14a9000 rw-p 001f9000 fe:00 1445238                    /usr/lib/libc.so.6
7f01a14a9000-7f01a14b6000 rw-p 00000000 00:00 0 
7f01a14b8000-7f01a14ba000 r--p 00000000 fe:00 3154317                    /usr/lib/jvm/java-18-openjdk/lib/libdt_socket.so
7f01a14ba000-7f01a14bd000 r-xp 00002000 fe:00 3154317                    /usr/lib/jvm/java-18-openjdk/lib/libdt_socket.so
7f01a14bd000-7f01a14be000 r--p 00005000 fe:00 3154317                    /usr/lib/jvm/java-18-openjdk/lib/libdt_socket.so
7f01a14be000-7f01a14bf000 ---p 00006000 fe:00 3154317                    /usr/lib/jvm/java-18-openjdk/lib/libdt_socket.so
7f01a14bf000-7f01a14c0000 r--p 00006000 fe:00 3154317                    /usr/lib/jvm/java-18-openjdk/lib/libdt_socket.so
7f01a14c0000-7f01a14c1000 rw-p 00007000 fe:00 3154317                    /usr/lib/jvm/java-18-openjdk/lib/libdt_socket.so
7f01a14c1000-7f01a14c9000 rw-s 00000000 00:23 416                        /tmp/hsperfdata_mvonkeil/7644
7f01a14c9000-7f01a14cb000 r--p 00000000 fe:00 3154323                    /usr/lib/jvm/java-18-openjdk/lib/libinstrument.so
7f01a14cb000-7f01a14d1000 r-xp 00002000 fe:00 3154323                    /usr/lib/jvm/java-18-openjdk/lib/libinstrument.so
7f01a14d1000-7f01a14d4000 r--p 00008000 fe:00 3154323                    /usr/lib/jvm/java-18-openjdk/lib/libinstrument.so
7f01a14d4000-7f01a14d5000 r--p 0000a000 fe:00 3154323                    /usr/lib/jvm/java-18-openjdk/lib/libinstrument.so
7f01a14d5000-7f01a14d6000 rw-p 0000b000 fe:00 3154323                    /usr/lib/jvm/java-18-openjdk/lib/libinstrument.so
7f01a14d6000-7f01a14d7000 ---p 00000000 00:00 0 
7f01a14d7000-7f01a14d8000 r--p 00000000 00:00 0 
7f01a14d8000-7f01a14da000 r--p 00000000 fe:00 3154338                    /usr/lib/jvm/java-18-openjdk/lib/libjimage.so
7f01a14da000-7f01a14dd000 r-xp 00002000 fe:00 3154338                    /usr/lib/jvm/java-18-openjdk/lib/libjimage.so
7f01a14dd000-7f01a14de000 r--p 00005000 fe:00 3154338                    /usr/lib/jvm/java-18-openjdk/lib/libjimage.so
7f01a14de000-7f01a14df000 ---p 00006000 fe:00 3154338                    /usr/lib/jvm/java-18-openjdk/lib/libjimage.so
7f01a14df000-7f01a14e0000 r--p 00006000 fe:00 3154338                    /usr/lib/jvm/java-18-openjdk/lib/libjimage.so
7f01a14e0000-7f01a14e1000 rw-p 00007000 fe:00 3154338                    /usr/lib/jvm/java-18-openjdk/lib/libjimage.so
7f01a14e1000-7f01a14e3000 r--p 00000000 fe:00 3154340                    /usr/lib/jvm/java-18-openjdk/lib/libjli.so
7f01a14e3000-7f01a14ec000 r-xp 00002000 fe:00 3154340                    /usr/lib/jvm/java-18-openjdk/lib/libjli.so
7f01a14ec000-7f01a14ef000 r--p 0000b000 fe:00 3154340                    /usr/lib/jvm/java-18-openjdk/lib/libjli.so
7f01a14ef000-7f01a14f0000 r--p 0000d000 fe:00 3154340                    /usr/lib/jvm/java-18-openjdk/lib/libjli.so
7f01a14f0000-7f01a14f1000 rw-p 0000e000 fe:00 3154340                    /usr/lib/jvm/java-18-openjdk/lib/libjli.so
7f01a14f1000-7f01a14f3000 rw-p 00000000 00:00 0 
7f01a14f3000-7f01a14f5000 r--p 00000000 fe:00 1445229                    /usr/lib/ld-linux-x86-64.so.2
7f01a14f5000-7f01a151c000 r-xp 00002000 fe:00 1445229                    /usr/lib/ld-linux-x86-64.so.2
7f01a151c000-7f01a1527000 r--p 00029000 fe:00 1445229                    /usr/lib/ld-linux-x86-64.so.2
7f01a1527000-7f01a1528000 ---p 00000000 00:00 0 
7f01a1528000-7f01a152a000 r--p 00034000 fe:00 1445229                    /usr/lib/ld-linux-x86-64.so.2
7f01a152a000-7f01a152c000 rw-p 00036000 fe:00 1445229                    /usr/lib/ld-linux-x86-64.so.2
7ffe084f8000-7ffe0851a000 rw-p 00000000 00:00 0                          [stack]
7ffe085d2000-7ffe085d6000 r--p 00000000 00:00 0                          [vvar]
7ffe085d6000-7ffe085d8000 r-xp 00000000 00:00 0                          [vdso]
ffffffffff600000-ffffffffff601000 --xp 00000000 00:00 0                  [vsyscall]


VM Arguments:
jvm_args: -XX:+ShowCodeDetailsInExceptionMessages -agentlib:jdwp=transport=dt_socket,suspend=y,address=localhost:42931 -ea -javaagent:/home/mvonkeil/Dev/eclipse/modelling/eclipse/configuration/org.eclipse.osgi/577/0/.cp/lib/javaagent-shaded.jar -Dfile.encoding=UTF-8 
java_command: org.eclipse.jdt.internal.junit.runner.RemoteTestRunner -version 3 -port 38477 -testLoaderClass org.eclipse.jdt.internal.junit5.runner.JUnit5TestLoader -loaderpluginname org.eclipse.jdt.junit5.runtime -classNames de.enithing.contenthub.generator.GeneratorTest
java_class_path (initial): /home/mvonkeil/Projects/AemContentHub/de.enithing.contenthub.generator.core/target/test-classes:/home/mvonkeil/Projects/AemContentHub/de.enithing.contenthub.generator.core/target/classes:/home/mvonkeil/.m2/repository/org/eclipse/emf/org.eclipse.emf.ecore/2.26.0/org.eclipse.emf.ecore-2.26.0.jar:/home/mvonkeil/.m2/repository/org/eclipse/emf/org.eclipse.emf.common/2.24.0/org.eclipse.emf.common-2.24.0.jar:/home/mvonkeil/.m2/repository/org/eclipse/emf/org.eclipse.emf.ecore.xmi/2.16.0/org.eclipse.emf.ecore.xmi-2.16.0.jar:/home/mvonkeil/.m2/repository/org/apache/velocity/velocity/1.7/velocity-1.7.jar:/home/mvonkeil/.m2/repository/commons-collections/commons-collections/3.2.1/commons-collections-3.2.1.jar:/home/mvonkeil/.m2/repository/commons-lang/commons-lang/2.4/commons-lang-2.4.jar:/home/mvonkeil/.m2/repository/org/apache/commons/commons-vfs2/2.9.0/commons-vfs2-2.9.0.jar:/home/mvonkeil/.m2/repository/commons-logging/commons-logging/1.2/commons-logging-1.2.jar:/home/mvonkeil/.m2/repository/org/apache/hadoop/hadoop-hdfs-client/3.3.1/hadoop-hdfs-client-3.3.1.jar:/home/mvonkeil/.m2/repository/com/squareup/okhttp/okhttp/2.7.5/okhttp-2.7.5.jar:/home/mvonkeil/.m2/repository/com/squareup/okio/okio/1.6.0/okio-1.6.0.jar:/home/mvonkeil/.m2/repository/com/fasterxml/jackson/core/jackson-annotations/2.10.5/jackson-annotations-2.10.5.jar:/home/mvonkeil/.m2/repository/com/fasterxml/jackson/core/jackson-databind/2.10.5.1/jackson-databind-2.10.5.1.jar:/home/mvonkeil/.m2/repository/com/fasterxml/jackson/core/jackson-core/2.10.5/jackson-core-2.10.5.jar:/home/mvonkeil/.m2/repository/org/apache/commons/commons-lang3/3.12.0/commons-lang3-3.12.0.jar:/home/mvonkeil/.m2/repository/org/apache/commons/commons-text/1.9/commons-text-1.9.jar:/home/mvonkeil/.m2/repository/org/jdom/jdom/2.0.2/jdom-2.0.2.jar:/home/mvonkeil/.p2/pool/plugins/org.eclipse.core.runtime_3.24.0.v20210910-0750.jar:/home/mvonkeil/.p2/pool/plugins/org.eclipse.osgi_3.17.100.v20211104-1730.jar:/home/mvonkeil/.p2/pool/plugins/org.eclipse.osgi.compatibility.state_1.2.500.v20210730-0750.jar:/home/mvonkeil/.p2/pool/plugins/org.eclipse.equinox.common_3.15.100.v20211021-1418.jar:/home/mvonkeil/.p2/pool/plugins/org.eclipse.core.jobs_3.12.0.v20210723-1034.jar:/home/mvonkeil/.p2/pool/plugins/org.eclipse.equinox.registry_3.11.100.v20211021-1418.jar:/home/mvonkeil/.p2/pool/plugins/org.eclipse.equinox.preferences_3.9.100.v20211021-1418.jar:/home/mvonkeil/.p2/pool/plugins/org.eclipse.core.contenttype_3.8.100.v20210910-0640.jar:/home/mvonkeil/.p2/pool/plugins/org.eclipse.equinox.app_1.6.100.v20211021-1418.jar:/home/mvonkeil/.p2/pool/plugins/org.eclipse.emf.ecore_2.25.0.v20210816-0937.jar:/home/mvonkeil/.p2/pool/plugins/org.eclipse.emf.common_2.23.0.v20210924-1718.jar:/home/mvonkeil/.p2/pool/plugins/org.apache.commons.lang_2.6.0.v201404270220.jar:/home/mvonkeil/Projects/AemContentHub/de.enithing.contenthub.model/target/classes:/home/mvonkeil/.m2/repository/org/junit/jupiter/junit-jupiter/5.8.2/junit-jupiter-5.8.2.jar:/home/mvonkeil/.m2/repository/org/junit/jupiter/junit-jupiter-api/5.8.2/junit-jupiter-api-5.8.2.jar:/home/mvonkeil/.m2/repository/org/opentest4j/opentest4j/1.2.0/opentest4j-1.2.0.jar:/home/mvonkeil/.m2/repository/org/junit/platform/junit-platform-commons/1.8.2/junit-platform-commons-1.8.2.jar:/home/mvonkeil/.m2/repository/org/apiguardian/apiguardian-api/1.1.2/apiguardian-api-1.1.2.jar:/home/mvonkeil/.m2/repository/org/junit/jupiter/junit-jupiter-params/5.8.2/junit-jupiter-params-5.8.2.jar:/home/mvonkeil/.m2/repository/org/junit/jupiter/junit-jupiter-engine/5.8.2/junit-jupiter-engine-5.8.2.jar:/home/mvonkeil/.m2/repository/org/junit/platform/junit-platform-engine/1.8.2/junit-platform-engine-1.8.2.jar:/home/mvonkeil/.m2/repository/org/junit/platform/junit-platform-launcher/1.8.2/junit-platform-launcher-1.8.2.jar:/home/mvonkeil/Dev/eclipse/modelling/eclipse/configuration/org.eclipse.osgi/576/0/.cp:/home/mvonkeil/Dev/eclipse/modelling/eclipse/configuration/org.eclipse.osgi/574/0/.cp
Launcher Type: SUN_STANDARD

[Global flags]
     intx CICompilerCount                          = 4                                         {product} {ergonomic}
     uint ConcGCThreads                            = 3                                         {product} {ergonomic}
     uint G1ConcRefinementThreads                  = 10                                        {product} {ergonomic}
   size_t G1HeapRegionSize                         = 4194304                                   {product} {ergonomic}
    uintx GCDrainStackTargetSize                   = 64                                        {product} {ergonomic}
   size_t InitialHeapSize                          = 528482304                                 {product} {ergonomic}
   size_t MarkStackSize                            = 4194304                                   {product} {ergonomic}
   size_t MaxHeapSize                              = 8401190912                                {product} {ergonomic}
   size_t MaxNewSize                               = 5037359104                                {product} {ergonomic}
   size_t MinHeapDeltaBytes                        = 4194304                                   {product} {ergonomic}
   size_t MinHeapSize                              = 8388608                                   {product} {ergonomic}
    uintx NonNMethodCodeHeapSize                   = 5839372                                {pd product} {ergonomic}
    uintx NonProfiledCodeHeapSize                  = 122909434                              {pd product} {ergonomic}
    uintx ProfiledCodeHeapSize                     = 122909434                              {pd product} {ergonomic}
    uintx ReservedCodeCacheSize                    = 251658240                              {pd product} {ergonomic}
     bool SegmentedCodeCache                       = true                                      {product} {ergonomic}
     bool ShowCodeDetailsInExceptionMessages       = true                                   {manageable} {command line}
   size_t SoftMaxHeapSize                          = 8401190912                             {manageable} {ergonomic}
     bool UseCompressedClassPointers               = true                           {product lp64_product} {ergonomic}
     bool UseCompressedOops                        = true                           {product lp64_product} {ergonomic}
     bool UseG1GC                                  = true                                      {product} {ergonomic}

Logging:
Log output configuration:
 #0: stdout all=warning uptime,level,tags foldmultilines=false
 #1: stderr all=off uptime,level,tags foldmultilines=false

Environment Variables:
PATH=/home/mvonkeil/Dev/Android/Sdk/platform-tools:/home/mvonkeil/Dev/Android/Sdk/emulator:/home/mvonkeil/Dev/Android/Sdk/tools:/home/mvonkeil/.local/bin:/usr/local/sbin:/usr/local/bin:/usr/bin:/home/mvonkeil/.dotnet/tools:/usr/lib/jvm/default/bin:/usr/bin/site_perl:/usr/bin/vendor_perl:/usr/bin/core_perl
SHELL=/bin/bash
DISPLAY=:0
LANG=en_US.UTF-8

Signal Handlers:
   SIGSEGV: 0x00007f01a0e2b830 in libjvm.so+15763504, mask=11100100010111111101111111111110, flags=SA_RESTART|SA_SIGINFO
    SIGBUS: 0x00007f01a0e2b830 in libjvm.so+15763504, mask=11100100010111111101111111111110, flags=SA_RESTART|SA_SIGINFO
    SIGFPE: 0x00007f01a0e2b830 in libjvm.so+15763504, mask=11100100010111111101111111111110, flags=SA_RESTART|SA_SIGINFO
   SIGPIPE: 0x00007f01a0cd11c0 in libjvm.so+14344640, mask=11100100010111111101111111111110, flags=SA_RESTART|SA_SIGINFO
   SIGXFSZ: 0x00007f01a0cd11c0 in libjvm.so+14344640, mask=11100100010111111101111111111110, flags=SA_RESTART|SA_SIGINFO
    SIGILL: 0x00007f01a0e2b830 in libjvm.so+15763504, mask=11100100010111111101111111111110, flags=SA_RESTART|SA_SIGINFO
   SIGUSR2: 0x00007f01a0cd0850 in libjvm.so+14342224, mask=00100000000000000000000000000000, flags=SA_RESTART|SA_SIGINFO
    SIGHUP: 0x00007f01a0cd0770 in libjvm.so+14342000, mask=11100100010111111101111111111110, flags=SA_RESTART|SA_SIGINFO
    SIGINT: 0x00007f01a0cd0770 in libjvm.so+14342000, mask=11100100010111111101111111111110, flags=SA_RESTART|SA_SIGINFO
   SIGTERM: 0x00007f01a0cd0770 in libjvm.so+14342000, mask=11100100010111111101111111111110, flags=SA_RESTART|SA_SIGINFO
   SIGQUIT: 0x00007f01a0cd0770 in libjvm.so+14342000, mask=11100100010111111101111111111110, flags=SA_RESTART|SA_SIGINFO
   SIGTRAP: 0x00007f01a0e2b830 in libjvm.so+15763504, mask=11100100010111111101111111111110, flags=SA_RESTART|SA_SIGINFO


---------------  S Y S T E M  ---------------

OS:
DISTRIB_ID="Arch"
DISTRIB_RELEASE="rolling"
DISTRIB_DESCRIPTION="Arch Linux"
uname: Linux 5.16.11-arch1-1 #1 SMP PREEMPT Thu, 24 Feb 2022 02:18:20 +0000 x86_64
OS uptime: 0 days 0:39 hours
libc: glibc 2.35 NPTL 2.35 
rlimit (soft/hard): STACK 8192k/infinity , CORE infinity/infinity , NPROC 128091/128091 , NOFILE 524288/524288 , AS infinity/infinity , CPU infinity/infinity , DATA infinity/infinity , FSIZE infinity/infinity , MEMLOCK 8192k/8192k
load average: 1.00 0.67 0.61

/proc/meminfo:
MemTotal:       32815976 kB
MemFree:        10630220 kB
MemAvailable:   25963960 kB
Buffers:          559884 kB
Cached:         14669652 kB
SwapCached:            0 kB
Active:          3840072 kB
Inactive:       17034220 kB
Active(anon):       8092 kB
Inactive(anon):  5701644 kB
Active(file):    3831980 kB
Inactive(file): 11332576 kB
Unevictable:          64 kB
Mlocked:              64 kB
SwapTotal:       4194300 kB
SwapFree:        4194300 kB
Dirty:               144 kB
Writeback:           456 kB
AnonPages:       5644628 kB
Mapped:          1391568 kB
Shmem:             80520 kB
KReclaimable:     637724 kB
Slab:             852728 kB
SReclaimable:     637724 kB
SUnreclaim:       215004 kB
KernelStack:       18496 kB
PageTables:        51760 kB
NFS_Unstable:          0 kB
Bounce:                0 kB
WritebackTmp:          0 kB
CommitLimit:    20602288 kB
Committed_AS:   15691284 kB
VmallocTotal:   34359738367 kB
VmallocUsed:      102080 kB
VmallocChunk:          0 kB
Percpu:            12864 kB
HardwareCorrupted:     0 kB
AnonHugePages:         0 kB
ShmemHugePages:        0 kB
ShmemPmdMapped:        0 kB
FileHugePages:         0 kB
FilePmdMapped:         0 kB
CmaTotal:              0 kB
CmaFree:               0 kB
HugePages_Total:       0
HugePages_Free:        0
HugePages_Rsvd:        0
HugePages_Surp:        0
Hugepagesize:       2048 kB
Hugetlb:               0 kB
DirectMap4k:     1002028 kB
DirectMap2M:    17813504 kB
DirectMap1G:    14680064 kB

/sys/kernel/mm/transparent_hugepage/enabled: always [madvise] never
/sys/kernel/mm/transparent_hugepage/defrag (defrag/compaction efforts parameter): always defer defer+madvise [madvise] never

Process Memory:
Virtual Size: 12546476K (peak: 12548840K)
Resident Set Size: 137060K (peak: 178336K) (anon: 115472K, file: 21556K, shmem: 32K)
Swapped out: 0K
C-Heap outstanding allocations: 13378K

/proc/sys/kernel/threads-max (system-wide limit on the number of threads): 256182
/proc/sys/vm/max_map_count (maximum number of memory map areas a process may have): 65530
/proc/sys/kernel/pid_max (system-wide limit on number of process identifiers): 4194304

container (cgroup) information:
container_type: cgroupv2
cpu_cpuset_cpus: not supported
cpu_memory_nodes: not supported
active_processor_count: 12
cpu_quota: not supported
cpu_period: not supported
cpu_shares: not supported
memory_limit_in_bytes: unlimited
memory_and_swap_limit_in_bytes: unlimited
memory_soft_limit_in_bytes: unlimited
memory_usage_in_bytes: 14639153152
memory_max_usage_in_bytes: not supported
maximum number of tasks: 38427
current number of tasks: 256

Steal ticks since vm start: 0
Steal ticks percentage since vm start:  0.000

CPU: total 12 (initial active 12) (6 cores per cpu, 2 threads per core) family 6 model 158 stepping 10 microcode 0xec, cx8, cmov, fxsr, ht, mmx, 3dnowpref, sse, sse2, sse3, ssse3, sse4.1, sse4.2, popcnt, lzcnt, tsc, tscinvbit, avx, avx2, aes, erms, clmul, bmi1, bmi2, adx, fma, vzeroupper, clflush, clflushopt
CPU Model and flags from /proc/cpuinfo:
model name	: Intel(R) Core(TM) i7-8700K CPU @ 3.70GHz
flags		: fpu vme de pse tsc msr pae mce cx8 apic sep mtrr pge mca cmov pat pse36 clflush dts acpi mmx fxsr sse sse2 ss ht tm pbe syscall nx pdpe1gb rdtscp lm constant_tsc art arch_perfmon pebs bts rep_good nopl xtopology nonstop_tsc cpuid aperfmperf pni pclmulqdq dtes64 monitor ds_cpl vmx smx est tm2 ssse3 sdbg fma cx16 xtpr pdcm pcid sse4_1 sse4_2 x2apic movbe popcnt tsc_deadline_timer aes xsave avx f16c rdrand lahf_lm abm 3dnowprefetch cpuid_fault invpcid_single pti ssbd ibrs ibpb stibp tpr_shadow vnmi flexpriority ept vpid ept_ad fsgsbase tsc_adjust bmi1 avx2 smep bmi2 erms invpcid mpx rdseed adx smap clflushopt intel_pt xsaveopt xsavec xgetbv1 xsaves dtherm ida arat pln pts hwp hwp_notify hwp_act_window hwp_epp md_clear flush_l1d arch_capabilities

Online cpus: 0-11
Offline cpus: 
BIOS frequency limitation: <Not Available>
Frequency switch latency (ns): 0
Available cpu frequencies: <Not Available>
Current governor: powersave
Core performance/turbo boost: <Not Available>

Memory: 4k page, physical 32815976k(10628708k free), swap 4194300k(4194300k free)
Page Sizes: 4k

vm_info: OpenJDK 64-Bit Server VM (18+0) for linux-amd64 JRE (18+0), built on Apr  5 2022 16:27:11 by "builduser" with gcc 11.2.0

END.
