#
# A fatal error has been detected by the Java Runtime Environment:
#
#  SIGSEGV (0xb) at pc=0x00007f14f735d66d, pid=8495, tid=8520
#
# JRE version: OpenJDK Runtime Environment (18.0) (build 18+0)
# Java VM: OpenJDK 64-Bit Server VM (18+0, mixed mode, tiered, compressed oops, compressed class ptrs, g1 gc, linux-amd64)
# Problematic frame:
# V  [libjvm.so+0xe2666d]
#
# Core dump will be written. Default location: Core dumps may be processed with "/usr/lib/systemd/systemd-coredump %P %u %g %s %t %c %h" (or dumping to /home/mvonkeil/Projects/AemContentHub/de.enithing.contenthub.generator.core/core.8495)
#
# If you would like to submit a bug report, please visit:
#   https://bugreport.java.com/bugreport/crash.jsp
#

---------------  S U M M A R Y ------------

Command Line: -XX:+ShowCodeDetailsInExceptionMessages -agentlib:jdwp=transport=dt_socket,suspend=y,address=localhost:32895 -ea -javaagent:/home/mvonkeil/Dev/eclipse/modelling/eclipse/configuration/org.eclipse.osgi/577/0/.cp/lib/javaagent-shaded.jar -Dfile.encoding=UTF-8 org.eclipse.jdt.internal.junit.runner.RemoteTestRunner -version 3 -port 34403 -testLoaderClass org.eclipse.jdt.internal.junit5.runner.JUnit5TestLoader -loaderpluginname org.eclipse.jdt.junit5.runtime -classNames de.enithing.contenthub.generator.GeneratorTest

Host: Intel(R) Core(TM) i7-8700K CPU @ 3.70GHz, 12 cores, 31G, Arch Linux
Time: Mon Apr 25 11:35:17 2022 CEST elapsed time: 565.208019 seconds (0d 0h 9m 25s)

---------------  T H R E A D  ---------------

Current thread (0x00007f14f028da10):  JavaThread "JDWP Transport Listener: dt_socket" daemon [_thread_in_vm, id=8520, stack(0x00007f1483f00000,0x00007f1484000000)]

Stack: [0x00007f1483f00000,0x00007f1484000000],  sp=0x00007f1483ffe920,  free space=1018k
Native frames: (J=compiled Java code, j=interpreted, Vv=VM code, C=native code)
V  [libjvm.so+0xe2666d]
V  [libjvm.so+0xa3d862]
V  [libjvm.so+0x9f361a]
C  [libjdwp.so+0x2e9b8]
C  [libjdwp.so+0x84e1]
C  [libjdwp.so+0x142b9]
C  [libjdwp.so+0x280ec]
V  [libjvm.so+0xa5dec5]
V  [libjvm.so+0xe7f185]
V  [libjvm.so+0xe83597]
V  [libjvm.so+0xc4f52e]


siginfo: si_signo: 11 (SIGSEGV), si_code: 1 (SEGV_MAPERR), si_addr: 0x00000000005d0060

Register to memory mapping:

RAX=0x000000000000005e is an unknown value
RBX=0x0000000800291a40 is a pointer to class: 
de.enithing.contenthub.generator.contentfragment.instance.ContentFragmentGenerator {0x0000000800291a40}
 - instance size:     2
 - klass size:        99
 - access:            public synchronized 
 - state:             fully_initialized
 - name:              'de/enithing/contenthub/generator/contentfragment/instance/ContentFragmentGenerator'
 - super:             'java/lang/Object'
 - sub:               
 - arrays:            NULL
 - methods:           Array<T>(0x00007f14ad4693a8)
 - method ordering:   Array<T>(0x00007f14ad4699b8)
 - default_methods:   Array<T>(0x00007f14ad468c88)
 - default vtable indices:   Array<T>(0x00007f14ad468cd8)
 - local interfaces:  Array<T>(0x00007f14ad468638)
 - trans. interfaces: Array<T>(0x00007f14ad468c48)
 - constants:         constant pool [96] {0x00007f14ad46a188} for 'de/enithing/contenthub/generator/contentfragment/instance/ContentFragmentGenerator' cache=0x00007f14ad46a538
 - class loader data:  loader data: 0x00007f14f0239e50 for instance a 'jdk/internal/loader/ClassLoaders$AppClassLoader'{0x000000060b421800}
 - source file:       'ContentFragmentGenerator.java'
 - source debug extension:       SMAP
ContentFragmentGenerator.java
Java
*S jdt
*F
1 ContentFragmentGenerator.java
2 file:/home/mvonkeil/Projects/AemContentHub/de.enithing.contenthub.generator.core/target/classes/
*L
*E

 - class annotations:       Array<T>(0x0000000000000000)
 - class type annotations:  Array<T>(0x0000000000000000)
 - field annotations:       Array<T>(0x0000000000000000)
 - field type annotations:  Array<T>(0x0000000000000000)
 - previous version:  constant pool [88] {0x00007f14ad4682c8} for 'de/enithing/contenthub/generator/contentfragment/instance/ContentFragmentGenerator' (extra) cache=0x00007f14ad468d00
 - generic signature: '
[error occurred during error reporting (printing register info), id 0xb, SIGSEGV (0xb) at pc=0x00007f14f735e669]

Registers:
RAX=0x000000000000005e, RBX=0x0000000800291a40, RCX=0x00007f14ad46a188, RDX=0x000000000000001c
RSP=0x00007f1483ffe920, RBP=0x00007f1483ffe930, RSI=0x0000000000000000, RDI=0x00000000005d005c
R8 =0x0000000800291a40, R9 =0x0000000000000052, R10=0x0000000000000053, R11=0xf5d374a9919efd1c
R12=0x00007f148c029ae8, R13=0x0000000800291a40, R14=0x00007f148c029a80, R15=0x00007f14f028df90
RIP=0x00007f14f735d66d, EFLAGS=0x0000000000010246, CSGSFS=0x002b000000000033, ERR=0x0000000000000004
  TRAPNO=0x000000000000000e

Top of Stack: (sp=0x00007f1483ffe920)
0x00007f1483ffe920:   0000000800291a40 00007f148c029ae8
0x00007f1483ffe930:   00007f1483ffe9b0 00007f14f6f74862
0x00007f1483ffe940:   00007f1483ffe960 0000000800291a40
0x00007f1483ffe950:   00000000000003d8 00007f14f0005da0 

Instructions: (pc=0x00007f14f735d66d)
0x00007f14f735d56d:   c0 10 48 39 f0 75 ec 89 d6 83 e6 f0 89 f0 39 f2
0x00007f14f735d57d:   0f 84 9f 00 00 00 89 d7 29 f7 44 8d 4f ff 41 83
0x00007f14f735d58d:   f9 06 76 14 4c 8b 4c 31 06 4d 89 0c 30 89 fe 83
0x00007f14f735d59d:   e6 f8 01 f0 39 f7 74 7d 48 63 f0 0f b6 7c 31 06
0x00007f14f735d5ad:   41 88 3c 30 8d 70 01 39 f2 7e 6a 48 63 f6 0f b6
0x00007f14f735d5bd:   7c 31 06 41 88 3c 30 8d 70 02 39 f2 7e 57 48 63
0x00007f14f735d5cd:   f6 0f b6 7c 31 06 41 88 3c 30 8d 70 03 39 f2 7e
0x00007f14f735d5dd:   44 48 63 f6 0f b6 7c 31 06 41 88 3c 30 8d 70 04
0x00007f14f735d5ed:   39 f2 7e 31 48 63 f6 0f b6 7c 31 06 41 88 3c 30
0x00007f14f735d5fd:   8d 70 05 39 f2 7e 1e 48 63 f6 83 c0 06 0f b6 7c
0x00007f14f735d60d:   31 06 41 88 3c 30 39 c2 7e 0b 48 98 0f b6 4c 01
0x00007f14f735d61d:   06 41 88 0c 00 48 63 d2 41 c6 04 10 00 4c 89 c0
0x00007f14f735d62d:   c3 66 90 89 d7 31 c0 0f 1f 40 00 0f b6 74 01 06
0x00007f14f735d63d:   41 88 34 00 48 83 c0 01 48 39 f8 75 ee 48 63 d2
0x00007f14f735d64d:   41 c6 04 10 00 eb d6 31 f6 31 c0 e9 34 ff ff ff
0x00007f14f735d65d:   90 66 90 f3 0f 1e fa 55 31 f6 48 89 e5 41 54 53
0x00007f14f735d66d:   44 0f b7 67 04 48 89 fb 41 8d 7c 24 01 48 63 ff
0x00007f14f735d67d:   67 e8 8d 69 ec ff 0f b7 53 04 49 89 c0 44 39 e2
0x00007f14f735d68d:   41 0f 4f d4 85 d2 0f 84 f7 00 00 00 48 8d 7b 07
0x00007f14f735d69d:   4c 89 c1 8d 42 ff 89 d6 48 29 f9 48 83 f9 0e 0f
0x00007f14f735d6ad:   86 ee 00 00 00 83 f8 06 0f 86 e5 00 00 00 83 f8
0x00007f14f735d6bd:   0e 0f 86 06 01 00 00 89 d1 31 c0 c1 e9 04 48 c1
0x00007f14f735d6cd:   e1 04 90 f3 0f 6f 44 03 06 41 0f 11 04 00 48 83
0x00007f14f735d6dd:   c0 10 48 39 c8 75 ec 89 d1 83 e1 f0 89 c8 39 ca
0x00007f14f735d6ed:   0f 84 9d 00 00 00 89 d6 29 ce 8d 7e ff 83 ff 06
0x00007f14f735d6fd:   76 14 48 8b 7c 0b 06 49 89 3c 08 89 f1 83 e1 f8
0x00007f14f735d70d:   01 c8 39 ce 74 7d 48 63 c8 0f b6 74 0b 06 41 88
0x00007f14f735d71d:   34 08 8d 48 01 39 ca 7e 6a 48 63 c9 0f b6 74 0b
0x00007f14f735d72d:   06 41 88 34 08 8d 48 02 39 ca 7e 57 48 63 c9 0f
0x00007f14f735d73d:   b6 74 0b 06 41 88 34 08 8d 48 03 39 ca 7e 44 48
0x00007f14f735d74d:   63 c9 0f b6 74 0b 06 41 88 34 08 8d 48 04 39 ca
0x00007f14f735d75d:   7e 31 48 63 c9 0f b6 74 0b 06 41 88 34 08 8d 48 


Stack slot to memory mapping:
stack at sp + 0 slots: 0x0000000800291a40 is a pointer to class: 
de.enithing.contenthub.generator.contentfragment.instance.ContentFragmentGenerator {0x0000000800291a40}
 - instance size:     2
 - klass size:        99
 - access:            public synchronized 
 - state:             fully_initialized
 - name:              'de/enithing/contenthub/generator/contentfragment/instance/ContentFragmentGenerator'
 - super:             'java/lang/Object'
 - sub:               
 - arrays:            NULL
 - methods:           Array<T>(0x00007f14ad4693a8)
 - method ordering:   Array<T>(0x00007f14ad4699b8)
 - default_methods:   Array<T>(0x00007f14ad468c88)
 - default vtable indices:   Array<T>(0x00007f14ad468cd8)
 - local interfaces:  Array<T>(0x00007f14ad468638)
 - trans. interfaces: Array<T>(0x00007f14ad468c48)
 - constants:         constant pool [96] {0x00007f14ad46a188} for 'de/enithing/contenthub/generator/contentfragment/instance/ContentFragmentGenerator' cache=0x00007f14ad46a538
 - class loader data:  loader data: 0x00007f14f0239e50 for instance a 'jdk/internal/loader/ClassLoaders$AppClassLoader'{0x000000060b421800}
 - source file:       'ContentFragmentGenerator.java'
 - source debug extension:       SMAP
ContentFragmentGenerator.java
Java
*S jdt
*F
1 ContentFragmentGenerator.java
2 file:/home/mvonkeil/Projects/AemContentHub/de.enithing.contenthub.generator.core/target/classes/
*L
*E

 - class annotations:       Array<T>(0x0000000000000000)
 - class type annotations:  Array<T>(0x0000000000000000)
 - field annotations:       Array<T>(0x0000000000000000)
 - field type annotations:  Array<T>(0x0000000000000000)
 - previous version:  constant pool [88] {0x00007f14ad4682c8} for 'de/enithing/contenthub/generator/contentfragment/instance/ContentFragmentGenerator' (extra) cache=0x00007f14ad468d00
 - generic signature: '
[error occurred during error reporting (inspecting top of stack), id 0xb, SIGSEGV (0xb) at pc=0x00007f14f735e669]


---------------  P R O C E S S  ---------------

Threads class SMR info:
_java_thread_list=0x00007f1464024990, length=17, elements={
0x00007f14f0017070, 0x00007f14f013f4a0, 0x00007f14f0140b30, 0x00007f14f01749a0,
0x00007f14f0175d40, 0x00007f14f0169630, 0x00007f14f016ab30, 0x00007f14f016c000,
0x00007f14f016d460, 0x00007f14f02294f0, 0x00007f14f028da10, 0x00007f14f02b1310,
0x00007f147c001120, 0x00007f14f058be90, 0x00007f14f065ac00, 0x00007f14f077c8c0,
0x00007f14f0a78860
}

Java Threads: ( => current thread )
  0x00007f14f0017070 JavaThread "main" [_thread_blocked, id=8502, stack(0x00007f14f610e000,0x00007f14f620e000)]
  0x00007f14f013f4a0 JavaThread "Reference Handler" daemon [_thread_blocked, id=8510, stack(0x00007f14c4c54000,0x00007f14c4d54000)]
  0x00007f14f0140b30 JavaThread "Finalizer" daemon [_thread_blocked, id=8511, stack(0x00007f14c4b54000,0x00007f14c4c54000)]
  0x00007f14f01749a0 JavaThread "Signal Dispatcher" daemon [_thread_blocked, id=8512, stack(0x00007f14c476b000,0x00007f14c486b000)]
  0x00007f14f0175d40 JavaThread "Service Thread" daemon [_thread_blocked, id=8513, stack(0x00007f14c466b000,0x00007f14c476b000)]
  0x00007f14f0169630 JavaThread "Monitor Deflation Thread" daemon [_thread_blocked, id=8514, stack(0x00007f14c456b000,0x00007f14c466b000)]
  0x00007f14f016ab30 JavaThread "C2 CompilerThread0" daemon [_thread_blocked, id=8515, stack(0x00007f14c446b000,0x00007f14c456b000)]
  0x00007f14f016c000 JavaThread "C1 CompilerThread0" daemon [_thread_blocked, id=8516, stack(0x00007f14c436b000,0x00007f14c446b000)]
  0x00007f14f016d460 JavaThread "Sweeper thread" daemon [_thread_blocked, id=8517, stack(0x00007f14c426b000,0x00007f14c436b000)]
  0x00007f14f02294f0 JavaThread "Common-Cleaner" daemon [_thread_blocked, id=8518, stack(0x00007f14c416b000,0x00007f14c426b000)]
=>0x00007f14f028da10 JavaThread "JDWP Transport Listener: dt_socket" daemon [_thread_in_vm, id=8520, stack(0x00007f1483f00000,0x00007f1484000000)]
  0x00007f14f02b1310 JavaThread "JDWP Event Helper Thread" daemon [_thread_blocked, id=8523, stack(0x00007f1483e00000,0x00007f1483f00000)]
  0x00007f147c001120 JavaThread "JDWP Command Reader" daemon [_thread_in_native, id=8524, stack(0x00007f1483d00000,0x00007f1483e00000)]
  0x00007f14f058be90 JavaThread "Notification Thread" daemon [_thread_blocked, id=8527, stack(0x00007f1483c00000,0x00007f1483d00000)]
  0x00007f14f065ac00 JavaThread "ReaderThread" [_thread_in_native, id=8530, stack(0x00007f14838fe000,0x00007f14839fe000)]
  0x00007f14f077c8c0 JavaThread "EMF Reference Cleaner" daemon [_thread_blocked, id=8540, stack(0x00007f1482eec000,0x00007f1482fec000)]
  0x00007f14f0a78860 JavaThread "org.apache.commons.vfs2.cache.SoftRefFilesCache$ReleaseThread" daemon [_thread_blocked, id=8543, stack(0x00007f1482878000,0x00007f1482978000)]

Other Threads:
  0x00007f14f0131980 VMThread "VM Thread" [stack: 0x00007f14c4d56000,0x00007f14c4e56000] [id=8509]
  0x00007f14f0019b00 WatcherThread "VM Periodic Task Thread" [stack: 0x00007f1483b00000,0x00007f1483c00000] [id=8528]
  0x00007f14f0049d00 WorkerThread "GC Thread#0" [stack: 0x00007f14f4312000,0x00007f14f4412000] [id=8504]
  0x00007f14a4007fb0 WorkerThread "GC Thread#1" [stack: 0x00007f14837fe000,0x00007f14838fe000] [id=8531]
  0x00007f14a4008a00 WorkerThread "GC Thread#2" [stack: 0x00007f14836fc000,0x00007f14837fc000] [id=8532]
  0x00007f14a4009450 WorkerThread "GC Thread#3" [stack: 0x00007f14835fa000,0x00007f14836fa000] [id=8533]
  0x00007f14a400a290 WorkerThread "GC Thread#4" [stack: 0x00007f14834f8000,0x00007f14835f8000] [id=8534]
  0x00007f14a400b0d0 WorkerThread "GC Thread#5" [stack: 0x00007f14833f6000,0x00007f14834f6000] [id=8535]
  0x00007f14a400bf10 WorkerThread "GC Thread#6" [stack: 0x00007f14832f4000,0x00007f14833f4000] [id=8536]
  0x00007f14a400cd50 WorkerThread "GC Thread#7" [stack: 0x00007f14831f2000,0x00007f14832f2000] [id=8537]
  0x00007f14a400dbb0 WorkerThread "GC Thread#8" [stack: 0x00007f14830f0000,0x00007f14831f0000] [id=8538]
  0x00007f14a400ea30 WorkerThread "GC Thread#9" [stack: 0x00007f1482fee000,0x00007f14830ee000] [id=8539]
  0x00007f14f005ad70 ConcurrentGCThread "G1 Main Marker" [stack: 0x00007f14f4210000,0x00007f14f4310000] [id=8505]
  0x00007f14f005bc70 WorkerThread "G1 Conc#0" [stack: 0x00007f14f410e000,0x00007f14f420e000] [id=8506]
  0x00007f14b8000d60 WorkerThread "G1 Conc#1" [stack: 0x00007f1482cec000,0x00007f1482dec000] [id=8544]
  0x00007f14b80017c0 WorkerThread "G1 Conc#2" [stack: 0x00007f1482bea000,0x00007f1482cea000] [id=8545]
  0x00007f14f00afee0 ConcurrentGCThread "G1 Refine#0" [stack: 0x00007f14c5148000,0x00007f14c5248000] [id=8507]
  0x00007f14f00b0db0 ConcurrentGCThread "G1 Service" [stack: 0x00007f14c5046000,0x00007f14c5146000] [id=8508]

Threads with active compile tasks:

VM state: not at safepoint (normal execution)

VM Mutex/Monitor currently owned by a thread: None

Heap address: 0x000000060b400000, size: 8012 MB, Compressed Oops mode: Zero based, Oop shift amount: 3

CDS archive(s) not mapped
Compressed class space mapped at: 0x0000000800000000-0x0000000840000000, reserved size: 1073741824
Narrow klass base: 0x0000000800000000, Narrow klass shift: 0, Narrow klass range: 0x40000000

GC Precious Log:
 CardTable entry size: 512
 Card Set container configuration: InlinePtr #cards 4 size 8 Array Of Cards #cards 32 size 80 Howl #buckets 8 coarsen threshold 7372 Howl Bitmap #cards 1024 size 144 coarsen threshold 921 Card regions per heap region 1 cards per card region 8192
 CPUs: 12 total, 12 available
 Memory: 32046M
 Large Page Support: Disabled
 NUMA Support: Disabled
 Compressed Oops: Enabled (Zero based)
 Heap Region Size: 4M
 Heap Min Capacity: 8M
 Heap Initial Capacity: 504M
 Heap Max Capacity: 8012M
 Pre-touch: Disabled
 Parallel Workers: 10
 Concurrent Workers: 3
 Concurrent Refinement Workers: 10
 Periodic GC: Disabled

Heap:
 garbage-first heap   total 69632K, used 21564K [0x000000060b400000, 0x0000000800000000)
  region size 4096K, 6 young (24576K), 2 survivors (8192K)
 Metaspace       used 23758K, committed 24000K, reserved 1114112K
  class space    used 2509K, committed 2624K, reserved 1048576K

Heap Regions: E=young(eden), S=young(survivor), O=old, HS=humongous(starts), HC=humongous(continues), CS=collection set, F=free, OA=open archive, CA=closed archive, TAMS=top-at-mark-start (previous, next)
|   0|0x000000060b400000, 0x000000060b800000, 0x000000060b800000|100%| O|  |TAMS 0x000000060b800000, 0x000000060b400000| Untracked 
|   1|0x000000060b800000, 0x000000060b819a00, 0x000000060bc00000|  2%| O|  |TAMS 0x000000060b819a00, 0x000000060b800000| Complete 
|   2|0x000000060bc00000, 0x000000060bc00000, 0x000000060c000000|  0%| F|  |TAMS 0x000000060bc00000, 0x000000060bc00000| Untracked 
|   3|0x000000060c000000, 0x000000060c000000, 0x000000060c400000|  0%| F|  |TAMS 0x000000060c000000, 0x000000060c000000| Untracked 
|   4|0x000000060c400000, 0x000000060c400000, 0x000000060c800000|  0%| F|  |TAMS 0x000000060c400000, 0x000000060c400000| Untracked 
|   5|0x000000060c800000, 0x000000060c800000, 0x000000060cc00000|  0%| F|  |TAMS 0x000000060c800000, 0x000000060c800000| Untracked 
|   6|0x000000060cc00000, 0x000000060cc00000, 0x000000060d000000|  0%| F|  |TAMS 0x000000060cc00000, 0x000000060cc00000| Untracked 
|   7|0x000000060d000000, 0x000000060d000000, 0x000000060d400000|  0%| F|  |TAMS 0x000000060d000000, 0x000000060d000000| Untracked 
|   8|0x000000060d400000, 0x000000060d400000, 0x000000060d800000|  0%| F|  |TAMS 0x000000060d400000, 0x000000060d400000| Untracked 
|   9|0x000000060d800000, 0x000000060d800000, 0x000000060dc00000|  0%| F|  |TAMS 0x000000060d800000, 0x000000060d800000| Untracked 
|  10|0x000000060dc00000, 0x000000060dc00000, 0x000000060e000000|  0%| F|  |TAMS 0x000000060dc00000, 0x000000060dc00000| Untracked 
|  11|0x000000060e000000, 0x000000060e1a2a88, 0x000000060e400000| 40%| E|  |TAMS 0x000000060e000000, 0x000000060e000000| Complete 
|  12|0x000000060e400000, 0x000000060e800000, 0x000000060e800000|100%| E|CS|TAMS 0x000000060e400000, 0x000000060e400000| Complete 
|  13|0x000000060e800000, 0x000000060ec00000, 0x000000060ec00000|100%| E|CS|TAMS 0x000000060e800000, 0x000000060e800000| Complete 
| 113|0x0000000627800000, 0x00000006278f5650, 0x0000000627c00000| 23%| S|CS|TAMS 0x0000000627800000, 0x0000000627800000| Complete 
| 114|0x0000000627c00000, 0x0000000628000000, 0x0000000628000000|100%| S|CS|TAMS 0x0000000627c00000, 0x0000000627c00000| Complete 
| 125|0x000000062a800000, 0x000000062ac00000, 0x000000062ac00000|100%| E|CS|TAMS 0x000000062a800000, 0x000000062a800000| Complete 

Card table byte_map: [0x00007f14d8557000,0x00007f14d94fd000] _byte_map_base: 0x00007f14d54fd000

Marking Bits (Prev, Next): (CMBitMap*) 0x00007f14f004a7b0, (CMBitMap*) 0x00007f14f004a770
 Prev Bits: [0x00007f14c7b51000, 0x00007f14cf881000)
 Next Bits: [0x00007f14cf881000, 0x00007f14d75b1000)

Polling page: 0x00007f14f7aea000

Metaspace:

Usage:
  Non-class:     20.75 MB used.
      Class:      2.45 MB used.
       Both:     23.20 MB used.

Virtual space:
  Non-class space:       64.00 MB reserved,      20.88 MB ( 33%) committed,  1 nodes.
      Class space:        1.00 GB reserved,       2.56 MB ( <1%) committed,  1 nodes.
             Both:        1.06 GB reserved,      23.44 MB (  2%) committed. 

Chunk freelists:
   Non-Class:  2.58 MB
       Class:  1.42 MB
        Both:  4.00 MB

MaxMetaspaceSize: unlimited
CompressedClassSpaceSize: 1.00 GB
Initial GC threshold: 21.00 MB
Current GC threshold: 35.12 MB
CDS: off
MetaspaceReclaimPolicy: balanced
 - commit_granule_bytes: 65536.
 - commit_granule_words: 8192.
 - virtual_space_node_default_size: 8388608.
 - enlarge_chunks_in_place: 1.
 - new_chunks_are_fully_committed: 0.
 - uncommit_free_chunks: 1.
 - use_allocation_guard: 0.


Internal statistics:

num_allocs_failed_limit: 3.
num_arena_births: 192.
num_arena_deaths: 0.
num_vsnodes_births: 2.
num_vsnodes_deaths: 0.
num_space_committed: 375.
num_space_uncommitted: 0.
num_chunks_returned_to_freelist: 3.
num_chunks_taken_from_freelist: 623.
num_chunk_merges: 3.
num_chunk_splits: 400.
num_chunks_enlarged: 289.
num_inconsistent_stats: 0.

CodeHeap 'non-profiled nmethods': size=120028Kb used=1132Kb max_used=1132Kb free=118895Kb
 bounds [0x00007f14e0fc6000, 0x00007f14e1236000, 0x00007f14e84fd000]
CodeHeap 'profiled nmethods': size=120028Kb used=4763Kb max_used=4763Kb free=115264Kb
 bounds [0x00007f14d9a8f000, 0x00007f14d9f3f000, 0x00007f14e0fc6000]
CodeHeap 'non-nmethods': size=5704Kb used=1280Kb max_used=1356Kb free=4423Kb
 bounds [0x00007f14d94fd000, 0x00007f14d976d000, 0x00007f14d9a8f000]
 total_blobs=2803 nmethods=2277 adapters=438
 compilation: enabled
              stopped_count=0, restarted_count=0
 full_count=0

Compilation events (20 events):
Event: 16.869 Thread 0x00007f14f016c000 nmethod 2267 0x00007f14d9f31f10 code [0x00007f14d9f320a0, 0x00007f14d9f321b0]
Event: 16.869 Thread 0x00007f14f016c000 2269       3       java.io.FileDescriptor::valid (25 bytes)
Event: 16.869 Thread 0x00007f14f016c000 nmethod 2269 0x00007f14d9f32290 code [0x00007f14d9f32420, 0x00007f14d9f325d0]
Event: 16.869 Thread 0x00007f14f016c000 2270       3       com.sun.org.apache.xerces.internal.utils.XMLSecurityManager$NameMap::getOldName (18 bytes)
Event: 16.869 Thread 0x00007f14f016c000 nmethod 2270 0x00007f14d9f32690 code [0x00007f14d9f32840, 0x00007f14d9f32a00]
Event: 16.870 Thread 0x00007f14f016c000 2271       3       com.sun.org.apache.xerces.internal.util.PropertyState::isExceptional (8 bytes)
Event: 16.870 Thread 0x00007f14f016c000 nmethod 2271 0x00007f14d9f32b10 code [0x00007f14d9f32ca0, 0x00007f14d9f32dd0]
Event: 16.870 Thread 0x00007f14f016c000 2272       3       com.sun.org.apache.xerces.internal.impl.XMLEntityScanner::normalizeNewlines (498 bytes)
Event: 16.870 Thread 0x00007f14f016c000 nmethod 2272 0x00007f14d9f32e90 code [0x00007f14d9f33100, 0x00007f14d9f33e60]
Event: 16.870 Thread 0x00007f14f016c000 2273       3       java.lang.ThreadLocal$ThreadLocalMap::getEntry (42 bytes)
Event: 16.871 Thread 0x00007f14f016c000 nmethod 2273 0x00007f14d9f34390 code [0x00007f14d9f34560, 0x00007f14d9f34950]
Event: 16.871 Thread 0x00007f14f016c000 2275       3       java.nio.ByteBuffer::position (8 bytes)
Event: 16.871 Thread 0x00007f14f016c000 nmethod 2275 0x00007f14d9f34b10 code [0x00007f14d9f34cc0, 0x00007f14d9f34e00]
Event: 16.871 Thread 0x00007f14f016c000 2274       3       java.nio.ByteBuffer::arrayOffset (35 bytes)
Event: 16.871 Thread 0x00007f14f016c000 nmethod 2274 0x00007f14d9f34e90 code [0x00007f14d9f35060, 0x00007f14d9f35350]
Event: 16.873 Thread 0x00007f14f016ab30 nmethod 2268 0x00007f14e10e0790 code [0x00007f14e10e0940, 0x00007f14e10e0f78]
Event: 240.838 Thread 0x00007f14f016c000 2276   !   3       jdk.internal.ref.PhantomCleanable::isListEmpty (34 bytes)
Event: 240.838 Thread 0x00007f14f016c000 nmethod 2276 0x00007f14d9f35490 code [0x00007f14d9f35640, 0x00007f14d9f35890]
Event: 240.838 Thread 0x00007f14f016c000 2277       3       jdk.internal.misc.InnocuousThread::eraseThreadLocals (23 bytes)
Event: 240.839 Thread 0x00007f14f016c000 nmethod 2277 0x00007f14d9f35a10 code [0x00007f14d9f35bc0, 0x00007f14d9f35db0]

GC Heap History (6 events):
Event: 0.370 GC heap before
{Heap before GC invocations=0 (full 0):
 garbage-first heap   total 516096K, used 20480K [0x000000060b400000, 0x0000000800000000)
  region size 4096K, 6 young (24576K), 0 survivors (0K)
 Metaspace       used 12554K, committed 12736K, reserved 1114112K
  class space    used 1113K, committed 1216K, reserved 1048576K
}
Event: 0.372 GC heap after
{Heap after GC invocations=1 (full 0):
 garbage-first heap   total 516096K, used 4230K [0x000000060b400000, 0x0000000800000000)
  region size 4096K, 1 young (4096K), 1 survivors (4096K)
 Metaspace       used 12554K, committed 12736K, reserved 1114112K
  class space    used 1113K, committed 1216K, reserved 1048576K
}
Event: 0.585 GC heap before
{Heap before GC invocations=1 (full 0):
 garbage-first heap   total 516096K, used 28806K [0x000000060b400000, 0x0000000800000000)
  region size 4096K, 7 young (28672K), 1 survivors (4096K)
 Metaspace       used 16092K, committed 16256K, reserved 1114112K
  class space    used 1597K, committed 1664K, reserved 1048576K
}
Event: 0.587 GC heap after
{Heap after GC invocations=2 (full 0):
 garbage-first heap   total 516096K, used 5727K [0x000000060b400000, 0x0000000800000000)
  region size 4096K, 1 young (4096K), 1 survivors (4096K)
 Metaspace       used 16092K, committed 16256K, reserved 1114112K
  class space    used 1597K, committed 1664K, reserved 1048576K
}
Event: 0.835 GC heap before
{Heap before GC invocations=2 (full 0):
 garbage-first heap   total 516096K, used 42591K [0x000000060b400000, 0x0000000800000000)
  region size 4096K, 11 young (45056K), 1 survivors (4096K)
 Metaspace       used 21290K, committed 21504K, reserved 1114112K
  class space    used 2257K, committed 2368K, reserved 1048576K
}
Event: 0.837 GC heap after
{Heap after GC invocations=3 (full 0):
 garbage-first heap   total 516096K, used 9276K [0x000000060b400000, 0x0000000800000000)
  region size 4096K, 2 young (8192K), 2 survivors (8192K)
 Metaspace       used 21290K, committed 21504K, reserved 1114112K
  class space    used 2257K, committed 2368K, reserved 1048576K
}

Deoptimization events (20 events):
Event: 16.870 Thread 0x00007f14f0017070 DEOPT PACKING pc=0x00007f14d9ed0cbc sp=0x00007f14f6208d50
Event: 16.870 Thread 0x00007f14f0017070 DEOPT UNPACKING pc=0x00007f14d954f82f sp=0x00007f14f6208230 mode 1
Event: 16.870 Thread 0x00007f14f0017070 DEOPT PACKING pc=0x00007f14e10a1f28 sp=0x00007f14f6208dc0
Event: 16.870 Thread 0x00007f14f0017070 DEOPT UNPACKING pc=0x00007f14d954f82f sp=0x00007f14f6208278 mode 1
Event: 16.870 Thread 0x00007f14f0017070 DEOPT PACKING pc=0x00007f14d9ebad44 sp=0x00007f14f6208e00
Event: 16.870 Thread 0x00007f14f0017070 DEOPT UNPACKING pc=0x00007f14d954f82f sp=0x00007f14f62082d0 mode 1
Event: 16.871 Thread 0x00007f14f0017070 DEOPT PACKING pc=0x00007f14d9ed0e59 sp=0x00007f14f6209450
Event: 16.871 Thread 0x00007f14f0017070 DEOPT UNPACKING pc=0x00007f14d954f82f sp=0x00007f14f6208930 mode 1
Event: 16.871 Thread 0x00007f14f0017070 DEOPT PACKING pc=0x00007f14e10a1f28 sp=0x00007f14f62094c0
Event: 16.871 Thread 0x00007f14f0017070 DEOPT UNPACKING pc=0x00007f14d954f82f sp=0x00007f14f6208978 mode 1
Event: 16.871 Thread 0x00007f14f0017070 DEOPT PACKING pc=0x00007f14d9e87794 sp=0x00007f14f6209500
Event: 16.871 Thread 0x00007f14f0017070 DEOPT UNPACKING pc=0x00007f14d954f82f sp=0x00007f14f6208a48 mode 1
Event: 16.871 Thread 0x00007f14f0017070 DEOPT PACKING pc=0x00007f14d9f2cecc sp=0x00007f14f6209570
Event: 16.871 Thread 0x00007f14f0017070 DEOPT UNPACKING pc=0x00007f14d954f82f sp=0x00007f14f6208a30 mode 1
Event: 16.871 Thread 0x00007f14f0017070 DEOPT PACKING pc=0x00007f14d9ed0cbc sp=0x00007f14f6209650
Event: 16.871 Thread 0x00007f14f0017070 DEOPT UNPACKING pc=0x00007f14d954f82f sp=0x00007f14f6208b30 mode 1
Event: 16.871 Thread 0x00007f14f0017070 DEOPT PACKING pc=0x00007f14e10a1f28 sp=0x00007f14f62096c0
Event: 16.871 Thread 0x00007f14f0017070 DEOPT UNPACKING pc=0x00007f14d954f82f sp=0x00007f14f6208b78 mode 1
Event: 16.871 Thread 0x00007f14f0017070 DEOPT PACKING pc=0x00007f14d9ebad44 sp=0x00007f14f6209700
Event: 16.871 Thread 0x00007f14f0017070 DEOPT UNPACKING pc=0x00007f14d954f82f sp=0x00007f14f6208bd0 mode 1

Classes loaded (20 events):
Event: 0.963 Loading class org/xml/sax/Locator
Event: 0.963 Loading class org/xml/sax/Locator done
Event: 0.963 Loading class org/xml/sax/ext/Locator2 done
Event: 0.963 Loading class com/sun/org/apache/xerces/internal/parsers/AbstractSAXParser$LocatorProxy done
Event: 0.963 Loading class com/sun/org/apache/xerces/internal/impl/XMLScanner$NameType
Event: 0.963 Loading class com/sun/org/apache/xerces/internal/impl/XMLScanner$NameType done
Event: 0.963 Loading class com/sun/org/apache/xerces/internal/impl/Constants
Event: 0.963 Loading class com/sun/org/apache/xerces/internal/impl/Constants done
Event: 0.963 Loading class com/sun/org/apache/xerces/internal/impl/Constants$ArrayEnumeration
Event: 0.963 Loading class com/sun/org/apache/xerces/internal/impl/Constants$ArrayEnumeration done
Event: 0.964 Loading class java/io/InvalidObjectException
Event: 0.964 Loading class java/io/ObjectStreamException
Event: 0.964 Loading class java/io/ObjectStreamException done
Event: 0.964 Loading class java/io/InvalidObjectException done
Event: 0.972 Loading class com/sun/org/apache/xerces/internal/impl/io/MalformedByteSequenceException
Event: 0.972 Loading class java/io/CharConversionException
Event: 0.972 Loading class java/io/CharConversionException done
Event: 0.972 Loading class com/sun/org/apache/xerces/internal/impl/io/MalformedByteSequenceException done
Event: 0.976 Loading class java/lang/NoSuchFieldError
Event: 0.976 Loading class java/lang/NoSuchFieldError done

Classes unloaded (0 events):
No events

Classes redefined (1 events):
Event: 565.009 Thread 0x00007f14f0131980 redefined class name=de.enithing.contenthub.generator.contentfragment.instance.ContentFragmentGenerator, count=1

Internal exceptions (20 events):
Event: 0.459 Thread 0x00007f14f0017070 Exception <a 'java/lang/NoSuchMethodError'{0x000000062a036070}: 'java.lang.Object java.lang.invoke.DirectMethodHandle$Holder.invokeStaticInit(java.lang.Object)'> (0x000000062a036070) 
thrown [src/hotspot/share/interpreter/linkResolver.cpp, line 765]
Event: 0.462 Thread 0x00007f14f0017070 Exception <a 'java/lang/NoSuchMethodError'{0x000000062a09a8c0}: 'int java.lang.invoke.DirectMethodHandle$Holder.invokeStatic(java.lang.Object, java.lang.Object, java.lang.Object, java.lang.Object)'> (0x000000062a09a8c0) 
thrown [src/hotspot/share/interpreter/linkResolver.cpp, line 765]
Event: 0.463 Thread 0x00007f14f0017070 Exception <a 'java/lang/NoSuchMethodError'{0x000000062a09e240}: 'java.lang.Object java.lang.invoke.Invokers$Holder.invokeExact_MT(java.lang.Object, java.lang.Object, java.lang.Object, java.lang.Object, java.lang.Object, java.lang.Object)'> (0x000000062a09e240) 
thrown [src/hotspot/share/interpreter/linkResolver.cpp, line 765]
Event: 0.464 Thread 0x00007f14f0017070 Exception <a 'java/lang/NoSuchMethodError'{0x000000062a0ae3b8}: 'int java.lang.invoke.DirectMethodHandle$Holder.invokeStatic(java.lang.Object, java.lang.Object, java.lang.Object, java.lang.Object, java.lang.Object)'> (0x000000062a0ae3b8) 
thrown [src/hotspot/share/interpreter/linkResolver.cpp, line 765]
Event: 0.470 Thread 0x00007f14f0017070 Exception <a 'java/lang/NoSuchMethodError'{0x000000062a13bc58}: 'void java.lang.invoke.DirectMethodHandle$Holder.invokeStaticInit(java.lang.Object)'> (0x000000062a13bc58) 
thrown [src/hotspot/share/interpreter/linkResolver.cpp, line 765]
Event: 0.486 Thread 0x00007f14f0017070 Exception <a 'java/lang/NoSuchMethodError'{0x000000062a35e288}: 'int java.lang.invoke.DirectMethodHandle$Holder.invokeStaticInit(java.lang.Object, java.lang.Object)'> (0x000000062a35e288) 
thrown [src/hotspot/share/interpreter/linkResolver.cpp, line 765]
Event: 0.500 Thread 0x00007f14f0017070 Exception <a 'java/lang/NoSuchMethodError'{0x0000000629c95fe8}: 'java.lang.Object java.lang.invoke.DirectMethodHandle$Holder.newInvokeSpecial(java.lang.Object, java.lang.Object, java.lang.Object, java.lang.Object, java.lang.Object, java.lang.Object, java.lang.Object)'> (0x0000000629c95fe8) 
thrown [src/hotspot/share/interpreter/linkResolver.cpp, line 765]
Event: 0.500 Thread 0x00007f14f0017070 Exception <a 'java/lang/NoSuchMethodError'{0x0000000629c9aba8}: 'java.lang.Object java.lang.invoke.Invokers$Holder.linkToTargetMethod(java.lang.Object, java.lang.Object, java.lang.Object, java.lang.Object, java.lang.Object, java.lang.Object, java.lang.Object)'> (0x0000000629c9aba8) 
thrown [src/hotspot/share/interpreter/linkResolver.cpp, line 765]
Event: 0.501 Thread 0x00007f14f0017070 Exception <a 'java/lang/NoSuchMethodError'{0x0000000629ca11d0}: 'java.lang.Object java.lang.invoke.DirectMethodHandle$Holder.invokeInterface(java.lang.Object, java.lang.Object, java.lang.Object, java.lang.Object, java.lang.Object)'> (0x0000000629ca11d0) 
thrown [src/hotspot/share/interpreter/linkResolver.cpp, line 765]
Event: 0.501 Thread 0x00007f14f0017070 Exception <a 'java/lang/IncompatibleClassChangeError'{0x0000000629ca4fc8}: Found class java.lang.Object, but interface was expected> (0x0000000629ca4fc8) 
thrown [src/hotspot/share/interpreter/linkResolver.cpp, line 833]
Event: 0.511 Thread 0x00007f14f0017070 Exception <a 'java/lang/NoSuchMethodError'{0x0000000629dbeb30}: 'void java.lang.invoke.DirectMethodHandle$Holder.invokeVirtual(java.lang.Object, java.lang.Object)'> (0x0000000629dbeb30) 
thrown [src/hotspot/share/interpreter/linkResolver.cpp, line 765]
Event: 0.593 Thread 0x00007f14f0017070 Exception <a 'java/lang/NoSuchMethodError'{0x000000062a859c40}: 'void java.lang.invoke.Invokers$Holder.invokeExact_MT(java.lang.Object, java.lang.Object, java.lang.Object)'> (0x000000062a859c40) 
thrown [src/hotspot/share/interpreter/linkResolver.cpp, line 765]
Event: 0.742 Thread 0x00007f14f0017070 Exception <a 'java/lang/NoClassDefFoundError'{0x000000062968e9f0}: org/apache/log4j/Priority> (0x000000062968e9f0) 
thrown [src/hotspot/share/classfile/systemDictionary.cpp, line 244]
Event: 0.785 Thread 0x00007f14f0017070 Exception <a 'java/lang/NoSuchMethodError'{0x00000006289e3018}: 'int java.lang.invoke.DirectMethodHandle$Holder.invokeSpecial(java.lang.Object, java.lang.Object, java.lang.Object, int)'> (0x00000006289e3018) 
thrown [src/hotspot/share/interpreter/linkResolver.cpp, line 765]
Event: 0.786 Thread 0x00007f14f0017070 Exception <a 'java/lang/NoSuchMethodError'{0x00000006289f8318}: 'java.lang.Object java.lang.invoke.DirectMethodHandle$Holder.invokeStatic(java.lang.Object, java.lang.Object, java.lang.Object, java.lang.Object, int)'> (0x00000006289f8318) 
thrown [src/hotspot/share/interpreter/linkResolver.cpp, line 765]
Event: 0.787 Thread 0x00007f14f0017070 Exception <a 'java/lang/NoSuchMethodError'{0x0000000628a07ab8}: 'float java.lang.invoke.DelegatingMethodHandle$Holder.reinvoke_L(java.lang.Object, java.lang.Object, int)'> (0x0000000628a07ab8) 
thrown [src/hotspot/share/interpreter/linkResolver.cpp, line 765]
Event: 0.787 Thread 0x00007f14f0017070 Exception <a 'java/lang/NoSuchMethodError'{0x0000000628a12688}: 'java.lang.Object java.lang.invoke.DelegatingMethodHandle$Holder.reinvoke_L(java.lang.Object, int, float, int)'> (0x0000000628a12688) 
thrown [src/hotspot/share/interpreter/linkResolver.cpp, line 765]
Event: 0.794 Thread 0x00007f14f0017070 Exception <a 'java/lang/NoClassDefFoundError'{0x0000000628ac8240}: org/apache/log/format/Formatter> (0x0000000628ac8240) 
thrown [src/hotspot/share/classfile/systemDictionary.cpp, line 244]
Event: 0.795 Thread 0x00007f14f0017070 Exception <a 'java/lang/NoClassDefFoundError'{0x0000000628adf538}: org/apache/log4j/Layout> (0x0000000628adf538) 
thrown [src/hotspot/share/classfile/systemDictionary.cpp, line 244]
Event: 0.843 Thread 0x00007f14f0017070 Exception <a 'java/lang/NoSuchMethodError'{0x000000062a88bac0}: 'java.lang.Object java.lang.invoke.DirectMethodHandle$Holder.invokeVirtual(java.lang.Object, java.lang.Object, java.lang.Object, java.lang.Object)'> (0x000000062a88bac0) 
thrown [src/hotspot/share/interpreter/linkResolver.cpp, line 765]

VM Operations (20 events):
Event: 26.085 Executing VM operation: get/set locals
Event: 26.085 Executing VM operation: get/set locals done
Event: 26.105 Executing VM operation: get/set locals
Event: 26.105 Executing VM operation: get/set locals done
Event: 26.107 Executing VM operation: get/set locals
Event: 26.107 Executing VM operation: get/set locals done
Event: 565.004 Executing VM operation: ChangeSingleStep
Event: 565.004 Executing VM operation: ChangeSingleStep done
Event: 565.004 Executing VM operation: ChangeSingleStep
Event: 565.004 Executing VM operation: ChangeSingleStep done
Event: 565.007 Executing VM operation: RedefineClasses
Event: 565.014 Executing VM operation: RedefineClasses done
Event: 565.019 Executing VM operation: ChangeBreakpoints
Event: 565.019 Executing VM operation: ChangeBreakpoints done
Event: 565.021 Executing VM operation: ChangeSingleStep
Event: 565.021 Executing VM operation: ChangeSingleStep done
Event: 565.021 Executing VM operation: get/set locals
Event: 565.021 Executing VM operation: get/set locals done
Event: 565.022 Executing VM operation: ChangeSingleStep
Event: 565.022 Executing VM operation: ChangeSingleStep done

Events (20 events):
Event: 0.114 Loaded shared library /usr/lib/jvm/java-18-openjdk/lib/libnio.so
Event: 0.119 Loaded shared library /usr/lib/jvm/java-18-openjdk/lib/libzip.so
Event: 0.182 Loaded shared library /usr/lib/jvm/java-18-openjdk/lib/libjimage.so
Event: 0.234 Thread 0x00007f14f058be90 Thread added: 0x00007f14f058be90
Event: 0.234 Protecting memory [0x00007f1483c00000,0x00007f1483c04000] with protection modes 0
Event: 0.237 Loaded shared library /usr/lib/jvm/java-18-openjdk/lib/libverify.so
Event: 0.245 Thread 0x00007f14901de570 Thread added: 0x00007f14901de570
Event: 0.245 Protecting memory [0x00007f14839fe000,0x00007f1483a02000] with protection modes 0
Event: 0.298 Loaded shared library /usr/lib/jvm/java-18-openjdk/lib/libnet.so
Event: 0.302 Loaded shared library /usr/lib/jvm/java-18-openjdk/lib/libextnet.so
Event: 0.305 Thread 0x00007f14f065ac00 Thread added: 0x00007f14f065ac00
Event: 0.305 Protecting memory [0x00007f14838fe000,0x00007f1483902000] with protection modes 0
Event: 0.552 Thread 0x00007f14f077c8c0 Thread added: 0x00007f14f077c8c0
Event: 0.552 Protecting memory [0x00007f1482eec000,0x00007f1482ef0000] with protection modes 0
Event: 0.599 Thread 0x00007f14904869b0 Thread added: 0x00007f14904869b0
Event: 0.599 Protecting memory [0x00007f1482dec000,0x00007f1482df0000] with protection modes 0
Event: 0.758 Thread 0x00007f14f0a78860 Thread added: 0x00007f14f0a78860
Event: 0.758 Protecting memory [0x00007f1482878000,0x00007f148287c000] with protection modes 0
Event: 6.038 Thread 0x00007f14904869b0 Thread exited: 0x00007f14904869b0
Event: 11.030 Thread 0x00007f14901de570 Thread exited: 0x00007f14901de570


Dynamic libraries:
60b400000-60ec00000 rw-p 00000000 00:00 0 
60ec00000-627800000 ---p 00000000 00:00 0 
627800000-628000000 rw-p 00000000 00:00 0 
628000000-62a800000 ---p 00000000 00:00 0 
62a800000-62ac00000 rw-p 00000000 00:00 0 
62ac00000-800000000 ---p 00000000 00:00 0 
800000000-800020000 rw-p 00000000 00:00 0 
800020000-800040000 rw-p 00000000 00:00 0 
800040000-8000c0000 rw-p 00000000 00:00 0 
8000c0000-8000e0000 rw-p 00000000 00:00 0 
8000e0000-800140000 rw-p 00000000 00:00 0 
800140000-800180000 rw-p 00000000 00:00 0 
800180000-800240000 rw-p 00000000 00:00 0 
800240000-800270000 rw-p 00000000 00:00 0 
800270000-800280000 ---p 00000000 00:00 0 
800280000-8002a0000 rw-p 00000000 00:00 0 
8002a0000-840000000 ---p 00000000 00:00 0 
55f6b96ec000-55f6b96ed000 r--p 00000000 fe:00 3154288                    /usr/lib/jvm/java-18-openjdk/bin/java (deleted)
55f6b96ed000-55f6b96ee000 r-xp 00001000 fe:00 3154288                    /usr/lib/jvm/java-18-openjdk/bin/java (deleted)
55f6b96ee000-55f6b96ef000 r--p 00002000 fe:00 3154288                    /usr/lib/jvm/java-18-openjdk/bin/java (deleted)
55f6b96ef000-55f6b96f0000 r--p 00002000 fe:00 3154288                    /usr/lib/jvm/java-18-openjdk/bin/java (deleted)
55f6b96f0000-55f6b96f1000 rw-p 00003000 fe:00 3154288                    /usr/lib/jvm/java-18-openjdk/bin/java (deleted)
55f6b9d7a000-55f6b9dc2000 rw-p 00000000 00:00 0                          [heap]
7f142c000000-7f142c021000 rw-p 00000000 00:00 0 
7f142c021000-7f1430000000 ---p 00000000 00:00 0 
7f1430000000-7f1430021000 rw-p 00000000 00:00 0 
7f1430021000-7f1434000000 ---p 00000000 00:00 0 
7f1434000000-7f1435151000 rw-p 00000000 00:00 0 
7f1435151000-7f1438000000 ---p 00000000 00:00 0 
7f1438000000-7f1438021000 rw-p 00000000 00:00 0 
7f1438021000-7f143c000000 ---p 00000000 00:00 0 
7f143c000000-7f143c021000 rw-p 00000000 00:00 0 
7f143c021000-7f1440000000 ---p 00000000 00:00 0 
7f1440000000-7f1440021000 rw-p 00000000 00:00 0 
7f1440021000-7f1444000000 ---p 00000000 00:00 0 
7f1444000000-7f1444021000 rw-p 00000000 00:00 0 
7f1444021000-7f1448000000 ---p 00000000 00:00 0 
7f1448000000-7f1448021000 rw-p 00000000 00:00 0 
7f1448021000-7f144c000000 ---p 00000000 00:00 0 
7f144c000000-7f144c021000 rw-p 00000000 00:00 0 
7f144c021000-7f1450000000 ---p 00000000 00:00 0 
7f1450000000-7f1450021000 rw-p 00000000 00:00 0 
7f1450021000-7f1454000000 ---p 00000000 00:00 0 
7f1454000000-7f1454021000 rw-p 00000000 00:00 0 
7f1454021000-7f1458000000 ---p 00000000 00:00 0 
7f1458000000-7f1458021000 rw-p 00000000 00:00 0 
7f1458021000-7f145c000000 ---p 00000000 00:00 0 
7f145c000000-7f145c021000 rw-p 00000000 00:00 0 
7f145c021000-7f1460000000 ---p 00000000 00:00 0 
7f1460000000-7f1460021000 rw-p 00000000 00:00 0 
7f1460021000-7f1464000000 ---p 00000000 00:00 0 
7f1464000000-7f1464bca000 rw-p 00000000 00:00 0 
7f1464bca000-7f1468000000 ---p 00000000 00:00 0 
7f1468000000-7f1468021000 rw-p 00000000 00:00 0 
7f1468021000-7f146c000000 ---p 00000000 00:00 0 
7f146c000000-7f146c021000 rw-p 00000000 00:00 0 
7f146c021000-7f1470000000 ---p 00000000 00:00 0 
7f1470000000-7f1470021000 rw-p 00000000 00:00 0 
7f1470021000-7f1474000000 ---p 00000000 00:00 0 
7f1474000000-7f1474021000 rw-p 00000000 00:00 0 
7f1474021000-7f1478000000 ---p 00000000 00:00 0 
7f1478000000-7f1478021000 rw-p 00000000 00:00 0 
7f1478021000-7f147c000000 ---p 00000000 00:00 0 
7f147c000000-7f147c090000 rw-p 00000000 00:00 0 
7f147c090000-7f1480000000 ---p 00000000 00:00 0 
7f1482878000-7f148287c000 ---p 00000000 00:00 0 
7f148287c000-7f1482978000 rw-p 00000000 00:00 0 
7f1482be8000-7f1482be9000 ---p 00000000 00:00 0 
7f1482be9000-7f1482cea000 rw-p 00000000 00:00 0 
7f1482cea000-7f1482ceb000 ---p 00000000 00:00 0 
7f1482ceb000-7f1482dec000 rw-p 00000000 00:00 0 
7f1482dec000-7f1482df0000 ---p 00000000 00:00 0 
7f1482df0000-7f1482eec000 rw-p 00000000 00:00 0 
7f1482eec000-7f1482ef0000 ---p 00000000 00:00 0 
7f1482ef0000-7f1482fec000 rw-p 00000000 00:00 0 
7f1482fec000-7f1482fed000 ---p 00000000 00:00 0 
7f1482fed000-7f14830ee000 rw-p 00000000 00:00 0 
7f14830ee000-7f14830ef000 ---p 00000000 00:00 0 
7f14830ef000-7f14831f0000 rw-p 00000000 00:00 0 
7f14831f0000-7f14831f1000 ---p 00000000 00:00 0 
7f14831f1000-7f14832f2000 rw-p 00000000 00:00 0 
7f14832f2000-7f14832f3000 ---p 00000000 00:00 0 
7f14832f3000-7f14833f4000 rw-p 00000000 00:00 0 
7f14833f4000-7f14833f5000 ---p 00000000 00:00 0 
7f14833f5000-7f14834f6000 rw-p 00000000 00:00 0 
7f14834f6000-7f14834f7000 ---p 00000000 00:00 0 
7f14834f7000-7f14835f8000 rw-p 00000000 00:00 0 
7f14835f8000-7f14835f9000 ---p 00000000 00:00 0 
7f14835f9000-7f14836fa000 rw-p 00000000 00:00 0 
7f14836fa000-7f14836fb000 ---p 00000000 00:00 0 
7f14836fb000-7f14837fc000 rw-p 00000000 00:00 0 
7f14837fc000-7f14837fd000 ---p 00000000 00:00 0 
7f14837fd000-7f14838fe000 rw-p 00000000 00:00 0 
7f14838fe000-7f1483902000 ---p 00000000 00:00 0 
7f1483902000-7f14839fe000 rw-p 00000000 00:00 0 
7f14839fe000-7f1483a02000 ---p 00000000 00:00 0 
7f1483a02000-7f1483afe000 rw-p 00000000 00:00 0 
7f1483afe000-7f1483aff000 ---p 00000000 00:00 0 
7f1483aff000-7f1483c00000 rw-p 00000000 00:00 0 
7f1483c00000-7f1483c04000 ---p 00000000 00:00 0 
7f1483c04000-7f1483d00000 rw-p 00000000 00:00 0 
7f1483d00000-7f1483d04000 ---p 00000000 00:00 0 
7f1483d04000-7f1483e00000 rw-p 00000000 00:00 0 
7f1483e00000-7f1483e04000 ---p 00000000 00:00 0 
7f1483e04000-7f1483f00000 rw-p 00000000 00:00 0 
7f1483f00000-7f1483f04000 ---p 00000000 00:00 0 
7f1483f04000-7f1484000000 rw-p 00000000 00:00 0 
7f1484000000-7f1484021000 rw-p 00000000 00:00 0 
7f1484021000-7f1488000000 ---p 00000000 00:00 0 
7f1488000000-7f1488021000 rw-p 00000000 00:00 0 
7f1488021000-7f148c000000 ---p 00000000 00:00 0 
7f148c000000-7f148d87f000 rw-p 00000000 00:00 0 
7f148d87f000-7f1490000000 ---p 00000000 00:00 0 
7f1490000000-7f14907ae000 rw-p 00000000 00:00 0 
7f14907ae000-7f1494000000 ---p 00000000 00:00 0 
7f1494000000-7f1494021000 rw-p 00000000 00:00 0 
7f1494021000-7f1498000000 ---p 00000000 00:00 0 
7f1498000000-7f1498021000 rw-p 00000000 00:00 0 
7f1498021000-7f149c000000 ---p 00000000 00:00 0 
7f149c000000-7f149c021000 rw-p 00000000 00:00 0 
7f149c021000-7f14a0000000 ---p 00000000 00:00 0 
7f14a0000000-7f14a0021000 rw-p 00000000 00:00 0 
7f14a0021000-7f14a4000000 ---p 00000000 00:00 0 
7f14a4000000-7f14a4021000 rw-p 00000000 00:00 0 
7f14a4021000-7f14a8000000 ---p 00000000 00:00 0 
7f14a8000000-7f14a8021000 rw-p 00000000 00:00 0 
7f14a8021000-7f14ac000000 ---p 00000000 00:00 0 
7f14ac000000-7f14ac420000 rw-p 00000000 00:00 0 
7f14ac420000-7f14ac440000 rw-p 00000000 00:00 0 
7f14ac440000-7f14ac480000 rw-p 00000000 00:00 0 
7f14ac480000-7f14ac500000 rw-p 00000000 00:00 0 
7f14ac500000-7f14ac700000 rw-p 00000000 00:00 0 
7f14ac700000-7f14ac720000 rw-p 00000000 00:00 0 
7f14ac720000-7f14ac740000 rw-p 00000000 00:00 0 
7f14ac740000-7f14ac780000 rw-p 00000000 00:00 0 
7f14ac780000-7f14ac900000 rw-p 00000000 00:00 0 
7f14ac900000-7f14ac980000 rw-p 00000000 00:00 0 
7f14ac980000-7f14aca00000 rw-p 00000000 00:00 0 
7f14aca00000-7f14acb00000 rw-p 00000000 00:00 0 
7f14acb00000-7f14acc00000 rw-p 00000000 00:00 0 
7f14acc00000-7f14acd00000 rw-p 00000000 00:00 0 
7f14acd00000-7f14acf00000 rw-p 00000000 00:00 0 
7f14acf00000-7f14ad000000 rw-p 00000000 00:00 0 
7f14ad000000-7f14ad300000 rw-p 00000000 00:00 0 
7f14ad300000-7f14ad400000 rw-p 00000000 00:00 0 
7f14ad400000-7f14ad470000 rw-p 00000000 00:00 0 
7f14ad470000-7f14ad500000 ---p 00000000 00:00 0 
7f14ad500000-7f14ad570000 rw-p 00000000 00:00 0 
7f14ad570000-7f14b0000000 ---p 00000000 00:00 0 
7f14b0000000-7f14b0021000 rw-p 00000000 00:00 0 
7f14b0021000-7f14b4000000 ---p 00000000 00:00 0 
7f14b4000000-7f14b4021000 rw-p 00000000 00:00 0 
7f14b4021000-7f14b8000000 ---p 00000000 00:00 0 
7f14b8000000-7f14b8021000 rw-p 00000000 00:00 0 
7f14b8021000-7f14bc000000 ---p 00000000 00:00 0 
7f14bc000000-7f14bc021000 rw-p 00000000 00:00 0 
7f14bc021000-7f14c0000000 ---p 00000000 00:00 0 
7f14c0000000-7f14c0021000 rw-p 00000000 00:00 0 
7f14c0021000-7f14c4000000 ---p 00000000 00:00 0 
7f14c4059000-7f14c405d000 r--p 00000000 fe:00 3154368                    /usr/lib/jvm/java-18-openjdk/lib/libverify.so (deleted)
7f14c405d000-7f14c4064000 r-xp 00004000 fe:00 3154368                    /usr/lib/jvm/java-18-openjdk/lib/libverify.so (deleted)
7f14c4064000-7f14c4066000 r--p 0000b000 fe:00 3154368                    /usr/lib/jvm/java-18-openjdk/lib/libverify.so (deleted)
7f14c4066000-7f14c4068000 r--p 0000c000 fe:00 3154368                    /usr/lib/jvm/java-18-openjdk/lib/libverify.so (deleted)
7f14c4068000-7f14c4069000 rw-p 0000e000 fe:00 3154368                    /usr/lib/jvm/java-18-openjdk/lib/libverify.so (deleted)
7f14c4069000-7f14c406c000 r--p 00000000 fe:00 3154356                    /usr/lib/jvm/java-18-openjdk/lib/libnet.so (deleted)
7f14c406c000-7f14c4075000 r-xp 00003000 fe:00 3154356                    /usr/lib/jvm/java-18-openjdk/lib/libnet.so (deleted)
7f14c4075000-7f14c4077000 r--p 0000c000 fe:00 3154356                    /usr/lib/jvm/java-18-openjdk/lib/libnet.so (deleted)
7f14c4077000-7f14c4078000 ---p 0000e000 fe:00 3154356                    /usr/lib/jvm/java-18-openjdk/lib/libnet.so (deleted)
7f14c4078000-7f14c4079000 r--p 0000e000 fe:00 3154356                    /usr/lib/jvm/java-18-openjdk/lib/libnet.so (deleted)
7f14c4079000-7f14c407a000 rw-p 0000f000 fe:00 3154356                    /usr/lib/jvm/java-18-openjdk/lib/libnet.so (deleted)
7f14c407a000-7f14c407e000 r--p 00000000 fe:00 1455722                    /usr/lib/libnss_myhostname.so.2 (deleted)
7f14c407e000-7f14c408d000 r-xp 00004000 fe:00 1455722                    /usr/lib/libnss_myhostname.so.2 (deleted)
7f14c408d000-7f14c4099000 r--p 00013000 fe:00 1455722                    /usr/lib/libnss_myhostname.so.2 (deleted)
7f14c4099000-7f14c409a000 ---p 0001f000 fe:00 1455722                    /usr/lib/libnss_myhostname.so.2 (deleted)
7f14c409a000-7f14c409f000 r--p 0001f000 fe:00 1455722                    /usr/lib/libnss_myhostname.so.2 (deleted)
7f14c409f000-7f14c40a0000 rw-p 00024000 fe:00 1455722                    /usr/lib/libnss_myhostname.so.2 (deleted)
7f14c40a0000-7f14c40a3000 r--p 00000000 fe:00 1455724                    /usr/lib/libnss_resolve.so.2 (deleted)
7f14c40a3000-7f14c40ba000 r-xp 00003000 fe:00 1455724                    /usr/lib/libnss_resolve.so.2 (deleted)
7f14c40ba000-7f14c40c1000 r--p 0001a000 fe:00 1455724                    /usr/lib/libnss_resolve.so.2 (deleted)
7f14c40c1000-7f14c40c2000 ---p 00021000 fe:00 1455724                    /usr/lib/libnss_resolve.so.2 (deleted)
7f14c40c2000-7f14c40c3000 r--p 00021000 fe:00 1455724                    /usr/lib/libnss_resolve.so.2 (deleted)
7f14c40c3000-7f14c40c4000 rw-p 00022000 fe:00 1455724                    /usr/lib/libnss_resolve.so.2 (deleted)
7f14c40c4000-7f14c40c8000 r--p 00000000 fe:00 1445268                    /usr/lib/libresolv.so.2 (deleted)
7f14c40c8000-7f14c40d1000 r-xp 00004000 fe:00 1445268                    /usr/lib/libresolv.so.2 (deleted)
7f14c40d1000-7f14c40d3000 r--p 0000d000 fe:00 1445268                    /usr/lib/libresolv.so.2 (deleted)
7f14c40d3000-7f14c40d4000 ---p 0000f000 fe:00 1445268                    /usr/lib/libresolv.so.2 (deleted)
7f14c40d4000-7f14c40d5000 r--p 0000f000 fe:00 1445268                    /usr/lib/libresolv.so.2 (deleted)
7f14c40d5000-7f14c40d6000 rw-p 00010000 fe:00 1445268                    /usr/lib/libresolv.so.2 (deleted)
7f14c40d6000-7f14c40d8000 rw-p 00000000 00:00 0 
7f14c40d8000-7f14c40d9000 r--p 00000000 fe:00 1506654                    /usr/lib/libnss_mdns_minimal.so.2
7f14c40d9000-7f14c40db000 r-xp 00001000 fe:00 1506654                    /usr/lib/libnss_mdns_minimal.so.2
7f14c40db000-7f14c40dc000 r--p 00003000 fe:00 1506654                    /usr/lib/libnss_mdns_minimal.so.2
7f14c40dc000-7f14c40dd000 r--p 00003000 fe:00 1506654                    /usr/lib/libnss_mdns_minimal.so.2
7f14c40dd000-7f14c40de000 rw-p 00004000 fe:00 1506654                    /usr/lib/libnss_mdns_minimal.so.2
7f14c40de000-7f14c40e1000 r--p 00000000 fe:00 1454686                    /usr/lib/libcap.so.2.63 (deleted)
7f14c40e1000-7f14c40e6000 r-xp 00003000 fe:00 1454686                    /usr/lib/libcap.so.2.63 (deleted)
7f14c40e6000-7f14c40e8000 r--p 00008000 fe:00 1454686                    /usr/lib/libcap.so.2.63 (deleted)
7f14c40e8000-7f14c40e9000 r--p 00009000 fe:00 1454686                    /usr/lib/libcap.so.2.63 (deleted)
7f14c40e9000-7f14c40ea000 rw-p 0000a000 fe:00 1454686                    /usr/lib/libcap.so.2.63 (deleted)
7f14c40ea000-7f14c40f1000 r--p 00000000 fe:00 1455723                    /usr/lib/libnss_mymachines.so.2 (deleted)
7f14c40f1000-7f14c4127000 r-xp 00007000 fe:00 1455723                    /usr/lib/libnss_mymachines.so.2 (deleted)
7f14c4127000-7f14c413b000 r--p 0003d000 fe:00 1455723                    /usr/lib/libnss_mymachines.so.2 (deleted)
7f14c413b000-7f14c413e000 r--p 00050000 fe:00 1455723                    /usr/lib/libnss_mymachines.so.2 (deleted)
7f14c413e000-7f14c413f000 rw-p 00053000 fe:00 1455723                    /usr/lib/libnss_mymachines.so.2 (deleted)
7f14c413f000-7f14c4140000 rw-p 00000000 00:00 0 
7f14c4146000-7f14c4147000 r--p 00000000 fe:00 3154319                    /usr/lib/jvm/java-18-openjdk/lib/libextnet.so (deleted)
7f14c4147000-7f14c4148000 r-xp 00001000 fe:00 3154319                    /usr/lib/jvm/java-18-openjdk/lib/libextnet.so (deleted)
7f14c4148000-7f14c4149000 r--p 00002000 fe:00 3154319                    /usr/lib/jvm/java-18-openjdk/lib/libextnet.so (deleted)
7f14c4149000-7f14c414a000 r--p 00002000 fe:00 3154319                    /usr/lib/jvm/java-18-openjdk/lib/libextnet.so (deleted)
7f14c414a000-7f14c414b000 rw-p 00003000 fe:00 3154319                    /usr/lib/jvm/java-18-openjdk/lib/libextnet.so (deleted)
7f14c414b000-7f14c4152000 r--p 00000000 fe:00 3154358                    /usr/lib/jvm/java-18-openjdk/lib/libnio.so (deleted)
7f14c4152000-7f14c415a000 r-xp 00007000 fe:00 3154358                    /usr/lib/jvm/java-18-openjdk/lib/libnio.so (deleted)
7f14c415a000-7f14c415e000 r--p 0000f000 fe:00 3154358                    /usr/lib/jvm/java-18-openjdk/lib/libnio.so (deleted)
7f14c415e000-7f14c415f000 ---p 00013000 fe:00 3154358                    /usr/lib/jvm/java-18-openjdk/lib/libnio.so (deleted)
7f14c415f000-7f14c4160000 r--p 00013000 fe:00 3154358                    /usr/lib/jvm/java-18-openjdk/lib/libnio.so (deleted)
7f14c4160000-7f14c4161000 rw-p 00014000 fe:00 3154358                    /usr/lib/jvm/java-18-openjdk/lib/libnio.so (deleted)
7f14c4161000-7f14c4163000 r--p 00000000 fe:00 3154370                    /usr/lib/jvm/java-18-openjdk/lib/libzip.so (deleted)
7f14c4163000-7f14c4167000 r-xp 00002000 fe:00 3154370                    /usr/lib/jvm/java-18-openjdk/lib/libzip.so (deleted)
7f14c4167000-7f14c4169000 r--p 00006000 fe:00 3154370                    /usr/lib/jvm/java-18-openjdk/lib/libzip.so (deleted)
7f14c4169000-7f14c416a000 r--p 00007000 fe:00 3154370                    /usr/lib/jvm/java-18-openjdk/lib/libzip.so (deleted)
7f14c416a000-7f14c416b000 rw-p 00008000 fe:00 3154370                    /usr/lib/jvm/java-18-openjdk/lib/libzip.so (deleted)
7f14c416b000-7f14c416f000 ---p 00000000 00:00 0 
7f14c416f000-7f14c426b000 rw-p 00000000 00:00 0 
7f14c426b000-7f14c426f000 ---p 00000000 00:00 0 
7f14c426f000-7f14c436b000 rw-p 00000000 00:00 0 
7f14c436b000-7f14c436f000 ---p 00000000 00:00 0 
7f14c436f000-7f14c446b000 rw-p 00000000 00:00 0 
7f14c446b000-7f14c446f000 ---p 00000000 00:00 0 
7f14c446f000-7f14c456b000 rw-p 00000000 00:00 0 
7f14c456b000-7f14c456f000 ---p 00000000 00:00 0 
7f14c456f000-7f14c466b000 rw-p 00000000 00:00 0 
7f14c466b000-7f14c466f000 ---p 00000000 00:00 0 
7f14c466f000-7f14c476b000 rw-p 00000000 00:00 0 
7f14c476b000-7f14c476f000 ---p 00000000 00:00 0 
7f14c476f000-7f14c486b000 rw-p 00000000 00:00 0 
7f14c486b000-7f14c4b54000 r--p 00000000 fe:00 1464330                    /usr/lib/locale/locale-archive (deleted)
7f14c4b54000-7f14c4b58000 ---p 00000000 00:00 0 
7f14c4b58000-7f14c4c54000 rw-p 00000000 00:00 0 
7f14c4c54000-7f14c4c58000 ---p 00000000 00:00 0 
7f14c4c58000-7f14c4d54000 rw-p 00000000 00:00 0 
7f14c4d54000-7f14c4d55000 ---p 00000000 00:00 0 
7f14c4d55000-7f14c4e56000 rw-p 00000000 00:00 0 
7f14c4e56000-7f14c4e5b000 r--p 00000000 fe:00 3154344                    /usr/lib/jvm/java-18-openjdk/lib/libjsvml.so (deleted)
7f14c4e5b000-7f14c4e9c000 r-xp 00005000 fe:00 3154344                    /usr/lib/jvm/java-18-openjdk/lib/libjsvml.so (deleted)
7f14c4e9c000-7f14c4f25000 r--p 00046000 fe:00 3154344                    /usr/lib/jvm/java-18-openjdk/lib/libjsvml.so (deleted)
7f14c4f25000-7f14c4f26000 r--p 000ce000 fe:00 3154344                    /usr/lib/jvm/java-18-openjdk/lib/libjsvml.so (deleted)
7f14c4f26000-7f14c4f27000 rw-p 000cf000 fe:00 3154344                    /usr/lib/jvm/java-18-openjdk/lib/libjsvml.so (deleted)
7f14c4f27000-7f14c5044000 rw-p 00000000 00:00 0 
7f14c5044000-7f14c5045000 ---p 00000000 00:00 0 
7f14c5045000-7f14c5146000 rw-p 00000000 00:00 0 
7f14c5146000-7f14c5147000 ---p 00000000 00:00 0 
7f14c5147000-7f14c7c31000 rw-p 00000000 00:00 0 
7f14c7c31000-7f14c8261000 ---p 00000000 00:00 0 
7f14c8261000-7f14c8281000 rw-p 00000000 00:00 0 
7f14c8281000-7f14c8321000 ---p 00000000 00:00 0 
7f14c8321000-7f14c8331000 rw-p 00000000 00:00 0 
7f14c8331000-7f14cf881000 ---p 00000000 00:00 0 
7f14cf881000-7f14cf961000 rw-p 00000000 00:00 0 
7f14cf961000-7f14cff91000 ---p 00000000 00:00 0 
7f14cff91000-7f14cffb1000 rw-p 00000000 00:00 0 
7f14cffb1000-7f14d0051000 ---p 00000000 00:00 0 
7f14d0051000-7f14d0061000 rw-p 00000000 00:00 0 
7f14d0061000-7f14d75b1000 ---p 00000000 00:00 0 
7f14d75b1000-7f14d75cd000 rw-p 00000000 00:00 0 
7f14d75cd000-7f14d7693000 ---p 00000000 00:00 0 
7f14d7693000-7f14d7697000 rw-p 00000000 00:00 0 
7f14d7697000-7f14d76ab000 ---p 00000000 00:00 0 
7f14d76ab000-7f14d76ad000 rw-p 00000000 00:00 0 
7f14d76ad000-7f14d8557000 ---p 00000000 00:00 0 
7f14d8557000-7f14d8573000 rw-p 00000000 00:00 0 
7f14d8573000-7f14d8639000 ---p 00000000 00:00 0 
7f14d8639000-7f14d863d000 rw-p 00000000 00:00 0 
7f14d863d000-7f14d8651000 ---p 00000000 00:00 0 
7f14d8651000-7f14d8653000 rw-p 00000000 00:00 0 
7f14d8653000-7f14d94fd000 ---p 00000000 00:00 0 
7f14d94fd000-7f14d976d000 rwxp 00000000 00:00 0 
7f14d976d000-7f14d9a8f000 ---p 00000000 00:00 0 
7f14d9a8f000-7f14d9f3f000 rwxp 00000000 00:00 0 
7f14d9f3f000-7f14e0fc6000 ---p 00000000 00:00 0 
7f14e0fc6000-7f14e1236000 rwxp 00000000 00:00 0 
7f14e1236000-7f14e84fd000 ---p 00000000 00:00 0 
7f14e84fd000-7f14f0000000 r--s 00000000 fe:00 3154371                    /usr/lib/jvm/java-18-openjdk/lib/modules (deleted)
7f14f0000000-7f14f0e00000 rw-p 00000000 00:00 0 
7f14f0e00000-7f14f4000000 ---p 00000000 00:00 0 
7f14f4001000-7f14f4002000 r--p 00000000 fe:00 1445265                    /usr/lib/libpthread.so.0 (deleted)
7f14f4002000-7f14f4003000 r-xp 00001000 fe:00 1445265                    /usr/lib/libpthread.so.0 (deleted)
7f14f4003000-7f14f4004000 r--p 00002000 fe:00 1445265                    /usr/lib/libpthread.so.0 (deleted)
7f14f4004000-7f14f4005000 r--p 00002000 fe:00 1445265                    /usr/lib/libpthread.so.0 (deleted)
7f14f4005000-7f14f4006000 rw-p 00003000 fe:00 1445265                    /usr/lib/libpthread.so.0 (deleted)
7f14f4006000-7f14f4007000 r--p 00000000 fe:00 1445270                    /usr/lib/librt.so.1 (deleted)
7f14f4007000-7f14f4008000 r-xp 00001000 fe:00 1445270                    /usr/lib/librt.so.1 (deleted)
7f14f4008000-7f14f4009000 r--p 00002000 fe:00 1445270                    /usr/lib/librt.so.1 (deleted)
7f14f4009000-7f14f400a000 r--p 00002000 fe:00 1445270                    /usr/lib/librt.so.1 (deleted)
7f14f400a000-7f14f400b000 rw-p 00003000 fe:00 1445270                    /usr/lib/librt.so.1 (deleted)
7f14f400b000-7f14f410c000 rw-p 00000000 00:00 0 
7f14f410c000-7f14f410d000 ---p 00000000 00:00 0 
7f14f410d000-7f14f420e000 rw-p 00000000 00:00 0 
7f14f420e000-7f14f420f000 ---p 00000000 00:00 0 
7f14f420f000-7f14f4310000 rw-p 00000000 00:00 0 
7f14f4310000-7f14f4311000 ---p 00000000 00:00 0 
7f14f4311000-7f14f44ef000 rw-p 00000000 00:00 0 
7f14f44ef000-7f14f45b5000 ---p 00000000 00:00 0 
7f14f45b5000-7f14f45b9000 rw-p 00000000 00:00 0 
7f14f45b9000-7f14f45cd000 ---p 00000000 00:00 0 
7f14f45cd000-7f14f45cf000 rw-p 00000000 00:00 0 
7f14f45cf000-7f14f5479000 ---p 00000000 00:00 0 
7f14f5479000-7f14f5ec7000 rw-p 00000000 00:00 0 
7f14f5ec7000-7f14f5fad000 ---p 00000000 00:00 0 
7f14f5fad000-7f14f5fb7000 rw-p 00000000 00:00 0 
7f14f5fb7000-7f14f6098000 ---p 00000000 00:00 0 
7f14f6098000-7f14f609d000 rw-p 00000000 00:00 0 
7f14f609d000-7f14f60a4000 ---p 00000000 00:00 0 
7f14f60a4000-7f14f60b0000 r--p 00000000 fe:00 3154333                    /usr/lib/jvm/java-18-openjdk/lib/libjava.so (deleted)
7f14f60b0000-7f14f60c2000 r-xp 0000c000 fe:00 3154333                    /usr/lib/jvm/java-18-openjdk/lib/libjava.so (deleted)
7f14f60c2000-7f14f60c8000 r--p 0001e000 fe:00 3154333                    /usr/lib/jvm/java-18-openjdk/lib/libjava.so (deleted)
7f14f60c8000-7f14f60c9000 r--p 00023000 fe:00 3154333                    /usr/lib/jvm/java-18-openjdk/lib/libjava.so (deleted)
7f14f60c9000-7f14f60ca000 rw-p 00024000 fe:00 3154333                    /usr/lib/jvm/java-18-openjdk/lib/libjava.so (deleted)
7f14f60ca000-7f14f60cb000 rw-p 00000000 00:00 0 
7f14f60cb000-7f14f60ce000 r--p 00000000 fe:00 3154336                    /usr/lib/jvm/java-18-openjdk/lib/libjdwp.so (deleted)
7f14f60ce000-7f14f60fd000 r-xp 00003000 fe:00 3154336                    /usr/lib/jvm/java-18-openjdk/lib/libjdwp.so (deleted)
7f14f60fd000-7f14f610b000 r--p 00032000 fe:00 3154336                    /usr/lib/jvm/java-18-openjdk/lib/libjdwp.so (deleted)
7f14f610b000-7f14f610c000 r--p 0003f000 fe:00 3154336                    /usr/lib/jvm/java-18-openjdk/lib/libjdwp.so (deleted)
7f14f610c000-7f14f610d000 rw-p 00040000 fe:00 3154336                    /usr/lib/jvm/java-18-openjdk/lib/libjdwp.so (deleted)
7f14f610d000-7f14f610e000 rw-p 00000000 00:00 0 
7f14f610e000-7f14f6112000 ---p 00000000 00:00 0 
7f14f6112000-7f14f620e000 rw-p 00000000 00:00 0 
7f14f620e000-7f14f6211000 r--p 00000000 fe:00 1446013                    /usr/lib/libgcc_s.so.1 (deleted)
7f14f6211000-7f14f6223000 r-xp 00003000 fe:00 1446013                    /usr/lib/libgcc_s.so.1 (deleted)
7f14f6223000-7f14f6226000 r--p 00015000 fe:00 1446013                    /usr/lib/libgcc_s.so.1 (deleted)
7f14f6226000-7f14f6227000 ---p 00018000 fe:00 1446013                    /usr/lib/libgcc_s.so.1 (deleted)
7f14f6227000-7f14f6228000 r--p 00018000 fe:00 1446013                    /usr/lib/libgcc_s.so.1 (deleted)
7f14f6228000-7f14f6229000 rw-p 00019000 fe:00 1446013                    /usr/lib/libgcc_s.so.1 (deleted)
7f14f6229000-7f14f6239000 r--p 00000000 fe:00 1445248                    /usr/lib/libm.so.6 (deleted)
7f14f6239000-7f14f62b3000 r-xp 00010000 fe:00 1445248                    /usr/lib/libm.so.6 (deleted)
7f14f62b3000-7f14f630f000 r--p 0008a000 fe:00 1445248                    /usr/lib/libm.so.6 (deleted)
7f14f630f000-7f14f6310000 r--p 000e5000 fe:00 1445248                    /usr/lib/libm.so.6 (deleted)
7f14f6310000-7f14f6311000 rw-p 000e6000 fe:00 1445248                    /usr/lib/libm.so.6 (deleted)
7f14f6311000-7f14f63aa000 r--p 00000000 fe:00 1446043                    /usr/lib/libstdc++.so.6.0.29 (deleted)
7f14f63aa000-7f14f64b3000 r-xp 00099000 fe:00 1446043                    /usr/lib/libstdc++.so.6.0.29 (deleted)
7f14f64b3000-7f14f6525000 r--p 001a2000 fe:00 1446043                    /usr/lib/libstdc++.so.6.0.29 (deleted)
7f14f6525000-7f14f6526000 ---p 00214000 fe:00 1446043                    /usr/lib/libstdc++.so.6.0.29 (deleted)
7f14f6526000-7f14f6533000 r--p 00214000 fe:00 1446043                    /usr/lib/libstdc++.so.6.0.29 (deleted)
7f14f6533000-7f14f6534000 rw-p 00221000 fe:00 1446043                    /usr/lib/libstdc++.so.6.0.29 (deleted)
7f14f6534000-7f14f6537000 rw-p 00000000 00:00 0 
7f14f6537000-7f14f67a1000 r--p 00000000 fe:00 3154384                    /usr/lib/jvm/java-18-openjdk/lib/server/libjvm.so (deleted)
7f14f67a1000-7f14f74c3000 r-xp 0026a000 fe:00 3154384                    /usr/lib/jvm/java-18-openjdk/lib/server/libjvm.so (deleted)
7f14f74c3000-7f14f7753000 r--p 00f8c000 fe:00 3154384                    /usr/lib/jvm/java-18-openjdk/lib/server/libjvm.so (deleted)
7f14f7753000-7f14f7814000 r--p 0121b000 fe:00 3154384                    /usr/lib/jvm/java-18-openjdk/lib/server/libjvm.so (deleted)
7f14f7814000-7f14f7849000 rw-p 012dc000 fe:00 3154384                    /usr/lib/jvm/java-18-openjdk/lib/server/libjvm.so (deleted)
7f14f7849000-7f14f78a6000 rw-p 00000000 00:00 0 
7f14f78a6000-7f14f78a9000 r--p 00000000 fe:00 1455099                    /usr/lib/libz.so.1.2.11 (deleted)
7f14f78a9000-7f14f78b7000 r-xp 00003000 fe:00 1455099                    /usr/lib/libz.so.1.2.11 (deleted)
7f14f78b7000-7f14f78bd000 r--p 00011000 fe:00 1455099                    /usr/lib/libz.so.1.2.11 (deleted)
7f14f78bd000-7f14f78be000 ---p 00017000 fe:00 1455099                    /usr/lib/libz.so.1.2.11 (deleted)
7f14f78be000-7f14f78bf000 r--p 00017000 fe:00 1455099                    /usr/lib/libz.so.1.2.11 (deleted)
7f14f78bf000-7f14f78c0000 rw-p 00018000 fe:00 1455099                    /usr/lib/libz.so.1.2.11 (deleted)
7f14f78c0000-7f14f78ec000 r--p 00000000 fe:00 1445238                    /usr/lib/libc.so.6 (deleted)
7f14f78ec000-7f14f7a62000 r-xp 0002c000 fe:00 1445238                    /usr/lib/libc.so.6 (deleted)
7f14f7a62000-7f14f7ab6000 r--p 001a2000 fe:00 1445238                    /usr/lib/libc.so.6 (deleted)
7f14f7ab6000-7f14f7ab7000 ---p 001f6000 fe:00 1445238                    /usr/lib/libc.so.6 (deleted)
7f14f7ab7000-7f14f7aba000 r--p 001f6000 fe:00 1445238                    /usr/lib/libc.so.6 (deleted)
7f14f7aba000-7f14f7abd000 rw-p 001f9000 fe:00 1445238                    /usr/lib/libc.so.6 (deleted)
7f14f7abd000-7f14f7aca000 rw-p 00000000 00:00 0 
7f14f7acc000-7f14f7ace000 r--p 00000000 fe:00 3154317                    /usr/lib/jvm/java-18-openjdk/lib/libdt_socket.so (deleted)
7f14f7ace000-7f14f7ad1000 r-xp 00002000 fe:00 3154317                    /usr/lib/jvm/java-18-openjdk/lib/libdt_socket.so (deleted)
7f14f7ad1000-7f14f7ad2000 r--p 00005000 fe:00 3154317                    /usr/lib/jvm/java-18-openjdk/lib/libdt_socket.so (deleted)
7f14f7ad2000-7f14f7ad3000 ---p 00006000 fe:00 3154317                    /usr/lib/jvm/java-18-openjdk/lib/libdt_socket.so (deleted)
7f14f7ad3000-7f14f7ad4000 r--p 00006000 fe:00 3154317                    /usr/lib/jvm/java-18-openjdk/lib/libdt_socket.so (deleted)
7f14f7ad4000-7f14f7ad5000 rw-p 00007000 fe:00 3154317                    /usr/lib/jvm/java-18-openjdk/lib/libdt_socket.so (deleted)
7f14f7ad5000-7f14f7add000 rw-s 00000000 00:23 643                        /tmp/hsperfdata_mvonkeil/8495
7f14f7add000-7f14f7adf000 r--p 00000000 fe:00 3154323                    /usr/lib/jvm/java-18-openjdk/lib/libinstrument.so (deleted)
7f14f7adf000-7f14f7ae5000 r-xp 00002000 fe:00 3154323                    /usr/lib/jvm/java-18-openjdk/lib/libinstrument.so (deleted)
7f14f7ae5000-7f14f7ae8000 r--p 00008000 fe:00 3154323                    /usr/lib/jvm/java-18-openjdk/lib/libinstrument.so (deleted)
7f14f7ae8000-7f14f7ae9000 r--p 0000a000 fe:00 3154323                    /usr/lib/jvm/java-18-openjdk/lib/libinstrument.so (deleted)
7f14f7ae9000-7f14f7aea000 rw-p 0000b000 fe:00 3154323                    /usr/lib/jvm/java-18-openjdk/lib/libinstrument.so (deleted)
7f14f7aea000-7f14f7aeb000 ---p 00000000 00:00 0 
7f14f7aeb000-7f14f7aec000 r--p 00000000 00:00 0 
7f14f7aec000-7f14f7aee000 r--p 00000000 fe:00 3154338                    /usr/lib/jvm/java-18-openjdk/lib/libjimage.so (deleted)
7f14f7aee000-7f14f7af1000 r-xp 00002000 fe:00 3154338                    /usr/lib/jvm/java-18-openjdk/lib/libjimage.so (deleted)
7f14f7af1000-7f14f7af2000 r--p 00005000 fe:00 3154338                    /usr/lib/jvm/java-18-openjdk/lib/libjimage.so (deleted)
7f14f7af2000-7f14f7af3000 ---p 00006000 fe:00 3154338                    /usr/lib/jvm/java-18-openjdk/lib/libjimage.so (deleted)
7f14f7af3000-7f14f7af4000 r--p 00006000 fe:00 3154338                    /usr/lib/jvm/java-18-openjdk/lib/libjimage.so (deleted)
7f14f7af4000-7f14f7af5000 rw-p 00007000 fe:00 3154338                    /usr/lib/jvm/java-18-openjdk/lib/libjimage.so (deleted)
7f14f7af5000-7f14f7af7000 r--p 00000000 fe:00 3154340                    /usr/lib/jvm/java-18-openjdk/lib/libjli.so (deleted)
7f14f7af7000-7f14f7b00000 r-xp 00002000 fe:00 3154340                    /usr/lib/jvm/java-18-openjdk/lib/libjli.so (deleted)
7f14f7b00000-7f14f7b03000 r--p 0000b000 fe:00 3154340                    /usr/lib/jvm/java-18-openjdk/lib/libjli.so (deleted)
7f14f7b03000-7f14f7b04000 r--p 0000d000 fe:00 3154340                    /usr/lib/jvm/java-18-openjdk/lib/libjli.so (deleted)
7f14f7b04000-7f14f7b05000 rw-p 0000e000 fe:00 3154340                    /usr/lib/jvm/java-18-openjdk/lib/libjli.so (deleted)
7f14f7b05000-7f14f7b07000 rw-p 00000000 00:00 0 
7f14f7b07000-7f14f7b09000 r--p 00000000 fe:00 1445229                    /usr/lib/ld-linux-x86-64.so.2 (deleted)
7f14f7b09000-7f14f7b30000 r-xp 00002000 fe:00 1445229                    /usr/lib/ld-linux-x86-64.so.2 (deleted)
7f14f7b30000-7f14f7b3b000 r--p 00029000 fe:00 1445229                    /usr/lib/ld-linux-x86-64.so.2 (deleted)
7f14f7b3b000-7f14f7b3c000 ---p 00000000 00:00 0 
7f14f7b3c000-7f14f7b3e000 r--p 00034000 fe:00 1445229                    /usr/lib/ld-linux-x86-64.so.2 (deleted)
7f14f7b3e000-7f14f7b40000 rw-p 00036000 fe:00 1445229                    /usr/lib/ld-linux-x86-64.so.2 (deleted)
7ffe861cf000-7ffe861f1000 rw-p 00000000 00:00 0                          [stack]
7ffe861f8000-7ffe861fc000 r--p 00000000 00:00 0                          [vvar]
7ffe861fc000-7ffe861fe000 r-xp 00000000 00:00 0                          [vdso]
ffffffffff600000-ffffffffff601000 --xp 00000000 00:00 0                  [vsyscall]


VM Arguments:
jvm_args: -XX:+ShowCodeDetailsInExceptionMessages -agentlib:jdwp=transport=dt_socket,suspend=y,address=localhost:32895 -ea -javaagent:/home/mvonkeil/Dev/eclipse/modelling/eclipse/configuration/org.eclipse.osgi/577/0/.cp/lib/javaagent-shaded.jar -Dfile.encoding=UTF-8 
java_command: org.eclipse.jdt.internal.junit.runner.RemoteTestRunner -version 3 -port 34403 -testLoaderClass org.eclipse.jdt.internal.junit5.runner.JUnit5TestLoader -loaderpluginname org.eclipse.jdt.junit5.runtime -classNames de.enithing.contenthub.generator.GeneratorTest
java_class_path (initial): /home/mvonkeil/Projects/AemContentHub/de.enithing.contenthub.generator.core/target/test-classes:/home/mvonkeil/Projects/AemContentHub/de.enithing.contenthub.generator.core/target/classes:/home/mvonkeil/.m2/repository/org/eclipse/emf/org.eclipse.emf.ecore/2.26.0/org.eclipse.emf.ecore-2.26.0.jar:/home/mvonkeil/.m2/repository/org/eclipse/emf/org.eclipse.emf.common/2.24.0/org.eclipse.emf.common-2.24.0.jar:/home/mvonkeil/.m2/repository/org/eclipse/emf/org.eclipse.emf.ecore.xmi/2.16.0/org.eclipse.emf.ecore.xmi-2.16.0.jar:/home/mvonkeil/.m2/repository/org/apache/velocity/velocity/1.7/velocity-1.7.jar:/home/mvonkeil/.m2/repository/commons-collections/commons-collections/3.2.1/commons-collections-3.2.1.jar:/home/mvonkeil/.m2/repository/commons-lang/commons-lang/2.4/commons-lang-2.4.jar:/home/mvonkeil/.m2/repository/org/apache/commons/commons-vfs2/2.9.0/commons-vfs2-2.9.0.jar:/home/mvonkeil/.m2/repository/commons-logging/commons-logging/1.2/commons-logging-1.2.jar:/home/mvonkeil/.m2/repository/org/apache/hadoop/hadoop-hdfs-client/3.3.1/hadoop-hdfs-client-3.3.1.jar:/home/mvonkeil/.m2/repository/com/squareup/okhttp/okhttp/2.7.5/okhttp-2.7.5.jar:/home/mvonkeil/.m2/repository/com/squareup/okio/okio/1.6.0/okio-1.6.0.jar:/home/mvonkeil/.m2/repository/com/fasterxml/jackson/core/jackson-annotations/2.10.5/jackson-annotations-2.10.5.jar:/home/mvonkeil/.m2/repository/com/fasterxml/jackson/core/jackson-databind/2.10.5.1/jackson-databind-2.10.5.1.jar:/home/mvonkeil/.m2/repository/com/fasterxml/jackson/core/jackson-core/2.10.5/jackson-core-2.10.5.jar:/home/mvonkeil/.m2/repository/org/apache/commons/commons-lang3/3.12.0/commons-lang3-3.12.0.jar:/home/mvonkeil/.m2/repository/org/apache/commons/commons-text/1.9/commons-text-1.9.jar:/home/mvonkeil/.m2/repository/org/jdom/jdom/2.0.2/jdom-2.0.2.jar:/home/mvonkeil/.p2/pool/plugins/org.eclipse.core.runtime_3.24.0.v20210910-0750.jar:/home/mvonkeil/.p2/pool/plugins/org.eclipse.osgi_3.17.100.v20211104-1730.jar:/home/mvonkeil/.p2/pool/plugins/org.eclipse.osgi.compatibility.state_1.2.500.v20210730-0750.jar:/home/mvonkeil/.p2/pool/plugins/org.eclipse.equinox.common_3.15.100.v20211021-1418.jar:/home/mvonkeil/.p2/pool/plugins/org.eclipse.core.jobs_3.12.0.v20210723-1034.jar:/home/mvonkeil/.p2/pool/plugins/org.eclipse.equinox.registry_3.11.100.v20211021-1418.jar:/home/mvonkeil/.p2/pool/plugins/org.eclipse.equinox.preferences_3.9.100.v20211021-1418.jar:/home/mvonkeil/.p2/pool/plugins/org.eclipse.core.contenttype_3.8.100.v20210910-0640.jar:/home/mvonkeil/.p2/pool/plugins/org.eclipse.equinox.app_1.6.100.v20211021-1418.jar:/home/mvonkeil/.p2/pool/plugins/org.eclipse.emf.ecore_2.25.0.v20210816-0937.jar:/home/mvonkeil/.p2/pool/plugins/org.eclipse.emf.common_2.23.0.v20210924-1718.jar:/home/mvonkeil/.p2/pool/plugins/org.apache.commons.lang_2.6.0.v201404270220.jar:/home/mvonkeil/Projects/AemContentHub/de.enithing.contenthub.model/target/classes:/home/mvonkeil/.m2/repository/org/junit/jupiter/junit-jupiter/5.8.2/junit-jupiter-5.8.2.jar:/home/mvonkeil/.m2/repository/org/junit/jupiter/junit-jupiter-api/5.8.2/junit-jupiter-api-5.8.2.jar:/home/mvonkeil/.m2/repository/org/opentest4j/opentest4j/1.2.0/opentest4j-1.2.0.jar:/home/mvonkeil/.m2/repository/org/junit/platform/junit-platform-commons/1.8.2/junit-platform-commons-1.8.2.jar:/home/mvonkeil/.m2/repository/org/apiguardian/apiguardian-api/1.1.2/apiguardian-api-1.1.2.jar:/home/mvonkeil/.m2/repository/org/junit/jupiter/junit-jupiter-params/5.8.2/junit-jupiter-params-5.8.2.jar:/home/mvonkeil/.m2/repository/org/junit/jupiter/junit-jupiter-engine/5.8.2/junit-jupiter-engine-5.8.2.jar:/home/mvonkeil/.m2/repository/org/junit/platform/junit-platform-engine/1.8.2/junit-platform-engine-1.8.2.jar:/home/mvonkeil/.m2/repository/org/junit/platform/junit-platform-launcher/1.8.2/junit-platform-launcher-1.8.2.jar:/home/mvonkeil/Dev/eclipse/modelling/eclipse/configuration/org.eclipse.osgi/576/0/.cp:/home/mvonkeil/Dev/eclipse/modelling/eclipse/configuration/org.eclipse.osgi/574/0/.cp
Launcher Type: SUN_STANDARD

[Global flags]
     intx CICompilerCount                          = 4                                         {product} {ergonomic}
     uint ConcGCThreads                            = 3                                         {product} {ergonomic}
     uint G1ConcRefinementThreads                  = 10                                        {product} {ergonomic}
   size_t G1HeapRegionSize                         = 4194304                                   {product} {ergonomic}
    uintx GCDrainStackTargetSize                   = 64                                        {product} {ergonomic}
   size_t InitialHeapSize                          = 528482304                                 {product} {ergonomic}
   size_t MarkStackSize                            = 4194304                                   {product} {ergonomic}
   size_t MaxHeapSize                              = 8401190912                                {product} {ergonomic}
   size_t MaxNewSize                               = 5037359104                                {product} {ergonomic}
   size_t MinHeapDeltaBytes                        = 4194304                                   {product} {ergonomic}
   size_t MinHeapSize                              = 8388608                                   {product} {ergonomic}
    uintx NonNMethodCodeHeapSize                   = 5839372                                {pd product} {ergonomic}
    uintx NonProfiledCodeHeapSize                  = 122909434                              {pd product} {ergonomic}
    uintx ProfiledCodeHeapSize                     = 122909434                              {pd product} {ergonomic}
    uintx ReservedCodeCacheSize                    = 251658240                              {pd product} {ergonomic}
     bool SegmentedCodeCache                       = true                                      {product} {ergonomic}
     bool ShowCodeDetailsInExceptionMessages       = true                                   {manageable} {command line}
   size_t SoftMaxHeapSize                          = 8401190912                             {manageable} {ergonomic}
     bool UseCompressedClassPointers               = true                           {product lp64_product} {ergonomic}
     bool UseCompressedOops                        = true                           {product lp64_product} {ergonomic}
     bool UseG1GC                                  = true                                      {product} {ergonomic}

Logging:
Log output configuration:
 #0: stdout all=warning uptime,level,tags foldmultilines=false
 #1: stderr all=off uptime,level,tags foldmultilines=false

Environment Variables:
PATH=/home/mvonkeil/Dev/Android/Sdk/platform-tools:/home/mvonkeil/Dev/Android/Sdk/emulator:/home/mvonkeil/Dev/Android/Sdk/tools:/home/mvonkeil/.local/bin:/usr/local/sbin:/usr/local/bin:/usr/bin:/home/mvonkeil/.dotnet/tools:/usr/lib/jvm/default/bin:/usr/bin/site_perl:/usr/bin/vendor_perl:/usr/bin/core_perl
SHELL=/bin/bash
DISPLAY=:0
LANG=en_US.UTF-8

Signal Handlers:
   SIGSEGV: 0x00007f14f743f830 in libjvm.so+15763504, mask=11100100010111111101111111111110, flags=SA_RESTART|SA_SIGINFO
    SIGBUS: 0x00007f14f743f830 in libjvm.so+15763504, mask=11100100010111111101111111111110, flags=SA_RESTART|SA_SIGINFO
    SIGFPE: 0x00007f14f743f830 in libjvm.so+15763504, mask=11100100010111111101111111111110, flags=SA_RESTART|SA_SIGINFO
   SIGPIPE: 0x00007f14f72e51c0 in libjvm.so+14344640, mask=11100100010111111101111111111110, flags=SA_RESTART|SA_SIGINFO
   SIGXFSZ: 0x00007f14f72e51c0 in libjvm.so+14344640, mask=11100100010111111101111111111110, flags=SA_RESTART|SA_SIGINFO
    SIGILL: 0x00007f14f743f830 in libjvm.so+15763504, mask=11100100010111111101111111111110, flags=SA_RESTART|SA_SIGINFO
   SIGUSR2: 0x00007f14f72e4850 in libjvm.so+14342224, mask=00100000000000000000000000000000, flags=SA_RESTART|SA_SIGINFO
    SIGHUP: 0x00007f14f72e4770 in libjvm.so+14342000, mask=11100100010111111101111111111110, flags=SA_RESTART|SA_SIGINFO
    SIGINT: 0x00007f14f72e4770 in libjvm.so+14342000, mask=11100100010111111101111111111110, flags=SA_RESTART|SA_SIGINFO
   SIGTERM: 0x00007f14f72e4770 in libjvm.so+14342000, mask=11100100010111111101111111111110, flags=SA_RESTART|SA_SIGINFO
   SIGQUIT: 0x00007f14f72e4770 in libjvm.so+14342000, mask=11100100010111111101111111111110, flags=SA_RESTART|SA_SIGINFO
   SIGTRAP: 0x00007f14f743f830 in libjvm.so+15763504, mask=11100100010111111101111111111110, flags=SA_RESTART|SA_SIGINFO


---------------  S Y S T E M  ---------------

OS:
DISTRIB_ID="Arch"
DISTRIB_RELEASE="rolling"
DISTRIB_DESCRIPTION="Arch Linux"
uname: Linux 5.16.11-arch1-1 #1 SMP PREEMPT Thu, 24 Feb 2022 02:18:20 +0000 x86_64
OS uptime: 0 days 0:53 hours
libc: glibc 2.35 NPTL 2.35 
rlimit (soft/hard): STACK 8192k/infinity , CORE infinity/infinity , NPROC 128091/128091 , NOFILE 524288/524288 , AS infinity/infinity , CPU infinity/infinity , DATA infinity/infinity , FSIZE infinity/infinity , MEMLOCK 8192k/8192k
load average: 3.51 2.03 1.27

/proc/meminfo:
MemTotal:       32815976 kB
MemFree:         1774876 kB
MemAvailable:   24824300 kB
Buffers:          769028 kB
Cached:         21581668 kB
SwapCached:           28 kB
Active:          6658136 kB
Inactive:       22190064 kB
Active(anon):      21428 kB
Inactive(anon):  6594492 kB
Active(file):    6636708 kB
Inactive(file): 15595572 kB
Unevictable:          80 kB
Mlocked:              80 kB
SwapTotal:       4194300 kB
SwapFree:        4190204 kB
Dirty:             30360 kB
Writeback:           208 kB
AnonPages:       6497656 kB
Mapped:          1789612 kB
Shmem:            119864 kB
KReclaimable:    1345452 kB
Slab:            1642864 kB
SReclaimable:    1345452 kB
SUnreclaim:       297412 kB
KernelStack:       22560 kB
PageTables:        60696 kB
NFS_Unstable:          0 kB
Bounce:                0 kB
WritebackTmp:          0 kB
CommitLimit:    20602288 kB
Committed_AS:   17629564 kB
VmallocTotal:   34359738367 kB
VmallocUsed:      106104 kB
VmallocChunk:          0 kB
Percpu:            13248 kB
HardwareCorrupted:     0 kB
AnonHugePages:         0 kB
ShmemHugePages:        0 kB
ShmemPmdMapped:        0 kB
FileHugePages:         0 kB
FilePmdMapped:         0 kB
CmaTotal:              0 kB
CmaFree:               0 kB
HugePages_Total:       0
HugePages_Free:        0
HugePages_Rsvd:        0
HugePages_Surp:        0
Hugepagesize:       2048 kB
Hugetlb:               0 kB
DirectMap4k:     1307180 kB
DirectMap2M:    23799808 kB
DirectMap1G:     8388608 kB

/sys/kernel/mm/transparent_hugepage/enabled: always [madvise] never
/sys/kernel/mm/transparent_hugepage/defrag (defrag/compaction efforts parameter): always defer defer+madvise [madvise] never

Process Memory:
Virtual Size: 12546476K (peak: 12546476K)
Resident Set Size: 144316K (peak: 178608K) (anon: 122796K, file: 21488K, shmem: 32K)
Swapped out: 0K
C-Heap outstanding allocations: 12973K

/proc/sys/kernel/threads-max (system-wide limit on the number of threads): 256182
/proc/sys/vm/max_map_count (maximum number of memory map areas a process may have): 65530
/proc/sys/kernel/pid_max (system-wide limit on number of process identifiers): 4194304

container (cgroup) information:
container_type: cgroupv2
cpu_cpuset_cpus: not supported
cpu_memory_nodes: not supported
active_processor_count: 12
cpu_quota: not supported
cpu_period: not supported
cpu_shares: not supported
memory_limit_in_bytes: unlimited
memory_and_swap_limit_in_bytes: unlimited
memory_soft_limit_in_bytes: unlimited
memory_usage_in_bytes: 10973892608
memory_max_usage_in_bytes: not supported
maximum number of tasks: 38427
current number of tasks: 229

Steal ticks since vm start: 0
Steal ticks percentage since vm start:  0.000

CPU: total 12 (initial active 12) (6 cores per cpu, 2 threads per core) family 6 model 158 stepping 10 microcode 0xec, cx8, cmov, fxsr, ht, mmx, 3dnowpref, sse, sse2, sse3, ssse3, sse4.1, sse4.2, popcnt, lzcnt, tsc, tscinvbit, avx, avx2, aes, erms, clmul, bmi1, bmi2, adx, fma, vzeroupper, clflush, clflushopt
CPU Model and flags from /proc/cpuinfo:
model name	: Intel(R) Core(TM) i7-8700K CPU @ 3.70GHz
flags		: fpu vme de pse tsc msr pae mce cx8 apic sep mtrr pge mca cmov pat pse36 clflush dts acpi mmx fxsr sse sse2 ss ht tm pbe syscall nx pdpe1gb rdtscp lm constant_tsc art arch_perfmon pebs bts rep_good nopl xtopology nonstop_tsc cpuid aperfmperf pni pclmulqdq dtes64 monitor ds_cpl vmx smx est tm2 ssse3 sdbg fma cx16 xtpr pdcm pcid sse4_1 sse4_2 x2apic movbe popcnt tsc_deadline_timer aes xsave avx f16c rdrand lahf_lm abm 3dnowprefetch cpuid_fault invpcid_single pti ssbd ibrs ibpb stibp tpr_shadow vnmi flexpriority ept vpid ept_ad fsgsbase tsc_adjust bmi1 avx2 smep bmi2 erms invpcid mpx rdseed adx smap clflushopt intel_pt xsaveopt xsavec xgetbv1 xsaves dtherm ida arat pln pts hwp hwp_notify hwp_act_window hwp_epp md_clear flush_l1d arch_capabilities

Online cpus: 0-11
Offline cpus: 
BIOS frequency limitation: <Not Available>
Frequency switch latency (ns): 0
Available cpu frequencies: <Not Available>
Current governor: powersave
Core performance/turbo boost: <Not Available>

Memory: 4k page, physical 32815976k(1778668k free), swap 4194300k(4190204k free)
Page Sizes: 4k

vm_info: OpenJDK 64-Bit Server VM (18+0) for linux-amd64 JRE (18+0), built on Apr  5 2022 16:27:11 by "builduser" with gcc 11.2.0

END.
