#
# A fatal error has been detected by the Java Runtime Environment:
#
#  SIGSEGV (0xb) at pc=0x00007f7fd8f0f22d, pid=59282, tid=59308
#
# JRE version: OpenJDK Runtime Environment (18.0.1+10) (build 18.0.1+10)
# Java VM: OpenJDK 64-Bit Server VM (18.0.1+10, mixed mode, tiered, compressed oops, compressed class ptrs, g1 gc, linux-amd64)
# Problematic frame:
# V  [libjvm.so+0xe2822d]
#
# Core dump will be written. Default location: Core dumps may be processed with "/usr/lib/systemd/systemd-coredump %P %u %g %s %t %c %h" (or dumping to /home/mvonkeil/Projects/AemContentHub/de.enithing.contenthub.generator.core/core.59282)
#
# If you would like to submit a bug report, please visit:
#   https://bugreport.java.com/bugreport/crash.jsp
#

---------------  S U M M A R Y ------------

Command Line: -XX:+ShowCodeDetailsInExceptionMessages -agentlib:jdwp=transport=dt_socket,suspend=y,address=localhost:39073 -ea -javaagent:/home/mvonkeil/Dev/eclipse/modelling/eclipse/configuration/org.eclipse.osgi/577/0/.cp/lib/javaagent-shaded.jar -Dfile.encoding=UTF-8 org.eclipse.jdt.internal.junit.runner.RemoteTestRunner -version 3 -port 34553 -testLoaderClass org.eclipse.jdt.internal.junit5.runner.JUnit5TestLoader -loaderpluginname org.eclipse.jdt.junit5.runtime -classNames de.enithing.contenthub.generator.GeneratorTest

Host: Intel(R) Core(TM) i7-8700K CPU @ 3.70GHz, 12 cores, 31G, Arch Linux
Time: Mon Apr 25 12:08:48 2022 CEST elapsed time: 18.624009 seconds (0d 0h 0m 18s)

---------------  T H R E A D  ---------------

Current thread (0x00007f7fd0284fc0):  JavaThread "JDWP Transport Listener: dt_socket" daemon [_thread_in_vm, id=59308, stack(0x00007f7f99b00000,0x00007f7f99c00000)]

Stack: [0x00007f7f99b00000,0x00007f7f99c00000],  sp=0x00007f7f99bfe920,  free space=1018k
Native frames: (J=compiled Java code, j=interpreted, Vv=VM code, C=native code)
V  [libjvm.so+0xe2822d]
V  [libjvm.so+0xa3f2d2]
V  [libjvm.so+0x9f508a]
C  [libjdwp.so+0x2ea48]
C  [libjdwp.so+0x84e1]
C  [libjdwp.so+0x142b9]
C  [libjdwp.so+0x2817c]
V  [libjvm.so+0xa5f935]
V  [libjvm.so+0xe80d45]
V  [libjvm.so+0xe85157]
V  [libjvm.so+0xc510ee]


siginfo: si_signo: 11 (SIGSEGV), si_code: 1 (SEGV_MAPERR), si_addr: 0x0000000001440146

Register to memory mapping:

RAX=0x0000000000000141 is an unknown value
RBX=0x0000000800291fd8 is a pointer to class: 
de.enithing.contenthub.generator.context.ContextGenerator {0x0000000800291fd8}
 - instance size:     2
 - klass size:        99
 - access:            public synchronized 
 - state:             fully_initialized
 - name:              'de/enithing/contenthub/generator/context/ContextGenerator'
 - super:             'java/lang/Object'
 - sub:               
 - arrays:            NULL
 - methods:           Array<T>(0x00007f7f91466bc8)
 - method ordering:   Array<T>(0x00007f7f91467880)
 - default_methods:   Array<T>(0x00007f7f9145f860)
 - default vtable indices:   Array<T>(0x00007f7f9145f8a8)
 - local interfaces:  Array<T>(0x00007f7f9145eb50)
 - trans. interfaces: Array<T>(0x00007f7f9145f810)
 - constants:         constant pool [344]/operands[7] {0x00007f7f91469748} for 'de/enithing/contenthub/generator/context/ContextGenerator' cache=0x00007f7f9146a268
 - class loader data:  loader data: 0x00007f7fd0229c00 for instance a 'jdk/internal/loader/ClassLoaders$AppClassLoader'{0x000000060b427400}
 - source file:       'ContextGenerator.java'
 - source debug extension:       SMAP
ContextGenerator.java
Java
*S jdt
*F
1 ContextGenerator.java
2 file:/home/mvonkeil/Projects/AemContentHub/de.enithing.contenthub.generator.core/target/classes/
*L
*E

 - class annotations:       Array<T>(0x0000000000000000)
 - class type annotations:  Array<T>(0x0000000000000000)
 - field annotations:       Array<T>(0x0000000000000000)
 - field type annotations:  Array<T>(0x0000000000000000)
 - generic signature: '
[error occurred during error reporting (printing register info), id 0xb, SIGSEGV (0xb) at pc=0x00007f7fd8f10229]

Registers:
RAX=0x0000000000000141, RBX=0x0000000800291fd8, RCX=0x00007f7f91469748, RDX=0x000000000000001b
RSP=0x00007f7f99bfe920, RBP=0x00007f7f99bfe930, RSI=0x0000000000000000, RDI=0x0000000001440142
R8 =0x0000000800291fd8, R9 =0x000000000000003a, R10=0x0000000000000072, R11=0x11254fa1171bb6f4
R12=0x00007f7f7402a2b0, R13=0x0000000800291fd8, R14=0x00007f7f7402a260, R15=0x00007f7fd0282810
RIP=0x00007f7fd8f0f22d, EFLAGS=0x0000000000010246, CSGSFS=0x002b000000000033, ERR=0x0000000000000004
  TRAPNO=0x000000000000000e

Top of Stack: (sp=0x00007f7f99bfe920)
0x00007f7f99bfe920:   0000000800291fd8 00007f7f7402a2b0
0x00007f7f99bfe930:   00007f7f99bfe9b0 00007f7fd8b262d2
0x00007f7f99bfe940:   00007f7f99bfe960 0000000800291fd8
0x00007f7f99bfe950:   00000000000003d8 00007f7fd0005db0 

Instructions: (pc=0x00007f7fd8f0f22d)
0x00007f7fd8f0f12d:   c0 10 48 39 f0 75 ec 89 d6 83 e6 f0 89 f0 39 f2
0x00007f7fd8f0f13d:   0f 84 9f 00 00 00 89 d7 29 f7 44 8d 4f ff 41 83
0x00007f7fd8f0f14d:   f9 06 76 14 4c 8b 4c 31 06 4d 89 0c 30 89 fe 83
0x00007f7fd8f0f15d:   e6 f8 01 f0 39 f7 74 7d 48 63 f0 0f b6 7c 31 06
0x00007f7fd8f0f16d:   41 88 3c 30 8d 70 01 39 f2 7e 6a 48 63 f6 0f b6
0x00007f7fd8f0f17d:   7c 31 06 41 88 3c 30 8d 70 02 39 f2 7e 57 48 63
0x00007f7fd8f0f18d:   f6 0f b6 7c 31 06 41 88 3c 30 8d 70 03 39 f2 7e
0x00007f7fd8f0f19d:   44 48 63 f6 0f b6 7c 31 06 41 88 3c 30 8d 70 04
0x00007f7fd8f0f1ad:   39 f2 7e 31 48 63 f6 0f b6 7c 31 06 41 88 3c 30
0x00007f7fd8f0f1bd:   8d 70 05 39 f2 7e 1e 48 63 f6 83 c0 06 0f b6 7c
0x00007f7fd8f0f1cd:   31 06 41 88 3c 30 39 c2 7e 0b 48 98 0f b6 4c 01
0x00007f7fd8f0f1dd:   06 41 88 0c 00 48 63 d2 41 c6 04 10 00 4c 89 c0
0x00007f7fd8f0f1ed:   c3 66 90 89 d7 31 c0 0f 1f 40 00 0f b6 74 01 06
0x00007f7fd8f0f1fd:   41 88 34 00 48 83 c0 01 48 39 f8 75 ee 48 63 d2
0x00007f7fd8f0f20d:   41 c6 04 10 00 eb d6 31 f6 31 c0 e9 34 ff ff ff
0x00007f7fd8f0f21d:   90 66 90 f3 0f 1e fa 55 31 f6 48 89 e5 41 54 53
0x00007f7fd8f0f22d:   44 0f b7 67 04 48 89 fb 41 8d 7c 24 01 48 63 ff
0x00007f7fd8f0f23d:   67 e8 8d 69 ec ff 0f b7 53 04 49 89 c0 44 39 e2
0x00007f7fd8f0f24d:   41 0f 4f d4 85 d2 0f 84 f7 00 00 00 48 8d 7b 07
0x00007f7fd8f0f25d:   4c 89 c1 8d 42 ff 89 d6 48 29 f9 48 83 f9 0e 0f
0x00007f7fd8f0f26d:   86 ee 00 00 00 83 f8 06 0f 86 e5 00 00 00 83 f8
0x00007f7fd8f0f27d:   0e 0f 86 06 01 00 00 89 d1 31 c0 c1 e9 04 48 c1
0x00007f7fd8f0f28d:   e1 04 90 f3 0f 6f 44 03 06 41 0f 11 04 00 48 83
0x00007f7fd8f0f29d:   c0 10 48 39 c8 75 ec 89 d1 83 e1 f0 89 c8 39 ca
0x00007f7fd8f0f2ad:   0f 84 9d 00 00 00 89 d6 29 ce 8d 7e ff 83 ff 06
0x00007f7fd8f0f2bd:   76 14 48 8b 7c 0b 06 49 89 3c 08 89 f1 83 e1 f8
0x00007f7fd8f0f2cd:   01 c8 39 ce 74 7d 48 63 c8 0f b6 74 0b 06 41 88
0x00007f7fd8f0f2dd:   34 08 8d 48 01 39 ca 7e 6a 48 63 c9 0f b6 74 0b
0x00007f7fd8f0f2ed:   06 41 88 34 08 8d 48 02 39 ca 7e 57 48 63 c9 0f
0x00007f7fd8f0f2fd:   b6 74 0b 06 41 88 34 08 8d 48 03 39 ca 7e 44 48
0x00007f7fd8f0f30d:   63 c9 0f b6 74 0b 06 41 88 34 08 8d 48 04 39 ca
0x00007f7fd8f0f31d:   7e 31 48 63 c9 0f b6 74 0b 06 41 88 34 08 8d 48 


Stack slot to memory mapping:
stack at sp + 0 slots: 0x0000000800291fd8 is a pointer to class: 
de.enithing.contenthub.generator.context.ContextGenerator {0x0000000800291fd8}
 - instance size:     2
 - klass size:        99
 - access:            public synchronized 
 - state:             fully_initialized
 - name:              'de/enithing/contenthub/generator/context/ContextGenerator'
 - super:             'java/lang/Object'
 - sub:               
 - arrays:            NULL
 - methods:           Array<T>(0x00007f7f91466bc8)
 - method ordering:   Array<T>(0x00007f7f91467880)
 - default_methods:   Array<T>(0x00007f7f9145f860)
 - default vtable indices:   Array<T>(0x00007f7f9145f8a8)
 - local interfaces:  Array<T>(0x00007f7f9145eb50)
 - trans. interfaces: Array<T>(0x00007f7f9145f810)
 - constants:         constant pool [344]/operands[7] {0x00007f7f91469748} for 'de/enithing/contenthub/generator/context/ContextGenerator' cache=0x00007f7f9146a268
 - class loader data:  loader data: 0x00007f7fd0229c00 for instance a 'jdk/internal/loader/ClassLoaders$AppClassLoader'{0x000000060b427400}
 - source file:       'ContextGenerator.java'
 - source debug extension:       SMAP
ContextGenerator.java
Java
*S jdt
*F
1 ContextGenerator.java
2 file:/home/mvonkeil/Projects/AemContentHub/de.enithing.contenthub.generator.core/target/classes/
*L
*E

 - class annotations:       Array<T>(0x0000000000000000)
 - class type annotations:  Array<T>(0x0000000000000000)
 - field annotations:       Array<T>(0x0000000000000000)
 - field type annotations:  Array<T>(0x0000000000000000)
 - generic signature: '
[error occurred during error reporting (inspecting top of stack), id 0xb, SIGSEGV (0xb) at pc=0x00007f7fd8f10229]


---------------  P R O C E S S  ---------------

Threads class SMR info:
_java_thread_list=0x00007f7f50160300, length=17, elements={
0x00007f7fd0017080, 0x00007f7fd013f6e0, 0x00007f7fd0140d70, 0x00007f7fd0174c40,
0x00007f7fd0175fe0, 0x00007f7fd01698d0, 0x00007f7fd016add0, 0x00007f7fd016c2a0,
0x00007f7fd016d700, 0x00007f7fd02198d0, 0x00007f7fd0284fc0, 0x00007f7fd0287300,
0x00007f7f64001120, 0x00007f7fd057aed0, 0x00007f7fd06a9820, 0x00007f7fd07cdb00,
0x00007f7fd0b3fac0
}

Java Threads: ( => current thread )
  0x00007f7fd0017080 JavaThread "main" [_thread_blocked, id=59284, stack(0x00007f7fd7cbe000,0x00007f7fd7dbe000)]
  0x00007f7fd013f6e0 JavaThread "Reference Handler" daemon [_thread_blocked, id=59298, stack(0x00007f7fa87cd000,0x00007f7fa88cd000)]
  0x00007f7fd0140d70 JavaThread "Finalizer" daemon [_thread_blocked, id=59299, stack(0x00007f7fa86cd000,0x00007f7fa87cd000)]
  0x00007f7fd0174c40 JavaThread "Signal Dispatcher" daemon [_thread_blocked, id=59300, stack(0x00007f7fa82e4000,0x00007f7fa83e4000)]
  0x00007f7fd0175fe0 JavaThread "Service Thread" daemon [_thread_blocked, id=59301, stack(0x00007f7fa81e4000,0x00007f7fa82e4000)]
  0x00007f7fd01698d0 JavaThread "Monitor Deflation Thread" daemon [_thread_blocked, id=59302, stack(0x00007f7fa80e4000,0x00007f7fa81e4000)]
  0x00007f7fd016add0 JavaThread "C2 CompilerThread0" daemon [_thread_blocked, id=59303, stack(0x00007f7f99f00000,0x00007f7f9a000000)]
  0x00007f7fd016c2a0 JavaThread "C1 CompilerThread0" daemon [_thread_blocked, id=59304, stack(0x00007f7f99e00000,0x00007f7f99f00000)]
  0x00007f7fd016d700 JavaThread "Sweeper thread" daemon [_thread_blocked, id=59305, stack(0x00007f7f99d00000,0x00007f7f99e00000)]
  0x00007f7fd02198d0 JavaThread "Common-Cleaner" daemon [_thread_blocked, id=59306, stack(0x00007f7f99c00000,0x00007f7f99d00000)]
=>0x00007f7fd0284fc0 JavaThread "JDWP Transport Listener: dt_socket" daemon [_thread_in_vm, id=59308, stack(0x00007f7f99b00000,0x00007f7f99c00000)]
  0x00007f7fd0287300 JavaThread "JDWP Event Helper Thread" daemon [_thread_blocked, id=59311, stack(0x00007f7f99a00000,0x00007f7f99b00000)]
  0x00007f7f64001120 JavaThread "JDWP Command Reader" daemon [_thread_in_native, id=59312, stack(0x00007f7f99900000,0x00007f7f99a00000)]
  0x00007f7fd057aed0 JavaThread "Notification Thread" daemon [_thread_blocked, id=59316, stack(0x00007f7f99700000,0x00007f7f99800000)]
  0x00007f7fd06a9820 JavaThread "ReaderThread" [_thread_in_native, id=59324, stack(0x00007f7f994fe000,0x00007f7f995fe000)]
  0x00007f7fd07cdb00 JavaThread "EMF Reference Cleaner" daemon [_thread_blocked, id=59334, stack(0x00007f7f98aec000,0x00007f7f98bec000)]
  0x00007f7fd0b3fac0 JavaThread "org.apache.commons.vfs2.cache.SoftRefFilesCache$ReleaseThread" daemon [_thread_blocked, id=59344, stack(0x00007f7f989ec000,0x00007f7f98aec000)]

Other Threads:
  0x00007f7fd0131bc0 VMThread "VM Thread" [stack: 0x00007f7fa88cf000,0x00007f7fa89cf000] [id=59297]
  0x00007f7fd0019b10 WatcherThread "VM Periodic Task Thread" [stack: 0x00007f7f99600000,0x00007f7f99700000] [id=59317]
  0x00007f7fd0049d10 WorkerThread "GC Thread#0" [stack: 0x00007f7fa9990000,0x00007f7fa9a90000] [id=59291]
  0x00007f7f88007fb0 WorkerThread "GC Thread#1" [stack: 0x00007f7f993fe000,0x00007f7f994fe000] [id=59325]
  0x00007f7f88008a00 WorkerThread "GC Thread#2" [stack: 0x00007f7f992fc000,0x00007f7f993fc000] [id=59326]
  0x00007f7f88009450 WorkerThread "GC Thread#3" [stack: 0x00007f7f991fa000,0x00007f7f992fa000] [id=59327]
  0x00007f7f8800a290 WorkerThread "GC Thread#4" [stack: 0x00007f7f990f8000,0x00007f7f991f8000] [id=59328]
  0x00007f7f8800b0d0 WorkerThread "GC Thread#5" [stack: 0x00007f7f98ff6000,0x00007f7f990f6000] [id=59329]
  0x00007f7f8800bf10 WorkerThread "GC Thread#6" [stack: 0x00007f7f98ef4000,0x00007f7f98ff4000] [id=59330]
  0x00007f7f8800cd50 WorkerThread "GC Thread#7" [stack: 0x00007f7f98df2000,0x00007f7f98ef2000] [id=59331]
  0x00007f7f8800dbb0 WorkerThread "GC Thread#8" [stack: 0x00007f7f98cf0000,0x00007f7f98df0000] [id=59332]
  0x00007f7f8800ea30 WorkerThread "GC Thread#9" [stack: 0x00007f7f98bee000,0x00007f7f98cee000] [id=59333]
  0x00007f7fd005ad80 ConcurrentGCThread "G1 Main Marker" [stack: 0x00007f7fa988e000,0x00007f7fa998e000] [id=59292]
  0x00007f7fd005bc80 WorkerThread "G1 Conc#0" [stack: 0x00007f7fa978c000,0x00007f7fa988c000] [id=59293]
  0x00007f7f9c000d60 WorkerThread "G1 Conc#1" [stack: 0x00007f7f98422000,0x00007f7f98522000] [id=59345]
  0x00007f7f9c0017c0 WorkerThread "G1 Conc#2" [stack: 0x00007f7f98320000,0x00007f7f98420000] [id=59346]
  0x00007f7fd00afef0 ConcurrentGCThread "G1 Refine#0" [stack: 0x00007f7fa8c80000,0x00007f7fa8d80000] [id=59294]
  0x00007f7fd00b0dc0 ConcurrentGCThread "G1 Service" [stack: 0x00007f7fa8b7e000,0x00007f7fa8c7e000] [id=59295]

Threads with active compile tasks:

VM state: not at safepoint (normal execution)

VM Mutex/Monitor currently owned by a thread: None

Heap address: 0x000000060b400000, size: 8012 MB, Compressed Oops mode: Zero based, Oop shift amount: 3

CDS archive(s) not mapped
Compressed class space mapped at: 0x0000000800000000-0x0000000840000000, reserved size: 1073741824
Narrow klass base: 0x0000000800000000, Narrow klass shift: 0, Narrow klass range: 0x40000000

GC Precious Log:
 CardTable entry size: 512
 Card Set container configuration: InlinePtr #cards 4 size 8 Array Of Cards #cards 32 size 80 Howl #buckets 8 coarsen threshold 7372 Howl Bitmap #cards 1024 size 144 coarsen threshold 921 Card regions per heap region 1 cards per card region 8192
 CPUs: 12 total, 12 available
 Memory: 32046M
 Large Page Support: Disabled
 NUMA Support: Disabled
 Compressed Oops: Enabled (Zero based)
 Heap Region Size: 4M
 Heap Min Capacity: 8M
 Heap Initial Capacity: 504M
 Heap Max Capacity: 8012M
 Pre-touch: Disabled
 Parallel Workers: 10
 Concurrent Workers: 3
 Concurrent Refinement Workers: 10
 Periodic GC: Disabled

Heap:
 garbage-first heap   total 69632K, used 21547K [0x000000060b400000, 0x0000000800000000)
  region size 4096K, 6 young (24576K), 2 survivors (8192K)
 Metaspace       used 23759K, committed 24000K, reserved 1114112K
  class space    used 2511K, committed 2624K, reserved 1048576K

Heap Regions: E=young(eden), S=young(survivor), O=old, HS=humongous(starts), HC=humongous(continues), CS=collection set, F=free, OA=open archive, CA=closed archive, TAMS=top-at-mark-start (previous, next)
|   0|0x000000060b400000, 0x000000060b800000, 0x000000060b800000|100%| O|  |TAMS 0x000000060b800000, 0x000000060b400000| Untracked 
|   1|0x000000060b800000, 0x000000060b817a00, 0x000000060bc00000|  2%| O|  |TAMS 0x000000060b817a00, 0x000000060b800000| Complete 
|   2|0x000000060bc00000, 0x000000060bc00000, 0x000000060c000000|  0%| F|  |TAMS 0x000000060bc00000, 0x000000060bc00000| Untracked 
|   3|0x000000060c000000, 0x000000060c000000, 0x000000060c400000|  0%| F|  |TAMS 0x000000060c000000, 0x000000060c000000| Untracked 
|   4|0x000000060c400000, 0x000000060c400000, 0x000000060c800000|  0%| F|  |TAMS 0x000000060c400000, 0x000000060c400000| Untracked 
|   5|0x000000060c800000, 0x000000060c800000, 0x000000060cc00000|  0%| F|  |TAMS 0x000000060c800000, 0x000000060c800000| Untracked 
|   6|0x000000060cc00000, 0x000000060cc00000, 0x000000060d000000|  0%| F|  |TAMS 0x000000060cc00000, 0x000000060cc00000| Untracked 
|   7|0x000000060d000000, 0x000000060d000000, 0x000000060d400000|  0%| F|  |TAMS 0x000000060d000000, 0x000000060d000000| Untracked 
|   8|0x000000060d400000, 0x000000060d400000, 0x000000060d800000|  0%| F|  |TAMS 0x000000060d400000, 0x000000060d400000| Untracked 
|   9|0x000000060d800000, 0x000000060d800000, 0x000000060dc00000|  0%| F|  |TAMS 0x000000060d800000, 0x000000060d800000| Untracked 
|  10|0x000000060dc00000, 0x000000060dc00000, 0x000000060e000000|  0%| F|  |TAMS 0x000000060dc00000, 0x000000060dc00000| Untracked 
|  11|0x000000060e000000, 0x000000060e1a4998, 0x000000060e400000| 41%| E|  |TAMS 0x000000060e000000, 0x000000060e000000| Complete 
|  12|0x000000060e400000, 0x000000060e800000, 0x000000060e800000|100%| E|CS|TAMS 0x000000060e400000, 0x000000060e400000| Complete 
|  13|0x000000060e800000, 0x000000060ec00000, 0x000000060ec00000|100%| E|CS|TAMS 0x000000060e800000, 0x000000060e800000| Complete 
| 113|0x0000000627800000, 0x00000006278f33c0, 0x0000000627c00000| 23%| S|CS|TAMS 0x0000000627800000, 0x0000000627800000| Complete 
| 114|0x0000000627c00000, 0x0000000628000000, 0x0000000628000000|100%| S|CS|TAMS 0x0000000627c00000, 0x0000000627c00000| Complete 
| 125|0x000000062a800000, 0x000000062ac00000, 0x000000062ac00000|100%| E|CS|TAMS 0x000000062a800000, 0x000000062a800000| Complete 

Card table byte_map: [0x00007f7fd50e9000,0x00007f7fd608f000] _byte_map_base: 0x00007f7fd208f000

Marking Bits (Prev, Next): (CMBitMap*) 0x00007f7fd004a7c0, (CMBitMap*) 0x00007f7fd004a780
 Prev Bits: [0x00007f7fa9a90000, 0x00007f7fb17c0000)
 Next Bits: [0x00007f7fb17c0000, 0x00007f7fb94f0000)

Polling page: 0x00007f7fd969d000

Metaspace:

Usage:
  Non-class:     20.75 MB used.
      Class:      2.45 MB used.
       Both:     23.20 MB used.

Virtual space:
  Non-class space:       64.00 MB reserved,      20.88 MB ( 33%) committed,  1 nodes.
      Class space:        1.00 GB reserved,       2.56 MB ( <1%) committed,  1 nodes.
             Both:        1.06 GB reserved,      23.44 MB (  2%) committed. 

Chunk freelists:
   Non-Class:  2.58 MB
       Class:  1.42 MB
        Both:  4.00 MB

MaxMetaspaceSize: unlimited
CompressedClassSpaceSize: 1.00 GB
Initial GC threshold: 21.00 MB
Current GC threshold: 35.12 MB
CDS: off
MetaspaceReclaimPolicy: balanced
 - commit_granule_bytes: 65536.
 - commit_granule_words: 8192.
 - virtual_space_node_default_size: 8388608.
 - enlarge_chunks_in_place: 1.
 - new_chunks_are_fully_committed: 0.
 - uncommit_free_chunks: 1.
 - use_allocation_guard: 0.


Internal statistics:

num_allocs_failed_limit: 3.
num_arena_births: 192.
num_arena_deaths: 0.
num_vsnodes_births: 2.
num_vsnodes_deaths: 0.
num_space_committed: 375.
num_space_uncommitted: 0.
num_chunks_returned_to_freelist: 3.
num_chunks_taken_from_freelist: 630.
num_chunk_merges: 3.
num_chunk_splits: 400.
num_chunks_enlarged: 288.
num_inconsistent_stats: 0.

CodeHeap 'non-profiled nmethods': size=120028Kb used=1111Kb max_used=1111Kb free=118917Kb
 bounds [0x00007f7fc0fb9000, 0x00007f7fc1229000, 0x00007f7fc84f0000]
CodeHeap 'profiled nmethods': size=120028Kb used=4602Kb max_used=4602Kb free=115425Kb
 bounds [0x00007f7fb9a82000, 0x00007f7fb9f02000, 0x00007f7fc0fb9000]
CodeHeap 'non-nmethods': size=5704Kb used=1282Kb max_used=1425Kb free=4422Kb
 bounds [0x00007f7fb94f0000, 0x00007f7fb9760000, 0x00007f7fb9a82000]
 total_blobs=2767 nmethods=2241 adapters=438
 compilation: enabled
              stopped_count=0, restarted_count=0
 full_count=0

Compilation events (20 events):
Event: 0.969 Thread 0x00007f7fd016c2a0 nmethod 2221 0x00007f7fb9eeed90 code [0x00007f7fb9eef7e0, 0x00007f7fb9ef6190]
Event: 0.969 Thread 0x00007f7fd016c2a0 2244       3       org.apache.velocity.runtime.parser.Parser::ReInit (88 bytes)
Event: 0.969 Thread 0x00007f7fd016c2a0 nmethod 2244 0x00007f7fb9ef8010 code [0x00007f7fb9ef8260, 0x00007f7fb9ef8dd0]
Event: 0.969 Thread 0x00007f7fd016c2a0 2236   !   3       jdk.internal.loader.BuiltinClassLoader$2::run (114 bytes)
Event: 0.970 Thread 0x00007f7fd016c2a0 nmethod 2236 0x00007f7fb9ef9210 code [0x00007f7fb9ef94c0, 0x00007f7fb9efa3d0]
Event: 0.970 Thread 0x00007f7fd016c2a0 2238   !   3       java.io.StringReader::read (105 bytes)
Event: 0.970 Thread 0x00007f7fd016c2a0 nmethod 2238 0x00007f7fb9efa910 code [0x00007f7fb9efab40, 0x00007f7fb9efb3a0]
Event: 0.970 Thread 0x00007f7fd016c2a0 2239       3       java.io.StringReader::ensureOpen (18 bytes)
Event: 0.970 Thread 0x00007f7fd016c2a0 nmethod 2239 0x00007f7fb9efb790 code [0x00007f7fb9efb940, 0x00007f7fb9efbb40]
Event: 0.970 Thread 0x00007f7fd016c2a0 2242       3       com.sun.org.apache.xerces.internal.impl.XMLEntityScanner::checkLimit (256 bytes)
Event: 0.972 Thread 0x00007f7fd016c2a0 nmethod 2242 0x00007f7fb9efbc10 code [0x00007f7fb9efc120, 0x00007f7fb9eff2a0]
Event: 0.972 Thread 0x00007f7fd016c2a0 2237       3       java.lang.StringLatin1::toChars (16 bytes)
Event: 0.973 Thread 0x00007f7fd016c2a0 nmethod 2237 0x00007f7fb9f00490 code [0x00007f7fb9f00640, 0x00007f7fb9f00820]
Event: 0.973 Thread 0x00007f7fd016c2a0 2241       1       org.jdom2.Element::getNamespace (5 bytes)
Event: 0.973 Thread 0x00007f7fd016c2a0 nmethod 2241 0x00007f7fc10be290 code [0x00007f7fc10be420, 0x00007f7fc10be4f0]
Event: 0.973 Thread 0x00007f7fd016c2a0 2243       1       org.jdom2.output.support.AbstractFormattedWalker$MultiText::access$600 (5 bytes)
Event: 0.973 Thread 0x00007f7fd016c2a0 nmethod 2243 0x00007f7fc10be590 code [0x00007f7fc10be720, 0x00007f7fc10be7d0]
Event: 0.973 Thread 0x00007f7fd016c2a0 2240       1       org.apache.velocity.runtime.resource.Resource::setData (6 bytes)
Event: 0.973 Thread 0x00007f7fd016c2a0 nmethod 2240 0x00007f7fc10be890 code [0x00007f7fc10bea20, 0x00007f7fc10beb30]
Event: 1.149 Thread 0x00007f7fd016add0 nmethod 2177 0x00007f7fc10beb90 code [0x00007f7fc10bf700, 0x00007f7fc10c96f0]

GC Heap History (6 events):
Event: 0.375 GC heap before
{Heap before GC invocations=0 (full 0):
 garbage-first heap   total 516096K, used 24576K [0x000000060b400000, 0x0000000800000000)
  region size 4096K, 6 young (24576K), 0 survivors (0K)
 Metaspace       used 12528K, committed 12736K, reserved 1114112K
  class space    used 1113K, committed 1216K, reserved 1048576K
}
Event: 0.378 GC heap after
{Heap after GC invocations=1 (full 0):
 garbage-first heap   total 516096K, used 4253K [0x000000060b400000, 0x0000000800000000)
  region size 4096K, 1 young (4096K), 1 survivors (4096K)
 Metaspace       used 12528K, committed 12736K, reserved 1114112K
  class space    used 1113K, committed 1216K, reserved 1048576K
}
Event: 0.562 GC heap before
{Heap before GC invocations=1 (full 0):
 garbage-first heap   total 516096K, used 28829K [0x000000060b400000, 0x0000000800000000)
  region size 4096K, 7 young (28672K), 1 survivors (4096K)
 Metaspace       used 16034K, committed 16256K, reserved 1114112K
  class space    used 1597K, committed 1664K, reserved 1048576K
}
Event: 0.564 GC heap after
{Heap after GC invocations=2 (full 0):
 garbage-first heap   total 516096K, used 5884K [0x000000060b400000, 0x0000000800000000)
  region size 4096K, 1 young (4096K), 1 survivors (4096K)
 Metaspace       used 16034K, committed 16256K, reserved 1114112K
  class space    used 1597K, committed 1664K, reserved 1048576K
}
Event: 0.802 GC heap before
{Heap before GC invocations=2 (full 0):
 garbage-first heap   total 516096K, used 42748K [0x000000060b400000, 0x0000000800000000)
  region size 4096K, 11 young (45056K), 1 survivors (4096K)
 Metaspace       used 21280K, committed 21504K, reserved 1114112K
  class space    used 2255K, committed 2368K, reserved 1048576K
}
Event: 0.804 GC heap after
{Heap after GC invocations=3 (full 0):
 garbage-first heap   total 516096K, used 9259K [0x000000060b400000, 0x0000000800000000)
  region size 4096K, 2 young (8192K), 2 survivors (8192K)
 Metaspace       used 21280K, committed 21504K, reserved 1114112K
  class space    used 2255K, committed 2368K, reserved 1048576K
}

Deoptimization events (20 events):
Event: 0.968 Thread 0x00007f7fd0017080 DEOPT PACKING pc=0x00007f7fb9e64b54 sp=0x00007f7fd7db8e70
Event: 0.968 Thread 0x00007f7fd0017080 DEOPT UNPACKING pc=0x00007f7fb954282f sp=0x00007f7fd7db83a8 mode 1
Event: 0.968 Thread 0x00007f7fd0017080 DEOPT PACKING pc=0x00007f7fb9e9ba3c sp=0x00007f7fd7db8fa0
Event: 0.968 Thread 0x00007f7fd0017080 DEOPT UNPACKING pc=0x00007f7fb954282f sp=0x00007f7fd7db8480 mode 1
Event: 0.968 Thread 0x00007f7fd0017080 DEOPT PACKING pc=0x00007f7fc10a1b58 sp=0x00007f7fd7db9010
Event: 0.968 Thread 0x00007f7fd0017080 DEOPT UNPACKING pc=0x00007f7fb954282f sp=0x00007f7fd7db84c8 mode 1
Event: 0.968 Thread 0x00007f7fd0017080 DEOPT PACKING pc=0x00007f7fb9e6b204 sp=0x00007f7fd7db9050
Event: 0.968 Thread 0x00007f7fd0017080 DEOPT UNPACKING pc=0x00007f7fb954282f sp=0x00007f7fd7db8520 mode 1
Event: 0.969 Thread 0x00007f7fd0017080 DEOPT PACKING pc=0x00007f7fb9e9bbd9 sp=0x00007f7fd7db8dc0
Event: 0.969 Thread 0x00007f7fd0017080 DEOPT UNPACKING pc=0x00007f7fb954282f sp=0x00007f7fd7db82a0 mode 1
Event: 0.969 Thread 0x00007f7fd0017080 DEOPT PACKING pc=0x00007f7fc10a1b58 sp=0x00007f7fd7db8e30
Event: 0.969 Thread 0x00007f7fd0017080 DEOPT UNPACKING pc=0x00007f7fb954282f sp=0x00007f7fd7db82e8 mode 1
Event: 0.969 Thread 0x00007f7fd0017080 DEOPT PACKING pc=0x00007f7fb9e64b54 sp=0x00007f7fd7db8e70
Event: 0.969 Thread 0x00007f7fd0017080 DEOPT UNPACKING pc=0x00007f7fb954282f sp=0x00007f7fd7db83a8 mode 1
Event: 0.969 Thread 0x00007f7fd0017080 DEOPT PACKING pc=0x00007f7fb9e9ba3c sp=0x00007f7fd7db8fa0
Event: 0.969 Thread 0x00007f7fd0017080 DEOPT UNPACKING pc=0x00007f7fb954282f sp=0x00007f7fd7db8480 mode 1
Event: 0.969 Thread 0x00007f7fd0017080 DEOPT PACKING pc=0x00007f7fc10a1b58 sp=0x00007f7fd7db9010
Event: 0.969 Thread 0x00007f7fd0017080 DEOPT UNPACKING pc=0x00007f7fb954282f sp=0x00007f7fd7db84c8 mode 1
Event: 0.969 Thread 0x00007f7fd0017080 DEOPT PACKING pc=0x00007f7fb9e6b204 sp=0x00007f7fd7db9050
Event: 0.969 Thread 0x00007f7fd0017080 DEOPT UNPACKING pc=0x00007f7fb954282f sp=0x00007f7fd7db8520 mode 1

Classes loaded (20 events):
Event: 0.930 Loading class org/xml/sax/Locator
Event: 0.930 Loading class org/xml/sax/Locator done
Event: 0.930 Loading class org/xml/sax/ext/Locator2 done
Event: 0.930 Loading class com/sun/org/apache/xerces/internal/parsers/AbstractSAXParser$LocatorProxy done
Event: 0.930 Loading class com/sun/org/apache/xerces/internal/impl/XMLScanner$NameType
Event: 0.930 Loading class com/sun/org/apache/xerces/internal/impl/XMLScanner$NameType done
Event: 0.930 Loading class com/sun/org/apache/xerces/internal/impl/Constants
Event: 0.930 Loading class com/sun/org/apache/xerces/internal/impl/Constants done
Event: 0.931 Loading class com/sun/org/apache/xerces/internal/impl/Constants$ArrayEnumeration
Event: 0.931 Loading class com/sun/org/apache/xerces/internal/impl/Constants$ArrayEnumeration done
Event: 0.931 Loading class java/io/InvalidObjectException
Event: 0.931 Loading class java/io/ObjectStreamException
Event: 0.931 Loading class java/io/ObjectStreamException done
Event: 0.931 Loading class java/io/InvalidObjectException done
Event: 0.941 Loading class com/sun/org/apache/xerces/internal/impl/io/MalformedByteSequenceException
Event: 0.941 Loading class java/io/CharConversionException
Event: 0.941 Loading class java/io/CharConversionException done
Event: 0.941 Loading class com/sun/org/apache/xerces/internal/impl/io/MalformedByteSequenceException done
Event: 0.945 Loading class java/lang/NoSuchFieldError
Event: 0.946 Loading class java/lang/NoSuchFieldError done

Classes unloaded (0 events):
No events

Classes redefined (1 events):
Event: 18.381 Thread 0x00007f7fd0131bc0 redefined class name=de.enithing.contenthub.generator.context.ContextGenerator, count=1

Internal exceptions (20 events):
Event: 0.449 Thread 0x00007f7fd0017080 Exception <a 'java/lang/NoSuchMethodError'{0x000000062a034008}: 'java.lang.Object java.lang.invoke.DirectMethodHandle$Holder.invokeStaticInit(java.lang.Object)'> (0x000000062a034008) 
thrown [src/hotspot/share/interpreter/linkResolver.cpp, line 765]
Event: 0.451 Thread 0x00007f7fd0017080 Exception <a 'java/lang/NoSuchMethodError'{0x000000062a098a90}: 'int java.lang.invoke.DirectMethodHandle$Holder.invokeStatic(java.lang.Object, java.lang.Object, java.lang.Object, java.lang.Object)'> (0x000000062a098a90) 
thrown [src/hotspot/share/interpreter/linkResolver.cpp, line 765]
Event: 0.452 Thread 0x00007f7fd0017080 Exception <a 'java/lang/NoSuchMethodError'{0x000000062a09c410}: 'java.lang.Object java.lang.invoke.Invokers$Holder.invokeExact_MT(java.lang.Object, java.lang.Object, java.lang.Object, java.lang.Object, java.lang.Object, java.lang.Object)'> (0x000000062a09c410) 
thrown [src/hotspot/share/interpreter/linkResolver.cpp, line 765]
Event: 0.452 Thread 0x00007f7fd0017080 Exception <a 'java/lang/NoSuchMethodError'{0x000000062a0ac588}: 'int java.lang.invoke.DirectMethodHandle$Holder.invokeStatic(java.lang.Object, java.lang.Object, java.lang.Object, java.lang.Object, java.lang.Object)'> (0x000000062a0ac588) 
thrown [src/hotspot/share/interpreter/linkResolver.cpp, line 765]
Event: 0.457 Thread 0x00007f7fd0017080 Exception <a 'java/lang/NoSuchMethodError'{0x000000062a13a118}: 'void java.lang.invoke.DirectMethodHandle$Holder.invokeStaticInit(java.lang.Object)'> (0x000000062a13a118) 
thrown [src/hotspot/share/interpreter/linkResolver.cpp, line 765]
Event: 0.470 Thread 0x00007f7fd0017080 Exception <a 'java/lang/NoSuchMethodError'{0x000000062a35cfd0}: 'int java.lang.invoke.DirectMethodHandle$Holder.invokeStaticInit(java.lang.Object, java.lang.Object)'> (0x000000062a35cfd0) 
thrown [src/hotspot/share/interpreter/linkResolver.cpp, line 765]
Event: 0.484 Thread 0x00007f7fd0017080 Exception <a 'java/lang/NoSuchMethodError'{0x0000000629c94bb8}: 'java.lang.Object java.lang.invoke.DirectMethodHandle$Holder.newInvokeSpecial(java.lang.Object, java.lang.Object, java.lang.Object, java.lang.Object, java.lang.Object, java.lang.Object, java.lang.Object)'> (0x0000000629c94bb8) 
thrown [src/hotspot/share/interpreter/linkResolver.cpp, line 765]
Event: 0.484 Thread 0x00007f7fd0017080 Exception <a 'java/lang/NoSuchMethodError'{0x0000000629c99778}: 'java.lang.Object java.lang.invoke.Invokers$Holder.linkToTargetMethod(java.lang.Object, java.lang.Object, java.lang.Object, java.lang.Object, java.lang.Object, java.lang.Object, java.lang.Object)'> (0x0000000629c99778) 
thrown [src/hotspot/share/interpreter/linkResolver.cpp, line 765]
Event: 0.484 Thread 0x00007f7fd0017080 Exception <a 'java/lang/NoSuchMethodError'{0x0000000629c9fda0}: 'java.lang.Object java.lang.invoke.DirectMethodHandle$Holder.invokeInterface(java.lang.Object, java.lang.Object, java.lang.Object, java.lang.Object, java.lang.Object)'> (0x0000000629c9fda0) 
thrown [src/hotspot/share/interpreter/linkResolver.cpp, line 765]
Event: 0.484 Thread 0x00007f7fd0017080 Exception <a 'java/lang/IncompatibleClassChangeError'{0x0000000629ca3b98}: Found class java.lang.Object, but interface was expected> (0x0000000629ca3b98) 
thrown [src/hotspot/share/interpreter/linkResolver.cpp, line 833]
Event: 0.495 Thread 0x00007f7fd0017080 Exception <a 'java/lang/NoSuchMethodError'{0x0000000629dbd800}: 'void java.lang.invoke.DirectMethodHandle$Holder.invokeVirtual(java.lang.Object, java.lang.Object)'> (0x0000000629dbd800) 
thrown [src/hotspot/share/interpreter/linkResolver.cpp, line 765]
Event: 0.568 Thread 0x00007f7fd0017080 Exception <a 'java/lang/NoSuchMethodError'{0x000000062a859d88}: 'void java.lang.invoke.Invokers$Holder.invokeExact_MT(java.lang.Object, java.lang.Object, java.lang.Object)'> (0x000000062a859d88) 
thrown [src/hotspot/share/interpreter/linkResolver.cpp, line 765]
Event: 0.703 Thread 0x00007f7fd0017080 Exception <a 'java/lang/NoClassDefFoundError'{0x000000062968ea20}: org/apache/log4j/Priority> (0x000000062968ea20) 
thrown [src/hotspot/share/classfile/systemDictionary.cpp, line 244]
Event: 0.752 Thread 0x00007f7fd0017080 Exception <a 'java/lang/NoSuchMethodError'{0x00000006289e5a78}: 'int java.lang.invoke.DirectMethodHandle$Holder.invokeSpecial(java.lang.Object, java.lang.Object, java.lang.Object, int)'> (0x00000006289e5a78) 
thrown [src/hotspot/share/interpreter/linkResolver.cpp, line 765]
Event: 0.753 Thread 0x00007f7fd0017080 Exception <a 'java/lang/NoSuchMethodError'{0x00000006289fad78}: 'java.lang.Object java.lang.invoke.DirectMethodHandle$Holder.invokeStatic(java.lang.Object, java.lang.Object, java.lang.Object, java.lang.Object, int)'> (0x00000006289fad78) 
thrown [src/hotspot/share/interpreter/linkResolver.cpp, line 765]
Event: 0.754 Thread 0x00007f7fd0017080 Exception <a 'java/lang/NoSuchMethodError'{0x0000000628a0a518}: 'float java.lang.invoke.DelegatingMethodHandle$Holder.reinvoke_L(java.lang.Object, java.lang.Object, int)'> (0x0000000628a0a518) 
thrown [src/hotspot/share/interpreter/linkResolver.cpp, line 765]
Event: 0.755 Thread 0x00007f7fd0017080 Exception <a 'java/lang/NoSuchMethodError'{0x0000000628a150e8}: 'java.lang.Object java.lang.invoke.DelegatingMethodHandle$Holder.reinvoke_L(java.lang.Object, int, float, int)'> (0x0000000628a150e8) 
thrown [src/hotspot/share/interpreter/linkResolver.cpp, line 765]
Event: 0.762 Thread 0x00007f7fd0017080 Exception <a 'java/lang/NoClassDefFoundError'{0x0000000628acadc8}: org/apache/log/format/Formatter> (0x0000000628acadc8) 
thrown [src/hotspot/share/classfile/systemDictionary.cpp, line 244]
Event: 0.762 Thread 0x00007f7fd0017080 Exception <a 'java/lang/NoClassDefFoundError'{0x0000000628ae2018}: org/apache/log4j/Layout> (0x0000000628ae2018) 
thrown [src/hotspot/share/classfile/systemDictionary.cpp, line 244]
Event: 0.811 Thread 0x00007f7fd0017080 Exception <a 'java/lang/NoSuchMethodError'{0x000000062a8a5240}: 'java.lang.Object java.lang.invoke.DirectMethodHandle$Holder.invokeVirtual(java.lang.Object, java.lang.Object, java.lang.Object, java.lang.Object)'> (0x000000062a8a5240) 
thrown [src/hotspot/share/interpreter/linkResolver.cpp, line 765]

VM Operations (20 events):
Event: 8.495 Executing VM operation: get/set locals
Event: 8.495 Executing VM operation: get/set locals done
Event: 8.496 Executing VM operation: get/set locals
Event: 8.496 Executing VM operation: get/set locals done
Event: 18.375 Executing VM operation: ChangeSingleStep
Event: 18.375 Executing VM operation: ChangeSingleStep done
Event: 18.375 Executing VM operation: ChangeSingleStep
Event: 18.375 Executing VM operation: ChangeSingleStep done
Event: 18.379 Executing VM operation: RedefineClasses
Event: 18.386 Executing VM operation: RedefineClasses done
Event: 18.391 Executing VM operation: ChangeBreakpoints
Event: 18.391 Executing VM operation: ChangeBreakpoints done
Event: 18.391 Executing VM operation: ChangeBreakpoints
Event: 18.392 Executing VM operation: ChangeBreakpoints done
Event: 18.393 Executing VM operation: ChangeSingleStep
Event: 18.393 Executing VM operation: ChangeSingleStep done
Event: 18.394 Executing VM operation: get/set locals
Event: 18.394 Executing VM operation: get/set locals done
Event: 18.394 Executing VM operation: ChangeSingleStep
Event: 18.394 Executing VM operation: ChangeSingleStep done

Events (20 events):
Event: 0.085 Protecting memory [0x00007f7f99900000,0x00007f7f99904000] with protection modes 0
Event: 0.121 Loaded shared library /usr/lib/jvm/java-18-openjdk/lib/libzip.so
Event: 0.123 Loaded shared library /usr/lib/jvm/java-18-openjdk/lib/libinstrument.so
Event: 0.126 Loaded shared library /usr/lib/jvm/java-18-openjdk/lib/libnio.so
Event: 0.131 Loaded shared library /usr/lib/jvm/java-18-openjdk/lib/libzip.so
Event: 0.145 Thread 0x00007f7f680ac3a0 Thread added: 0x00007f7f680ac3a0
Event: 0.145 Protecting memory [0x00007f7f99800000,0x00007f7f99804000] with protection modes 0
Event: 0.192 Loaded shared library /usr/lib/jvm/java-18-openjdk/lib/libjimage.so
Event: 0.236 Thread 0x00007f7fd057aed0 Thread added: 0x00007f7fd057aed0
Event: 0.236 Protecting memory [0x00007f7f99700000,0x00007f7f99704000] with protection modes 0
Event: 0.239 Loaded shared library /usr/lib/jvm/java-18-openjdk/lib/libverify.so
Event: 0.304 Loaded shared library /usr/lib/jvm/java-18-openjdk/lib/libnet.so
Event: 0.308 Loaded shared library /usr/lib/jvm/java-18-openjdk/lib/libextnet.so
Event: 0.311 Thread 0x00007f7fd06a9820 Thread added: 0x00007f7fd06a9820
Event: 0.311 Protecting memory [0x00007f7f994fe000,0x00007f7f99502000] with protection modes 0
Event: 0.529 Thread 0x00007f7fd07cdb00 Thread added: 0x00007f7fd07cdb00
Event: 0.529 Protecting memory [0x00007f7f98aec000,0x00007f7f98af0000] with protection modes 0
Event: 0.726 Thread 0x00007f7fd0b3fac0 Thread added: 0x00007f7fd0b3fac0
Event: 0.726 Protecting memory [0x00007f7f989ec000,0x00007f7f989f0000] with protection modes 0
Event: 5.969 Thread 0x00007f7f680ac3a0 Thread exited: 0x00007f7f680ac3a0


Dynamic libraries:
60b400000-60ec00000 rw-p 00000000 00:00 0 
60ec00000-627800000 ---p 00000000 00:00 0 
627800000-628000000 rw-p 00000000 00:00 0 
628000000-62a800000 ---p 00000000 00:00 0 
62a800000-62ac00000 rw-p 00000000 00:00 0 
62ac00000-800000000 ---p 00000000 00:00 0 
800000000-800020000 rw-p 00000000 00:00 0 
800020000-800040000 rw-p 00000000 00:00 0 
800040000-8000c0000 rw-p 00000000 00:00 0 
8000c0000-8000e0000 rw-p 00000000 00:00 0 
8000e0000-800140000 rw-p 00000000 00:00 0 
800140000-800180000 rw-p 00000000 00:00 0 
800180000-800240000 rw-p 00000000 00:00 0 
800240000-800270000 rw-p 00000000 00:00 0 
800270000-800280000 ---p 00000000 00:00 0 
800280000-8002a0000 rw-p 00000000 00:00 0 
8002a0000-840000000 ---p 00000000 00:00 0 
560f778ee000-560f778ef000 r--p 00000000 fe:00 3154289                    /usr/lib/jvm/java-18-openjdk/bin/java
560f778ef000-560f778f0000 r-xp 00001000 fe:00 3154289                    /usr/lib/jvm/java-18-openjdk/bin/java
560f778f0000-560f778f1000 r--p 00002000 fe:00 3154289                    /usr/lib/jvm/java-18-openjdk/bin/java
560f778f1000-560f778f2000 r--p 00002000 fe:00 3154289                    /usr/lib/jvm/java-18-openjdk/bin/java
560f778f2000-560f778f3000 rw-p 00003000 fe:00 3154289                    /usr/lib/jvm/java-18-openjdk/bin/java
560f77abd000-560f77b05000 rw-p 00000000 00:00 0                          [heap]
7f7f10000000-7f7f10021000 rw-p 00000000 00:00 0 
7f7f10021000-7f7f14000000 ---p 00000000 00:00 0 
7f7f18000000-7f7f18021000 rw-p 00000000 00:00 0 
7f7f18021000-7f7f1c000000 ---p 00000000 00:00 0 
7f7f1c000000-7f7f1c021000 rw-p 00000000 00:00 0 
7f7f1c021000-7f7f20000000 ---p 00000000 00:00 0 
7f7f20000000-7f7f20021000 rw-p 00000000 00:00 0 
7f7f20021000-7f7f24000000 ---p 00000000 00:00 0 
7f7f24000000-7f7f24021000 rw-p 00000000 00:00 0 
7f7f24021000-7f7f28000000 ---p 00000000 00:00 0 
7f7f28000000-7f7f28021000 rw-p 00000000 00:00 0 
7f7f28021000-7f7f2c000000 ---p 00000000 00:00 0 
7f7f2c000000-7f7f2c021000 rw-p 00000000 00:00 0 
7f7f2c021000-7f7f30000000 ---p 00000000 00:00 0 
7f7f30000000-7f7f30021000 rw-p 00000000 00:00 0 
7f7f30021000-7f7f34000000 ---p 00000000 00:00 0 
7f7f34000000-7f7f34021000 rw-p 00000000 00:00 0 
7f7f34021000-7f7f38000000 ---p 00000000 00:00 0 
7f7f38000000-7f7f38021000 rw-p 00000000 00:00 0 
7f7f38021000-7f7f3c000000 ---p 00000000 00:00 0 
7f7f3c000000-7f7f3c021000 rw-p 00000000 00:00 0 
7f7f3c021000-7f7f40000000 ---p 00000000 00:00 0 
7f7f40000000-7f7f40021000 rw-p 00000000 00:00 0 
7f7f40021000-7f7f44000000 ---p 00000000 00:00 0 
7f7f44000000-7f7f44021000 rw-p 00000000 00:00 0 
7f7f44021000-7f7f48000000 ---p 00000000 00:00 0 
7f7f48000000-7f7f48021000 rw-p 00000000 00:00 0 
7f7f48021000-7f7f4c000000 ---p 00000000 00:00 0 
7f7f4c000000-7f7f4c021000 rw-p 00000000 00:00 0 
7f7f4c021000-7f7f50000000 ---p 00000000 00:00 0 
7f7f50000000-7f7f50f09000 rw-p 00000000 00:00 0 
7f7f50f09000-7f7f54000000 ---p 00000000 00:00 0 
7f7f54000000-7f7f54021000 rw-p 00000000 00:00 0 
7f7f54021000-7f7f58000000 ---p 00000000 00:00 0 
7f7f58000000-7f7f58021000 rw-p 00000000 00:00 0 
7f7f58021000-7f7f5c000000 ---p 00000000 00:00 0 
7f7f5c000000-7f7f5c021000 rw-p 00000000 00:00 0 
7f7f5c021000-7f7f60000000 ---p 00000000 00:00 0 
7f7f60000000-7f7f60021000 rw-p 00000000 00:00 0 
7f7f60021000-7f7f64000000 ---p 00000000 00:00 0 
7f7f64000000-7f7f640b8000 rw-p 00000000 00:00 0 
7f7f640b8000-7f7f68000000 ---p 00000000 00:00 0 
7f7f68000000-7f7f68ba0000 rw-p 00000000 00:00 0 
7f7f68ba0000-7f7f6c000000 ---p 00000000 00:00 0 
7f7f6c000000-7f7f6c021000 rw-p 00000000 00:00 0 
7f7f6c021000-7f7f70000000 ---p 00000000 00:00 0 
7f7f70000000-7f7f70021000 rw-p 00000000 00:00 0 
7f7f70021000-7f7f74000000 ---p 00000000 00:00 0 
7f7f74000000-7f7f7577f000 rw-p 00000000 00:00 0 
7f7f7577f000-7f7f78000000 ---p 00000000 00:00 0 
7f7f78000000-7f7f78021000 rw-p 00000000 00:00 0 
7f7f78021000-7f7f7c000000 ---p 00000000 00:00 0 
7f7f7c000000-7f7f7c021000 rw-p 00000000 00:00 0 
7f7f7c021000-7f7f80000000 ---p 00000000 00:00 0 
7f7f80000000-7f7f80021000 rw-p 00000000 00:00 0 
7f7f80021000-7f7f84000000 ---p 00000000 00:00 0 
7f7f84000000-7f7f84021000 rw-p 00000000 00:00 0 
7f7f84021000-7f7f88000000 ---p 00000000 00:00 0 
7f7f88000000-7f7f88021000 rw-p 00000000 00:00 0 
7f7f88021000-7f7f8c000000 ---p 00000000 00:00 0 
7f7f8c000000-7f7f8c021000 rw-p 00000000 00:00 0 
7f7f8c021000-7f7f90000000 ---p 00000000 00:00 0 
7f7f90000000-7f7f90420000 rw-p 00000000 00:00 0 
7f7f90420000-7f7f90440000 rw-p 00000000 00:00 0 
7f7f90440000-7f7f90480000 rw-p 00000000 00:00 0 
7f7f90480000-7f7f90500000 rw-p 00000000 00:00 0 
7f7f90500000-7f7f90700000 rw-p 00000000 00:00 0 
7f7f90700000-7f7f90720000 rw-p 00000000 00:00 0 
7f7f90720000-7f7f90740000 rw-p 00000000 00:00 0 
7f7f90740000-7f7f90780000 rw-p 00000000 00:00 0 
7f7f90780000-7f7f90900000 rw-p 00000000 00:00 0 
7f7f90900000-7f7f90980000 rw-p 00000000 00:00 0 
7f7f90980000-7f7f90a00000 rw-p 00000000 00:00 0 
7f7f90a00000-7f7f90b00000 rw-p 00000000 00:00 0 
7f7f90b00000-7f7f90c00000 rw-p 00000000 00:00 0 
7f7f90c00000-7f7f90d00000 rw-p 00000000 00:00 0 
7f7f90d00000-7f7f90e00000 rw-p 00000000 00:00 0 
7f7f90e00000-7f7f90f00000 rw-p 00000000 00:00 0 
7f7f90f00000-7f7f91000000 rw-p 00000000 00:00 0 
7f7f91000000-7f7f91300000 rw-p 00000000 00:00 0 
7f7f91300000-7f7f91400000 rw-p 00000000 00:00 0 
7f7f91400000-7f7f91470000 rw-p 00000000 00:00 0 
7f7f91470000-7f7f91500000 ---p 00000000 00:00 0 
7f7f91500000-7f7f91570000 rw-p 00000000 00:00 0 
7f7f91570000-7f7f94000000 ---p 00000000 00:00 0 
7f7f94000000-7f7f94021000 rw-p 00000000 00:00 0 
7f7f94021000-7f7f98000000 ---p 00000000 00:00 0 
7f7f9831e000-7f7f9831f000 ---p 00000000 00:00 0 
7f7f9831f000-7f7f98420000 rw-p 00000000 00:00 0 
7f7f98420000-7f7f98421000 ---p 00000000 00:00 0 
7f7f98421000-7f7f98522000 rw-p 00000000 00:00 0 
7f7f989ec000-7f7f989f0000 ---p 00000000 00:00 0 
7f7f989f0000-7f7f98aec000 rw-p 00000000 00:00 0 
7f7f98aec000-7f7f98af0000 ---p 00000000 00:00 0 
7f7f98af0000-7f7f98bec000 rw-p 00000000 00:00 0 
7f7f98bec000-7f7f98bed000 ---p 00000000 00:00 0 
7f7f98bed000-7f7f98cee000 rw-p 00000000 00:00 0 
7f7f98cee000-7f7f98cef000 ---p 00000000 00:00 0 
7f7f98cef000-7f7f98df0000 rw-p 00000000 00:00 0 
7f7f98df0000-7f7f98df1000 ---p 00000000 00:00 0 
7f7f98df1000-7f7f98ef2000 rw-p 00000000 00:00 0 
7f7f98ef2000-7f7f98ef3000 ---p 00000000 00:00 0 
7f7f98ef3000-7f7f98ff4000 rw-p 00000000 00:00 0 
7f7f98ff4000-7f7f98ff5000 ---p 00000000 00:00 0 
7f7f98ff5000-7f7f990f6000 rw-p 00000000 00:00 0 
7f7f990f6000-7f7f990f7000 ---p 00000000 00:00 0 
7f7f990f7000-7f7f991f8000 rw-p 00000000 00:00 0 
7f7f991f8000-7f7f991f9000 ---p 00000000 00:00 0 
7f7f991f9000-7f7f992fa000 rw-p 00000000 00:00 0 
7f7f992fa000-7f7f992fb000 ---p 00000000 00:00 0 
7f7f992fb000-7f7f993fc000 rw-p 00000000 00:00 0 
7f7f993fc000-7f7f993fd000 ---p 00000000 00:00 0 
7f7f993fd000-7f7f994fe000 rw-p 00000000 00:00 0 
7f7f994fe000-7f7f99502000 ---p 00000000 00:00 0 
7f7f99502000-7f7f995fe000 rw-p 00000000 00:00 0 
7f7f995fe000-7f7f995ff000 ---p 00000000 00:00 0 
7f7f995ff000-7f7f99700000 rw-p 00000000 00:00 0 
7f7f99700000-7f7f99704000 ---p 00000000 00:00 0 
7f7f99704000-7f7f99800000 rw-p 00000000 00:00 0 
7f7f99800000-7f7f99804000 ---p 00000000 00:00 0 
7f7f99804000-7f7f99900000 rw-p 00000000 00:00 0 
7f7f99900000-7f7f99904000 ---p 00000000 00:00 0 
7f7f99904000-7f7f99a00000 rw-p 00000000 00:00 0 
7f7f99a00000-7f7f99a04000 ---p 00000000 00:00 0 
7f7f99a04000-7f7f99b00000 rw-p 00000000 00:00 0 
7f7f99b00000-7f7f99b04000 ---p 00000000 00:00 0 
7f7f99b04000-7f7f99c00000 rw-p 00000000 00:00 0 
7f7f99c00000-7f7f99c04000 ---p 00000000 00:00 0 
7f7f99c04000-7f7f99d00000 rw-p 00000000 00:00 0 
7f7f99d00000-7f7f99d04000 ---p 00000000 00:00 0 
7f7f99d04000-7f7f99e00000 rw-p 00000000 00:00 0 
7f7f99e00000-7f7f99e04000 ---p 00000000 00:00 0 
7f7f99e04000-7f7f99f00000 rw-p 00000000 00:00 0 
7f7f99f00000-7f7f99f04000 ---p 00000000 00:00 0 
7f7f99f04000-7f7f9c000000 rw-p 00000000 00:00 0 
7f7f9c000000-7f7f9c021000 rw-p 00000000 00:00 0 
7f7f9c021000-7f7fa0000000 ---p 00000000 00:00 0 
7f7fa0000000-7f7fa0021000 rw-p 00000000 00:00 0 
7f7fa0021000-7f7fa4000000 ---p 00000000 00:00 0 
7f7fa4000000-7f7fa4021000 rw-p 00000000 00:00 0 
7f7fa4021000-7f7fa8000000 ---p 00000000 00:00 0 
7f7fa8009000-7f7fa800d000 r--p 00000000 fe:00 3154810                    /usr/lib/jvm/java-18-openjdk/lib/libverify.so
7f7fa800d000-7f7fa8014000 r-xp 00004000 fe:00 3154810                    /usr/lib/jvm/java-18-openjdk/lib/libverify.so
7f7fa8014000-7f7fa8016000 r--p 0000b000 fe:00 3154810                    /usr/lib/jvm/java-18-openjdk/lib/libverify.so
7f7fa8016000-7f7fa8018000 r--p 0000c000 fe:00 3154810                    /usr/lib/jvm/java-18-openjdk/lib/libverify.so
7f7fa8018000-7f7fa8019000 rw-p 0000e000 fe:00 3154810                    /usr/lib/jvm/java-18-openjdk/lib/libverify.so
7f7fa8019000-7f7fa801c000 r--p 00000000 fe:00 3154373                    /usr/lib/jvm/java-18-openjdk/lib/libnet.so
7f7fa801c000-7f7fa8025000 r-xp 00003000 fe:00 3154373                    /usr/lib/jvm/java-18-openjdk/lib/libnet.so
7f7fa8025000-7f7fa8027000 r--p 0000c000 fe:00 3154373                    /usr/lib/jvm/java-18-openjdk/lib/libnet.so
7f7fa8027000-7f7fa8028000 ---p 0000e000 fe:00 3154373                    /usr/lib/jvm/java-18-openjdk/lib/libnet.so
7f7fa8028000-7f7fa8029000 r--p 0000e000 fe:00 3154373                    /usr/lib/jvm/java-18-openjdk/lib/libnet.so
7f7fa8029000-7f7fa802a000 rw-p 0000f000 fe:00 3154373                    /usr/lib/jvm/java-18-openjdk/lib/libnet.so
7f7fa802a000-7f7fa802e000 r--p 00000000 fe:00 1455726                    /usr/lib/libnss_myhostname.so.2
7f7fa802e000-7f7fa803d000 r-xp 00004000 fe:00 1455726                    /usr/lib/libnss_myhostname.so.2
7f7fa803d000-7f7fa8049000 r--p 00013000 fe:00 1455726                    /usr/lib/libnss_myhostname.so.2
7f7fa8049000-7f7fa804a000 ---p 0001f000 fe:00 1455726                    /usr/lib/libnss_myhostname.so.2
7f7fa804a000-7f7fa804f000 r--p 0001f000 fe:00 1455726                    /usr/lib/libnss_myhostname.so.2
7f7fa804f000-7f7fa8050000 rw-p 00024000 fe:00 1455726                    /usr/lib/libnss_myhostname.so.2
7f7fa8050000-7f7fa8053000 r--p 00000000 fe:00 1455729                    /usr/lib/libnss_resolve.so.2
7f7fa8053000-7f7fa806a000 r-xp 00003000 fe:00 1455729                    /usr/lib/libnss_resolve.so.2
7f7fa806a000-7f7fa8071000 r--p 0001a000 fe:00 1455729                    /usr/lib/libnss_resolve.so.2
7f7fa8071000-7f7fa8072000 ---p 00021000 fe:00 1455729                    /usr/lib/libnss_resolve.so.2
7f7fa8072000-7f7fa8073000 r--p 00021000 fe:00 1455729                    /usr/lib/libnss_resolve.so.2
7f7fa8073000-7f7fa8074000 rw-p 00022000 fe:00 1455729                    /usr/lib/libnss_resolve.so.2
7f7fa8074000-7f7fa8078000 r--p 00000000 fe:00 1445279                    /usr/lib/libresolv.so.2
7f7fa8078000-7f7fa8081000 r-xp 00004000 fe:00 1445279                    /usr/lib/libresolv.so.2
7f7fa8081000-7f7fa8083000 r--p 0000d000 fe:00 1445279                    /usr/lib/libresolv.so.2
7f7fa8083000-7f7fa8084000 ---p 0000f000 fe:00 1445279                    /usr/lib/libresolv.so.2
7f7fa8084000-7f7fa8085000 r--p 0000f000 fe:00 1445279                    /usr/lib/libresolv.so.2
7f7fa8085000-7f7fa8086000 rw-p 00010000 fe:00 1445279                    /usr/lib/libresolv.so.2
7f7fa8086000-7f7fa8088000 rw-p 00000000 00:00 0 
7f7fa8088000-7f7fa8089000 r--p 00000000 fe:00 1506654                    /usr/lib/libnss_mdns_minimal.so.2
7f7fa8089000-7f7fa808b000 r-xp 00001000 fe:00 1506654                    /usr/lib/libnss_mdns_minimal.so.2
7f7fa808b000-7f7fa808c000 r--p 00003000 fe:00 1506654                    /usr/lib/libnss_mdns_minimal.so.2
7f7fa808c000-7f7fa808d000 r--p 00003000 fe:00 1506654                    /usr/lib/libnss_mdns_minimal.so.2
7f7fa808d000-7f7fa808e000 rw-p 00004000 fe:00 1506654                    /usr/lib/libnss_mdns_minimal.so.2
7f7fa808e000-7f7fa8095000 r--p 00000000 fe:00 1455727                    /usr/lib/libnss_mymachines.so.2
7f7fa8095000-7f7fa80cb000 r-xp 00007000 fe:00 1455727                    /usr/lib/libnss_mymachines.so.2
7f7fa80cb000-7f7fa80de000 r--p 0003d000 fe:00 1455727                    /usr/lib/libnss_mymachines.so.2
7f7fa80de000-7f7fa80df000 ---p 00050000 fe:00 1455727                    /usr/lib/libnss_mymachines.so.2
7f7fa80df000-7f7fa80e2000 r--p 00050000 fe:00 1455727                    /usr/lib/libnss_mymachines.so.2
7f7fa80e2000-7f7fa80e3000 rw-p 00053000 fe:00 1455727                    /usr/lib/libnss_mymachines.so.2
7f7fa80e3000-7f7fa80e4000 rw-p 00000000 00:00 0 
7f7fa80e4000-7f7fa80e8000 ---p 00000000 00:00 0 
7f7fa80e8000-7f7fa81e4000 rw-p 00000000 00:00 0 
7f7fa81e4000-7f7fa81e8000 ---p 00000000 00:00 0 
7f7fa81e8000-7f7fa82e4000 rw-p 00000000 00:00 0 
7f7fa82e4000-7f7fa82e8000 ---p 00000000 00:00 0 
7f7fa82e8000-7f7fa83e4000 rw-p 00000000 00:00 0 
7f7fa83e4000-7f7fa86cd000 r--p 00000000 fe:00 1504614                    /usr/lib/locale/locale-archive
7f7fa86cd000-7f7fa86d1000 ---p 00000000 00:00 0 
7f7fa86d1000-7f7fa87cd000 rw-p 00000000 00:00 0 
7f7fa87cd000-7f7fa87d1000 ---p 00000000 00:00 0 
7f7fa87d1000-7f7fa88cd000 rw-p 00000000 00:00 0 
7f7fa88cd000-7f7fa88ce000 ---p 00000000 00:00 0 
7f7fa88ce000-7f7fa89cf000 rw-p 00000000 00:00 0 
7f7fa89cf000-7f7fa89d4000 r--p 00000000 fe:00 3154357                    /usr/lib/jvm/java-18-openjdk/lib/libjsvml.so
7f7fa89d4000-7f7fa8a15000 r-xp 00005000 fe:00 3154357                    /usr/lib/jvm/java-18-openjdk/lib/libjsvml.so
7f7fa8a15000-7f7fa8a9e000 r--p 00046000 fe:00 3154357                    /usr/lib/jvm/java-18-openjdk/lib/libjsvml.so
7f7fa8a9e000-7f7fa8a9f000 r--p 000ce000 fe:00 3154357                    /usr/lib/jvm/java-18-openjdk/lib/libjsvml.so
7f7fa8a9f000-7f7fa8aa0000 rw-p 000cf000 fe:00 3154357                    /usr/lib/jvm/java-18-openjdk/lib/libjsvml.so
7f7fa8aa0000-7f7fa8b7c000 rw-p 00000000 00:00 0 
7f7fa8b7c000-7f7fa8b7d000 ---p 00000000 00:00 0 
7f7fa8b7d000-7f7fa8c7e000 rw-p 00000000 00:00 0 
7f7fa8c7e000-7f7fa8c7f000 ---p 00000000 00:00 0 
7f7fa8c7f000-7f7fa978a000 rw-p 00000000 00:00 0 
7f7fa978a000-7f7fa978b000 ---p 00000000 00:00 0 
7f7fa978b000-7f7fa988c000 rw-p 00000000 00:00 0 
7f7fa988c000-7f7fa988d000 ---p 00000000 00:00 0 
7f7fa988d000-7f7fa998e000 rw-p 00000000 00:00 0 
7f7fa998e000-7f7fa998f000 ---p 00000000 00:00 0 
7f7fa998f000-7f7fa9b70000 rw-p 00000000 00:00 0 
7f7fa9b70000-7f7faa1a0000 ---p 00000000 00:00 0 
7f7faa1a0000-7f7faa1c0000 rw-p 00000000 00:00 0 
7f7faa1c0000-7f7faa260000 ---p 00000000 00:00 0 
7f7faa260000-7f7faa270000 rw-p 00000000 00:00 0 
7f7faa270000-7f7fb17c0000 ---p 00000000 00:00 0 
7f7fb17c0000-7f7fb18a0000 rw-p 00000000 00:00 0 
7f7fb18a0000-7f7fb1ed0000 ---p 00000000 00:00 0 
7f7fb1ed0000-7f7fb1ef0000 rw-p 00000000 00:00 0 
7f7fb1ef0000-7f7fb1f90000 ---p 00000000 00:00 0 
7f7fb1f90000-7f7fb1fa0000 rw-p 00000000 00:00 0 
7f7fb1fa0000-7f7fb94f0000 ---p 00000000 00:00 0 
7f7fb94f0000-7f7fb9760000 rwxp 00000000 00:00 0 
7f7fb9760000-7f7fb9a82000 ---p 00000000 00:00 0 
7f7fb9a82000-7f7fb9f02000 rwxp 00000000 00:00 0 
7f7fb9f02000-7f7fc0fb9000 ---p 00000000 00:00 0 
7f7fc0fb9000-7f7fc1229000 rwxp 00000000 00:00 0 
7f7fc1229000-7f7fc84f0000 ---p 00000000 00:00 0 
7f7fc84f0000-7f7fd0000000 r--s 00000000 fe:00 3154813                    /usr/lib/jvm/java-18-openjdk/lib/modules
7f7fd0000000-7f7fd0f5e000 rw-p 00000000 00:00 0 
7f7fd0f5e000-7f7fd4000000 ---p 00000000 00:00 0 
7f7fd4000000-7f7fd4003000 r--p 00000000 fe:00 1454687                    /usr/lib/libcap.so.2.64
7f7fd4003000-7f7fd4008000 r-xp 00003000 fe:00 1454687                    /usr/lib/libcap.so.2.64
7f7fd4008000-7f7fd400a000 r--p 00008000 fe:00 1454687                    /usr/lib/libcap.so.2.64
7f7fd400a000-7f7fd400b000 r--p 00009000 fe:00 1454687                    /usr/lib/libcap.so.2.64
7f7fd400b000-7f7fd400c000 rw-p 0000a000 fe:00 1454687                    /usr/lib/libcap.so.2.64
7f7fd4013000-7f7fd4014000 r--p 00000000 fe:00 3154324                    /usr/lib/jvm/java-18-openjdk/lib/libextnet.so
7f7fd4014000-7f7fd4015000 r-xp 00001000 fe:00 3154324                    /usr/lib/jvm/java-18-openjdk/lib/libextnet.so
7f7fd4015000-7f7fd4016000 r--p 00002000 fe:00 3154324                    /usr/lib/jvm/java-18-openjdk/lib/libextnet.so
7f7fd4016000-7f7fd4017000 r--p 00002000 fe:00 3154324                    /usr/lib/jvm/java-18-openjdk/lib/libextnet.so
7f7fd4017000-7f7fd4018000 rw-p 00003000 fe:00 3154324                    /usr/lib/jvm/java-18-openjdk/lib/libextnet.so
7f7fd4018000-7f7fd401f000 r--p 00000000 fe:00 3154376                    /usr/lib/jvm/java-18-openjdk/lib/libnio.so
7f7fd401f000-7f7fd4027000 r-xp 00007000 fe:00 3154376                    /usr/lib/jvm/java-18-openjdk/lib/libnio.so
7f7fd4027000-7f7fd402b000 r--p 0000f000 fe:00 3154376                    /usr/lib/jvm/java-18-openjdk/lib/libnio.so
7f7fd402b000-7f7fd402c000 ---p 00013000 fe:00 3154376                    /usr/lib/jvm/java-18-openjdk/lib/libnio.so
7f7fd402c000-7f7fd402d000 r--p 00013000 fe:00 3154376                    /usr/lib/jvm/java-18-openjdk/lib/libnio.so
7f7fd402d000-7f7fd402e000 rw-p 00014000 fe:00 3154376                    /usr/lib/jvm/java-18-openjdk/lib/libnio.so
7f7fd402e000-7f7fd4030000 r--p 00000000 fe:00 3154812                    /usr/lib/jvm/java-18-openjdk/lib/libzip.so
7f7fd4030000-7f7fd4034000 r-xp 00002000 fe:00 3154812                    /usr/lib/jvm/java-18-openjdk/lib/libzip.so
7f7fd4034000-7f7fd4036000 r--p 00006000 fe:00 3154812                    /usr/lib/jvm/java-18-openjdk/lib/libzip.so
7f7fd4036000-7f7fd4037000 r--p 00007000 fe:00 3154812                    /usr/lib/jvm/java-18-openjdk/lib/libzip.so
7f7fd4037000-7f7fd4038000 rw-p 00008000 fe:00 3154812                    /usr/lib/jvm/java-18-openjdk/lib/libzip.so
7f7fd4038000-7f7fd403a000 r--p 00000000 fe:00 3154321                    /usr/lib/jvm/java-18-openjdk/lib/libdt_socket.so
7f7fd403a000-7f7fd403d000 r-xp 00002000 fe:00 3154321                    /usr/lib/jvm/java-18-openjdk/lib/libdt_socket.so
7f7fd403d000-7f7fd403e000 r--p 00005000 fe:00 3154321                    /usr/lib/jvm/java-18-openjdk/lib/libdt_socket.so
7f7fd403e000-7f7fd403f000 ---p 00006000 fe:00 3154321                    /usr/lib/jvm/java-18-openjdk/lib/libdt_socket.so
7f7fd403f000-7f7fd4040000 r--p 00006000 fe:00 3154321                    /usr/lib/jvm/java-18-openjdk/lib/libdt_socket.so
7f7fd4040000-7f7fd4041000 rw-p 00007000 fe:00 3154321                    /usr/lib/jvm/java-18-openjdk/lib/libdt_socket.so
7f7fd4041000-7f7fd415f000 rw-p 00000000 00:00 0 
7f7fd415f000-7f7fd4225000 ---p 00000000 00:00 0 
7f7fd4225000-7f7fd4229000 rw-p 00000000 00:00 0 
7f7fd4229000-7f7fd423d000 ---p 00000000 00:00 0 
7f7fd423d000-7f7fd423f000 rw-p 00000000 00:00 0 
7f7fd423f000-7f7fd50e9000 ---p 00000000 00:00 0 
7f7fd50e9000-7f7fd5105000 rw-p 00000000 00:00 0 
7f7fd5105000-7f7fd51cb000 ---p 00000000 00:00 0 
7f7fd51cb000-7f7fd51cf000 rw-p 00000000 00:00 0 
7f7fd51cf000-7f7fd51e3000 ---p 00000000 00:00 0 
7f7fd51e3000-7f7fd51e5000 rw-p 00000000 00:00 0 
7f7fd51e5000-7f7fd608f000 ---p 00000000 00:00 0 
7f7fd608f000-7f7fd60ab000 rw-p 00000000 00:00 0 
7f7fd60ab000-7f7fd6171000 ---p 00000000 00:00 0 
7f7fd6171000-7f7fd6175000 rw-p 00000000 00:00 0 
7f7fd6175000-7f7fd6189000 ---p 00000000 00:00 0 
7f7fd6189000-7f7fd618b000 rw-p 00000000 00:00 0 
7f7fd618b000-7f7fd7035000 ---p 00000000 00:00 0 
7f7fd7035000-7f7fd7a83000 rw-p 00000000 00:00 0 
7f7fd7a83000-7f7fd7b69000 ---p 00000000 00:00 0 
7f7fd7b69000-7f7fd7b72000 rw-p 00000000 00:00 0 
7f7fd7b72000-7f7fd7c54000 ---p 00000000 00:00 0 
7f7fd7c54000-7f7fd7c60000 r--p 00000000 fe:00 3154342                    /usr/lib/jvm/java-18-openjdk/lib/libjava.so
7f7fd7c60000-7f7fd7c72000 r-xp 0000c000 fe:00 3154342                    /usr/lib/jvm/java-18-openjdk/lib/libjava.so
7f7fd7c72000-7f7fd7c78000 r--p 0001e000 fe:00 3154342                    /usr/lib/jvm/java-18-openjdk/lib/libjava.so
7f7fd7c78000-7f7fd7c79000 r--p 00023000 fe:00 3154342                    /usr/lib/jvm/java-18-openjdk/lib/libjava.so
7f7fd7c79000-7f7fd7c7a000 rw-p 00024000 fe:00 3154342                    /usr/lib/jvm/java-18-openjdk/lib/libjava.so
7f7fd7c7a000-7f7fd7c7b000 rw-p 00000000 00:00 0 
7f7fd7c7b000-7f7fd7c7e000 r--p 00000000 fe:00 3154346                    /usr/lib/jvm/java-18-openjdk/lib/libjdwp.so
7f7fd7c7e000-7f7fd7cad000 r-xp 00003000 fe:00 3154346                    /usr/lib/jvm/java-18-openjdk/lib/libjdwp.so
7f7fd7cad000-7f7fd7cbb000 r--p 00032000 fe:00 3154346                    /usr/lib/jvm/java-18-openjdk/lib/libjdwp.so
7f7fd7cbb000-7f7fd7cbc000 r--p 0003f000 fe:00 3154346                    /usr/lib/jvm/java-18-openjdk/lib/libjdwp.so
7f7fd7cbc000-7f7fd7cbd000 rw-p 00040000 fe:00 3154346                    /usr/lib/jvm/java-18-openjdk/lib/libjdwp.so
7f7fd7cbd000-7f7fd7cbe000 rw-p 00000000 00:00 0 
7f7fd7cbe000-7f7fd7cc2000 ---p 00000000 00:00 0 
7f7fd7cc2000-7f7fd7dbe000 rw-p 00000000 00:00 0 
7f7fd7dbe000-7f7fd7dc1000 r--p 00000000 fe:00 1446015                    /usr/lib/libgcc_s.so.1
7f7fd7dc1000-7f7fd7dd3000 r-xp 00003000 fe:00 1446015                    /usr/lib/libgcc_s.so.1
7f7fd7dd3000-7f7fd7dd6000 r--p 00015000 fe:00 1446015                    /usr/lib/libgcc_s.so.1
7f7fd7dd6000-7f7fd7dd7000 ---p 00018000 fe:00 1446015                    /usr/lib/libgcc_s.so.1
7f7fd7dd7000-7f7fd7dd8000 r--p 00018000 fe:00 1446015                    /usr/lib/libgcc_s.so.1
7f7fd7dd8000-7f7fd7dd9000 rw-p 00019000 fe:00 1446015                    /usr/lib/libgcc_s.so.1
7f7fd7dd9000-7f7fd7de9000 r--p 00000000 fe:00 1445252                    /usr/lib/libm.so.6
7f7fd7de9000-7f7fd7e63000 r-xp 00010000 fe:00 1445252                    /usr/lib/libm.so.6
7f7fd7e63000-7f7fd7ebf000 r--p 0008a000 fe:00 1445252                    /usr/lib/libm.so.6
7f7fd7ebf000-7f7fd7ec0000 r--p 000e5000 fe:00 1445252                    /usr/lib/libm.so.6
7f7fd7ec0000-7f7fd7ec1000 rw-p 000e6000 fe:00 1445252                    /usr/lib/libm.so.6
7f7fd7ec1000-7f7fd7f5a000 r--p 00000000 fe:00 1446047                    /usr/lib/libstdc++.so.6.0.29
7f7fd7f5a000-7f7fd8063000 r-xp 00099000 fe:00 1446047                    /usr/lib/libstdc++.so.6.0.29
7f7fd8063000-7f7fd80d5000 r--p 001a2000 fe:00 1446047                    /usr/lib/libstdc++.so.6.0.29
7f7fd80d5000-7f7fd80d6000 ---p 00214000 fe:00 1446047                    /usr/lib/libstdc++.so.6.0.29
7f7fd80d6000-7f7fd80e3000 r--p 00214000 fe:00 1446047                    /usr/lib/libstdc++.so.6.0.29
7f7fd80e3000-7f7fd80e4000 rw-p 00221000 fe:00 1446047                    /usr/lib/libstdc++.so.6.0.29
7f7fd80e4000-7f7fd80e7000 rw-p 00000000 00:00 0 
7f7fd80e7000-7f7fd8351000 r--p 00000000 fe:00 3154824                    /usr/lib/jvm/java-18-openjdk/lib/server/libjvm.so
7f7fd8351000-7f7fd9075000 r-xp 0026a000 fe:00 3154824                    /usr/lib/jvm/java-18-openjdk/lib/server/libjvm.so
7f7fd9075000-7f7fd9305000 r--p 00f8e000 fe:00 3154824                    /usr/lib/jvm/java-18-openjdk/lib/server/libjvm.so
7f7fd9305000-7f7fd93c6000 r--p 0121d000 fe:00 3154824                    /usr/lib/jvm/java-18-openjdk/lib/server/libjvm.so
7f7fd93c6000-7f7fd93fb000 rw-p 012de000 fe:00 3154824                    /usr/lib/jvm/java-18-openjdk/lib/server/libjvm.so
7f7fd93fb000-7f7fd9458000 rw-p 00000000 00:00 0 
7f7fd9458000-7f7fd945b000 r--p 00000000 fe:00 1455100                    /usr/lib/libz.so.1.2.12
7f7fd945b000-7f7fd9469000 r-xp 00003000 fe:00 1455100                    /usr/lib/libz.so.1.2.12
7f7fd9469000-7f7fd9470000 r--p 00011000 fe:00 1455100                    /usr/lib/libz.so.1.2.12
7f7fd9470000-7f7fd9471000 r--p 00017000 fe:00 1455100                    /usr/lib/libz.so.1.2.12
7f7fd9471000-7f7fd9472000 rw-p 00018000 fe:00 1455100                    /usr/lib/libz.so.1.2.12
7f7fd9472000-7f7fd949e000 r--p 00000000 fe:00 1445240                    /usr/lib/libc.so.6
7f7fd949e000-7f7fd9614000 r-xp 0002c000 fe:00 1445240                    /usr/lib/libc.so.6
7f7fd9614000-7f7fd9668000 r--p 001a2000 fe:00 1445240                    /usr/lib/libc.so.6
7f7fd9668000-7f7fd9669000 ---p 001f6000 fe:00 1445240                    /usr/lib/libc.so.6
7f7fd9669000-7f7fd966c000 r--p 001f6000 fe:00 1445240                    /usr/lib/libc.so.6
7f7fd966c000-7f7fd966f000 rw-p 001f9000 fe:00 1445240                    /usr/lib/libc.so.6
7f7fd966f000-7f7fd9681000 rw-p 00000000 00:00 0 
7f7fd9681000-7f7fd9688000 ---p 00000000 00:00 0 
7f7fd9688000-7f7fd9690000 rw-s 00000000 00:23 4106                       /tmp/hsperfdata_mvonkeil/59282
7f7fd9690000-7f7fd9692000 r--p 00000000 fe:00 3154328                    /usr/lib/jvm/java-18-openjdk/lib/libinstrument.so
7f7fd9692000-7f7fd9698000 r-xp 00002000 fe:00 3154328                    /usr/lib/jvm/java-18-openjdk/lib/libinstrument.so
7f7fd9698000-7f7fd969b000 r--p 00008000 fe:00 3154328                    /usr/lib/jvm/java-18-openjdk/lib/libinstrument.so
7f7fd969b000-7f7fd969c000 r--p 0000a000 fe:00 3154328                    /usr/lib/jvm/java-18-openjdk/lib/libinstrument.so
7f7fd969c000-7f7fd969d000 rw-p 0000b000 fe:00 3154328                    /usr/lib/jvm/java-18-openjdk/lib/libinstrument.so
7f7fd969d000-7f7fd969e000 ---p 00000000 00:00 0 
7f7fd969e000-7f7fd969f000 r--p 00000000 00:00 0 
7f7fd969f000-7f7fd96a1000 r--p 00000000 fe:00 3154349                    /usr/lib/jvm/java-18-openjdk/lib/libjimage.so
7f7fd96a1000-7f7fd96a4000 r-xp 00002000 fe:00 3154349                    /usr/lib/jvm/java-18-openjdk/lib/libjimage.so
7f7fd96a4000-7f7fd96a5000 r--p 00005000 fe:00 3154349                    /usr/lib/jvm/java-18-openjdk/lib/libjimage.so
7f7fd96a5000-7f7fd96a6000 ---p 00006000 fe:00 3154349                    /usr/lib/jvm/java-18-openjdk/lib/libjimage.so
7f7fd96a6000-7f7fd96a7000 r--p 00006000 fe:00 3154349                    /usr/lib/jvm/java-18-openjdk/lib/libjimage.so
7f7fd96a7000-7f7fd96a8000 rw-p 00007000 fe:00 3154349                    /usr/lib/jvm/java-18-openjdk/lib/libjimage.so
7f7fd96a8000-7f7fd96aa000 r--p 00000000 fe:00 3154351                    /usr/lib/jvm/java-18-openjdk/lib/libjli.so
7f7fd96aa000-7f7fd96b3000 r-xp 00002000 fe:00 3154351                    /usr/lib/jvm/java-18-openjdk/lib/libjli.so
7f7fd96b3000-7f7fd96b6000 r--p 0000b000 fe:00 3154351                    /usr/lib/jvm/java-18-openjdk/lib/libjli.so
7f7fd96b6000-7f7fd96b7000 r--p 0000d000 fe:00 3154351                    /usr/lib/jvm/java-18-openjdk/lib/libjli.so
7f7fd96b7000-7f7fd96b8000 rw-p 0000e000 fe:00 3154351                    /usr/lib/jvm/java-18-openjdk/lib/libjli.so
7f7fd96b8000-7f7fd96ba000 rw-p 00000000 00:00 0 
7f7fd96ba000-7f7fd96bc000 r--p 00000000 fe:00 1445230                    /usr/lib/ld-linux-x86-64.so.2
7f7fd96bc000-7f7fd96e3000 r-xp 00002000 fe:00 1445230                    /usr/lib/ld-linux-x86-64.so.2
7f7fd96e3000-7f7fd96ee000 r--p 00029000 fe:00 1445230                    /usr/lib/ld-linux-x86-64.so.2
7f7fd96ee000-7f7fd96ef000 ---p 00000000 00:00 0 
7f7fd96ef000-7f7fd96f1000 r--p 00034000 fe:00 1445230                    /usr/lib/ld-linux-x86-64.so.2
7f7fd96f1000-7f7fd96f3000 rw-p 00036000 fe:00 1445230                    /usr/lib/ld-linux-x86-64.so.2
7ffd446ba000-7ffd446dc000 rw-p 00000000 00:00 0                          [stack]
7ffd446f6000-7ffd446fa000 r--p 00000000 00:00 0                          [vvar]
7ffd446fa000-7ffd446fc000 r-xp 00000000 00:00 0                          [vdso]
ffffffffff600000-ffffffffff601000 --xp 00000000 00:00 0                  [vsyscall]


VM Arguments:
jvm_args: -XX:+ShowCodeDetailsInExceptionMessages -agentlib:jdwp=transport=dt_socket,suspend=y,address=localhost:39073 -ea -javaagent:/home/mvonkeil/Dev/eclipse/modelling/eclipse/configuration/org.eclipse.osgi/577/0/.cp/lib/javaagent-shaded.jar -Dfile.encoding=UTF-8 
java_command: org.eclipse.jdt.internal.junit.runner.RemoteTestRunner -version 3 -port 34553 -testLoaderClass org.eclipse.jdt.internal.junit5.runner.JUnit5TestLoader -loaderpluginname org.eclipse.jdt.junit5.runtime -classNames de.enithing.contenthub.generator.GeneratorTest
java_class_path (initial): /home/mvonkeil/Projects/AemContentHub/de.enithing.contenthub.generator.core/target/test-classes:/home/mvonkeil/Projects/AemContentHub/de.enithing.contenthub.generator.core/target/classes:/home/mvonkeil/.m2/repository/org/eclipse/emf/org.eclipse.emf.ecore/2.26.0/org.eclipse.emf.ecore-2.26.0.jar:/home/mvonkeil/.m2/repository/org/eclipse/emf/org.eclipse.emf.common/2.24.0/org.eclipse.emf.common-2.24.0.jar:/home/mvonkeil/.m2/repository/org/eclipse/emf/org.eclipse.emf.ecore.xmi/2.16.0/org.eclipse.emf.ecore.xmi-2.16.0.jar:/home/mvonkeil/.m2/repository/org/apache/velocity/velocity/1.7/velocity-1.7.jar:/home/mvonkeil/.m2/repository/commons-collections/commons-collections/3.2.1/commons-collections-3.2.1.jar:/home/mvonkeil/.m2/repository/commons-lang/commons-lang/2.4/commons-lang-2.4.jar:/home/mvonkeil/.m2/repository/org/apache/commons/commons-vfs2/2.9.0/commons-vfs2-2.9.0.jar:/home/mvonkeil/.m2/repository/commons-logging/commons-logging/1.2/commons-logging-1.2.jar:/home/mvonkeil/.m2/repository/org/apache/hadoop/hadoop-hdfs-client/3.3.1/hadoop-hdfs-client-3.3.1.jar:/home/mvonkeil/.m2/repository/com/squareup/okhttp/okhttp/2.7.5/okhttp-2.7.5.jar:/home/mvonkeil/.m2/repository/com/squareup/okio/okio/1.6.0/okio-1.6.0.jar:/home/mvonkeil/.m2/repository/com/fasterxml/jackson/core/jackson-annotations/2.10.5/jackson-annotations-2.10.5.jar:/home/mvonkeil/.m2/repository/com/fasterxml/jackson/core/jackson-databind/2.10.5.1/jackson-databind-2.10.5.1.jar:/home/mvonkeil/.m2/repository/com/fasterxml/jackson/core/jackson-core/2.10.5/jackson-core-2.10.5.jar:/home/mvonkeil/.m2/repository/org/apache/commons/commons-lang3/3.12.0/commons-lang3-3.12.0.jar:/home/mvonkeil/.m2/repository/org/apache/commons/commons-text/1.9/commons-text-1.9.jar:/home/mvonkeil/.m2/repository/org/jdom/jdom/2.0.2/jdom-2.0.2.jar:/home/mvonkeil/.p2/pool/plugins/org.eclipse.core.runtime_3.24.0.v20210910-0750.jar:/home/mvonkeil/.p2/pool/plugins/org.eclipse.osgi_3.17.100.v20211104-1730.jar:/home/mvonkeil/.p2/pool/plugins/org.eclipse.osgi.compatibility.state_1.2.500.v20210730-0750.jar:/home/mvonkeil/.p2/pool/plugins/org.eclipse.equinox.common_3.15.100.v20211021-1418.jar:/home/mvonkeil/.p2/pool/plugins/org.eclipse.core.jobs_3.12.0.v20210723-1034.jar:/home/mvonkeil/.p2/pool/plugins/org.eclipse.equinox.registry_3.11.100.v20211021-1418.jar:/home/mvonkeil/.p2/pool/plugins/org.eclipse.equinox.preferences_3.9.100.v20211021-1418.jar:/home/mvonkeil/.p2/pool/plugins/org.eclipse.core.contenttype_3.8.100.v20210910-0640.jar:/home/mvonkeil/.p2/pool/plugins/org.eclipse.equinox.app_1.6.100.v20211021-1418.jar:/home/mvonkeil/.p2/pool/plugins/org.eclipse.emf.ecore_2.25.0.v20210816-0937.jar:/home/mvonkeil/.p2/pool/plugins/org.eclipse.emf.common_2.23.0.v20210924-1718.jar:/home/mvonkeil/.p2/pool/plugins/org.apache.commons.lang_2.6.0.v201404270220.jar:/home/mvonkeil/Projects/AemContentHub/de.enithing.contenthub.model/target/classes:/home/mvonkeil/.m2/repository/org/junit/jupiter/junit-jupiter/5.8.2/junit-jupiter-5.8.2.jar:/home/mvonkeil/.m2/repository/org/junit/jupiter/junit-jupiter-api/5.8.2/junit-jupiter-api-5.8.2.jar:/home/mvonkeil/.m2/repository/org/opentest4j/opentest4j/1.2.0/opentest4j-1.2.0.jar:/home/mvonkeil/.m2/repository/org/junit/platform/junit-platform-commons/1.8.2/junit-platform-commons-1.8.2.jar:/home/mvonkeil/.m2/repository/org/apiguardian/apiguardian-api/1.1.2/apiguardian-api-1.1.2.jar:/home/mvonkeil/.m2/repository/org/junit/jupiter/junit-jupiter-params/5.8.2/junit-jupiter-params-5.8.2.jar:/home/mvonkeil/.m2/repository/org/junit/jupiter/junit-jupiter-engine/5.8.2/junit-jupiter-engine-5.8.2.jar:/home/mvonkeil/.m2/repository/org/junit/platform/junit-platform-engine/1.8.2/junit-platform-engine-1.8.2.jar:/home/mvonkeil/.m2/repository/org/junit/platform/junit-platform-launcher/1.8.2/junit-platform-launcher-1.8.2.jar:/home/mvonkeil/Dev/eclipse/modelling/eclipse/configuration/org.eclipse.osgi/576/0/.cp:/home/mvonkeil/Dev/eclipse/modelling/eclipse/configuration/org.eclipse.osgi/574/0/.cp
Launcher Type: SUN_STANDARD

[Global flags]
     intx CICompilerCount                          = 4                                         {product} {ergonomic}
     uint ConcGCThreads                            = 3                                         {product} {ergonomic}
     uint G1ConcRefinementThreads                  = 10                                        {product} {ergonomic}
   size_t G1HeapRegionSize                         = 4194304                                   {product} {ergonomic}
    uintx GCDrainStackTargetSize                   = 64                                        {product} {ergonomic}
   size_t InitialHeapSize                          = 528482304                                 {product} {ergonomic}
   size_t MarkStackSize                            = 4194304                                   {product} {ergonomic}
   size_t MaxHeapSize                              = 8401190912                                {product} {ergonomic}
   size_t MaxNewSize                               = 5037359104                                {product} {ergonomic}
   size_t MinHeapDeltaBytes                        = 4194304                                   {product} {ergonomic}
   size_t MinHeapSize                              = 8388608                                   {product} {ergonomic}
    uintx NonNMethodCodeHeapSize                   = 5839372                                {pd product} {ergonomic}
    uintx NonProfiledCodeHeapSize                  = 122909434                              {pd product} {ergonomic}
    uintx ProfiledCodeHeapSize                     = 122909434                              {pd product} {ergonomic}
    uintx ReservedCodeCacheSize                    = 251658240                              {pd product} {ergonomic}
     bool SegmentedCodeCache                       = true                                      {product} {ergonomic}
     bool ShowCodeDetailsInExceptionMessages       = true                                   {manageable} {command line}
   size_t SoftMaxHeapSize                          = 8401190912                             {manageable} {ergonomic}
     bool UseCompressedClassPointers               = true                           {product lp64_product} {ergonomic}
     bool UseCompressedOops                        = true                           {product lp64_product} {ergonomic}
     bool UseG1GC                                  = true                                      {product} {ergonomic}

Logging:
Log output configuration:
 #0: stdout all=warning uptime,level,tags foldmultilines=false
 #1: stderr all=off uptime,level,tags foldmultilines=false

Environment Variables:
PATH=/home/mvonkeil/Dev/Android/Sdk/platform-tools:/home/mvonkeil/Dev/Android/Sdk/emulator:/home/mvonkeil/Dev/Android/Sdk/tools:/home/mvonkeil/.local/bin:/usr/local/sbin:/usr/local/bin:/usr/bin:/home/mvonkeil/.dotnet/tools:/usr/lib/jvm/default/bin:/usr/bin/site_perl:/usr/bin/vendor_perl:/usr/bin/core_perl
SHELL=/bin/bash
DISPLAY=:0
LANG=en_US.UTF-8

Signal Handlers:
   SIGSEGV: 0x00007f7fd8ff13f0 in libjvm.so+15770608, mask=11100100010111111101111111111110, flags=SA_RESTART|SA_SIGINFO
    SIGBUS: 0x00007f7fd8ff13f0 in libjvm.so+15770608, mask=11100100010111111101111111111110, flags=SA_RESTART|SA_SIGINFO
    SIGFPE: 0x00007f7fd8ff13f0 in libjvm.so+15770608, mask=11100100010111111101111111111110, flags=SA_RESTART|SA_SIGINFO
   SIGPIPE: 0x00007f7fd8e96d80 in libjvm.so+14351744, mask=11100100010111111101111111111110, flags=SA_RESTART|SA_SIGINFO
   SIGXFSZ: 0x00007f7fd8e96d80 in libjvm.so+14351744, mask=11100100010111111101111111111110, flags=SA_RESTART|SA_SIGINFO
    SIGILL: 0x00007f7fd8ff13f0 in libjvm.so+15770608, mask=11100100010111111101111111111110, flags=SA_RESTART|SA_SIGINFO
   SIGUSR2: 0x00007f7fd8e96410 in libjvm.so+14349328, mask=00100000000000000000000000000000, flags=SA_RESTART|SA_SIGINFO
    SIGHUP: 0x00007f7fd8e96330 in libjvm.so+14349104, mask=11100100010111111101111111111110, flags=SA_RESTART|SA_SIGINFO
    SIGINT: 0x00007f7fd8e96330 in libjvm.so+14349104, mask=11100100010111111101111111111110, flags=SA_RESTART|SA_SIGINFO
   SIGTERM: 0x00007f7fd8e96330 in libjvm.so+14349104, mask=11100100010111111101111111111110, flags=SA_RESTART|SA_SIGINFO
   SIGQUIT: 0x00007f7fd8e96330 in libjvm.so+14349104, mask=11100100010111111101111111111110, flags=SA_RESTART|SA_SIGINFO
   SIGTRAP: 0x00007f7fd8ff13f0 in libjvm.so+15770608, mask=11100100010111111101111111111110, flags=SA_RESTART|SA_SIGINFO


---------------  S Y S T E M  ---------------

OS:
DISTRIB_ID="Arch"
DISTRIB_RELEASE="rolling"
DISTRIB_DESCRIPTION="Arch Linux"
uname: Linux 5.16.11-arch1-1 #1 SMP PREEMPT Thu, 24 Feb 2022 02:18:20 +0000 x86_64
OS uptime: 0 days 1:26 hours
libc: glibc 2.35 NPTL 2.35 
rlimit (soft/hard): STACK 8192k/infinity , CORE infinity/infinity , NPROC 128091/128091 , NOFILE 524288/524288 , AS infinity/infinity , CPU infinity/infinity , DATA infinity/infinity , FSIZE infinity/infinity , MEMLOCK 8192k/8192k
load average: 1.95 1.71 1.64

/proc/meminfo:
MemTotal:       32815976 kB
MemFree:          498020 kB
MemAvailable:   23287388 kB
Buffers:          793616 kB
Cached:         21210748 kB
SwapCached:           44 kB
Active:          8497480 kB
Inactive:       21545324 kB
Active(anon):      50584 kB
Inactive(anon):  8137960 kB
Active(file):    8446896 kB
Inactive(file): 13407364 kB
Unevictable:        2048 kB
Mlocked:            2048 kB
SwapTotal:       4194300 kB
SwapFree:        4171260 kB
Dirty:             30640 kB
Writeback:           504 kB
AnonPages:       8041168 kB
Mapped:          2210296 kB
Shmem:            153808 kB
KReclaimable:    1403648 kB
Slab:            1717276 kB
SReclaimable:    1403648 kB
SUnreclaim:       313628 kB
KernelStack:       26672 kB
PageTables:        75804 kB
NFS_Unstable:          0 kB
Bounce:                0 kB
WritebackTmp:          0 kB
CommitLimit:    20602288 kB
Committed_AS:   22877964 kB
VmallocTotal:   34359738367 kB
VmallocUsed:      110304 kB
VmallocChunk:          0 kB
Percpu:            13248 kB
HardwareCorrupted:     0 kB
AnonHugePages:         0 kB
ShmemHugePages:        0 kB
ShmemPmdMapped:        0 kB
FileHugePages:         0 kB
FilePmdMapped:         0 kB
CmaTotal:              0 kB
CmaFree:               0 kB
HugePages_Total:       0
HugePages_Free:        0
HugePages_Rsvd:        0
HugePages_Surp:        0
Hugepagesize:       2048 kB
Hugetlb:               0 kB
DirectMap4k:     1466924 kB
DirectMap2M:    26785792 kB
DirectMap1G:     5242880 kB

/sys/kernel/mm/transparent_hugepage/enabled: always [madvise] never
/sys/kernel/mm/transparent_hugepage/defrag (defrag/compaction efforts parameter): always defer defer+madvise [madvise] never

Process Memory:
Virtual Size: 12479936K (peak: 12550376K)
Resident Set Size: 126664K (peak: 164860K) (anon: 105064K, file: 21568K, shmem: 32K)
Swapped out: 0K
C-Heap outstanding allocations: 12897K

/proc/sys/kernel/threads-max (system-wide limit on the number of threads): 256182
/proc/sys/vm/max_map_count (maximum number of memory map areas a process may have): 65530
/proc/sys/kernel/pid_max (system-wide limit on number of process identifiers): 4194304

container (cgroup) information:
container_type: cgroupv2
cpu_cpuset_cpus: not supported
cpu_memory_nodes: not supported
active_processor_count: 12
cpu_quota: not supported
cpu_period: not supported
cpu_shares: not supported
memory_limit_in_bytes: unlimited
memory_and_swap_limit_in_bytes: unlimited
memory_soft_limit_in_bytes: unlimited
memory_usage_in_bytes: 9098702848
memory_max_usage_in_bytes: not supported
maximum number of tasks: 38427
current number of tasks: 267

Steal ticks since vm start: 0
Steal ticks percentage since vm start:  0.000

CPU: total 12 (initial active 12) (6 cores per cpu, 2 threads per core) family 6 model 158 stepping 10 microcode 0xec, cx8, cmov, fxsr, ht, mmx, 3dnowpref, sse, sse2, sse3, ssse3, sse4.1, sse4.2, popcnt, lzcnt, tsc, tscinvbit, avx, avx2, aes, erms, clmul, bmi1, bmi2, adx, fma, vzeroupper, clflush, clflushopt
CPU Model and flags from /proc/cpuinfo:
model name	: Intel(R) Core(TM) i7-8700K CPU @ 3.70GHz
flags		: fpu vme de pse tsc msr pae mce cx8 apic sep mtrr pge mca cmov pat pse36 clflush dts acpi mmx fxsr sse sse2 ss ht tm pbe syscall nx pdpe1gb rdtscp lm constant_tsc art arch_perfmon pebs bts rep_good nopl xtopology nonstop_tsc cpuid aperfmperf pni pclmulqdq dtes64 monitor ds_cpl vmx smx est tm2 ssse3 sdbg fma cx16 xtpr pdcm pcid sse4_1 sse4_2 x2apic movbe popcnt tsc_deadline_timer aes xsave avx f16c rdrand lahf_lm abm 3dnowprefetch cpuid_fault invpcid_single pti ssbd ibrs ibpb stibp tpr_shadow vnmi flexpriority ept vpid ept_ad fsgsbase tsc_adjust bmi1 avx2 smep bmi2 erms invpcid mpx rdseed adx smap clflushopt intel_pt xsaveopt xsavec xgetbv1 xsaves dtherm ida arat pln pts hwp hwp_notify hwp_act_window hwp_epp md_clear flush_l1d arch_capabilities

Online cpus: 0-11
Offline cpus: 
BIOS frequency limitation: <Not Available>
Frequency switch latency (ns): 0
Available cpu frequencies: <Not Available>
Current governor: powersave
Core performance/turbo boost: <Not Available>

Memory: 4k page, physical 32815976k(498020k free), swap 4194300k(4171260k free)
Page Sizes: 4k

vm_info: OpenJDK 64-Bit Server VM (18.0.1+10) for linux-amd64 JRE (18.0.1+10), built on Apr 19 2022 23:47:19 by "builduser" with gcc 11.2.0

END.
